#
# There is insufficient memory for the Java Runtime Environment to continue.
# Native memory allocation (malloc) failed to allocate 2124816 bytes for Chunk::new
# Possible reasons:
#   The system is out of physical RAM or swap space
#   The process is running with CompressedOops enabled, and the Java Heap may be blocking the growth of the native heap
# Possible solutions:
#   Reduce memory load on the system
#   Increase physical memory or swap space
#   Check if swap backing store is full
#   Decrease Java heap size (-Xmx/-Xms)
#   Decrease number of Java threads
#   Decrease Java thread stack sizes (-Xss)
#   Set larger code cache with -XX:ReservedCodeCacheSize=
#   JVM is running with Unscaled Compressed Oops mode in which the Java heap is
#     placed in the first 4GB address space. The Java Heap base address is the
#     maximum limit for the native heap growth. Please use -XX:HeapBaseMinAddress
#     to set the Java Heap base and to place the Java Heap above 4GB virtual address.
# This output file may be truncated or incomplete.
#
#  Out of Memory Error (arena.cpp:189), pid=17888, tid=18692
#
# JRE version: Java(TM) SE Runtime Environment (17.0.1+12) (build 17.0.1+12-LTS-39)
# Java VM: Java HotSpot(TM) 64-Bit Server VM (17.0.1+12-LTS-39, mixed mode, sharing, tiered, compressed oops, compressed class ptrs, g1 gc, windows-amd64)
# No core dump will be written. Minidumps are not enabled by default on client versions of Windows
#

---------------  S U M M A R Y ------------

Command Line: --add-opens=java.base/java.util=ALL-UNNAMED --add-opens=java.base/java.lang=ALL-UNNAMED --add-opens=java.base/java.lang.invoke=ALL-UNNAMED --add-opens=java.prefs/java.util.prefs=ALL-UNNAMED --add-opens=java.base/java.nio.charset=ALL-UNNAMED --add-opens=java.base/java.net=ALL-UNNAMED --add-opens=java.base/java.util.concurrent.atomic=ALL-UNNAMED -XX:MaxMetaspaceSize=256m -XX:+HeapDumpOnOutOfMemoryError -Xms256m -Xmx512m -Dfile.encoding=windows-1251 -Duser.country=RU -Duser.language=ru -Duser.variant org.gradle.launcher.daemon.bootstrap.GradleDaemon 8.0

Host: Intel(R) Core(TM) i5-8500T CPU @ 2.10GHz, 6 cores, 7G,  Windows 10 , 64 bit Build 19041 (10.0.19041.3031)
Time: Fri Jul 21 15:43:11 2023 RTZ 4 (s 10 , 64 bit Build 19041 (10.0.19041.3031) elapsed time: 20.404796 seconds (0d 0h 0m 20s)

---------------  T H R E A D  ---------------

Current thread (0x00000259fbeb8f10):  JavaThread "C2 CompilerThread0" daemon [_thread_in_native, id=18692, stack(0x000000b321100000,0x000000b321200000)]


Current CompileTask:
C2:  20404 4120       4       org.gradle.internal.service.DefaultServiceRegistry$OwnServices::getService (309 bytes)

Stack: [0x000000b321100000,0x000000b321200000]
Native frames: (J=compiled Java code, j=interpreted, Vv=VM code, C=native code)
V  [jvm.dll+0x66fa1a]
V  [jvm.dll+0x7ce5a4]
V  [jvm.dll+0x7cfd4e]
V  [jvm.dll+0x7d03b3]
V  [jvm.dll+0x242b05]
V  [jvm.dll+0xaa05b]
V  [jvm.dll+0xaa5ec]
V  [jvm.dll+0x35f9b2]
V  [jvm.dll+0x329f51]
V  [jvm.dll+0x3293fa]
V  [jvm.dll+0x215bf1]
V  [jvm.dll+0x215011]
V  [jvm.dll+0x1a168d]
V  [jvm.dll+0x224848]
V  [jvm.dll+0x2229ac]
V  [jvm.dll+0x78435b]
V  [jvm.dll+0x77e91a]
V  [jvm.dll+0x66e845]
C  [ucrtbase.dll+0x21bb2]
C  [KERNEL32.DLL+0x17614]
C  [ntdll.dll+0x526f1]


---------------  P R O C E S S  ---------------

Threads class SMR info:
_java_thread_list=0x00000259ff92e6a0, length=41, elements={
0x00000259e1a96060, 0x00000259e1c5f7f0, 0x00000259e1c61420, 0x00000259e1c7d540,
0x00000259e1c7e000, 0x00000259e1c7e8c0, 0x00000259fbeb8320, 0x00000259fbeb8f10,
0x00000259fbebe840, 0x00000259fbec2de0, 0x00000259fc001960, 0x00000259fc006460,
0x00000259fd3a27e0, 0x00000259fddf1760, 0x00000259fccecbf0, 0x00000259fe3b96c0,
0x00000259fdea81d0, 0x00000259fd5394d0, 0x00000259fd601130, 0x00000259fe083ce0,
0x00000259fe0859c0, 0x00000259fe0829a0, 0x00000259fe0841b0, 0x00000259fe082e70,
0x00000259fe083340, 0x00000259fe083810, 0x00000259fe084680, 0x00000259fe085020,
0x00000259fe084b50, 0x00000259fe0854f0, 0x00000259fe0824d0, 0x00000259fe082000,
0x00000259ff104b30, 0x00000259ff105000, 0x00000259ff105e70, 0x00000259ff1054d0,
0x00000259ff106810, 0x00000259ff109830, 0x00000259ff107b50, 0x00000259ff106ce0,
0x00000259ff1037f0
}

Java Threads: ( => current thread )
  0x00000259e1a96060 JavaThread "main" [_thread_blocked, id=16880, stack(0x000000b320400000,0x000000b320500000)]
  0x00000259e1c5f7f0 JavaThread "Reference Handler" daemon [_thread_blocked, id=15808, stack(0x000000b320b00000,0x000000b320c00000)]
  0x00000259e1c61420 JavaThread "Finalizer" daemon [_thread_blocked, id=17452, stack(0x000000b320c00000,0x000000b320d00000)]
  0x00000259e1c7d540 JavaThread "Signal Dispatcher" daemon [_thread_blocked, id=18460, stack(0x000000b320d00000,0x000000b320e00000)]
  0x00000259e1c7e000 JavaThread "Attach Listener" daemon [_thread_blocked, id=18144, stack(0x000000b320e00000,0x000000b320f00000)]
  0x00000259e1c7e8c0 JavaThread "Service Thread" daemon [_thread_blocked, id=16456, stack(0x000000b320f00000,0x000000b321000000)]
  0x00000259fbeb8320 JavaThread "Monitor Deflation Thread" daemon [_thread_blocked, id=12512, stack(0x000000b321000000,0x000000b321100000)]
=>0x00000259fbeb8f10 JavaThread "C2 CompilerThread0" daemon [_thread_in_native, id=18692, stack(0x000000b321100000,0x000000b321200000)]
  0x00000259fbebe840 JavaThread "C1 CompilerThread0" daemon [_thread_blocked, id=6112, stack(0x000000b321200000,0x000000b321300000)]
  0x00000259fbec2de0 JavaThread "Sweeper thread" daemon [_thread_blocked, id=15184, stack(0x000000b321300000,0x000000b321400000)]
  0x00000259fc001960 JavaThread "Common-Cleaner" daemon [_thread_blocked, id=14924, stack(0x000000b321400000,0x000000b321500000)]
  0x00000259fc006460 JavaThread "Notification Thread" daemon [_thread_blocked, id=12740, stack(0x000000b321500000,0x000000b321600000)]
  0x00000259fd3a27e0 JavaThread "Daemon health stats" [_thread_blocked, id=15468, stack(0x000000b321c00000,0x000000b321d00000)]
  0x00000259fddf1760 JavaThread "Incoming local TCP Connector on port 51876" [_thread_in_native, id=14784, stack(0x000000b321d00000,0x000000b321e00000)]
  0x00000259fccecbf0 JavaThread "Daemon periodic checks" [_thread_blocked, id=19524, stack(0x000000b321e00000,0x000000b321f00000)]
  0x00000259fe3b96c0 JavaThread "Daemon" [_thread_blocked, id=19472, stack(0x000000b321f00000,0x000000b322000000)]
  0x00000259fdea81d0 JavaThread "Handler for socket connection from /127.0.0.1:51876 to /127.0.0.1:51879" [_thread_in_native, id=15148, stack(0x000000b322000000,0x000000b322100000)]
  0x00000259fd5394d0 JavaThread "Cancel handler" [_thread_blocked, id=1804, stack(0x000000b322100000,0x000000b322200000)]
  0x00000259fd601130 JavaThread "Daemon worker" [_thread_in_native, id=9788, stack(0x000000b322200000,0x000000b322300000)]
  0x00000259fe083ce0 JavaThread "Asynchronous log dispatcher for DefaultDaemonConnection: socket connection from /127.0.0.1:51876 to /127.0.0.1:51879" [_thread_blocked, id=10328, stack(0x000000b322300000,0x000000b322400000)]
  0x00000259fe0859c0 JavaThread "Stdin handler" [_thread_blocked, id=13260, stack(0x000000b322400000,0x000000b322500000)]
  0x00000259fe0829a0 JavaThread "Daemon client event forwarder" [_thread_blocked, id=18520, stack(0x000000b322500000,0x000000b322600000)]
  0x00000259fe0841b0 JavaThread "Cache worker for journal cache (C:\Users\Yanishen_SV\.gradle\caches\journal-1)" [_thread_blocked, id=7384, stack(0x000000b322600000,0x000000b322700000)]
  0x00000259fe082e70 JavaThread "File lock request listener" [_thread_in_native, id=13972, stack(0x000000b322700000,0x000000b322800000)]
  0x00000259fe083340 JavaThread "File lock release action executor" [_thread_blocked, id=4088, stack(0x000000b322800000,0x000000b322900000)]
  0x00000259fe083810 JavaThread "Cache worker for file hash cache (C:\Users\Yanishen_SV\.gradle\caches\8.0\fileHashes)" [_thread_blocked, id=19852, stack(0x000000b322900000,0x000000b322a00000)]
  0x00000259fe084680 JavaThread "File watcher server" daemon [_thread_in_native, id=18980, stack(0x000000b322a00000,0x000000b322b00000)]
  0x00000259fe085020 JavaThread "File watcher consumer" daemon [_thread_blocked, id=10340, stack(0x000000b322b00000,0x000000b322c00000)]
  0x00000259fe084b50 JavaThread "Cache worker for checksums cache (C:\Users\Yanishen_SV\MM-Server\ukapi\.gradle\8.0\checksums)" [_thread_blocked, id=6404, stack(0x000000b322c00000,0x000000b322d00000)]
  0x00000259fe0854f0 JavaThread "Cache worker for cache directory md-rule (C:\Users\Yanishen_SV\.gradle\caches\8.0\md-rule)" [_thread_blocked, id=18332, stack(0x000000b322d00000,0x000000b322e00000)]
  0x00000259fe0824d0 JavaThread "Cache worker for file content cache (C:\Users\Yanishen_SV\.gradle\caches\8.0\fileContent)" [_thread_blocked, id=11248, stack(0x000000b322e00000,0x000000b322f00000)]
  0x00000259fe082000 JavaThread "Cache worker for file hash cache (C:\Users\Yanishen_SV\MM-Server\ukapi\.gradle\8.0\fileHashes)" [_thread_blocked, id=17604, stack(0x000000b322f00000,0x000000b323000000)]
  0x00000259ff104b30 JavaThread "Cache worker for cache directory md-supplier (C:\Users\Yanishen_SV\.gradle\caches\8.0\md-supplier)" [_thread_blocked, id=7424, stack(0x000000b323100000,0x000000b323200000)]
  0x00000259ff105000 JavaThread "Cache worker for execution history cache (C:\Users\Yanishen_SV\.gradle\caches\8.0\executionHistory)" [_thread_blocked, id=19412, stack(0x000000b323200000,0x000000b323300000)]
  0x00000259ff105e70 JavaThread "jar transforms" [_thread_blocked, id=15708, stack(0x000000b323300000,0x000000b323400000)]
  0x00000259ff1054d0 JavaThread "jar transforms Thread 2" [_thread_blocked, id=7884, stack(0x000000b323400000,0x000000b323500000)]
  0x00000259ff106810 JavaThread "jar transforms Thread 3" [_thread_blocked, id=628, stack(0x000000b323500000,0x000000b323600000)]
  0x00000259ff109830 JavaThread "jar transforms Thread 4" [_thread_blocked, id=12476, stack(0x000000b323600000,0x000000b323700000)]
  0x00000259ff107b50 JavaThread "jar transforms Thread 5" [_thread_blocked, id=19348, stack(0x000000b323700000,0x000000b323800000)]
  0x00000259ff106ce0 JavaThread "jar transforms Thread 6" [_thread_blocked, id=9000, stack(0x000000b323800000,0x000000b323900000)]
  0x00000259ff1037f0 JavaThread "Cache worker for dependencies-accessors (C:\Users\Yanishen_SV\MM-Server\ukapi\.gradle\8.0\dependencies-accessors)" [_thread_blocked, id=17872, stack(0x000000b323900000,0x000000b323a00000)]

Other Threads:
  0x00000259e1c57260 VMThread "VM Thread" [stack: 0x000000b320a00000,0x000000b320b00000] [id=16136]
  0x00000259fc00c950 WatcherThread [stack: 0x000000b321600000,0x000000b321700000] [id=18912]
  0x00000259e1ab7ee0 GCTaskThread "GC Thread#0" [stack: 0x000000b320500000,0x000000b320600000] [id=7004]
  0x00000259fd3a3130 GCTaskThread "GC Thread#1" [stack: 0x000000b321700000,0x000000b321800000] [id=7648]
  0x00000259fd3a33e0 GCTaskThread "GC Thread#2" [stack: 0x000000b321800000,0x000000b321900000] [id=15528]
  0x00000259fd3a3690 GCTaskThread "GC Thread#3" [stack: 0x000000b321900000,0x000000b321a00000] [id=10824]
  0x00000259fcf7c140 GCTaskThread "GC Thread#4" [stack: 0x000000b321a00000,0x000000b321b00000] [id=16168]
  0x00000259fcf7c3f0 GCTaskThread "GC Thread#5" [stack: 0x000000b321b00000,0x000000b321c00000] [id=4388]
  0x00000259e1abd050 ConcurrentGCThread "G1 Main Marker" [stack: 0x000000b320600000,0x000000b320700000] [id=11352]
  0x00000259e1abf390 ConcurrentGCThread "G1 Conc#0" [stack: 0x000000b320700000,0x000000b320800000] [id=15644]
  0x00000259ffc0d5d0 ConcurrentGCThread "G1 Conc#1" [stack: 0x000000b323000000,0x000000b323100000] [id=19068]
  0x00000259e1b9a780 ConcurrentGCThread "G1 Refine#0" [stack: 0x000000b320800000,0x000000b320900000] [id=10768]
  0x00000259e1b9b0b0 ConcurrentGCThread "G1 Service" [stack: 0x000000b320900000,0x000000b320a00000] [id=19812]

Threads with active compile tasks:
C2 CompilerThread0    20535 4120       4       org.gradle.internal.service.DefaultServiceRegistry$OwnServices::getService (309 bytes)
C1 CompilerThread0    20535 4144       3       sun.reflect.generics.repository.ConstructorRepository::parse (6 bytes)

VM state: not at safepoint (normal execution)

VM Mutex/Monitor currently owned by a thread: None

Heap address: 0x00000000e0000000, size: 512 MB, Compressed Oops mode: 32-bit

CDS archive(s) mapped at: [0x0000000800000000-0x0000000800bc0000-0x0000000800bc0000), size 12320768, SharedBaseAddress: 0x0000000800000000, ArchiveRelocationMode: 0.
Compressed class space mapped at: 0x0000000800c00000-0x000000080dc00000, reserved size: 218103808
Narrow klass base: 0x0000000800000000, Narrow klass shift: 0, Narrow klass range: 0x100000000

GC Precious Log:
 CPUs: 6 total, 6 available
 Memory: 7971M
 Large Page Support: Disabled
 NUMA Support: Disabled
 Compressed Oops: Enabled (32-bit)
 Heap Region Size: 1M
 Heap Min Capacity: 256M
 Heap Initial Capacity: 256M
 Heap Max Capacity: 512M
 Pre-touch: Disabled
 Parallel Workers: 6
 Concurrent Workers: 2
 Concurrent Refinement Workers: 6
 Periodic GC: Disabled

Heap:
 garbage-first heap   total 262144K, used 34428K [0x00000000e0000000, 0x0000000100000000)
  region size 1024K, 13 young (13312K), 10 survivors (10240K)
 Metaspace       used 36274K, committed 36736K, reserved 245760K
  class space    used 4970K, committed 5184K, reserved 212992K

Heap Regions: E=young(eden), S=young(survivor), O=old, HS=humongous(starts), HC=humongous(continues), CS=collection set, F=free, OA=open archive, CA=closed archive, TAMS=top-at-mark-start (previous, next)
|   0|0x00000000e0000000, 0x00000000e0100000, 0x00000000e0100000|100%|HS|  |TAMS 0x00000000e0100000, 0x00000000e0000000| Complete 
|   1|0x00000000e0100000, 0x00000000e0200000, 0x00000000e0200000|100%|HC|  |TAMS 0x00000000e0200000, 0x00000000e0100000| Complete 
|   2|0x00000000e0200000, 0x00000000e0300000, 0x00000000e0300000|100%|HC|  |TAMS 0x00000000e0300000, 0x00000000e0200000| Complete 
|   3|0x00000000e0300000, 0x00000000e0400000, 0x00000000e0400000|100%|HC|  |TAMS 0x00000000e0400000, 0x00000000e0300000| Complete 
|   4|0x00000000e0400000, 0x00000000e0500000, 0x00000000e0500000|100%| O|  |TAMS 0x00000000e0500000, 0x00000000e0400000| Untracked 
|   5|0x00000000e0500000, 0x00000000e0600000, 0x00000000e0600000|100%| O|  |TAMS 0x00000000e0600000, 0x00000000e0500000| Untracked 
|   6|0x00000000e0600000, 0x00000000e0700000, 0x00000000e0700000|100%| O|  |TAMS 0x00000000e0700000, 0x00000000e0600000| Untracked 
|   7|0x00000000e0700000, 0x00000000e0800000, 0x00000000e0800000|100%| O|  |TAMS 0x00000000e0800000, 0x00000000e0700000| Untracked 
|   8|0x00000000e0800000, 0x00000000e0900000, 0x00000000e0900000|100%| O|  |TAMS 0x00000000e0900000, 0x00000000e0800000| Untracked 
|   9|0x00000000e0900000, 0x00000000e0a00000, 0x00000000e0a00000|100%| O|  |TAMS 0x00000000e09d7a00, 0x00000000e0900000| Untracked 
|  10|0x00000000e0a00000, 0x00000000e0a00000, 0x00000000e0b00000|  0%| F|  |TAMS 0x00000000e0a00000, 0x00000000e0a00000| Untracked 
|  11|0x00000000e0b00000, 0x00000000e0b00000, 0x00000000e0c00000|  0%| F|  |TAMS 0x00000000e0b00000, 0x00000000e0b00000| Untracked 
|  12|0x00000000e0c00000, 0x00000000e0c00000, 0x00000000e0d00000|  0%| F|  |TAMS 0x00000000e0c00000, 0x00000000e0c00000| Untracked 
|  13|0x00000000e0d00000, 0x00000000e0e00000, 0x00000000e0e00000|100%|HS|  |TAMS 0x00000000e0e00000, 0x00000000e0d00000| Complete 
|  14|0x00000000e0e00000, 0x00000000e0f00000, 0x00000000e0f00000|100%| O|  |TAMS 0x00000000e0e00000, 0x00000000e0e00000| Untracked 
|  15|0x00000000e0f00000, 0x00000000e1000000, 0x00000000e1000000|100%| O|  |TAMS 0x00000000e0f00000, 0x00000000e0f00000| Untracked 
|  16|0x00000000e1000000, 0x00000000e1100000, 0x00000000e1100000|100%| O|  |TAMS 0x00000000e1000000, 0x00000000e1000000| Untracked 
|  17|0x00000000e1100000, 0x00000000e1200000, 0x00000000e1200000|100%| O|  |TAMS 0x00000000e1100000, 0x00000000e1100000| Untracked 
|  18|0x00000000e1200000, 0x00000000e1300000, 0x00000000e1300000|100%| O|  |TAMS 0x00000000e1200000, 0x00000000e1200000| Untracked 
|  19|0x00000000e1300000, 0x00000000e1400000, 0x00000000e1400000|100%| O|  |TAMS 0x00000000e1300000, 0x00000000e1300000| Untracked 
|  20|0x00000000e1400000, 0x00000000e1500000, 0x00000000e1500000|100%| O|  |TAMS 0x00000000e1400000, 0x00000000e1400000| Untracked 
|  21|0x00000000e1500000, 0x00000000e1600000, 0x00000000e1600000|100%| O|  |TAMS 0x00000000e1500000, 0x00000000e1500000| Untracked 
|  22|0x00000000e1600000, 0x00000000e1700000, 0x00000000e1700000|100%| O|  |TAMS 0x00000000e1600000, 0x00000000e1600000| Untracked 
|  23|0x00000000e1700000, 0x00000000e1800000, 0x00000000e1800000|100%| O|  |TAMS 0x00000000e1700000, 0x00000000e1700000| Untracked 
|  24|0x00000000e1800000, 0x00000000e1900000, 0x00000000e1900000|100%| O|  |TAMS 0x00000000e1800000, 0x00000000e1800000| Untracked 
|  25|0x00000000e1900000, 0x00000000e1929200, 0x00000000e1a00000| 16%| O|  |TAMS 0x00000000e1900000, 0x00000000e1900000| Untracked 
|  26|0x00000000e1a00000, 0x00000000e1a00000, 0x00000000e1b00000|  0%| F|  |TAMS 0x00000000e1a00000, 0x00000000e1a00000| Untracked 
|  27|0x00000000e1b00000, 0x00000000e1b00000, 0x00000000e1c00000|  0%| F|  |TAMS 0x00000000e1b00000, 0x00000000e1b00000| Untracked 
|  28|0x00000000e1c00000, 0x00000000e1c00000, 0x00000000e1d00000|  0%| F|  |TAMS 0x00000000e1c00000, 0x00000000e1c00000| Untracked 
|  29|0x00000000e1d00000, 0x00000000e1d00000, 0x00000000e1e00000|  0%| F|  |TAMS 0x00000000e1d00000, 0x00000000e1d00000| Untracked 
|  30|0x00000000e1e00000, 0x00000000e1e00000, 0x00000000e1f00000|  0%| F|  |TAMS 0x00000000e1e00000, 0x00000000e1e00000| Untracked 
|  31|0x00000000e1f00000, 0x00000000e1f00000, 0x00000000e2000000|  0%| F|  |TAMS 0x00000000e1f00000, 0x00000000e1f00000| Untracked 
|  32|0x00000000e2000000, 0x00000000e2000000, 0x00000000e2100000|  0%| F|  |TAMS 0x00000000e2000000, 0x00000000e2000000| Untracked 
|  33|0x00000000e2100000, 0x00000000e2100000, 0x00000000e2200000|  0%| F|  |TAMS 0x00000000e2100000, 0x00000000e2100000| Untracked 
|  34|0x00000000e2200000, 0x00000000e2200000, 0x00000000e2300000|  0%| F|  |TAMS 0x00000000e2200000, 0x00000000e2200000| Untracked 
|  35|0x00000000e2300000, 0x00000000e2300000, 0x00000000e2400000|  0%| F|  |TAMS 0x00000000e2300000, 0x00000000e2300000| Untracked 
|  36|0x00000000e2400000, 0x00000000e2400000, 0x00000000e2500000|  0%| F|  |TAMS 0x00000000e2400000, 0x00000000e2400000| Untracked 
|  37|0x00000000e2500000, 0x00000000e2500000, 0x00000000e2600000|  0%| F|  |TAMS 0x00000000e2500000, 0x00000000e2500000| Untracked 
|  38|0x00000000e2600000, 0x00000000e2600000, 0x00000000e2700000|  0%| F|  |TAMS 0x00000000e2600000, 0x00000000e2600000| Untracked 
|  39|0x00000000e2700000, 0x00000000e2700000, 0x00000000e2800000|  0%| F|  |TAMS 0x00000000e2700000, 0x00000000e2700000| Untracked 
|  40|0x00000000e2800000, 0x00000000e2800000, 0x00000000e2900000|  0%| F|  |TAMS 0x00000000e2800000, 0x00000000e2800000| Untracked 
|  41|0x00000000e2900000, 0x00000000e2900000, 0x00000000e2a00000|  0%| F|  |TAMS 0x00000000e2900000, 0x00000000e2900000| Untracked 
|  42|0x00000000e2a00000, 0x00000000e2a00000, 0x00000000e2b00000|  0%| F|  |TAMS 0x00000000e2a00000, 0x00000000e2a00000| Untracked 
|  43|0x00000000e2b00000, 0x00000000e2b00000, 0x00000000e2c00000|  0%| F|  |TAMS 0x00000000e2b00000, 0x00000000e2b00000| Untracked 
|  44|0x00000000e2c00000, 0x00000000e2c00000, 0x00000000e2d00000|  0%| F|  |TAMS 0x00000000e2c00000, 0x00000000e2c00000| Untracked 
|  45|0x00000000e2d00000, 0x00000000e2d00000, 0x00000000e2e00000|  0%| F|  |TAMS 0x00000000e2d00000, 0x00000000e2d00000| Untracked 
|  46|0x00000000e2e00000, 0x00000000e2e00000, 0x00000000e2f00000|  0%| F|  |TAMS 0x00000000e2e00000, 0x00000000e2e00000| Untracked 
|  47|0x00000000e2f00000, 0x00000000e2f00000, 0x00000000e3000000|  0%| F|  |TAMS 0x00000000e2f00000, 0x00000000e2f00000| Untracked 
|  48|0x00000000e3000000, 0x00000000e3000000, 0x00000000e3100000|  0%| F|  |TAMS 0x00000000e3000000, 0x00000000e3000000| Untracked 
|  49|0x00000000e3100000, 0x00000000e3100000, 0x00000000e3200000|  0%| F|  |TAMS 0x00000000e3100000, 0x00000000e3100000| Untracked 
|  50|0x00000000e3200000, 0x00000000e3200000, 0x00000000e3300000|  0%| F|  |TAMS 0x00000000e3200000, 0x00000000e3200000| Untracked 
|  51|0x00000000e3300000, 0x00000000e3300000, 0x00000000e3400000|  0%| F|  |TAMS 0x00000000e3300000, 0x00000000e3300000| Untracked 
|  52|0x00000000e3400000, 0x00000000e3400000, 0x00000000e3500000|  0%| F|  |TAMS 0x00000000e3400000, 0x00000000e3400000| Untracked 
|  53|0x00000000e3500000, 0x00000000e3500000, 0x00000000e3600000|  0%| F|  |TAMS 0x00000000e3500000, 0x00000000e3500000| Untracked 
|  54|0x00000000e3600000, 0x00000000e3600000, 0x00000000e3700000|  0%| F|  |TAMS 0x00000000e3600000, 0x00000000e3600000| Untracked 
|  55|0x00000000e3700000, 0x00000000e3700000, 0x00000000e3800000|  0%| F|  |TAMS 0x00000000e3700000, 0x00000000e3700000| Untracked 
|  56|0x00000000e3800000, 0x00000000e3800000, 0x00000000e3900000|  0%| F|  |TAMS 0x00000000e3800000, 0x00000000e3800000| Untracked 
|  57|0x00000000e3900000, 0x00000000e3900000, 0x00000000e3a00000|  0%| F|  |TAMS 0x00000000e3900000, 0x00000000e3900000| Untracked 
|  58|0x00000000e3a00000, 0x00000000e3a00000, 0x00000000e3b00000|  0%| F|  |TAMS 0x00000000e3a00000, 0x00000000e3a00000| Untracked 
|  59|0x00000000e3b00000, 0x00000000e3b00000, 0x00000000e3c00000|  0%| F|  |TAMS 0x00000000e3b00000, 0x00000000e3b00000| Untracked 
|  60|0x00000000e3c00000, 0x00000000e3c00000, 0x00000000e3d00000|  0%| F|  |TAMS 0x00000000e3c00000, 0x00000000e3c00000| Untracked 
|  61|0x00000000e3d00000, 0x00000000e3d00000, 0x00000000e3e00000|  0%| F|  |TAMS 0x00000000e3d00000, 0x00000000e3d00000| Untracked 
|  62|0x00000000e3e00000, 0x00000000e3e00000, 0x00000000e3f00000|  0%| F|  |TAMS 0x00000000e3e00000, 0x00000000e3e00000| Untracked 
|  63|0x00000000e3f00000, 0x00000000e3f00000, 0x00000000e4000000|  0%| F|  |TAMS 0x00000000e3f00000, 0x00000000e3f00000| Untracked 
|  64|0x00000000e4000000, 0x00000000e4000000, 0x00000000e4100000|  0%| F|  |TAMS 0x00000000e4000000, 0x00000000e4000000| Untracked 
|  65|0x00000000e4100000, 0x00000000e4100000, 0x00000000e4200000|  0%| F|  |TAMS 0x00000000e4100000, 0x00000000e4100000| Untracked 
|  66|0x00000000e4200000, 0x00000000e4200000, 0x00000000e4300000|  0%| F|  |TAMS 0x00000000e4200000, 0x00000000e4200000| Untracked 
|  67|0x00000000e4300000, 0x00000000e4300000, 0x00000000e4400000|  0%| F|  |TAMS 0x00000000e4300000, 0x00000000e4300000| Untracked 
|  68|0x00000000e4400000, 0x00000000e4400000, 0x00000000e4500000|  0%| F|  |TAMS 0x00000000e4400000, 0x00000000e4400000| Untracked 
|  69|0x00000000e4500000, 0x00000000e4500000, 0x00000000e4600000|  0%| F|  |TAMS 0x00000000e4500000, 0x00000000e4500000| Untracked 
|  70|0x00000000e4600000, 0x00000000e4600000, 0x00000000e4700000|  0%| F|  |TAMS 0x00000000e4600000, 0x00000000e4600000| Untracked 
|  71|0x00000000e4700000, 0x00000000e4700000, 0x00000000e4800000|  0%| F|  |TAMS 0x00000000e4700000, 0x00000000e4700000| Untracked 
|  72|0x00000000e4800000, 0x00000000e4800000, 0x00000000e4900000|  0%| F|  |TAMS 0x00000000e4800000, 0x00000000e4800000| Untracked 
|  73|0x00000000e4900000, 0x00000000e4900000, 0x00000000e4a00000|  0%| F|  |TAMS 0x00000000e4900000, 0x00000000e4900000| Untracked 
|  74|0x00000000e4a00000, 0x00000000e4a00000, 0x00000000e4b00000|  0%| F|  |TAMS 0x00000000e4a00000, 0x00000000e4a00000| Untracked 
|  75|0x00000000e4b00000, 0x00000000e4b00000, 0x00000000e4c00000|  0%| F|  |TAMS 0x00000000e4b00000, 0x00000000e4b00000| Untracked 
|  76|0x00000000e4c00000, 0x00000000e4c00000, 0x00000000e4d00000|  0%| F|  |TAMS 0x00000000e4c00000, 0x00000000e4c00000| Untracked 
|  77|0x00000000e4d00000, 0x00000000e4d00000, 0x00000000e4e00000|  0%| F|  |TAMS 0x00000000e4d00000, 0x00000000e4d00000| Untracked 
|  78|0x00000000e4e00000, 0x00000000e4e00000, 0x00000000e4f00000|  0%| F|  |TAMS 0x00000000e4e00000, 0x00000000e4e00000| Untracked 
|  79|0x00000000e4f00000, 0x00000000e4f00000, 0x00000000e5000000|  0%| F|  |TAMS 0x00000000e4f00000, 0x00000000e4f00000| Untracked 
|  80|0x00000000e5000000, 0x00000000e5000000, 0x00000000e5100000|  0%| F|  |TAMS 0x00000000e5000000, 0x00000000e5000000| Untracked 
|  81|0x00000000e5100000, 0x00000000e5100000, 0x00000000e5200000|  0%| F|  |TAMS 0x00000000e5100000, 0x00000000e5100000| Untracked 
|  82|0x00000000e5200000, 0x00000000e5200000, 0x00000000e5300000|  0%| F|  |TAMS 0x00000000e5200000, 0x00000000e5200000| Untracked 
|  83|0x00000000e5300000, 0x00000000e5300000, 0x00000000e5400000|  0%| F|  |TAMS 0x00000000e5300000, 0x00000000e5300000| Untracked 
|  84|0x00000000e5400000, 0x00000000e5400000, 0x00000000e5500000|  0%| F|  |TAMS 0x00000000e5400000, 0x00000000e5400000| Untracked 
|  85|0x00000000e5500000, 0x00000000e5500000, 0x00000000e5600000|  0%| F|  |TAMS 0x00000000e5500000, 0x00000000e5500000| Untracked 
|  86|0x00000000e5600000, 0x00000000e5600000, 0x00000000e5700000|  0%| F|  |TAMS 0x00000000e5600000, 0x00000000e5600000| Untracked 
|  87|0x00000000e5700000, 0x00000000e5700000, 0x00000000e5800000|  0%| F|  |TAMS 0x00000000e5700000, 0x00000000e5700000| Untracked 
|  88|0x00000000e5800000, 0x00000000e5800000, 0x00000000e5900000|  0%| F|  |TAMS 0x00000000e5800000, 0x00000000e5800000| Untracked 
|  89|0x00000000e5900000, 0x00000000e5900000, 0x00000000e5a00000|  0%| F|  |TAMS 0x00000000e5900000, 0x00000000e5900000| Untracked 
|  90|0x00000000e5a00000, 0x00000000e5a00000, 0x00000000e5b00000|  0%| F|  |TAMS 0x00000000e5a00000, 0x00000000e5a00000| Untracked 
|  91|0x00000000e5b00000, 0x00000000e5b00000, 0x00000000e5c00000|  0%| F|  |TAMS 0x00000000e5b00000, 0x00000000e5b00000| Untracked 
|  92|0x00000000e5c00000, 0x00000000e5c00000, 0x00000000e5d00000|  0%| F|  |TAMS 0x00000000e5c00000, 0x00000000e5c00000| Untracked 
|  93|0x00000000e5d00000, 0x00000000e5d00000, 0x00000000e5e00000|  0%| F|  |TAMS 0x00000000e5d00000, 0x00000000e5d00000| Untracked 
|  94|0x00000000e5e00000, 0x00000000e5e00000, 0x00000000e5f00000|  0%| F|  |TAMS 0x00000000e5e00000, 0x00000000e5e00000| Untracked 
|  95|0x00000000e5f00000, 0x00000000e5f00000, 0x00000000e6000000|  0%| F|  |TAMS 0x00000000e5f00000, 0x00000000e5f00000| Untracked 
|  96|0x00000000e6000000, 0x00000000e6000000, 0x00000000e6100000|  0%| F|  |TAMS 0x00000000e6000000, 0x00000000e6000000| Untracked 
|  97|0x00000000e6100000, 0x00000000e6100000, 0x00000000e6200000|  0%| F|  |TAMS 0x00000000e6100000, 0x00000000e6100000| Untracked 
|  98|0x00000000e6200000, 0x00000000e6200000, 0x00000000e6300000|  0%| F|  |TAMS 0x00000000e6200000, 0x00000000e6200000| Untracked 
|  99|0x00000000e6300000, 0x00000000e6300000, 0x00000000e6400000|  0%| F|  |TAMS 0x00000000e6300000, 0x00000000e6300000| Untracked 
| 100|0x00000000e6400000, 0x00000000e6400000, 0x00000000e6500000|  0%| F|  |TAMS 0x00000000e6400000, 0x00000000e6400000| Untracked 
| 101|0x00000000e6500000, 0x00000000e6500000, 0x00000000e6600000|  0%| F|  |TAMS 0x00000000e6500000, 0x00000000e6500000| Untracked 
| 102|0x00000000e6600000, 0x00000000e6600000, 0x00000000e6700000|  0%| F|  |TAMS 0x00000000e6600000, 0x00000000e6600000| Untracked 
| 103|0x00000000e6700000, 0x00000000e6700000, 0x00000000e6800000|  0%| F|  |TAMS 0x00000000e6700000, 0x00000000e6700000| Untracked 
| 104|0x00000000e6800000, 0x00000000e6800000, 0x00000000e6900000|  0%| F|  |TAMS 0x00000000e6800000, 0x00000000e6800000| Untracked 
| 105|0x00000000e6900000, 0x00000000e6900000, 0x00000000e6a00000|  0%| F|  |TAMS 0x00000000e6900000, 0x00000000e6900000| Untracked 
| 106|0x00000000e6a00000, 0x00000000e6a00000, 0x00000000e6b00000|  0%| F|  |TAMS 0x00000000e6a00000, 0x00000000e6a00000| Untracked 
| 107|0x00000000e6b00000, 0x00000000e6b00000, 0x00000000e6c00000|  0%| F|  |TAMS 0x00000000e6b00000, 0x00000000e6b00000| Untracked 
| 108|0x00000000e6c00000, 0x00000000e6c00000, 0x00000000e6d00000|  0%| F|  |TAMS 0x00000000e6c00000, 0x00000000e6c00000| Untracked 
| 109|0x00000000e6d00000, 0x00000000e6d00000, 0x00000000e6e00000|  0%| F|  |TAMS 0x00000000e6d00000, 0x00000000e6d00000| Untracked 
| 110|0x00000000e6e00000, 0x00000000e6e00000, 0x00000000e6f00000|  0%| F|  |TAMS 0x00000000e6e00000, 0x00000000e6e00000| Untracked 
| 111|0x00000000e6f00000, 0x00000000e6f00000, 0x00000000e7000000|  0%| F|  |TAMS 0x00000000e6f00000, 0x00000000e6f00000| Untracked 
| 112|0x00000000e7000000, 0x00000000e7000000, 0x00000000e7100000|  0%| F|  |TAMS 0x00000000e7000000, 0x00000000e7000000| Untracked 
| 113|0x00000000e7100000, 0x00000000e7100000, 0x00000000e7200000|  0%| F|  |TAMS 0x00000000e7100000, 0x00000000e7100000| Untracked 
| 114|0x00000000e7200000, 0x00000000e7200000, 0x00000000e7300000|  0%| F|  |TAMS 0x00000000e7200000, 0x00000000e7200000| Untracked 
| 115|0x00000000e7300000, 0x00000000e7300000, 0x00000000e7400000|  0%| F|  |TAMS 0x00000000e7300000, 0x00000000e7300000| Untracked 
| 116|0x00000000e7400000, 0x00000000e7400000, 0x00000000e7500000|  0%| F|  |TAMS 0x00000000e7400000, 0x00000000e7400000| Untracked 
| 117|0x00000000e7500000, 0x00000000e7500000, 0x00000000e7600000|  0%| F|  |TAMS 0x00000000e7500000, 0x00000000e7500000| Untracked 
| 118|0x00000000e7600000, 0x00000000e7600000, 0x00000000e7700000|  0%| F|  |TAMS 0x00000000e7600000, 0x00000000e7600000| Untracked 
| 119|0x00000000e7700000, 0x00000000e7700000, 0x00000000e7800000|  0%| F|  |TAMS 0x00000000e7700000, 0x00000000e7700000| Untracked 
| 120|0x00000000e7800000, 0x00000000e7800000, 0x00000000e7900000|  0%| F|  |TAMS 0x00000000e7800000, 0x00000000e7800000| Untracked 
| 121|0x00000000e7900000, 0x00000000e7900000, 0x00000000e7a00000|  0%| F|  |TAMS 0x00000000e7900000, 0x00000000e7900000| Untracked 
| 122|0x00000000e7a00000, 0x00000000e7a00000, 0x00000000e7b00000|  0%| F|  |TAMS 0x00000000e7a00000, 0x00000000e7a00000| Untracked 
| 123|0x00000000e7b00000, 0x00000000e7b00000, 0x00000000e7c00000|  0%| F|  |TAMS 0x00000000e7b00000, 0x00000000e7b00000| Untracked 
| 124|0x00000000e7c00000, 0x00000000e7c00000, 0x00000000e7d00000|  0%| F|  |TAMS 0x00000000e7c00000, 0x00000000e7c00000| Untracked 
| 125|0x00000000e7d00000, 0x00000000e7d00000, 0x00000000e7e00000|  0%| F|  |TAMS 0x00000000e7d00000, 0x00000000e7d00000| Untracked 
| 126|0x00000000e7e00000, 0x00000000e7e00000, 0x00000000e7f00000|  0%| F|  |TAMS 0x00000000e7e00000, 0x00000000e7e00000| Untracked 
| 127|0x00000000e7f00000, 0x00000000e7f00000, 0x00000000e8000000|  0%| F|  |TAMS 0x00000000e7f00000, 0x00000000e7f00000| Untracked 
| 128|0x00000000e8000000, 0x00000000e8000000, 0x00000000e8100000|  0%| F|  |TAMS 0x00000000e8000000, 0x00000000e8000000| Untracked 
| 129|0x00000000e8100000, 0x00000000e8100000, 0x00000000e8200000|  0%| F|  |TAMS 0x00000000e8100000, 0x00000000e8100000| Untracked 
| 130|0x00000000e8200000, 0x00000000e8200000, 0x00000000e8300000|  0%| F|  |TAMS 0x00000000e8200000, 0x00000000e8200000| Untracked 
| 131|0x00000000e8300000, 0x00000000e8300000, 0x00000000e8400000|  0%| F|  |TAMS 0x00000000e8300000, 0x00000000e8300000| Untracked 
| 132|0x00000000e8400000, 0x00000000e8400000, 0x00000000e8500000|  0%| F|  |TAMS 0x00000000e8400000, 0x00000000e8400000| Untracked 
| 133|0x00000000e8500000, 0x00000000e8500000, 0x00000000e8600000|  0%| F|  |TAMS 0x00000000e8500000, 0x00000000e8500000| Untracked 
| 134|0x00000000e8600000, 0x00000000e8600000, 0x00000000e8700000|  0%| F|  |TAMS 0x00000000e8600000, 0x00000000e8600000| Untracked 
| 135|0x00000000e8700000, 0x00000000e8700000, 0x00000000e8800000|  0%| F|  |TAMS 0x00000000e8700000, 0x00000000e8700000| Untracked 
| 136|0x00000000e8800000, 0x00000000e8800000, 0x00000000e8900000|  0%| F|  |TAMS 0x00000000e8800000, 0x00000000e8800000| Untracked 
| 137|0x00000000e8900000, 0x00000000e8900000, 0x00000000e8a00000|  0%| F|  |TAMS 0x00000000e8900000, 0x00000000e8900000| Untracked 
| 138|0x00000000e8a00000, 0x00000000e8a00000, 0x00000000e8b00000|  0%| F|  |TAMS 0x00000000e8a00000, 0x00000000e8a00000| Untracked 
| 139|0x00000000e8b00000, 0x00000000e8b00000, 0x00000000e8c00000|  0%| F|  |TAMS 0x00000000e8b00000, 0x00000000e8b00000| Untracked 
| 140|0x00000000e8c00000, 0x00000000e8c00000, 0x00000000e8d00000|  0%| F|  |TAMS 0x00000000e8c00000, 0x00000000e8c00000| Untracked 
| 141|0x00000000e8d00000, 0x00000000e8d00000, 0x00000000e8e00000|  0%| F|  |TAMS 0x00000000e8d00000, 0x00000000e8d00000| Untracked 
| 142|0x00000000e8e00000, 0x00000000e8e00000, 0x00000000e8f00000|  0%| F|  |TAMS 0x00000000e8e00000, 0x00000000e8e00000| Untracked 
| 143|0x00000000e8f00000, 0x00000000e8f00000, 0x00000000e9000000|  0%| F|  |TAMS 0x00000000e8f00000, 0x00000000e8f00000| Untracked 
| 144|0x00000000e9000000, 0x00000000e9000000, 0x00000000e9100000|  0%| F|  |TAMS 0x00000000e9000000, 0x00000000e9000000| Untracked 
| 145|0x00000000e9100000, 0x00000000e9100000, 0x00000000e9200000|  0%| F|  |TAMS 0x00000000e9100000, 0x00000000e9100000| Untracked 
| 146|0x00000000e9200000, 0x00000000e9275f80, 0x00000000e9300000| 46%| S|CS|TAMS 0x00000000e9200000, 0x00000000e9200000| Complete 
| 147|0x00000000e9300000, 0x00000000e9400000, 0x00000000e9400000|100%| S|CS|TAMS 0x00000000e9300000, 0x00000000e9300000| Complete 
| 148|0x00000000e9400000, 0x00000000e9500000, 0x00000000e9500000|100%| S|CS|TAMS 0x00000000e9400000, 0x00000000e9400000| Complete 
| 149|0x00000000e9500000, 0x00000000e9600000, 0x00000000e9600000|100%| S|CS|TAMS 0x00000000e9500000, 0x00000000e9500000| Complete 
| 150|0x00000000e9600000, 0x00000000e9700000, 0x00000000e9700000|100%| S|CS|TAMS 0x00000000e9600000, 0x00000000e9600000| Complete 
| 151|0x00000000e9700000, 0x00000000e9800000, 0x00000000e9800000|100%| S|CS|TAMS 0x00000000e9700000, 0x00000000e9700000| Complete 
| 152|0x00000000e9800000, 0x00000000e9900000, 0x00000000e9900000|100%| S|CS|TAMS 0x00000000e9800000, 0x00000000e9800000| Complete 
| 153|0x00000000e9900000, 0x00000000e9a00000, 0x00000000e9a00000|100%| S|CS|TAMS 0x00000000e9900000, 0x00000000e9900000| Complete 
| 154|0x00000000e9a00000, 0x00000000e9b00000, 0x00000000e9b00000|100%| S|CS|TAMS 0x00000000e9a00000, 0x00000000e9a00000| Complete 
| 155|0x00000000e9b00000, 0x00000000e9c00000, 0x00000000e9c00000|100%| S|CS|TAMS 0x00000000e9b00000, 0x00000000e9b00000| Complete 
| 156|0x00000000e9c00000, 0x00000000e9c00000, 0x00000000e9d00000|  0%| F|  |TAMS 0x00000000e9c00000, 0x00000000e9c00000| Untracked 
| 157|0x00000000e9d00000, 0x00000000e9d00000, 0x00000000e9e00000|  0%| F|  |TAMS 0x00000000e9d00000, 0x00000000e9d00000| Untracked 
| 158|0x00000000e9e00000, 0x00000000e9e00000, 0x00000000e9f00000|  0%| F|  |TAMS 0x00000000e9e00000, 0x00000000e9e00000| Untracked 
| 159|0x00000000e9f00000, 0x00000000e9f00000, 0x00000000ea000000|  0%| F|  |TAMS 0x00000000e9f00000, 0x00000000e9f00000| Untracked 
| 160|0x00000000ea000000, 0x00000000ea000000, 0x00000000ea100000|  0%| F|  |TAMS 0x00000000ea000000, 0x00000000ea000000| Untracked 
| 161|0x00000000ea100000, 0x00000000ea100000, 0x00000000ea200000|  0%| F|  |TAMS 0x00000000ea100000, 0x00000000ea100000| Untracked 
| 162|0x00000000ea200000, 0x00000000ea200000, 0x00000000ea300000|  0%| F|  |TAMS 0x00000000ea200000, 0x00000000ea200000| Untracked 
| 163|0x00000000ea300000, 0x00000000ea300000, 0x00000000ea400000|  0%| F|  |TAMS 0x00000000ea300000, 0x00000000ea300000| Untracked 
| 164|0x00000000ea400000, 0x00000000ea400000, 0x00000000ea500000|  0%| F|  |TAMS 0x00000000ea400000, 0x00000000ea400000| Untracked 
| 165|0x00000000ea500000, 0x00000000ea500000, 0x00000000ea600000|  0%| F|  |TAMS 0x00000000ea500000, 0x00000000ea500000| Untracked 
| 166|0x00000000ea600000, 0x00000000ea600000, 0x00000000ea700000|  0%| F|  |TAMS 0x00000000ea600000, 0x00000000ea600000| Untracked 
| 167|0x00000000ea700000, 0x00000000ea700000, 0x00000000ea800000|  0%| F|  |TAMS 0x00000000ea700000, 0x00000000ea700000| Untracked 
| 168|0x00000000ea800000, 0x00000000ea800000, 0x00000000ea900000|  0%| F|  |TAMS 0x00000000ea800000, 0x00000000ea800000| Untracked 
| 169|0x00000000ea900000, 0x00000000ea900000, 0x00000000eaa00000|  0%| F|  |TAMS 0x00000000ea900000, 0x00000000ea900000| Untracked 
| 170|0x00000000eaa00000, 0x00000000eaa00000, 0x00000000eab00000|  0%| F|  |TAMS 0x00000000eaa00000, 0x00000000eaa00000| Untracked 
| 171|0x00000000eab00000, 0x00000000eab00000, 0x00000000eac00000|  0%| F|  |TAMS 0x00000000eab00000, 0x00000000eab00000| Untracked 
| 172|0x00000000eac00000, 0x00000000eac00000, 0x00000000ead00000|  0%| F|  |TAMS 0x00000000eac00000, 0x00000000eac00000| Untracked 
| 173|0x00000000ead00000, 0x00000000ead00000, 0x00000000eae00000|  0%| F|  |TAMS 0x00000000ead00000, 0x00000000ead00000| Untracked 
| 174|0x00000000eae00000, 0x00000000eae00000, 0x00000000eaf00000|  0%| F|  |TAMS 0x00000000eae00000, 0x00000000eae00000| Untracked 
| 175|0x00000000eaf00000, 0x00000000eaf00000, 0x00000000eb000000|  0%| F|  |TAMS 0x00000000eaf00000, 0x00000000eaf00000| Untracked 
| 176|0x00000000eb000000, 0x00000000eb000000, 0x00000000eb100000|  0%| F|  |TAMS 0x00000000eb000000, 0x00000000eb000000| Untracked 
| 177|0x00000000eb100000, 0x00000000eb100000, 0x00000000eb200000|  0%| F|  |TAMS 0x00000000eb100000, 0x00000000eb100000| Untracked 
| 178|0x00000000eb200000, 0x00000000eb200000, 0x00000000eb300000|  0%| F|  |TAMS 0x00000000eb200000, 0x00000000eb200000| Untracked 
| 179|0x00000000eb300000, 0x00000000eb300000, 0x00000000eb400000|  0%| F|  |TAMS 0x00000000eb300000, 0x00000000eb300000| Untracked 
| 180|0x00000000eb400000, 0x00000000eb400000, 0x00000000eb500000|  0%| F|  |TAMS 0x00000000eb400000, 0x00000000eb400000| Untracked 
| 181|0x00000000eb500000, 0x00000000eb500000, 0x00000000eb600000|  0%| F|  |TAMS 0x00000000eb500000, 0x00000000eb500000| Untracked 
| 182|0x00000000eb600000, 0x00000000eb600000, 0x00000000eb700000|  0%| F|  |TAMS 0x00000000eb600000, 0x00000000eb600000| Untracked 
| 183|0x00000000eb700000, 0x00000000eb700000, 0x00000000eb800000|  0%| F|  |TAMS 0x00000000eb700000, 0x00000000eb700000| Untracked 
| 184|0x00000000eb800000, 0x00000000eb800000, 0x00000000eb900000|  0%| F|  |TAMS 0x00000000eb800000, 0x00000000eb800000| Untracked 
| 185|0x00000000eb900000, 0x00000000eb900000, 0x00000000eba00000|  0%| F|  |TAMS 0x00000000eb900000, 0x00000000eb900000| Untracked 
| 186|0x00000000eba00000, 0x00000000eba00000, 0x00000000ebb00000|  0%| F|  |TAMS 0x00000000eba00000, 0x00000000eba00000| Untracked 
| 187|0x00000000ebb00000, 0x00000000ebb00000, 0x00000000ebc00000|  0%| F|  |TAMS 0x00000000ebb00000, 0x00000000ebb00000| Untracked 
| 188|0x00000000ebc00000, 0x00000000ebc00000, 0x00000000ebd00000|  0%| F|  |TAMS 0x00000000ebc00000, 0x00000000ebc00000| Untracked 
| 189|0x00000000ebd00000, 0x00000000ebd00000, 0x00000000ebe00000|  0%| F|  |TAMS 0x00000000ebd00000, 0x00000000ebd00000| Untracked 
| 190|0x00000000ebe00000, 0x00000000ebe00000, 0x00000000ebf00000|  0%| F|  |TAMS 0x00000000ebe00000, 0x00000000ebe00000| Untracked 
| 191|0x00000000ebf00000, 0x00000000ebf00000, 0x00000000ec000000|  0%| F|  |TAMS 0x00000000ebf00000, 0x00000000ebf00000| Untracked 
| 192|0x00000000ec000000, 0x00000000ec000000, 0x00000000ec100000|  0%| F|  |TAMS 0x00000000ec000000, 0x00000000ec000000| Untracked 
| 193|0x00000000ec100000, 0x00000000ec100000, 0x00000000ec200000|  0%| F|  |TAMS 0x00000000ec100000, 0x00000000ec100000| Untracked 
| 194|0x00000000ec200000, 0x00000000ec200000, 0x00000000ec300000|  0%| F|  |TAMS 0x00000000ec200000, 0x00000000ec200000| Untracked 
| 195|0x00000000ec300000, 0x00000000ec300000, 0x00000000ec400000|  0%| F|  |TAMS 0x00000000ec300000, 0x00000000ec300000| Untracked 
| 196|0x00000000ec400000, 0x00000000ec400000, 0x00000000ec500000|  0%| F|  |TAMS 0x00000000ec400000, 0x00000000ec400000| Untracked 
| 197|0x00000000ec500000, 0x00000000ec500000, 0x00000000ec600000|  0%| F|  |TAMS 0x00000000ec500000, 0x00000000ec500000| Untracked 
| 198|0x00000000ec600000, 0x00000000ec600000, 0x00000000ec700000|  0%| F|  |TAMS 0x00000000ec600000, 0x00000000ec600000| Untracked 
| 199|0x00000000ec700000, 0x00000000ec700000, 0x00000000ec800000|  0%| F|  |TAMS 0x00000000ec700000, 0x00000000ec700000| Untracked 
| 200|0x00000000ec800000, 0x00000000ec800000, 0x00000000ec900000|  0%| F|  |TAMS 0x00000000ec800000, 0x00000000ec800000| Untracked 
| 201|0x00000000ec900000, 0x00000000ec900000, 0x00000000eca00000|  0%| F|  |TAMS 0x00000000ec900000, 0x00000000ec900000| Untracked 
| 202|0x00000000eca00000, 0x00000000eca00000, 0x00000000ecb00000|  0%| F|  |TAMS 0x00000000eca00000, 0x00000000eca00000| Untracked 
| 203|0x00000000ecb00000, 0x00000000ecb00000, 0x00000000ecc00000|  0%| F|  |TAMS 0x00000000ecb00000, 0x00000000ecb00000| Untracked 
| 204|0x00000000ecc00000, 0x00000000ecc00000, 0x00000000ecd00000|  0%| F|  |TAMS 0x00000000ecc00000, 0x00000000ecc00000| Untracked 
| 205|0x00000000ecd00000, 0x00000000ecd00000, 0x00000000ece00000|  0%| F|  |TAMS 0x00000000ecd00000, 0x00000000ecd00000| Untracked 
| 206|0x00000000ece00000, 0x00000000ece00000, 0x00000000ecf00000|  0%| F|  |TAMS 0x00000000ece00000, 0x00000000ece00000| Untracked 
| 207|0x00000000ecf00000, 0x00000000ecf00000, 0x00000000ed000000|  0%| F|  |TAMS 0x00000000ecf00000, 0x00000000ecf00000| Untracked 
| 208|0x00000000ed000000, 0x00000000ed000000, 0x00000000ed100000|  0%| F|  |TAMS 0x00000000ed000000, 0x00000000ed000000| Untracked 
| 209|0x00000000ed100000, 0x00000000ed100000, 0x00000000ed200000|  0%| F|  |TAMS 0x00000000ed100000, 0x00000000ed100000| Untracked 
| 210|0x00000000ed200000, 0x00000000ed200000, 0x00000000ed300000|  0%| F|  |TAMS 0x00000000ed200000, 0x00000000ed200000| Untracked 
| 211|0x00000000ed300000, 0x00000000ed300000, 0x00000000ed400000|  0%| F|  |TAMS 0x00000000ed300000, 0x00000000ed300000| Untracked 
| 212|0x00000000ed400000, 0x00000000ed400000, 0x00000000ed500000|  0%| F|  |TAMS 0x00000000ed400000, 0x00000000ed400000| Untracked 
| 213|0x00000000ed500000, 0x00000000ed500000, 0x00000000ed600000|  0%| F|  |TAMS 0x00000000ed500000, 0x00000000ed500000| Untracked 
| 214|0x00000000ed600000, 0x00000000ed600000, 0x00000000ed700000|  0%| F|  |TAMS 0x00000000ed600000, 0x00000000ed600000| Untracked 
| 215|0x00000000ed700000, 0x00000000ed700000, 0x00000000ed800000|  0%| F|  |TAMS 0x00000000ed700000, 0x00000000ed700000| Untracked 
| 216|0x00000000ed800000, 0x00000000ed800000, 0x00000000ed900000|  0%| F|  |TAMS 0x00000000ed800000, 0x00000000ed800000| Untracked 
| 217|0x00000000ed900000, 0x00000000ed900000, 0x00000000eda00000|  0%| F|  |TAMS 0x00000000ed900000, 0x00000000ed900000| Untracked 
| 218|0x00000000eda00000, 0x00000000eda00000, 0x00000000edb00000|  0%| F|  |TAMS 0x00000000eda00000, 0x00000000eda00000| Untracked 
| 219|0x00000000edb00000, 0x00000000edb00000, 0x00000000edc00000|  0%| F|  |TAMS 0x00000000edb00000, 0x00000000edb00000| Untracked 
| 220|0x00000000edc00000, 0x00000000edc00000, 0x00000000edd00000|  0%| F|  |TAMS 0x00000000edc00000, 0x00000000edc00000| Untracked 
| 221|0x00000000edd00000, 0x00000000edd00000, 0x00000000ede00000|  0%| F|  |TAMS 0x00000000edd00000, 0x00000000edd00000| Untracked 
| 222|0x00000000ede00000, 0x00000000ede00000, 0x00000000edf00000|  0%| F|  |TAMS 0x00000000ede00000, 0x00000000ede00000| Untracked 
| 223|0x00000000edf00000, 0x00000000edf00000, 0x00000000ee000000|  0%| F|  |TAMS 0x00000000edf00000, 0x00000000edf00000| Untracked 
| 224|0x00000000ee000000, 0x00000000ee000000, 0x00000000ee100000|  0%| F|  |TAMS 0x00000000ee000000, 0x00000000ee000000| Untracked 
| 225|0x00000000ee100000, 0x00000000ee100000, 0x00000000ee200000|  0%| F|  |TAMS 0x00000000ee100000, 0x00000000ee100000| Untracked 
| 226|0x00000000ee200000, 0x00000000ee200000, 0x00000000ee300000|  0%| F|  |TAMS 0x00000000ee200000, 0x00000000ee200000| Untracked 
| 227|0x00000000ee300000, 0x00000000ee300000, 0x00000000ee400000|  0%| F|  |TAMS 0x00000000ee300000, 0x00000000ee300000| Untracked 
| 228|0x00000000ee400000, 0x00000000ee400000, 0x00000000ee500000|  0%| F|  |TAMS 0x00000000ee400000, 0x00000000ee400000| Untracked 
| 229|0x00000000ee500000, 0x00000000ee500000, 0x00000000ee600000|  0%| F|  |TAMS 0x00000000ee500000, 0x00000000ee500000| Untracked 
| 230|0x00000000ee600000, 0x00000000ee600000, 0x00000000ee700000|  0%| F|  |TAMS 0x00000000ee600000, 0x00000000ee600000| Untracked 
| 231|0x00000000ee700000, 0x00000000ee700000, 0x00000000ee800000|  0%| F|  |TAMS 0x00000000ee700000, 0x00000000ee700000| Untracked 
| 232|0x00000000ee800000, 0x00000000ee800000, 0x00000000ee900000|  0%| F|  |TAMS 0x00000000ee800000, 0x00000000ee800000| Untracked 
| 233|0x00000000ee900000, 0x00000000ee900000, 0x00000000eea00000|  0%| F|  |TAMS 0x00000000ee900000, 0x00000000ee900000| Untracked 
| 234|0x00000000eea00000, 0x00000000eea00000, 0x00000000eeb00000|  0%| F|  |TAMS 0x00000000eea00000, 0x00000000eea00000| Untracked 
| 235|0x00000000eeb00000, 0x00000000eeb00000, 0x00000000eec00000|  0%| F|  |TAMS 0x00000000eeb00000, 0x00000000eeb00000| Untracked 
| 236|0x00000000eec00000, 0x00000000eec00000, 0x00000000eed00000|  0%| F|  |TAMS 0x00000000eec00000, 0x00000000eec00000| Untracked 
| 237|0x00000000eed00000, 0x00000000eed00000, 0x00000000eee00000|  0%| F|  |TAMS 0x00000000eed00000, 0x00000000eed00000| Untracked 
| 238|0x00000000eee00000, 0x00000000eee00000, 0x00000000eef00000|  0%| F|  |TAMS 0x00000000eee00000, 0x00000000eee00000| Untracked 
| 239|0x00000000eef00000, 0x00000000eef00000, 0x00000000ef000000|  0%| F|  |TAMS 0x00000000eef00000, 0x00000000eef00000| Untracked 
| 240|0x00000000ef000000, 0x00000000ef000000, 0x00000000ef100000|  0%| F|  |TAMS 0x00000000ef000000, 0x00000000ef000000| Untracked 
| 241|0x00000000ef100000, 0x00000000ef100000, 0x00000000ef200000|  0%| F|  |TAMS 0x00000000ef100000, 0x00000000ef100000| Untracked 
| 242|0x00000000ef200000, 0x00000000ef200000, 0x00000000ef300000|  0%| F|  |TAMS 0x00000000ef200000, 0x00000000ef200000| Untracked 
| 243|0x00000000ef300000, 0x00000000ef300000, 0x00000000ef400000|  0%| F|  |TAMS 0x00000000ef300000, 0x00000000ef300000| Untracked 
| 244|0x00000000ef400000, 0x00000000ef400000, 0x00000000ef500000|  0%| F|  |TAMS 0x00000000ef400000, 0x00000000ef400000| Untracked 
| 245|0x00000000ef500000, 0x00000000ef500000, 0x00000000ef600000|  0%| F|  |TAMS 0x00000000ef500000, 0x00000000ef500000| Untracked 
| 246|0x00000000ef600000, 0x00000000ef600000, 0x00000000ef700000|  0%| F|  |TAMS 0x00000000ef600000, 0x00000000ef600000| Untracked 
| 247|0x00000000ef700000, 0x00000000ef700000, 0x00000000ef800000|  0%| F|  |TAMS 0x00000000ef700000, 0x00000000ef700000| Untracked 
| 248|0x00000000ef800000, 0x00000000ef800000, 0x00000000ef900000|  0%| F|  |TAMS 0x00000000ef800000, 0x00000000ef800000| Untracked 
| 249|0x00000000ef900000, 0x00000000ef900000, 0x00000000efa00000|  0%| F|  |TAMS 0x00000000ef900000, 0x00000000ef900000| Untracked 
| 250|0x00000000efa00000, 0x00000000efa00000, 0x00000000efb00000|  0%| F|  |TAMS 0x00000000efa00000, 0x00000000efa00000| Untracked 
| 251|0x00000000efb00000, 0x00000000efb00000, 0x00000000efc00000|  0%| F|  |TAMS 0x00000000efb00000, 0x00000000efb00000| Untracked 
| 252|0x00000000efc00000, 0x00000000efc80800, 0x00000000efd00000| 50%| E|  |TAMS 0x00000000efc00000, 0x00000000efc00000| Complete 
| 253|0x00000000efd00000, 0x00000000efe00000, 0x00000000efe00000|100%| E|CS|TAMS 0x00000000efd00000, 0x00000000efd00000| Complete 
| 254|0x00000000efe00000, 0x00000000eff00000, 0x00000000eff00000|100%| E|CS|TAMS 0x00000000efe00000, 0x00000000efe00000| Complete 
| 255|0x00000000eff00000, 0x00000000f0000000, 0x00000000f0000000|100%| E|CS|TAMS 0x00000000eff00000, 0x00000000eff00000| Complete 

Card table byte_map: [0x00000259f85d0000,0x00000259f86d0000] _byte_map_base: 0x00000259f7ed0000

Marking Bits (Prev, Next): (CMBitMap*) 0x00000259e1ab8400, (CMBitMap*) 0x00000259e1ab8440
 Prev Bits: [0x00000259f87d0000, 0x00000259f8fd0000)
 Next Bits: [0x00000259f8fd0000, 0x00000259f97d0000)

Polling page: 0x00000259e0b70000

Metaspace:

Usage:
  Non-class:     30.62 MB used.
      Class:      4.86 MB used.
       Both:     35.48 MB used.

Virtual space:
  Non-class space:       32.00 MB reserved,      30.81 MB ( 96%) committed,  4 nodes.
      Class space:      208.00 MB reserved,       5.06 MB (  2%) committed,  1 nodes.
             Both:      240.00 MB reserved,      35.88 MB ( 15%) committed. 

Chunk freelists:
   Non-Class:  840.00 KB
       Class:  2.92 MB
        Both:  3.73 MB

MaxMetaspaceSize: 256.00 MB
CompressedClassSpaceSize: 208.00 MB
Initial GC threshold: 21.00 MB
Current GC threshold: 59.31 MB
CDS: on
MetaspaceReclaimPolicy: balanced
 - commit_granule_bytes: 65536.
 - commit_granule_words: 8192.
 - virtual_space_node_default_size: 1048576.
 - enlarge_chunks_in_place: 1.
 - new_chunks_are_fully_committed: 0.
 - uncommit_free_chunks: 1.
 - use_allocation_guard: 0.
 - handle_deallocations: 1.


Internal statistics:

num_allocs_failed_limit: 9.
num_arena_births: 356.
num_arena_deaths: 0.
num_vsnodes_births: 5.
num_vsnodes_deaths: 0.
num_space_committed: 574.
num_space_uncommitted: 0.
num_chunks_returned_to_freelist: 9.
num_chunks_taken_from_freelist: 1648.
num_chunk_merges: 9.
num_chunk_splits: 1134.
num_chunks_enlarged: 816.
num_purges: 0.
num_inconsistent_stats: 0.

CodeHeap 'non-profiled nmethods': size=120000Kb used=2191Kb max_used=2191Kb free=117808Kb
 bounds [0x00000259f0e80000, 0x00000259f10f0000, 0x00000259f83b0000]
CodeHeap 'profiled nmethods': size=120000Kb used=8657Kb max_used=8657Kb free=111342Kb
 bounds [0x00000259e9950000, 0x00000259ea1d0000, 0x00000259f0e80000]
CodeHeap 'non-nmethods': size=5760Kb used=2295Kb max_used=2365Kb free=3465Kb
 bounds [0x00000259e93b0000, 0x00000259e9620000, 0x00000259e9950000]
 total_blobs=4936 nmethods=4133 adapters=715
 compilation: enabled
              stopped_count=0, restarted_count=0
 full_count=0

Compilation events (20 events):
Event: 20.222 Thread 0x00000259fbebe840 4119       1       org.gradle.internal.operations.BuildOperationDescriptor::getDisplayName (5 bytes)
Event: 20.222 Thread 0x00000259fbebe840 nmethod 4119 0x00000259f10a3210 code [0x00000259f10a33a0, 0x00000259f10a3478]
Event: 20.246 Thread 0x00000259fbebe840 4122       3       sun.security.provider.ByteArrayAccess::i2bLittle4 (10 bytes)
Event: 20.247 Thread 0x00000259fbebe840 nmethod 4122 0x00000259ea1adf90 code [0x00000259ea1ae1c0, 0x00000259ea1ae978]
Event: 20.267 Thread 0x00000259fbebe840 4123       3       java.net.DatagramSocket::delegate (22 bytes)
Event: 20.267 Thread 0x00000259fbebe840 nmethod 4123 0x00000259ea1aec90 code [0x00000259ea1aee40, 0x00000259ea1af068]
Event: 20.267 Thread 0x00000259fbebe840 4124       3       com.google.common.cache.LocalCache::nullEntry (4 bytes)
Event: 20.267 Thread 0x00000259fbebe840 nmethod 4124 0x00000259ea1af190 code [0x00000259ea1af320, 0x00000259ea1af418]
Event: 20.268 Thread 0x00000259fbebe840 4125       3       java.io.DataOutputStream::writeByte (14 bytes)
Event: 20.268 Thread 0x00000259fbebe840 nmethod 4125 0x00000259ea1af490 code [0x00000259ea1af640, 0x00000259ea1af8c8]
Event: 20.270 Thread 0x00000259fbebe840 4127       3       java.nio.MappedByteBuffer::flip (7 bytes)
Event: 20.270 Thread 0x00000259fbebe840 nmethod 4127 0x00000259ea1afa10 code [0x00000259ea1afbc0, 0x00000259ea1afd98]
Event: 20.270 Thread 0x00000259fbebe840 4128       1       java.nio.DirectByteBuffer::isReadOnly (2 bytes)
Event: 20.270 Thread 0x00000259fbebe840 nmethod 4128 0x00000259f10a3510 code [0x00000259f10a36a0, 0x00000259f10a3778]
Event: 20.283 Thread 0x00000259fbebe840 4129       3       java.util.stream.Collectors$$Lambda$59/0x0000000800c6e650::accept (14 bytes)
Event: 20.283 Thread 0x00000259fbebe840 nmethod 4129 0x00000259ea1afe90 code [0x00000259ea1b0060, 0x00000259ea1b0628]
Event: 20.336 Thread 0x00000259fbebe840 4130       3       java.nio.ByteBuffer::rewind (7 bytes)
Event: 20.336 Thread 0x00000259fbebe840 nmethod 4130 0x00000259ea1b0890 code [0x00000259ea1b0a20, 0x00000259ea1b0b98]
Event: 20.336 Thread 0x00000259fbebe840 4131       3       java.nio.Buffer::rewind (12 bytes)
Event: 20.336 Thread 0x00000259fbebe840 nmethod 4131 0x00000259ea1b0c90 code [0x00000259ea1b0e20, 0x00000259ea1b0f38]

GC Heap History (8 events):
Event: 3.954 GC heap before
{Heap before GC invocations=0 (full 0):
 garbage-first heap   total 262144K, used 24576K [0x00000000e0000000, 0x0000000100000000)
  region size 1024K, 21 young (21504K), 0 survivors (0K)
 Metaspace       used 2922K, committed 3072K, reserved 221184K
  class space    used 373K, committed 448K, reserved 212992K
}
Event: 3.965 GC heap after
{Heap after GC invocations=1 (full 0):
 garbage-first heap   total 262144K, used 10235K [0x00000000e0000000, 0x0000000100000000)
  region size 1024K, 3 young (3072K), 3 survivors (3072K)
 Metaspace       used 2922K, committed 3072K, reserved 221184K
  class space    used 373K, committed 448K, reserved 212992K
}
Event: 5.444 GC heap before
{Heap before GC invocations=1 (full 0):
 garbage-first heap   total 262144K, used 32763K [0x00000000e0000000, 0x0000000100000000)
  region size 1024K, 26 young (26624K), 3 survivors (3072K)
 Metaspace       used 3881K, committed 4032K, reserved 221184K
  class space    used 476K, committed 576K, reserved 212992K
}
Event: 5.448 GC heap after
{Heap after GC invocations=2 (full 0):
 garbage-first heap   total 262144K, used 10699K [0x00000000e0000000, 0x0000000100000000)
  region size 1024K, 1 young (1024K), 1 survivors (1024K)
 Metaspace       used 3881K, committed 4032K, reserved 221184K
  class space    used 476K, committed 576K, reserved 212992K
}
Event: 13.214 GC heap before
{Heap before GC invocations=2 (full 0):
 garbage-first heap   total 262144K, used 127435K [0x00000000e0000000, 0x0000000100000000)
  region size 1024K, 116 young (118784K), 1 survivors (1024K)
 Metaspace       used 21216K, committed 21504K, reserved 237568K
  class space    used 3169K, committed 3328K, reserved 212992K
}
Event: 13.231 GC heap after
{Heap after GC invocations=3 (full 0):
 garbage-first heap   total 262144K, used 21619K [0x00000000e0000000, 0x0000000100000000)
  region size 1024K, 12 young (12288K), 12 survivors (12288K)
 Metaspace       used 21216K, committed 21504K, reserved 237568K
  class space    used 3169K, committed 3328K, reserved 212992K
}
Event: 20.117 GC heap before
{Heap before GC invocations=4 (full 0):
 garbage-first heap   total 262144K, used 126067K [0x00000000e0000000, 0x0000000100000000)
  region size 1024K, 112 young (114688K), 12 survivors (12288K)
 Metaspace       used 35604K, committed 35968K, reserved 245760K
  class space    used 4946K, committed 5120K, reserved 212992K
}
Event: 20.137 GC heap after
{Heap after GC invocations=5 (full 0):
 garbage-first heap   total 262144K, used 32380K [0x00000000e0000000, 0x0000000100000000)
  region size 1024K, 10 young (10240K), 10 survivors (10240K)
 Metaspace       used 35604K, committed 35968K, reserved 245760K
  class space    used 4946K, committed 5120K, reserved 212992K
}

Deoptimization events (20 events):
Event: 19.555 Thread 0x00000259fd601130 DEOPT PACKING pc=0x00000259f1083124 sp=0x000000b3222f93f0
Event: 19.555 Thread 0x00000259fd601130 DEOPT UNPACKING pc=0x00000259e94023a3 sp=0x000000b3222f93a8 mode 2
Event: 19.580 Thread 0x00000259fd601130 DEOPT PACKING pc=0x00000259ea044195 sp=0x000000b3222f8e70
Event: 19.580 Thread 0x00000259fd601130 DEOPT UNPACKING pc=0x00000259e9402b43 sp=0x000000b3222f82f8 mode 0
Event: 19.905 Thread 0x00000259fd601130 Uncommon trap: trap_request=0xffffff45 fr.pc=0x00000259f1014780 relative=0x00000000000002e0
Event: 19.905 Thread 0x00000259fd601130 Uncommon trap: reason=unstable_if action=reinterpret pc=0x00000259f1014780 method=java.util.HashMap.getNode(Ljava/lang/Object;)Ljava/util/HashMap$Node; @ 57 c2
Event: 19.905 Thread 0x00000259fd601130 DEOPT PACKING pc=0x00000259f1014780 sp=0x000000b3222f86a0
Event: 19.905 Thread 0x00000259fd601130 DEOPT UNPACKING pc=0x00000259e94023a3 sp=0x000000b3222f85c0 mode 2
Event: 19.905 Thread 0x00000259fd601130 Uncommon trap: trap_request=0xffffff45 fr.pc=0x00000259f10247a8 relative=0x00000000000007c8
Event: 19.905 Thread 0x00000259fd601130 Uncommon trap: reason=unstable_if action=reinterpret pc=0x00000259f10247a8 method=java.util.HashMap.putVal(ILjava/lang/Object;Ljava/lang/Object;ZZ)Ljava/lang/Object; @ 85 c2
Event: 19.905 Thread 0x00000259fd601130 DEOPT PACKING pc=0x00000259f10247a8 sp=0x000000b3222f8670
Event: 19.905 Thread 0x00000259fd601130 DEOPT UNPACKING pc=0x00000259e94023a3 sp=0x000000b3222f85a0 mode 2
Event: 19.920 Thread 0x00000259fd601130 Uncommon trap: trap_request=0xffffff45 fr.pc=0x00000259f0ff0584 relative=0x0000000000000344
Event: 19.920 Thread 0x00000259fd601130 Uncommon trap: reason=unstable_if action=reinterpret pc=0x00000259f0ff0584 method=org.gradle.internal.reflect.PropertyAccessorType.isGetGetterName(Ljava/lang/String;)Z @ 14 c2
Event: 19.920 Thread 0x00000259fd601130 DEOPT PACKING pc=0x00000259f0ff0584 sp=0x000000b3222f9100
Event: 19.920 Thread 0x00000259fd601130 DEOPT UNPACKING pc=0x00000259e94023a3 sp=0x000000b3222f9058 mode 2
Event: 20.013 Thread 0x00000259fd601130 Uncommon trap: trap_request=0xffffff45 fr.pc=0x00000259f1043cf8 relative=0x0000000000001978
Event: 20.013 Thread 0x00000259fd601130 Uncommon trap: reason=unstable_if action=reinterpret pc=0x00000259f1043cf8 method=java.util.concurrent.ConcurrentHashMap.computeIfAbsent(Ljava/lang/Object;Ljava/util/function/Function;)Ljava/lang/Object; @ 123 c2
Event: 20.013 Thread 0x00000259fd601130 DEOPT PACKING pc=0x00000259f1043cf8 sp=0x000000b3222fa000
Event: 20.013 Thread 0x00000259fd601130 DEOPT UNPACKING pc=0x00000259e94023a3 sp=0x000000b3222f9f80 mode 2

Classes unloaded (0 events):
No events

Classes redefined (0 events):
No events

Internal exceptions (20 events):
Event: 18.933 Thread 0x00000259fd601130 Exception <a 'java/lang/ClassNotFoundException'{0x00000000eb5eb4f0}: org/gradle/configuration/internal/DefaultListenerBuildOperationDecorator$BuildOperationEmittingClosureBeanInfo> (0x00000000eb5eb4f0) 
thrown [t:\workspace\open\src\hotspot\share\classfile\systemDictionary.cpp, line 256]
Event: 18.934 Thread 0x00000259fd601130 Exception <a 'java/lang/ClassNotFoundException'{0x00000000eb5fa3f8}: org/gradle/configuration/internal/DefaultListenerBuildOperationDecorator$BuildOperationEmittingClosureCustomizer> (0x00000000eb5fa3f8) 
thrown [t:\workspace\open\src\hotspot\share\classfile\systemDictionary.cpp, line 256]
Event: 18.980 Thread 0x00000259fd601130 Exception <a 'java/lang/NoSuchMethodError'{0x00000000eb34b400}: 'java.lang.Object java.lang.invoke.DirectMethodHandle$Holder.newInvokeSpecial(java.lang.Object, java.lang.Object, int, int)'> (0x00000000eb34b400) 
thrown [t:\workspace\open\src\hotspot\share\interpreter\linkResolver.cpp, line 766]
Event: 19.301 Thread 0x00000259fd601130 Exception <a 'java/lang/IncompatibleClassChangeError'{0x00000000eb3bb348}: Found class java.lang.Object, but interface was expected> (0x00000000eb3bb348) 
thrown [t:\workspace\open\src\hotspot\share\interpreter\linkResolver.cpp, line 833]
Event: 19.361 Thread 0x00000259fd601130 Exception <a 'java/lang/ClassNotFoundException'{0x00000000eb284418}: settings_1ey4n5u276rnk2cp7n8szwicgBeanInfo> (0x00000000eb284418) 
thrown [t:\workspace\open\src\hotspot\share\classfile\systemDictionary.cpp, line 256]
Event: 19.361 Thread 0x00000259fd601130 Exception <a 'java/lang/ClassNotFoundException'{0x00000000eb28e988}: org/gradle/initialization/SettingsScriptBeanInfo> (0x00000000eb28e988) 
thrown [t:\workspace\open\src\hotspot\share\classfile\systemDictionary.cpp, line 256]
Event: 19.361 Thread 0x00000259fd601130 Exception <a 'java/lang/ClassNotFoundException'{0x00000000eb299038}: org/gradle/plugin/use/internal/PluginsAwareScriptBeanInfo> (0x00000000eb299038) 
thrown [t:\workspace\open\src\hotspot\share\classfile\systemDictionary.cpp, line 256]
Event: 19.362 Thread 0x00000259fd601130 Exception <a 'java/lang/ClassNotFoundException'{0x00000000eb2a36e0}: org/gradle/plugin/use/internal/PluginsAwareScriptCustomizer> (0x00000000eb2a36e0) 
thrown [t:\workspace\open\src\hotspot\share\classfile\systemDictionary.cpp, line 256]
Event: 19.363 Thread 0x00000259fd601130 Exception <a 'java/lang/ClassNotFoundException'{0x00000000eb2b5f40}: org/gradle/initialization/SettingsScriptCustomizer> (0x00000000eb2b5f40) 
thrown [t:\workspace\open\src\hotspot\share\classfile\systemDictionary.cpp, line 256]
Event: 19.364 Thread 0x00000259fd601130 Exception <a 'java/lang/ClassNotFoundException'{0x00000000eb2c4020}: settings_1ey4n5u276rnk2cp7n8szwicgCustomizer> (0x00000000eb2c4020) 
thrown [t:\workspace\open\src\hotspot\share\classfile\systemDictionary.cpp, line 256]
Event: 19.382 Thread 0x00000259fd601130 Exception <a 'java/lang/ClassNotFoundException'{0x00000000eb159238}: org/gradle/initialization/DefaultSettings_DecoratedBeanInfo> (0x00000000eb159238) 
thrown [t:\workspace\open\src\hotspot\share\classfile\systemDictionary.cpp, line 256]
Event: 19.383 Thread 0x00000259fd601130 Exception <a 'java/lang/ClassNotFoundException'{0x00000000eb169090}: org/gradle/initialization/DefaultSettingsBeanInfo> (0x00000000eb169090) 
thrown [t:\workspace\open\src\hotspot\share\classfile\systemDictionary.cpp, line 256]
Event: 19.383 Thread 0x00000259fd601130 Exception <a 'java/lang/ClassNotFoundException'{0x00000000eb179018}: org/gradle/initialization/DefaultSettingsCustomizer> (0x00000000eb179018) 
thrown [t:\workspace\open\src\hotspot\share\classfile\systemDictionary.cpp, line 256]
Event: 19.386 Thread 0x00000259fd601130 Exception <a 'java/lang/ClassNotFoundException'{0x00000000eb1bc838}: org/gradle/initialization/DefaultSettings_DecoratedCustomizer> (0x00000000eb1bc838) 
thrown [t:\workspace\open\src\hotspot\share\classfile\systemDictionary.cpp, line 256]
Event: 19.393 Thread 0x00000259fd601130 Implicit null exception at 0x00000259f1014c6c to 0x00000259f1014d1c
Event: 19.398 Thread 0x00000259fd601130 Exception <a 'java/lang/ClassNotFoundException'{0x00000000eb034558}: java/io/FileBeanInfo> (0x00000000eb034558) 
thrown [t:\workspace\open\src\hotspot\share\classfile\systemDictionary.cpp, line 256]
Event: 19.398 Thread 0x00000259fd601130 Exception <a 'java/lang/ClassNotFoundException'{0x00000000eb0388c0}: java/io/FileCustomizer> (0x00000000eb0388c0) 
thrown [t:\workspace\open\src\hotspot\share\classfile\systemDictionary.cpp, line 256]
Event: 19.403 Thread 0x00000259fd601130 Exception <a 'java/lang/ClassNotFoundException'{0x00000000eb06d528}: org/gradle/initialization/DefaultProjectDescriptorBeanInfo> (0x00000000eb06d528) 
thrown [t:\workspace\open\src\hotspot\share\classfile\systemDictionary.cpp, line 256]
Event: 19.404 Thread 0x00000259fd601130 Exception <a 'java/lang/ClassNotFoundException'{0x00000000eb07ba18}: org/gradle/initialization/DefaultProjectDescriptorCustomizer> (0x00000000eb07ba18) 
thrown [t:\workspace\open\src\hotspot\share\classfile\systemDictionary.cpp, line 256]
Event: 19.417 Thread 0x00000259fd601130 Exception <a 'java/lang/NoSuchMethodError'{0x00000000eb0b65a0}: 'void java.lang.invoke.DirectMethodHandle$Holder.invokeInterface(java.lang.Object, java.lang.Object)'> (0x00000000eb0b65a0) 
thrown [t:\workspace\open\src\hotspot\share\interpreter\linkResolver.cpp, line 766]

VM Operations (20 events):
Event: 18.515 Executing VM operation: HandshakeAllThreads
Event: 18.515 Executing VM operation: HandshakeAllThreads done
Event: 18.516 Executing VM operation: HandshakeAllThreads
Event: 18.516 Executing VM operation: HandshakeAllThreads done
Event: 19.422 Executing VM operation: ICBufferFull
Event: 19.422 Executing VM operation: ICBufferFull done
Event: 19.634 Executing VM operation: HandshakeAllThreads
Event: 19.635 Executing VM operation: HandshakeAllThreads done
Event: 19.705 Executing VM operation: HandshakeAllThreads
Event: 19.705 Executing VM operation: HandshakeAllThreads done
Event: 19.953 Executing VM operation: HandshakeAllThreads
Event: 19.953 Executing VM operation: HandshakeAllThreads done
Event: 20.117 Executing VM operation: CollectForMetadataAllocation
Event: 20.137 Executing VM operation: CollectForMetadataAllocation done
Event: 20.149 Executing VM operation: CollectForMetadataAllocation
Event: 20.150 Executing VM operation: CollectForMetadataAllocation done
Event: 20.150 Executing VM operation: G1Concurrent
Event: 20.167 Executing VM operation: G1Concurrent done
Event: 20.172 Executing VM operation: G1Concurrent
Event: 20.180 Executing VM operation: G1Concurrent done

Events (20 events):
Event: 19.398 loading class java/io/FileCustomizer done
Event: 19.410 loading class jdk/internal/math/FDBigInteger
Event: 19.411 loading class jdk/internal/math/FDBigInteger done
Event: 19.430 loading class java/util/zip/GZIPInputStream
Event: 19.430 loading class java/util/zip/GZIPInputStream done
Event: 19.430 loading class java/util/zip/GZIPOutputStream
Event: 19.430 loading class java/util/zip/GZIPOutputStream done
Event: 19.434 loading class java/lang/ThreadLocal$SuppliedThreadLocal
Event: 19.434 loading class java/lang/ThreadLocal$SuppliedThreadLocal done
Event: 19.500 Thread 0x00000259ff1037f0 Thread added: 0x00000259ff1037f0
Event: 19.597 loading class java/nio/file/AtomicMoveNotSupportedException
Event: 19.597 loading class java/nio/file/AtomicMoveNotSupportedException done
Event: 19.634 loading class java/io/FileWriter
Event: 19.634 loading class java/io/FileWriter done
Event: 19.705 loading class java/util/ArrayList$ListItr
Event: 19.705 loading class java/util/ArrayList$ListItr done
Event: 19.814 loading class java/util/DualPivotQuicksort
Event: 19.814 loading class java/util/DualPivotQuicksort done
Event: 19.974 loading class java/lang/StringIndexOutOfBoundsException
Event: 19.974 loading class java/lang/StringIndexOutOfBoundsException done


Dynamic libraries:
0x00007ff70a2f0000 - 0x00007ff70a300000 	C:\Program Files\Java\jdk-17.0.1\bin\java.exe
0x00007ff98e890000 - 0x00007ff98ea88000 	C:\windows\SYSTEM32\ntdll.dll
0x00007ff98cf70000 - 0x00007ff98d02f000 	C:\windows\System32\KERNEL32.DLL
0x00007ff98c070000 - 0x00007ff98c366000 	C:\windows\System32\KERNELBASE.dll
0x00007ff963df0000 - 0x00007ff963e42000 	C:\windows\AppPatch\apppatch64\ummon.dll
0x00007ff98d090000 - 0x00007ff98d13f000 	C:\windows\System32\ADVAPI32.dll
0x00007ff98d330000 - 0x00007ff98d3ce000 	C:\windows\System32\msvcrt.dll
0x00007ff98e780000 - 0x00007ff98e81c000 	C:\windows\System32\sechost.dll
0x00007ff98d140000 - 0x00007ff98d266000 	C:\windows\System32\RPCRT4.dll
0x00007ff98d3e0000 - 0x00007ff98d57d000 	C:\windows\System32\USER32.dll
0x00007ff98bf40000 - 0x00007ff98bf62000 	C:\windows\System32\win32u.dll
0x00007ff98c9f0000 - 0x00007ff98ca1c000 	C:\windows\System32\GDI32.dll
0x00007ff98c490000 - 0x00007ff98c5a5000 	C:\windows\System32\gdi32full.dll
0x00007ff98c630000 - 0x00007ff98c6cd000 	C:\windows\System32\msvcp_win.dll
0x00007ff98bf70000 - 0x00007ff98c070000 	C:\windows\System32\ucrtbase.dll
0x00007ff98cc90000 - 0x00007ff98cdba000 	C:\windows\System32\ole32.dll
0x00007ff98e410000 - 0x00007ff98e764000 	C:\windows\System32\combase.dll
0x00007ff98c8c0000 - 0x00007ff98c98d000 	C:\windows\System32\OLEAUT32.dll
0x00007ff98c760000 - 0x00007ff98c8be000 	C:\windows\System32\CRYPT32.dll
0x00007ff9861c0000 - 0x00007ff9861d8000 	C:\Program Files\Java\jdk-17.0.1\bin\jli.dll
0x00007ff974ca0000 - 0x00007ff974cba000 	C:\Program Files\Java\jdk-17.0.1\bin\VCRUNTIME140.dll
0x00007ff972400000 - 0x00007ff97269a000 	C:\windows\WinSxS\amd64_microsoft.windows.common-controls_6595b64144ccf1df_6.0.19041.1110_none_60b5254171f9507e\COMCTL32.dll
0x00007ff983720000 - 0x00007ff98372a000 	C:\windows\SYSTEM32\VERSION.dll
0x00007ff98d2e0000 - 0x00007ff98d310000 	C:\windows\System32\IMM32.DLL
0x00007ff9639c0000 - 0x00007ff963a40000 	C:\Program Files (x86)\searchinformagent\sifiltersvc1\SIPH64.dll
0x00007ff98d270000 - 0x00007ff98d2db000 	C:\windows\System32\WS2_32.dll
0x00007ff98a7f0000 - 0x00007ff98a802000 	C:\windows\SYSTEM32\kernel.appcore.dll
0x00007ff9639a0000 - 0x00007ff9639bb000 	C:\Program Files (x86)\searchinformagent\sifiltersvc1\PluginAPI64.dll
0x00007ff963970000 - 0x00007ff963997000 	C:\Program Files (x86)\searchinformagent\sifiltersvc1\SIHLib64.dll
0x00007ff95e620000 - 0x00007ff95e68d000 	C:\Program Files (x86)\searchinformagent\sifiltersvc1\hdesvc_p64.dll
0x00007ff98b390000 - 0x00007ff98b3cc000 	C:\windows\SYSTEM32\iphlpapi.dll
0x00007ff963600000 - 0x00007ff963961000 	C:\windows\system32\iwprn.dll
0x00007ff971e10000 - 0x00007ff971ead000 	C:\windows\SYSTEM32\WINSPOOL.DRV
0x00007ff98d580000 - 0x00007ff98d62d000 	C:\windows\System32\shcore.dll
0x00007ff9726a0000 - 0x00007ff9726a9000 	C:\windows\SYSTEM32\WSOCK32.dll
0x00007ff983d90000 - 0x00007ff983d9c000 	C:\Program Files\Java\jdk-17.0.1\bin\vcruntime140_1.dll
0x00007ff9530d0000 - 0x00007ff95315d000 	C:\Program Files\Java\jdk-17.0.1\bin\msvcp140.dll
0x00007ff940c60000 - 0x00007ff94181e000 	C:\Program Files\Java\jdk-17.0.1\bin\server\jvm.dll
0x00007ff98ce40000 - 0x00007ff98ce48000 	C:\windows\System32\PSAPI.DLL
0x00007ff971d90000 - 0x00007ff971db7000 	C:\windows\SYSTEM32\WINMM.dll
0x00007ff975380000 - 0x00007ff97538a000 	C:\Program Files\Java\jdk-17.0.1\bin\jimage.dll
0x00007ff98a020000 - 0x00007ff98a204000 	C:\windows\SYSTEM32\DBGHELP.DLL
0x00007ff9711b0000 - 0x00007ff9711e4000 	C:\windows\SYSTEM32\dbgcore.DLL
0x00007ff98c6d0000 - 0x00007ff98c752000 	C:\windows\System32\bcryptPrimitives.dll
0x00007ff969630000 - 0x00007ff969655000 	C:\Program Files\Java\jdk-17.0.1\bin\java.dll
0x00007ff946c80000 - 0x00007ff946d56000 	C:\Program Files\Java\jdk-17.0.1\bin\svml.dll
0x00007ff98dc30000 - 0x00007ff98e374000 	C:\windows\System32\SHELL32.dll
0x00007ff988f20000 - 0x00007ff9896b3000 	C:\windows\SYSTEM32\windows.storage.dll
0x00007ff98b990000 - 0x00007ff98b9be000 	C:\windows\SYSTEM32\Wldp.dll
0x00007ff98ca20000 - 0x00007ff98ca75000 	C:\windows\System32\shlwapi.dll
0x00007ff98be80000 - 0x00007ff98be9f000 	C:\windows\SYSTEM32\profapi.dll
0x00007ff96e0c0000 - 0x00007ff96e0d9000 	C:\Program Files\Java\jdk-17.0.1\bin\net.dll
0x00007ff98af20000 - 0x00007ff98b02a000 	C:\windows\SYSTEM32\WINHTTP.dll
0x00007ff98b6f0000 - 0x00007ff98b75a000 	C:\windows\system32\mswsock.dll
0x00007ff96def0000 - 0x00007ff96df05000 	C:\Program Files\Java\jdk-17.0.1\bin\nio.dll
0x00007ff969980000 - 0x00007ff969998000 	C:\Program Files\Java\jdk-17.0.1\bin\zip.dll
0x00007ff975350000 - 0x00007ff975360000 	C:\Program Files\Java\jdk-17.0.1\bin\verify.dll
0x00007ff985eb0000 - 0x00007ff985ed7000 	C:\Users\Yanishen_SV\.gradle\native\68d5fa5c4cc2d200863cafc0d521ce42e7d3e7ee720ec0a83991735586a16f82\windows-amd64\native-platform.dll
0x00007ff94d140000 - 0x00007ff94d284000 	C:\Users\Yanishen_SV\.gradle\native\e376f236ea51e6404a007f0833ffe2c6e607c4080706a723a18a27aeea778392\windows-amd64\native-platform-file-events.dll
0x00007ff986310000 - 0x00007ff986319000 	C:\Program Files\Java\jdk-17.0.1\bin\management.dll
0x00007ff9860e0000 - 0x00007ff9860eb000 	C:\Program Files\Java\jdk-17.0.1\bin\management_ext.dll
0x00007ff98b8e0000 - 0x00007ff98b8f8000 	C:\windows\SYSTEM32\CRYPTSP.dll
0x00007ff98ae90000 - 0x00007ff98aec4000 	C:\windows\system32\rsaenh.dll
0x00007ff98c600000 - 0x00007ff98c627000 	C:\windows\System32\bcrypt.dll
0x00007ff98be40000 - 0x00007ff98be6e000 	C:\windows\SYSTEM32\USERENV.dll
0x00007ff98b900000 - 0x00007ff98b90c000 	C:\windows\SYSTEM32\CRYPTBASE.dll
0x00007ff98e770000 - 0x00007ff98e778000 	C:\windows\System32\NSI.dll
0x00007ff986e10000 - 0x00007ff986e27000 	C:\windows\SYSTEM32\dhcpcsvc6.DLL
0x00007ff986dc0000 - 0x00007ff986ddd000 	C:\windows\SYSTEM32\dhcpcsvc.DLL
0x00007ff98b3d0000 - 0x00007ff98b49a000 	C:\windows\SYSTEM32\DNSAPI.dll
0x00007ff9860d0000 - 0x00007ff9860de000 	C:\Program Files\Java\jdk-17.0.1\bin\sunmscapi.dll
0x00007ff98ba00000 - 0x00007ff98ba28000 	C:\windows\SYSTEM32\ncrypt.dll
0x00007ff98b9c0000 - 0x00007ff98b9fb000 	C:\windows\SYSTEM32\NTASN1.dll
0x00007ff978520000 - 0x00007ff978527000 	C:\windows\system32\wshunix.dll

dbghelp: loaded successfully - version: 4.0.5 - missing functions: none
symbol engine: initialized successfully - sym options: 0x614 - pdb path: .;C:\Program Files\Java\jdk-17.0.1\bin;C:\windows\SYSTEM32;C:\windows\AppPatch\apppatch64;C:\windows\WinSxS\amd64_microsoft.windows.common-controls_6595b64144ccf1df_6.0.19041.1110_none_60b5254171f9507e;C:\Program Files (x86)\searchinformagent\sifiltersvc1;C:\Program Files\Java\jdk-17.0.1\bin\server;C:\Users\Yanishen_SV\.gradle\native\68d5fa5c4cc2d200863cafc0d521ce42e7d3e7ee720ec0a83991735586a16f82\windows-amd64;C:\Users\Yanishen_SV\.gradle\native\e376f236ea51e6404a007f0833ffe2c6e607c4080706a723a18a27aeea778392\windows-amd64

VM Arguments:
jvm_args: --add-opens=java.base/java.util=ALL-UNNAMED --add-opens=java.base/java.lang=ALL-UNNAMED --add-opens=java.base/java.lang.invoke=ALL-UNNAMED --add-opens=java.prefs/java.util.prefs=ALL-UNNAMED --add-opens=java.base/java.nio.charset=ALL-UNNAMED --add-opens=java.base/java.net=ALL-UNNAMED --add-opens=java.base/java.util.concurrent.atomic=ALL-UNNAMED -XX:MaxMetaspaceSize=256m -XX:+HeapDumpOnOutOfMemoryError -Xms256m -Xmx512m -Dfile.encoding=windows-1251 -Duser.country=RU -Duser.language=ru -Duser.variant 
java_command: org.gradle.launcher.daemon.bootstrap.GradleDaemon 8.0
java_class_path (initial): C:\Users\Yanishen_SV\.gradle\wrapper\dists\gradle-8.0-bin\ca5e32bp14vu59qr306oxotwh\gradle-8.0\lib\gradle-launcher-8.0.jar
Launcher Type: SUN_STANDARD

[Global flags]
     intx CICompilerCount                          = 3                                         {product} {ergonomic}
   size_t CompressedClassSpaceSize                 = 218103808                                 {product} {ergonomic}
     uint ConcGCThreads                            = 2                                         {product} {ergonomic}
     uint G1ConcRefinementThreads                  = 6                                         {product} {ergonomic}
   size_t G1HeapRegionSize                         = 1048576                                   {product} {ergonomic}
    uintx GCDrainStackTargetSize                   = 64                                        {product} {ergonomic}
     bool HeapDumpOnOutOfMemoryError               = true                                   {manageable} {command line}
   size_t InitialHeapSize                          = 268435456                                 {product} {command line}
   size_t MarkStackSize                            = 4194304                                   {product} {ergonomic}
   size_t MaxHeapSize                              = 536870912                                 {product} {command line}
   size_t MaxMetaspaceSize                         = 268435456                                 {product} {command line}
   size_t MaxNewSize                               = 321912832                                 {product} {ergonomic}
   size_t MinHeapDeltaBytes                        = 1048576                                   {product} {ergonomic}
   size_t MinHeapSize                              = 268435456                                 {product} {command line}
    uintx NonNMethodCodeHeapSize                   = 5832780                                {pd product} {ergonomic}
    uintx NonProfiledCodeHeapSize                  = 122912730                              {pd product} {ergonomic}
    uintx ProfiledCodeHeapSize                     = 122912730                              {pd product} {ergonomic}
    uintx ReservedCodeCacheSize                    = 251658240                              {pd product} {ergonomic}
     bool SegmentedCodeCache                       = true                                      {product} {ergonomic}
   size_t SoftMaxHeapSize                          = 536870912                              {manageable} {ergonomic}
     bool UseCompressedClassPointers               = true                           {product lp64_product} {ergonomic}
     bool UseCompressedOops                        = true                           {product lp64_product} {ergonomic}
     bool UseG1GC                                  = true                                      {product} {ergonomic}
     bool UseLargePagesIndividualAllocation        = false                                  {pd product} {ergonomic}

Logging:
Log output configuration:
 #0: stdout all=warning uptime,level,tags
 #1: stderr all=off uptime,level,tags

Environment Variables:
PATH=C:\OraHome_2\bin;C:\OraHome_2\jre\1.4.2\bin\client;C:\OraHome_2\jre\1.4.2\bin;C:\Program Files\Common Files\Oracle\Java\javapath;C:\Program Files (x86)\Common Files\Oracle\Java\javapath;C:\oracle\product\11.2.0\client_x64\bin;C:\oracle\DevSuiteHome1\jdk\jre\bin\client;C:\oracle\DevSuiteHome1\jdk\jre\bin\classic;C:\oracle\DevSuiteHome1\jdk\jre\bin;C:\oracle\DevSuiteHome1\jlib;C:\oracle\DevSuiteHome1\bin;C:\oracle\DevSuiteHome1\jre\1.4.2\bin\client;C:\oracle\DevSuiteHome1\jre\1.4.2\bin;C:\oracle\product\11.2.0\client_x86\bin;C:\windows\system32;C:\windows;C:\windows\System32\Wbem;C:\windows\System32\WindowsPowerShell\v1.0\;C:\windows\System32\OpenSSH\;C:\Program Files\TortoiseSVN\bin;C:\Program Files\PuTTY\;C:\Program Files\nodejs\;C:\Program Files\Pandoc\;C:\Program Files (x86)\Kaspersky Lab\Endpoint Agent\;C:\Program Files\Git\cmd;C:\Users\Yanishen_SV\AppData\Local\Programs\Python\Python310\Scripts\;C:\Users\Yanishen_SV\AppData\Local\Programs\Python\Python310\;C:\Users\Yanishen_SV\AppData\Local\Microsoft\WindowsApps;;C:\Program Files\JetBrains\IntelliJ IDEA Community Edition 2023.1.4\bin;;C:\Program Files\JetBrains\IntelliJ IDEA 2021.3\bin;;C:\Users\Yanishen_SV\AppData\Local\Programs\Microsoft VS Code\bin;C:\Users\Yanishen_SV\AppData\Roaming\npm;C:\Program Files\JetBrains\PyCharm 2023.1.3\bin;;C:\Program Files\JetBrains\PyCharm Community Edition 2023.1.3\bin;
USERNAME=Yanishen_SV
OS=Windows_NT
PROCESSOR_IDENTIFIER=Intel64 Family 6 Model 158 Stepping 10, GenuineIntel



---------------  S Y S T E M  ---------------

OS:
 Windows 10 , 64 bit Build 19041 (10.0.19041.3031)
OS uptime: 8 days 2:40 hours

CPU: total 6 (initial active 6) (6 cores per cpu, 1 threads per core) family 6 model 158 stepping 10 microcode 0xb4, cx8, cmov, fxsr, mmx, 3dnowpref, sse, sse2, sse3, ssse3, sse4.1, sse4.2, popcnt, lzcnt, tsc, tscinvbit, avx, avx2, aes, erms, clmul, bmi1, bmi2, rtm, adx, fma, vzeroupper, clflush, clflushopt

Memory: 4k page, system-wide physical 7971M (319M free)
TotalPageFile size 16199M (AvailPageFile size 12M)
current process WorkingSet (physical memory assigned to process): 290M, peak: 294M
current process commit charge ("private bytes"): 432M, peak: 437M

vm_info: Java HotSpot(TM) 64-Bit Server VM (17.0.1+12-LTS-39) for windows-amd64 JRE (17.0.1+12-LTS-39), built on Sep 27 2021 18:41:35 by "mach5one" with MS VC++ 16.8 (VS2019)

END.
