#
# There is insufficient memory for the Java Runtime Environment to continue.
# Native memory allocation (malloc) failed to allocate 1828656 bytes for Chunk::new
# Possible reasons:
#   The system is out of physical RAM or swap space
#   The process is running with CompressedOops enabled, and the Java Heap may be blocking the growth of the native heap
# Possible solutions:
#   Reduce memory load on the system
#   Increase physical memory or swap space
#   Check if swap backing store is full
#   Decrease Java heap size (-Xmx/-Xms)
#   Decrease number of Java threads
#   Decrease Java thread stack sizes (-Xss)
#   Set larger code cache with -XX:ReservedCodeCacheSize=
#   JVM is running with Unscaled Compressed Oops mode in which the Java heap is
#     placed in the first 4GB address space. The Java Heap base address is the
#     maximum limit for the native heap growth. Please use -XX:HeapBaseMinAddress
#     to set the Java Heap base and to place the Java Heap above 4GB virtual address.
# This output file may be truncated or incomplete.
#
#  Out of Memory Error (arena.cpp:189), pid=11748, tid=22424
#
# JRE version: Java(TM) SE Runtime Environment (17.0.1+12) (build 17.0.1+12-LTS-39)
# Java VM: Java HotSpot(TM) 64-Bit Server VM (17.0.1+12-LTS-39, mixed mode, sharing, tiered, compressed oops, compressed class ptrs, g1 gc, windows-amd64)
# No core dump will be written. Minidumps are not enabled by default on client versions of Windows
#

---------------  S U M M A R Y ------------

Command Line: --add-opens=java.base/java.util=ALL-UNNAMED --add-opens=java.base/java.lang=ALL-UNNAMED --add-opens=java.base/java.lang.invoke=ALL-UNNAMED --add-opens=java.prefs/java.util.prefs=ALL-UNNAMED --add-opens=java.base/java.nio.charset=ALL-UNNAMED --add-opens=java.base/java.net=ALL-UNNAMED --add-opens=java.base/java.util.concurrent.atomic=ALL-UNNAMED -XX:MaxMetaspaceSize=256m -XX:+HeapDumpOnOutOfMemoryError -Xms256m -Xmx512m -Dfile.encoding=windows-1251 -Duser.country=RU -Duser.language=ru -Duser.variant org.gradle.launcher.daemon.bootstrap.GradleDaemon 8.0

Host: Intel(R) Core(TM) i5-8500T CPU @ 2.10GHz, 6 cores, 7G,  Windows 10 , 64 bit Build 19041 (10.0.19041.3031)
Time: Thu Jul 13 09:00:40 2023 RTZ 4 (s 10 , 64 bit Build 19041 (10.0.19041.3031) elapsed time: 83.798360 seconds (0d 0h 1m 23s)

---------------  T H R E A D  ---------------

Current thread (0x0000015cfdab1090):  JavaThread "C2 CompilerThread0" daemon [_thread_in_native, id=22424, stack(0x0000003d92700000,0x0000003d92800000)]


Current CompileTask:
C2:  83798 8165       4       org.objectweb.asm.ClassReader::readCode (5109 bytes)

Stack: [0x0000003d92700000,0x0000003d92800000]
Native frames: (J=compiled Java code, j=interpreted, Vv=VM code, C=native code)
V  [jvm.dll+0x66fa1a]
V  [jvm.dll+0x7ce5a4]
V  [jvm.dll+0x7cfd4e]
V  [jvm.dll+0x7d03b3]
V  [jvm.dll+0x242b05]
V  [jvm.dll+0xaa05b]
V  [jvm.dll+0xaa5ec]
V  [jvm.dll+0x35f9b2]
V  [jvm.dll+0x1b9732]
V  [jvm.dll+0x215d49]
V  [jvm.dll+0x215011]
V  [jvm.dll+0x1a168d]
V  [jvm.dll+0x224848]
V  [jvm.dll+0x2229ac]
V  [jvm.dll+0x78435b]
V  [jvm.dll+0x77e91a]
V  [jvm.dll+0x66e845]
C  [ucrtbase.dll+0x21bb2]
C  [KERNEL32.DLL+0x17614]
C  [ntdll.dll+0x526f1]


---------------  P R O C E S S  ---------------

Threads class SMR info:
_java_thread_list=0x0000015cff35f7f0, length=41, elements={
0x0000015cf2693820, 0x0000015cf2861700, 0x0000015cf2866e70, 0x0000015cf286dfa0,
0x0000015cf286e860, 0x0000015cfdaadfb0, 0x0000015ceff229b0, 0x0000015cfdab1090,
0x0000015cfdab1a80, 0x0000015cfdb247b0, 0x0000015ceff21b40, 0x0000015ceff211a0,
0x0000015ceff22e80, 0x0000015ceff1fe60, 0x0000015ceff23350, 0x0000015cfe9ab530,
0x0000015cfe9acd40, 0x0000015cfe9ac870, 0x0000015cfe9ae550, 0x0000015cfe9aea20,
0x0000015cfe9aeef0, 0x0000015cfe9af3c0, 0x0000015cfe9af890, 0x0000015c90d11300,
0x0000015c90f96890, 0x0000015c90f95080, 0x0000015c9135da10, 0x0000015c918c0540,
0x0000015c90f95550, 0x0000015c912802c0, 0x0000015c90d12640, 0x0000015c91557080,
0x0000015c91557550, 0x0000015c9127fdf0, 0x0000015c9127ef80, 0x0000015c9127f450,
0x0000015c91059ed0, 0x0000015c910586c0, 0x0000015c91059530, 0x0000015cfdd633b0,
0x0000015c91095a00
}

Java Threads: ( => current thread )
  0x0000015cf2693820 JavaThread "main" [_thread_blocked, id=12956, stack(0x0000003d91a00000,0x0000003d91b00000)]
  0x0000015cf2861700 JavaThread "Reference Handler" daemon [_thread_blocked, id=15224, stack(0x0000003d92100000,0x0000003d92200000)]
  0x0000015cf2866e70 JavaThread "Finalizer" daemon [_thread_blocked, id=8968, stack(0x0000003d92200000,0x0000003d92300000)]
  0x0000015cf286dfa0 JavaThread "Signal Dispatcher" daemon [_thread_blocked, id=22052, stack(0x0000003d92300000,0x0000003d92400000)]
  0x0000015cf286e860 JavaThread "Attach Listener" daemon [_thread_blocked, id=19728, stack(0x0000003d92400000,0x0000003d92500000)]
  0x0000015cfdaadfb0 JavaThread "Service Thread" daemon [_thread_blocked, id=22036, stack(0x0000003d92500000,0x0000003d92600000)]
  0x0000015ceff229b0 JavaThread "Monitor Deflation Thread" daemon [_thread_blocked, id=400, stack(0x0000003d92600000,0x0000003d92700000)]
=>0x0000015cfdab1090 JavaThread "C2 CompilerThread0" daemon [_thread_in_native, id=22424, stack(0x0000003d92700000,0x0000003d92800000)]
  0x0000015cfdab1a80 JavaThread "C1 CompilerThread0" daemon [_thread_blocked, id=15324, stack(0x0000003d92800000,0x0000003d92900000)]
  0x0000015cfdb247b0 JavaThread "Sweeper thread" daemon [_thread_blocked, id=20984, stack(0x0000003d92900000,0x0000003d92a00000)]
  0x0000015ceff21b40 JavaThread "Common-Cleaner" daemon [_thread_blocked, id=20432, stack(0x0000003d92a00000,0x0000003d92b00000)]
  0x0000015ceff211a0 JavaThread "Notification Thread" daemon [_thread_blocked, id=12524, stack(0x0000003d92b00000,0x0000003d92c00000)]
  0x0000015ceff22e80 JavaThread "Daemon health stats" [_thread_blocked, id=9808, stack(0x0000003d93400000,0x0000003d93500000)]
  0x0000015ceff1fe60 JavaThread "Incoming local TCP Connector on port 56460" [_thread_in_native, id=20356, stack(0x0000003d93500000,0x0000003d93600000)]
  0x0000015ceff23350 JavaThread "Daemon periodic checks" [_thread_blocked, id=21552, stack(0x0000003d93600000,0x0000003d93700000)]
  0x0000015cfe9ab530 JavaThread "Daemon" [_thread_blocked, id=20820, stack(0x0000003d93700000,0x0000003d93800000)]
  0x0000015cfe9acd40 JavaThread "Daemon worker" [_thread_blocked, id=21744, stack(0x0000003d93a00000,0x0000003d93b00000)]
  0x0000015cfe9ac870 JavaThread "Cache worker for journal cache (C:\Users\Yanishen_SV\.gradle\caches\journal-1)" [_thread_blocked, id=20344, stack(0x0000003d92d00000,0x0000003d92e00000)]
  0x0000015cfe9ae550 JavaThread "File lock request listener" [_thread_in_native, id=10860, stack(0x0000003d93e00000,0x0000003d93f00000)]
  0x0000015cfe9aea20 JavaThread "Cache worker for file hash cache (C:\Users\Yanishen_SV\.gradle\caches\8.0\fileHashes)" [_thread_blocked, id=19268, stack(0x0000003d93f00000,0x0000003d94000000)]
  0x0000015cfe9aeef0 JavaThread "File watcher server" daemon [_thread_in_native, id=8964, stack(0x0000003d94100000,0x0000003d94200000)]
  0x0000015cfe9af3c0 JavaThread "File watcher consumer" daemon [_thread_blocked, id=9648, stack(0x0000003d94200000,0x0000003d94300000)]
  0x0000015cfe9af890 JavaThread "Cache worker for file content cache (C:\Users\Yanishen_SV\.gradle\caches\8.0\fileContent)" [_thread_blocked, id=19780, stack(0x0000003d94500000,0x0000003d94600000)]
  0x0000015c90d11300 JavaThread "Cache worker for execution history cache (C:\Users\Yanishen_SV\.gradle\caches\8.0\executionHistory)" [_thread_blocked, id=17232, stack(0x0000003d94000000,0x0000003d94100000)]
  0x0000015c90f96890 JavaThread "jar transforms" [_thread_in_Java, id=4792, stack(0x0000003d94900000,0x0000003d94a00000)]
  0x0000015c90f95080 JavaThread "jar transforms Thread 2" [_thread_blocked, id=9988, stack(0x0000003d94d00000,0x0000003d94e00000)]
  0x0000015c9135da10 JavaThread "jar transforms Thread 3" [_thread_blocked, id=9636, stack(0x0000003d94e00000,0x0000003d94f00000)]
  0x0000015c918c0540 JavaThread "jar transforms Thread 4" [_thread_blocked, id=11844, stack(0x0000003d94f00000,0x0000003d95000000)]
  0x0000015c90f95550 JavaThread "jar transforms Thread 5" [_thread_blocked, id=12452, stack(0x0000003d95100000,0x0000003d95200000)]
  0x0000015c912802c0 JavaThread "Memory manager" [_thread_blocked, id=18004, stack(0x0000003d95300000,0x0000003d95400000)]
  0x0000015c90d12640 JavaThread "jar transforms Thread 6" [_thread_blocked, id=13352, stack(0x0000003d95400000,0x0000003d95500000)]
  0x0000015c91557080 JavaThread "Handler for socket connection from /127.0.0.1:56460 to /127.0.0.1:56467" [_thread_in_native, id=20840, stack(0x0000003d93800000,0x0000003d93900000)]
  0x0000015c91557550 JavaThread "Cancel handler" [_thread_blocked, id=14688, stack(0x0000003d93900000,0x0000003d93a00000)]
  0x0000015c9127fdf0 JavaThread "Asynchronous log dispatcher for DefaultDaemonConnection: socket connection from /127.0.0.1:56460 to /127.0.0.1:56467" [_thread_blocked, id=916, stack(0x0000003d93b00000,0x0000003d93c00000)]
  0x0000015c9127ef80 JavaThread "Stdin handler" [_thread_blocked, id=20616, stack(0x0000003d93c00000,0x0000003d93d00000)]
  0x0000015c9127f450 JavaThread "Daemon client event forwarder" [_thread_blocked, id=11736, stack(0x0000003d93d00000,0x0000003d93e00000)]
  0x0000015c91059ed0 JavaThread "Cache worker for checksums cache (C:\Users\Yanishen_SV\MM-Server\swlc\.gradle\8.0\checksums)" [_thread_blocked, id=15244, stack(0x0000003d91400000,0x0000003d91500000)]
  0x0000015c910586c0 JavaThread "Cache worker for cache directory md-rule (C:\Users\Yanishen_SV\.gradle\caches\8.0\md-rule)" [_thread_blocked, id=13272, stack(0x0000003d91500000,0x0000003d91600000)]
  0x0000015c91059530 JavaThread "Cache worker for file hash cache (C:\Users\Yanishen_SV\MM-Server\swlc\.gradle\8.0\fileHashes)" [_thread_blocked, id=15228, stack(0x0000003d91600000,0x0000003d91700000)]
  0x0000015cfdd633b0 JavaThread "Cache worker for cache directory md-supplier (C:\Users\Yanishen_SV\.gradle\caches\8.0\md-supplier)" [_thread_blocked, id=5608, stack(0x0000003d94600000,0x0000003d94700000)]
  0x0000015c91095a00 JavaThread "C2 CompilerThread1" daemon [_thread_in_native, id=21732, stack(0x0000003d94800000,0x0000003d94900000)]

Other Threads:
  0x0000015cf285dbe0 VMThread "VM Thread" [stack: 0x0000003d92000000,0x0000003d92100000] [id=10320]
  0x0000015cfdc24cd0 WatcherThread [stack: 0x0000003d92c00000,0x0000003d92d00000] [id=7172]
  0x0000015cf26ba3f0 GCTaskThread "GC Thread#0" [stack: 0x0000003d91b00000,0x0000003d91c00000] [id=18212]
  0x0000015cfee37de0 GCTaskThread "GC Thread#1" [stack: 0x0000003d92e00000,0x0000003d92f00000] [id=2036]
  0x0000015cff1d3700 GCTaskThread "GC Thread#2" [stack: 0x0000003d92f00000,0x0000003d93000000] [id=10640]
  0x0000015cff181090 GCTaskThread "GC Thread#3" [stack: 0x0000003d93000000,0x0000003d93100000] [id=22040]
  0x0000015cff29a080 GCTaskThread "GC Thread#4" [stack: 0x0000003d93100000,0x0000003d93200000] [id=14784]
  0x0000015cff2c3f50 GCTaskThread "GC Thread#5" [stack: 0x0000003d93200000,0x0000003d93300000] [id=13508]
  0x0000015cf26c0cd0 ConcurrentGCThread "G1 Main Marker" [stack: 0x0000003d91c00000,0x0000003d91d00000] [id=21472]
  0x0000015cf26c1a80 ConcurrentGCThread "G1 Conc#0" [stack: 0x0000003d91d00000,0x0000003d91e00000] [id=20612]
  0x0000015cffaeeb60 ConcurrentGCThread "G1 Conc#1" [stack: 0x0000003d94700000,0x0000003d94800000] [id=21456]
  0x0000015cf27990a0 ConcurrentGCThread "G1 Refine#0" [stack: 0x0000003d91e00000,0x0000003d91f00000] [id=22168]
  0x0000015cff2d1940 ConcurrentGCThread "G1 Refine#1" [stack: 0x0000003d93300000,0x0000003d93400000] [id=4016]
  0x0000015cff94d400 ConcurrentGCThread "G1 Refine#2" [stack: 0x0000003d94b00000,0x0000003d94c00000] [id=10872]
  0x0000015cff94dca0 ConcurrentGCThread "G1 Refine#3" [stack: 0x0000003d94c00000,0x0000003d94d00000] [id=20292]
  0x0000015cf2799ac0 ConcurrentGCThread "G1 Service" [stack: 0x0000003d91f00000,0x0000003d92000000] [id=1580]

Threads with active compile tasks:
C2 CompilerThread0    83922 8165       4       org.objectweb.asm.ClassReader::readCode (5109 bytes)
C2 CompilerThread1    83922 8177       4       org.objectweb.asm.SymbolTable::addBootstrapMethod (209 bytes)

VM state: not at safepoint (normal execution)

VM Mutex/Monitor currently owned by a thread: None

Heap address: 0x00000000e0000000, size: 512 MB, Compressed Oops mode: 32-bit

CDS archive(s) mapped at: [0x0000000800000000-0x0000000800bc0000-0x0000000800bc0000), size 12320768, SharedBaseAddress: 0x0000000800000000, ArchiveRelocationMode: 0.
Compressed class space mapped at: 0x0000000800c00000-0x000000080dc00000, reserved size: 218103808
Narrow klass base: 0x0000000800000000, Narrow klass shift: 0, Narrow klass range: 0x100000000

GC Precious Log:
 CPUs: 6 total, 6 available
 Memory: 7971M
 Large Page Support: Disabled
 NUMA Support: Disabled
 Compressed Oops: Enabled (32-bit)
 Heap Region Size: 1M
 Heap Min Capacity: 256M
 Heap Initial Capacity: 256M
 Heap Max Capacity: 512M
 Pre-touch: Disabled
 Parallel Workers: 6
 Concurrent Workers: 2
 Concurrent Refinement Workers: 6
 Periodic GC: Disabled

Heap:
 garbage-first heap   total 262144K, used 201389K [0x00000000e0000000, 0x0000000100000000)
  region size 1024K, 119 young (121856K), 7 survivors (7168K)
 Metaspace       used 54164K, committed 54848K, reserved 262144K
  class space    used 7631K, committed 7936K, reserved 212992K

Heap Regions: E=young(eden), S=young(survivor), O=old, HS=humongous(starts), HC=humongous(continues), CS=collection set, F=free, OA=open archive, CA=closed archive, TAMS=top-at-mark-start (previous, next)
|   0|0x00000000e0000000, 0x00000000e0100000, 0x00000000e0100000|100%|HS|  |TAMS 0x00000000e0100000, 0x00000000e0000000| Complete 
|   1|0x00000000e0100000, 0x00000000e0200000, 0x00000000e0200000|100%|HC|  |TAMS 0x00000000e0200000, 0x00000000e0100000| Complete 
|   2|0x00000000e0200000, 0x00000000e0300000, 0x00000000e0300000|100%|HC|  |TAMS 0x00000000e0300000, 0x00000000e0200000| Complete 
|   3|0x00000000e0300000, 0x00000000e0400000, 0x00000000e0400000|100%|HC|  |TAMS 0x00000000e0400000, 0x00000000e0300000| Complete 
|   4|0x00000000e0400000, 0x00000000e0500000, 0x00000000e0500000|100%| O|  |TAMS 0x00000000e0500000, 0x00000000e0400000| Untracked 
|   5|0x00000000e0500000, 0x00000000e0600000, 0x00000000e0600000|100%| O|  |TAMS 0x00000000e0600000, 0x00000000e0500000| Untracked 
|   6|0x00000000e0600000, 0x00000000e0700000, 0x00000000e0700000|100%| O|  |TAMS 0x00000000e0700000, 0x00000000e0600000| Untracked 
|   7|0x00000000e0700000, 0x00000000e0800000, 0x00000000e0800000|100%|HS|  |TAMS 0x00000000e0700000, 0x00000000e0700000| Complete 
|   8|0x00000000e0800000, 0x00000000e0900000, 0x00000000e0900000|100%| O|  |TAMS 0x00000000e0900000, 0x00000000e0800000| Untracked 
|   9|0x00000000e0900000, 0x00000000e0a00000, 0x00000000e0a00000|100%| O|  |TAMS 0x00000000e0a00000, 0x00000000e0900000| Untracked 
|  10|0x00000000e0a00000, 0x00000000e0b00000, 0x00000000e0b00000|100%| O|  |TAMS 0x00000000e0b00000, 0x00000000e0a00000| Untracked 
|  11|0x00000000e0b00000, 0x00000000e0c00000, 0x00000000e0c00000|100%| O|  |TAMS 0x00000000e0c00000, 0x00000000e0b00000| Untracked 
|  12|0x00000000e0c00000, 0x00000000e0d00000, 0x00000000e0d00000|100%| O|  |TAMS 0x00000000e0d00000, 0x00000000e0c00000| Untracked 
|  13|0x00000000e0d00000, 0x00000000e0e00000, 0x00000000e0e00000|100%| O|  |TAMS 0x00000000e0e00000, 0x00000000e0d00000| Untracked 
|  14|0x00000000e0e00000, 0x00000000e0f00000, 0x00000000e0f00000|100%| O|  |TAMS 0x00000000e0f00000, 0x00000000e0e00000| Untracked 
|  15|0x00000000e0f00000, 0x00000000e1000000, 0x00000000e1000000|100%| O|  |TAMS 0x00000000e1000000, 0x00000000e0f00000| Untracked 
|  16|0x00000000e1000000, 0x00000000e1100000, 0x00000000e1100000|100%| O|  |TAMS 0x00000000e1100000, 0x00000000e1000000| Untracked 
|  17|0x00000000e1100000, 0x00000000e1200000, 0x00000000e1200000|100%| O|  |TAMS 0x00000000e1200000, 0x00000000e1100000| Untracked 
|  18|0x00000000e1200000, 0x00000000e1300000, 0x00000000e1300000|100%| O|  |TAMS 0x00000000e1300000, 0x00000000e1200000| Untracked 
|  19|0x00000000e1300000, 0x00000000e1400000, 0x00000000e1400000|100%| O|  |TAMS 0x00000000e1400000, 0x00000000e1300000| Untracked 
|  20|0x00000000e1400000, 0x00000000e1500000, 0x00000000e1500000|100%| O|  |TAMS 0x00000000e1500000, 0x00000000e1400000| Untracked 
|  21|0x00000000e1500000, 0x00000000e1600000, 0x00000000e1600000|100%| O|  |TAMS 0x00000000e1600000, 0x00000000e1500000| Untracked 
|  22|0x00000000e1600000, 0x00000000e1700000, 0x00000000e1700000|100%| O|  |TAMS 0x00000000e1700000, 0x00000000e1600000| Untracked 
|  23|0x00000000e1700000, 0x00000000e1800000, 0x00000000e1800000|100%| O|  |TAMS 0x00000000e1800000, 0x00000000e1700000| Untracked 
|  24|0x00000000e1800000, 0x00000000e1900000, 0x00000000e1900000|100%| O|  |TAMS 0x00000000e1900000, 0x00000000e1800000| Untracked 
|  25|0x00000000e1900000, 0x00000000e1a00000, 0x00000000e1a00000|100%| O|  |TAMS 0x00000000e1a00000, 0x00000000e1900000| Untracked 
|  26|0x00000000e1a00000, 0x00000000e1b00000, 0x00000000e1b00000|100%| O|  |TAMS 0x00000000e1b00000, 0x00000000e1a00000| Untracked 
|  27|0x00000000e1b00000, 0x00000000e1c00000, 0x00000000e1c00000|100%| O|  |TAMS 0x00000000e1c00000, 0x00000000e1b00000| Untracked 
|  28|0x00000000e1c00000, 0x00000000e1d00000, 0x00000000e1d00000|100%| O|  |TAMS 0x00000000e1d00000, 0x00000000e1c00000| Untracked 
|  29|0x00000000e1d00000, 0x00000000e1e00000, 0x00000000e1e00000|100%| O|  |TAMS 0x00000000e1e00000, 0x00000000e1d00000| Untracked 
|  30|0x00000000e1e00000, 0x00000000e1f00000, 0x00000000e1f00000|100%| O|  |TAMS 0x00000000e1eec000, 0x00000000e1e00000| Untracked 
|  31|0x00000000e1f00000, 0x00000000e2000000, 0x00000000e2000000|100%|HS|  |TAMS 0x00000000e1f00000, 0x00000000e1f00000| Complete 
|  32|0x00000000e2000000, 0x00000000e2100000, 0x00000000e2100000|100%|HC|  |TAMS 0x00000000e2000000, 0x00000000e2000000| Complete 
|  33|0x00000000e2100000, 0x00000000e2200000, 0x00000000e2200000|100%|HS|  |TAMS 0x00000000e2100000, 0x00000000e2100000| Complete 
|  34|0x00000000e2200000, 0x00000000e2300000, 0x00000000e2300000|100%|HC|  |TAMS 0x00000000e2200000, 0x00000000e2200000| Complete 
|  35|0x00000000e2300000, 0x00000000e2400000, 0x00000000e2400000|100%|HC|  |TAMS 0x00000000e2300000, 0x00000000e2300000| Complete 
|  36|0x00000000e2400000, 0x00000000e2500000, 0x00000000e2500000|100%|HS|  |TAMS 0x00000000e2400000, 0x00000000e2400000| Complete 
|  37|0x00000000e2500000, 0x00000000e2600000, 0x00000000e2600000|100%|HC|  |TAMS 0x00000000e2500000, 0x00000000e2500000| Complete 
|  38|0x00000000e2600000, 0x00000000e2700000, 0x00000000e2700000|100%|HS|  |TAMS 0x00000000e2600000, 0x00000000e2600000| Complete 
|  39|0x00000000e2700000, 0x00000000e2800000, 0x00000000e2800000|100%|HC|  |TAMS 0x00000000e2700000, 0x00000000e2700000| Complete 
|  40|0x00000000e2800000, 0x00000000e2900000, 0x00000000e2900000|100%|HC|  |TAMS 0x00000000e2800000, 0x00000000e2800000| Complete 
|  41|0x00000000e2900000, 0x00000000e2a00000, 0x00000000e2a00000|100%|HC|  |TAMS 0x00000000e2900000, 0x00000000e2900000| Complete 
|  42|0x00000000e2a00000, 0x00000000e2b00000, 0x00000000e2b00000|100%|HC|  |TAMS 0x00000000e2a00000, 0x00000000e2a00000| Complete 
|  43|0x00000000e2b00000, 0x00000000e2c00000, 0x00000000e2c00000|100%|HC|  |TAMS 0x00000000e2b00000, 0x00000000e2b00000| Complete 
|  44|0x00000000e2c00000, 0x00000000e2d00000, 0x00000000e2d00000|100%|HC|  |TAMS 0x00000000e2c00000, 0x00000000e2c00000| Complete 
|  45|0x00000000e2d00000, 0x00000000e2e00000, 0x00000000e2e00000|100%|HC|  |TAMS 0x00000000e2d00000, 0x00000000e2d00000| Complete 
|  46|0x00000000e2e00000, 0x00000000e2f00000, 0x00000000e2f00000|100%|HC|  |TAMS 0x00000000e2e00000, 0x00000000e2e00000| Complete 
|  47|0x00000000e2f00000, 0x00000000e3000000, 0x00000000e3000000|100%|HC|  |TAMS 0x00000000e2f00000, 0x00000000e2f00000| Complete 
|  48|0x00000000e3000000, 0x00000000e3100000, 0x00000000e3100000|100%|HC|  |TAMS 0x00000000e3000000, 0x00000000e3000000| Complete 
|  49|0x00000000e3100000, 0x00000000e3200000, 0x00000000e3200000|100%|HS|  |TAMS 0x00000000e3100000, 0x00000000e3100000| Complete 
|  50|0x00000000e3200000, 0x00000000e3300000, 0x00000000e3300000|100%|HC|  |TAMS 0x00000000e3200000, 0x00000000e3200000| Complete 
|  51|0x00000000e3300000, 0x00000000e3400000, 0x00000000e3400000|100%|HS|  |TAMS 0x00000000e3300000, 0x00000000e3300000| Complete 
|  52|0x00000000e3400000, 0x00000000e3500000, 0x00000000e3500000|100%|HC|  |TAMS 0x00000000e3400000, 0x00000000e3400000| Complete 
|  53|0x00000000e3500000, 0x00000000e3600000, 0x00000000e3600000|100%|HC|  |TAMS 0x00000000e3500000, 0x00000000e3500000| Complete 
|  54|0x00000000e3600000, 0x00000000e3700000, 0x00000000e3700000|100%|HC|  |TAMS 0x00000000e3600000, 0x00000000e3600000| Complete 
|  55|0x00000000e3700000, 0x00000000e3800000, 0x00000000e3800000|100%|HC|  |TAMS 0x00000000e3700000, 0x00000000e3700000| Complete 
|  56|0x00000000e3800000, 0x00000000e3900000, 0x00000000e3900000|100%|HC|  |TAMS 0x00000000e3800000, 0x00000000e3800000| Complete 
|  57|0x00000000e3900000, 0x00000000e3a00000, 0x00000000e3a00000|100%| O|  |TAMS 0x00000000e3900000, 0x00000000e3900000| Untracked 
|  58|0x00000000e3a00000, 0x00000000e3b00000, 0x00000000e3b00000|100%| O|  |TAMS 0x00000000e3a00000, 0x00000000e3a00000| Untracked 
|  59|0x00000000e3b00000, 0x00000000e3c00000, 0x00000000e3c00000|100%|HS|  |TAMS 0x00000000e3b00000, 0x00000000e3b00000| Complete 
|  60|0x00000000e3c00000, 0x00000000e3d00000, 0x00000000e3d00000|100%|HC|  |TAMS 0x00000000e3c00000, 0x00000000e3c00000| Complete 
|  61|0x00000000e3d00000, 0x00000000e3e00000, 0x00000000e3e00000|100%| O|  |TAMS 0x00000000e3d00000, 0x00000000e3d00000| Untracked 
|  62|0x00000000e3e00000, 0x00000000e3f00000, 0x00000000e3f00000|100%| O|  |TAMS 0x00000000e3e00000, 0x00000000e3e00000| Untracked 
|  63|0x00000000e3f00000, 0x00000000e4000000, 0x00000000e4000000|100%| O|  |TAMS 0x00000000e3f00000, 0x00000000e3f00000| Untracked 
|  64|0x00000000e4000000, 0x00000000e4100000, 0x00000000e4100000|100%| O|  |TAMS 0x00000000e4000000, 0x00000000e4000000| Untracked 
|  65|0x00000000e4100000, 0x00000000e4200000, 0x00000000e4200000|100%| O|  |TAMS 0x00000000e4100000, 0x00000000e4100000| Untracked 
|  66|0x00000000e4200000, 0x00000000e4300000, 0x00000000e4300000|100%| O|  |TAMS 0x00000000e4200000, 0x00000000e4200000| Untracked 
|  67|0x00000000e4300000, 0x00000000e4400000, 0x00000000e4400000|100%| O|  |TAMS 0x00000000e4300000, 0x00000000e4300000| Untracked 
|  68|0x00000000e4400000, 0x00000000e4500000, 0x00000000e4500000|100%| O|  |TAMS 0x00000000e4400000, 0x00000000e4400000| Untracked 
|  69|0x00000000e4500000, 0x00000000e4600000, 0x00000000e4600000|100%| O|  |TAMS 0x00000000e4500000, 0x00000000e4500000| Untracked 
|  70|0x00000000e4600000, 0x00000000e4700000, 0x00000000e4700000|100%| O|  |TAMS 0x00000000e4600000, 0x00000000e4600000| Untracked 
|  71|0x00000000e4700000, 0x00000000e4800000, 0x00000000e4800000|100%| O|  |TAMS 0x00000000e4700000, 0x00000000e4700000| Untracked 
|  72|0x00000000e4800000, 0x00000000e4900000, 0x00000000e4900000|100%| O|  |TAMS 0x00000000e4800000, 0x00000000e4800000| Untracked 
|  73|0x00000000e4900000, 0x00000000e4a00000, 0x00000000e4a00000|100%| O|  |TAMS 0x00000000e4900000, 0x00000000e4900000| Untracked 
|  74|0x00000000e4a00000, 0x00000000e4b00000, 0x00000000e4b00000|100%| O|  |TAMS 0x00000000e4a00000, 0x00000000e4a00000| Untracked 
|  75|0x00000000e4b00000, 0x00000000e4c00000, 0x00000000e4c00000|100%| O|  |TAMS 0x00000000e4b00000, 0x00000000e4b00000| Untracked 
|  76|0x00000000e4c00000, 0x00000000e4c4d600, 0x00000000e4d00000| 30%| O|  |TAMS 0x00000000e4c00000, 0x00000000e4c00000| Untracked 
|  77|0x00000000e4d00000, 0x00000000e4d00000, 0x00000000e4e00000|  0%| F|  |TAMS 0x00000000e4d00000, 0x00000000e4d00000| Untracked 
|  78|0x00000000e4e00000, 0x00000000e4e00000, 0x00000000e4f00000|  0%| F|  |TAMS 0x00000000e4e00000, 0x00000000e4e00000| Untracked 
|  79|0x00000000e4f00000, 0x00000000e4f00000, 0x00000000e5000000|  0%| F|  |TAMS 0x00000000e4f00000, 0x00000000e4f00000| Untracked 
|  80|0x00000000e5000000, 0x00000000e5100000, 0x00000000e5100000|100%|HS|  |TAMS 0x00000000e5000000, 0x00000000e5000000| Complete 
|  81|0x00000000e5100000, 0x00000000e5200000, 0x00000000e5200000|100%|HC|  |TAMS 0x00000000e5100000, 0x00000000e5100000| Complete 
|  82|0x00000000e5200000, 0x00000000e5300000, 0x00000000e5300000|100%|HC|  |TAMS 0x00000000e5200000, 0x00000000e5200000| Complete 
|  83|0x00000000e5300000, 0x00000000e5300000, 0x00000000e5400000|  0%| F|  |TAMS 0x00000000e5300000, 0x00000000e5300000| Untracked 
|  84|0x00000000e5400000, 0x00000000e5400000, 0x00000000e5500000|  0%| F|  |TAMS 0x00000000e5400000, 0x00000000e5400000| Untracked 
|  85|0x00000000e5500000, 0x00000000e5500000, 0x00000000e5600000|  0%| F|  |TAMS 0x00000000e5500000, 0x00000000e5500000| Untracked 
|  86|0x00000000e5600000, 0x00000000e5600000, 0x00000000e5700000|  0%| F|  |TAMS 0x00000000e5600000, 0x00000000e5600000| Untracked 
|  87|0x00000000e5700000, 0x00000000e5700000, 0x00000000e5800000|  0%| F|  |TAMS 0x00000000e5700000, 0x00000000e5700000| Untracked 
|  88|0x00000000e5800000, 0x00000000e5800000, 0x00000000e5900000|  0%| F|  |TAMS 0x00000000e5800000, 0x00000000e5800000| Untracked 
|  89|0x00000000e5900000, 0x00000000e5900000, 0x00000000e5a00000|  0%| F|  |TAMS 0x00000000e5900000, 0x00000000e5900000| Untracked 
|  90|0x00000000e5a00000, 0x00000000e5a00000, 0x00000000e5b00000|  0%| F|  |TAMS 0x00000000e5a00000, 0x00000000e5a00000| Untracked 
|  91|0x00000000e5b00000, 0x00000000e5b00000, 0x00000000e5c00000|  0%| F|  |TAMS 0x00000000e5b00000, 0x00000000e5b00000| Untracked 
|  92|0x00000000e5c00000, 0x00000000e5c00000, 0x00000000e5d00000|  0%| F|  |TAMS 0x00000000e5c00000, 0x00000000e5c00000| Untracked 
|  93|0x00000000e5d00000, 0x00000000e5d00000, 0x00000000e5e00000|  0%| F|  |TAMS 0x00000000e5d00000, 0x00000000e5d00000| Untracked 
|  94|0x00000000e5e00000, 0x00000000e5e00000, 0x00000000e5f00000|  0%| F|  |TAMS 0x00000000e5e00000, 0x00000000e5e00000| Untracked 
|  95|0x00000000e5f00000, 0x00000000e5f00000, 0x00000000e6000000|  0%| F|  |TAMS 0x00000000e5f00000, 0x00000000e5f00000| Untracked 
|  96|0x00000000e6000000, 0x00000000e6000000, 0x00000000e6100000|  0%| F|  |TAMS 0x00000000e6000000, 0x00000000e6000000| Untracked 
|  97|0x00000000e6100000, 0x00000000e6100000, 0x00000000e6200000|  0%| F|  |TAMS 0x00000000e6100000, 0x00000000e6100000| Untracked 
|  98|0x00000000e6200000, 0x00000000e6200000, 0x00000000e6300000|  0%| F|  |TAMS 0x00000000e6200000, 0x00000000e6200000| Untracked 
|  99|0x00000000e6300000, 0x00000000e6300000, 0x00000000e6400000|  0%| F|  |TAMS 0x00000000e6300000, 0x00000000e6300000| Untracked 
| 100|0x00000000e6400000, 0x00000000e6400000, 0x00000000e6500000|  0%| F|  |TAMS 0x00000000e6400000, 0x00000000e6400000| Untracked 
| 101|0x00000000e6500000, 0x00000000e6500000, 0x00000000e6600000|  0%| F|  |TAMS 0x00000000e6500000, 0x00000000e6500000| Untracked 
| 102|0x00000000e6600000, 0x00000000e6600000, 0x00000000e6700000|  0%| F|  |TAMS 0x00000000e6600000, 0x00000000e6600000| Untracked 
| 103|0x00000000e6700000, 0x00000000e6700000, 0x00000000e6800000|  0%| F|  |TAMS 0x00000000e6700000, 0x00000000e6700000| Untracked 
| 104|0x00000000e6800000, 0x00000000e6800000, 0x00000000e6900000|  0%| F|  |TAMS 0x00000000e6800000, 0x00000000e6800000| Untracked 
| 105|0x00000000e6900000, 0x00000000e6900000, 0x00000000e6a00000|  0%| F|  |TAMS 0x00000000e6900000, 0x00000000e6900000| Untracked 
| 106|0x00000000e6a00000, 0x00000000e6a5e1e8, 0x00000000e6b00000| 36%| S|CS|TAMS 0x00000000e6a00000, 0x00000000e6a00000| Complete 
| 107|0x00000000e6b00000, 0x00000000e6c00000, 0x00000000e6c00000|100%| S|CS|TAMS 0x00000000e6b00000, 0x00000000e6b00000| Complete 
| 108|0x00000000e6c00000, 0x00000000e6d00000, 0x00000000e6d00000|100%| S|CS|TAMS 0x00000000e6c00000, 0x00000000e6c00000| Complete 
| 109|0x00000000e6d00000, 0x00000000e6e00000, 0x00000000e6e00000|100%| S|CS|TAMS 0x00000000e6d00000, 0x00000000e6d00000| Complete 
| 110|0x00000000e6e00000, 0x00000000e6f00000, 0x00000000e6f00000|100%| S|CS|TAMS 0x00000000e6e00000, 0x00000000e6e00000| Complete 
| 111|0x00000000e6f00000, 0x00000000e7000000, 0x00000000e7000000|100%| S|CS|TAMS 0x00000000e6f00000, 0x00000000e6f00000| Complete 
| 112|0x00000000e7000000, 0x00000000e7100000, 0x00000000e7100000|100%| S|CS|TAMS 0x00000000e7000000, 0x00000000e7000000| Complete 
| 113|0x00000000e7100000, 0x00000000e7100000, 0x00000000e7200000|  0%| F|  |TAMS 0x00000000e7100000, 0x00000000e7100000| Untracked 
| 114|0x00000000e7200000, 0x00000000e7200000, 0x00000000e7300000|  0%| F|  |TAMS 0x00000000e7200000, 0x00000000e7200000| Untracked 
| 115|0x00000000e7300000, 0x00000000e7300000, 0x00000000e7400000|  0%| F|  |TAMS 0x00000000e7300000, 0x00000000e7300000| Untracked 
| 116|0x00000000e7400000, 0x00000000e7400000, 0x00000000e7500000|  0%| F|  |TAMS 0x00000000e7400000, 0x00000000e7400000| Untracked 
| 117|0x00000000e7500000, 0x00000000e7500000, 0x00000000e7600000|  0%| F|  |TAMS 0x00000000e7500000, 0x00000000e7500000| Untracked 
| 118|0x00000000e7600000, 0x00000000e7600000, 0x00000000e7700000|  0%| F|  |TAMS 0x00000000e7600000, 0x00000000e7600000| Untracked 
| 119|0x00000000e7700000, 0x00000000e7700000, 0x00000000e7800000|  0%| F|  |TAMS 0x00000000e7700000, 0x00000000e7700000| Untracked 
| 120|0x00000000e7800000, 0x00000000e7800000, 0x00000000e7900000|  0%| F|  |TAMS 0x00000000e7800000, 0x00000000e7800000| Untracked 
| 121|0x00000000e7900000, 0x00000000e7900000, 0x00000000e7a00000|  0%| F|  |TAMS 0x00000000e7900000, 0x00000000e7900000| Untracked 
| 122|0x00000000e7a00000, 0x00000000e7a00000, 0x00000000e7b00000|  0%| F|  |TAMS 0x00000000e7a00000, 0x00000000e7a00000| Untracked 
| 123|0x00000000e7b00000, 0x00000000e7b00000, 0x00000000e7c00000|  0%| F|  |TAMS 0x00000000e7b00000, 0x00000000e7b00000| Untracked 
| 124|0x00000000e7c00000, 0x00000000e7c00000, 0x00000000e7d00000|  0%| F|  |TAMS 0x00000000e7c00000, 0x00000000e7c00000| Untracked 
| 125|0x00000000e7d00000, 0x00000000e7d00000, 0x00000000e7e00000|  0%| F|  |TAMS 0x00000000e7d00000, 0x00000000e7d00000| Untracked 
| 126|0x00000000e7e00000, 0x00000000e7e00000, 0x00000000e7f00000|  0%| F|  |TAMS 0x00000000e7e00000, 0x00000000e7e00000| Untracked 
| 127|0x00000000e7f00000, 0x00000000e7f00000, 0x00000000e8000000|  0%| F|  |TAMS 0x00000000e7f00000, 0x00000000e7f00000| Untracked 
| 128|0x00000000e8000000, 0x00000000e8000000, 0x00000000e8100000|  0%| F|  |TAMS 0x00000000e8000000, 0x00000000e8000000| Untracked 
| 129|0x00000000e8100000, 0x00000000e8100000, 0x00000000e8200000|  0%| F|  |TAMS 0x00000000e8100000, 0x00000000e8100000| Untracked 
| 130|0x00000000e8200000, 0x00000000e8200000, 0x00000000e8300000|  0%| F|  |TAMS 0x00000000e8200000, 0x00000000e8200000| Untracked 
| 131|0x00000000e8300000, 0x00000000e8300000, 0x00000000e8400000|  0%| F|  |TAMS 0x00000000e8300000, 0x00000000e8300000| Untracked 
| 132|0x00000000e8400000, 0x00000000e8400000, 0x00000000e8500000|  0%| F|  |TAMS 0x00000000e8400000, 0x00000000e8400000| Untracked 
| 133|0x00000000e8500000, 0x00000000e8500000, 0x00000000e8600000|  0%| F|  |TAMS 0x00000000e8500000, 0x00000000e8500000| Untracked 
| 134|0x00000000e8600000, 0x00000000e8600000, 0x00000000e8700000|  0%| F|  |TAMS 0x00000000e8600000, 0x00000000e8600000| Untracked 
| 135|0x00000000e8700000, 0x00000000e8700000, 0x00000000e8800000|  0%| F|  |TAMS 0x00000000e8700000, 0x00000000e8700000| Untracked 
| 136|0x00000000e8800000, 0x00000000e8800000, 0x00000000e8900000|  0%| F|  |TAMS 0x00000000e8800000, 0x00000000e8800000| Untracked 
| 137|0x00000000e8900000, 0x00000000e8900000, 0x00000000e8a00000|  0%| F|  |TAMS 0x00000000e8900000, 0x00000000e8900000| Untracked 
| 138|0x00000000e8a00000, 0x00000000e8a00000, 0x00000000e8b00000|  0%| F|  |TAMS 0x00000000e8a00000, 0x00000000e8a00000| Untracked 
| 139|0x00000000e8b00000, 0x00000000e8b00000, 0x00000000e8c00000|  0%| F|  |TAMS 0x00000000e8b00000, 0x00000000e8b00000| Untracked 
| 140|0x00000000e8c00000, 0x00000000e8c00000, 0x00000000e8d00000|  0%| F|  |TAMS 0x00000000e8c00000, 0x00000000e8c00000| Untracked 
| 141|0x00000000e8d00000, 0x00000000e8d00000, 0x00000000e8e00000|  0%| F|  |TAMS 0x00000000e8d00000, 0x00000000e8d00000| Untracked 
| 142|0x00000000e8e00000, 0x00000000e8e80800, 0x00000000e8f00000| 50%| E|  |TAMS 0x00000000e8e00000, 0x00000000e8e00000| Complete 
| 143|0x00000000e8f00000, 0x00000000e9000000, 0x00000000e9000000|100%| E|CS|TAMS 0x00000000e8f00000, 0x00000000e8f00000| Complete 
| 144|0x00000000e9000000, 0x00000000e9100000, 0x00000000e9100000|100%| E|CS|TAMS 0x00000000e9000000, 0x00000000e9000000| Complete 
| 145|0x00000000e9100000, 0x00000000e9200000, 0x00000000e9200000|100%| E|CS|TAMS 0x00000000e9100000, 0x00000000e9100000| Complete 
| 146|0x00000000e9200000, 0x00000000e9300000, 0x00000000e9300000|100%| E|CS|TAMS 0x00000000e9200000, 0x00000000e9200000| Complete 
| 147|0x00000000e9300000, 0x00000000e9400000, 0x00000000e9400000|100%| E|CS|TAMS 0x00000000e9300000, 0x00000000e9300000| Complete 
| 148|0x00000000e9400000, 0x00000000e9500000, 0x00000000e9500000|100%| E|CS|TAMS 0x00000000e9400000, 0x00000000e9400000| Complete 
| 149|0x00000000e9500000, 0x00000000e9600000, 0x00000000e9600000|100%| E|CS|TAMS 0x00000000e9500000, 0x00000000e9500000| Complete 
| 150|0x00000000e9600000, 0x00000000e9700000, 0x00000000e9700000|100%| E|CS|TAMS 0x00000000e9600000, 0x00000000e9600000| Complete 
| 151|0x00000000e9700000, 0x00000000e9800000, 0x00000000e9800000|100%| E|CS|TAMS 0x00000000e9700000, 0x00000000e9700000| Complete 
| 152|0x00000000e9800000, 0x00000000e9900000, 0x00000000e9900000|100%| E|CS|TAMS 0x00000000e9800000, 0x00000000e9800000| Complete 
| 153|0x00000000e9900000, 0x00000000e9a00000, 0x00000000e9a00000|100%| E|CS|TAMS 0x00000000e9900000, 0x00000000e9900000| Complete 
| 154|0x00000000e9a00000, 0x00000000e9b00000, 0x00000000e9b00000|100%| E|CS|TAMS 0x00000000e9a00000, 0x00000000e9a00000| Complete 
| 155|0x00000000e9b00000, 0x00000000e9c00000, 0x00000000e9c00000|100%| E|CS|TAMS 0x00000000e9b00000, 0x00000000e9b00000| Complete 
| 156|0x00000000e9c00000, 0x00000000e9d00000, 0x00000000e9d00000|100%| E|CS|TAMS 0x00000000e9c00000, 0x00000000e9c00000| Complete 
| 157|0x00000000e9d00000, 0x00000000e9e00000, 0x00000000e9e00000|100%| E|CS|TAMS 0x00000000e9d00000, 0x00000000e9d00000| Complete 
| 158|0x00000000e9e00000, 0x00000000e9f00000, 0x00000000e9f00000|100%| E|CS|TAMS 0x00000000e9e00000, 0x00000000e9e00000| Complete 
| 159|0x00000000e9f00000, 0x00000000ea000000, 0x00000000ea000000|100%| E|CS|TAMS 0x00000000e9f00000, 0x00000000e9f00000| Complete 
| 160|0x00000000ea000000, 0x00000000ea100000, 0x00000000ea100000|100%| E|CS|TAMS 0x00000000ea000000, 0x00000000ea000000| Complete 
| 161|0x00000000ea100000, 0x00000000ea200000, 0x00000000ea200000|100%| E|CS|TAMS 0x00000000ea100000, 0x00000000ea100000| Complete 
| 162|0x00000000ea200000, 0x00000000ea300000, 0x00000000ea300000|100%| E|CS|TAMS 0x00000000ea200000, 0x00000000ea200000| Complete 
| 163|0x00000000ea300000, 0x00000000ea400000, 0x00000000ea400000|100%| E|CS|TAMS 0x00000000ea300000, 0x00000000ea300000| Complete 
| 164|0x00000000ea400000, 0x00000000ea500000, 0x00000000ea500000|100%| E|CS|TAMS 0x00000000ea400000, 0x00000000ea400000| Complete 
| 165|0x00000000ea500000, 0x00000000ea600000, 0x00000000ea600000|100%| E|CS|TAMS 0x00000000ea500000, 0x00000000ea500000| Complete 
| 166|0x00000000ea600000, 0x00000000ea700000, 0x00000000ea700000|100%| E|CS|TAMS 0x00000000ea600000, 0x00000000ea600000| Complete 
| 167|0x00000000ea700000, 0x00000000ea800000, 0x00000000ea800000|100%| E|CS|TAMS 0x00000000ea700000, 0x00000000ea700000| Complete 
| 168|0x00000000ea800000, 0x00000000ea900000, 0x00000000ea900000|100%| E|CS|TAMS 0x00000000ea800000, 0x00000000ea800000| Complete 
| 169|0x00000000ea900000, 0x00000000eaa00000, 0x00000000eaa00000|100%| E|CS|TAMS 0x00000000ea900000, 0x00000000ea900000| Complete 
| 170|0x00000000eaa00000, 0x00000000eab00000, 0x00000000eab00000|100%| E|CS|TAMS 0x00000000eaa00000, 0x00000000eaa00000| Complete 
| 171|0x00000000eab00000, 0x00000000eac00000, 0x00000000eac00000|100%| E|CS|TAMS 0x00000000eab00000, 0x00000000eab00000| Complete 
| 172|0x00000000eac00000, 0x00000000ead00000, 0x00000000ead00000|100%| E|CS|TAMS 0x00000000eac00000, 0x00000000eac00000| Complete 
| 173|0x00000000ead00000, 0x00000000eae00000, 0x00000000eae00000|100%| E|CS|TAMS 0x00000000ead00000, 0x00000000ead00000| Complete 
| 174|0x00000000eae00000, 0x00000000eaf00000, 0x00000000eaf00000|100%| E|CS|TAMS 0x00000000eae00000, 0x00000000eae00000| Complete 
| 175|0x00000000eaf00000, 0x00000000eb000000, 0x00000000eb000000|100%| E|CS|TAMS 0x00000000eaf00000, 0x00000000eaf00000| Complete 
| 176|0x00000000eb000000, 0x00000000eb100000, 0x00000000eb100000|100%| E|CS|TAMS 0x00000000eb000000, 0x00000000eb000000| Complete 
| 177|0x00000000eb100000, 0x00000000eb200000, 0x00000000eb200000|100%| E|CS|TAMS 0x00000000eb100000, 0x00000000eb100000| Complete 
| 178|0x00000000eb200000, 0x00000000eb300000, 0x00000000eb300000|100%| E|CS|TAMS 0x00000000eb200000, 0x00000000eb200000| Complete 
| 179|0x00000000eb300000, 0x00000000eb400000, 0x00000000eb400000|100%| E|CS|TAMS 0x00000000eb300000, 0x00000000eb300000| Complete 
| 180|0x00000000eb400000, 0x00000000eb500000, 0x00000000eb500000|100%| E|CS|TAMS 0x00000000eb400000, 0x00000000eb400000| Complete 
| 181|0x00000000eb500000, 0x00000000eb600000, 0x00000000eb600000|100%| E|CS|TAMS 0x00000000eb500000, 0x00000000eb500000| Complete 
| 182|0x00000000eb600000, 0x00000000eb700000, 0x00000000eb700000|100%| E|CS|TAMS 0x00000000eb600000, 0x00000000eb600000| Complete 
| 183|0x00000000eb700000, 0x00000000eb800000, 0x00000000eb800000|100%| E|CS|TAMS 0x00000000eb700000, 0x00000000eb700000| Complete 
| 184|0x00000000eb800000, 0x00000000eb900000, 0x00000000eb900000|100%| E|CS|TAMS 0x00000000eb800000, 0x00000000eb800000| Complete 
| 185|0x00000000eb900000, 0x00000000eba00000, 0x00000000eba00000|100%| E|CS|TAMS 0x00000000eb900000, 0x00000000eb900000| Complete 
| 186|0x00000000eba00000, 0x00000000ebb00000, 0x00000000ebb00000|100%| E|CS|TAMS 0x00000000eba00000, 0x00000000eba00000| Complete 
| 187|0x00000000ebb00000, 0x00000000ebc00000, 0x00000000ebc00000|100%| E|CS|TAMS 0x00000000ebb00000, 0x00000000ebb00000| Complete 
| 188|0x00000000ebc00000, 0x00000000ebd00000, 0x00000000ebd00000|100%| E|CS|TAMS 0x00000000ebc00000, 0x00000000ebc00000| Complete 
| 189|0x00000000ebd00000, 0x00000000ebe00000, 0x00000000ebe00000|100%| E|CS|TAMS 0x00000000ebd00000, 0x00000000ebd00000| Complete 
| 190|0x00000000ebe00000, 0x00000000ebf00000, 0x00000000ebf00000|100%| E|CS|TAMS 0x00000000ebe00000, 0x00000000ebe00000| Complete 
| 191|0x00000000ebf00000, 0x00000000ec000000, 0x00000000ec000000|100%| E|CS|TAMS 0x00000000ebf00000, 0x00000000ebf00000| Complete 
| 192|0x00000000ec000000, 0x00000000ec100000, 0x00000000ec100000|100%| E|CS|TAMS 0x00000000ec000000, 0x00000000ec000000| Complete 
| 193|0x00000000ec100000, 0x00000000ec200000, 0x00000000ec200000|100%| E|CS|TAMS 0x00000000ec100000, 0x00000000ec100000| Complete 
| 194|0x00000000ec200000, 0x00000000ec300000, 0x00000000ec300000|100%| E|CS|TAMS 0x00000000ec200000, 0x00000000ec200000| Complete 
| 195|0x00000000ec300000, 0x00000000ec400000, 0x00000000ec400000|100%| E|CS|TAMS 0x00000000ec300000, 0x00000000ec300000| Complete 
| 196|0x00000000ec400000, 0x00000000ec500000, 0x00000000ec500000|100%| E|CS|TAMS 0x00000000ec400000, 0x00000000ec400000| Complete 
| 197|0x00000000ec500000, 0x00000000ec600000, 0x00000000ec600000|100%| E|CS|TAMS 0x00000000ec500000, 0x00000000ec500000| Complete 
| 198|0x00000000ec600000, 0x00000000ec700000, 0x00000000ec700000|100%| E|CS|TAMS 0x00000000ec600000, 0x00000000ec600000| Complete 
| 199|0x00000000ec700000, 0x00000000ec800000, 0x00000000ec800000|100%| E|CS|TAMS 0x00000000ec700000, 0x00000000ec700000| Complete 
| 200|0x00000000ec800000, 0x00000000ec900000, 0x00000000ec900000|100%| E|CS|TAMS 0x00000000ec800000, 0x00000000ec800000| Complete 
| 201|0x00000000ec900000, 0x00000000eca00000, 0x00000000eca00000|100%| E|CS|TAMS 0x00000000ec900000, 0x00000000ec900000| Complete 
| 202|0x00000000eca00000, 0x00000000ecb00000, 0x00000000ecb00000|100%| E|CS|TAMS 0x00000000eca00000, 0x00000000eca00000| Complete 
| 203|0x00000000ecb00000, 0x00000000ecc00000, 0x00000000ecc00000|100%| E|CS|TAMS 0x00000000ecb00000, 0x00000000ecb00000| Complete 
| 204|0x00000000ecc00000, 0x00000000ecd00000, 0x00000000ecd00000|100%| E|CS|TAMS 0x00000000ecc00000, 0x00000000ecc00000| Complete 
| 205|0x00000000ecd00000, 0x00000000ece00000, 0x00000000ece00000|100%| E|CS|TAMS 0x00000000ecd00000, 0x00000000ecd00000| Complete 
| 206|0x00000000ece00000, 0x00000000ecf00000, 0x00000000ecf00000|100%| E|CS|TAMS 0x00000000ece00000, 0x00000000ece00000| Complete 
| 207|0x00000000ecf00000, 0x00000000ed000000, 0x00000000ed000000|100%| E|CS|TAMS 0x00000000ecf00000, 0x00000000ecf00000| Complete 
| 208|0x00000000ed000000, 0x00000000ed100000, 0x00000000ed100000|100%| E|CS|TAMS 0x00000000ed000000, 0x00000000ed000000| Complete 
| 209|0x00000000ed100000, 0x00000000ed200000, 0x00000000ed200000|100%| E|CS|TAMS 0x00000000ed100000, 0x00000000ed100000| Complete 
| 210|0x00000000ed200000, 0x00000000ed300000, 0x00000000ed300000|100%| E|CS|TAMS 0x00000000ed200000, 0x00000000ed200000| Complete 
| 211|0x00000000ed300000, 0x00000000ed400000, 0x00000000ed400000|100%| E|CS|TAMS 0x00000000ed300000, 0x00000000ed300000| Complete 
| 212|0x00000000ed400000, 0x00000000ed500000, 0x00000000ed500000|100%| E|CS|TAMS 0x00000000ed400000, 0x00000000ed400000| Complete 
| 213|0x00000000ed500000, 0x00000000ed600000, 0x00000000ed600000|100%| E|CS|TAMS 0x00000000ed500000, 0x00000000ed500000| Complete 
| 214|0x00000000ed600000, 0x00000000ed700000, 0x00000000ed700000|100%| E|CS|TAMS 0x00000000ed600000, 0x00000000ed600000| Complete 
| 215|0x00000000ed700000, 0x00000000ed800000, 0x00000000ed800000|100%| E|CS|TAMS 0x00000000ed700000, 0x00000000ed700000| Complete 
| 216|0x00000000ed800000, 0x00000000ed900000, 0x00000000ed900000|100%| E|CS|TAMS 0x00000000ed800000, 0x00000000ed800000| Complete 
| 217|0x00000000ed900000, 0x00000000eda00000, 0x00000000eda00000|100%| E|CS|TAMS 0x00000000ed900000, 0x00000000ed900000| Complete 
| 218|0x00000000eda00000, 0x00000000edb00000, 0x00000000edb00000|100%| E|CS|TAMS 0x00000000eda00000, 0x00000000eda00000| Complete 
| 219|0x00000000edb00000, 0x00000000edc00000, 0x00000000edc00000|100%| E|CS|TAMS 0x00000000edb00000, 0x00000000edb00000| Complete 
| 220|0x00000000edc00000, 0x00000000edd00000, 0x00000000edd00000|100%| E|CS|TAMS 0x00000000edc00000, 0x00000000edc00000| Complete 
| 221|0x00000000edd00000, 0x00000000ede00000, 0x00000000ede00000|100%| E|CS|TAMS 0x00000000edd00000, 0x00000000edd00000| Complete 
| 222|0x00000000ede00000, 0x00000000edf00000, 0x00000000edf00000|100%| E|CS|TAMS 0x00000000ede00000, 0x00000000ede00000| Complete 
| 223|0x00000000edf00000, 0x00000000ee000000, 0x00000000ee000000|100%| E|CS|TAMS 0x00000000edf00000, 0x00000000edf00000| Complete 
| 224|0x00000000ee000000, 0x00000000ee100000, 0x00000000ee100000|100%| E|CS|TAMS 0x00000000ee000000, 0x00000000ee000000| Complete 
| 225|0x00000000ee100000, 0x00000000ee200000, 0x00000000ee200000|100%| E|CS|TAMS 0x00000000ee100000, 0x00000000ee100000| Complete 
| 226|0x00000000ee200000, 0x00000000ee300000, 0x00000000ee300000|100%| E|CS|TAMS 0x00000000ee200000, 0x00000000ee200000| Complete 
| 227|0x00000000ee300000, 0x00000000ee400000, 0x00000000ee400000|100%| E|CS|TAMS 0x00000000ee300000, 0x00000000ee300000| Complete 
| 228|0x00000000ee400000, 0x00000000ee500000, 0x00000000ee500000|100%| E|CS|TAMS 0x00000000ee400000, 0x00000000ee400000| Complete 
| 229|0x00000000ee500000, 0x00000000ee600000, 0x00000000ee600000|100%| E|CS|TAMS 0x00000000ee500000, 0x00000000ee500000| Complete 
| 230|0x00000000ee600000, 0x00000000ee700000, 0x00000000ee700000|100%| E|CS|TAMS 0x00000000ee600000, 0x00000000ee600000| Complete 
| 231|0x00000000ee700000, 0x00000000ee800000, 0x00000000ee800000|100%| E|CS|TAMS 0x00000000ee700000, 0x00000000ee700000| Complete 
| 232|0x00000000ee800000, 0x00000000ee900000, 0x00000000ee900000|100%| E|CS|TAMS 0x00000000ee800000, 0x00000000ee800000| Complete 
| 233|0x00000000ee900000, 0x00000000eea00000, 0x00000000eea00000|100%| E|CS|TAMS 0x00000000ee900000, 0x00000000ee900000| Complete 
| 234|0x00000000eea00000, 0x00000000eeb00000, 0x00000000eeb00000|100%| E|CS|TAMS 0x00000000eea00000, 0x00000000eea00000| Complete 
| 235|0x00000000eeb00000, 0x00000000eec00000, 0x00000000eec00000|100%| E|CS|TAMS 0x00000000eeb00000, 0x00000000eeb00000| Complete 
| 236|0x00000000eec00000, 0x00000000eed00000, 0x00000000eed00000|100%| E|CS|TAMS 0x00000000eec00000, 0x00000000eec00000| Complete 
| 237|0x00000000eed00000, 0x00000000eee00000, 0x00000000eee00000|100%| E|CS|TAMS 0x00000000eed00000, 0x00000000eed00000| Complete 
| 238|0x00000000eee00000, 0x00000000eef00000, 0x00000000eef00000|100%| E|CS|TAMS 0x00000000eee00000, 0x00000000eee00000| Complete 
| 239|0x00000000eef00000, 0x00000000ef000000, 0x00000000ef000000|100%| E|CS|TAMS 0x00000000eef00000, 0x00000000eef00000| Complete 
| 240|0x00000000ef000000, 0x00000000ef100000, 0x00000000ef100000|100%| E|CS|TAMS 0x00000000ef000000, 0x00000000ef000000| Complete 
| 241|0x00000000ef100000, 0x00000000ef200000, 0x00000000ef200000|100%| E|CS|TAMS 0x00000000ef100000, 0x00000000ef100000| Complete 
| 242|0x00000000ef200000, 0x00000000ef300000, 0x00000000ef300000|100%| E|CS|TAMS 0x00000000ef200000, 0x00000000ef200000| Complete 
| 243|0x00000000ef300000, 0x00000000ef400000, 0x00000000ef400000|100%| E|CS|TAMS 0x00000000ef300000, 0x00000000ef300000| Complete 
| 244|0x00000000ef400000, 0x00000000ef500000, 0x00000000ef500000|100%| E|CS|TAMS 0x00000000ef400000, 0x00000000ef400000| Complete 
| 245|0x00000000ef500000, 0x00000000ef600000, 0x00000000ef600000|100%| E|CS|TAMS 0x00000000ef500000, 0x00000000ef500000| Complete 
| 246|0x00000000ef600000, 0x00000000ef700000, 0x00000000ef700000|100%| E|CS|TAMS 0x00000000ef600000, 0x00000000ef600000| Complete 
| 247|0x00000000ef700000, 0x00000000ef800000, 0x00000000ef800000|100%| E|CS|TAMS 0x00000000ef700000, 0x00000000ef700000| Complete 
| 248|0x00000000ef800000, 0x00000000ef900000, 0x00000000ef900000|100%| E|CS|TAMS 0x00000000ef800000, 0x00000000ef800000| Complete 
| 249|0x00000000ef900000, 0x00000000efa00000, 0x00000000efa00000|100%| E|CS|TAMS 0x00000000ef900000, 0x00000000ef900000| Complete 
| 250|0x00000000efa00000, 0x00000000efb00000, 0x00000000efb00000|100%| E|CS|TAMS 0x00000000efa00000, 0x00000000efa00000| Complete 
| 251|0x00000000efb00000, 0x00000000efc00000, 0x00000000efc00000|100%| E|CS|TAMS 0x00000000efb00000, 0x00000000efb00000| Complete 
| 252|0x00000000efc00000, 0x00000000efd00000, 0x00000000efd00000|100%| E|CS|TAMS 0x00000000efc00000, 0x00000000efc00000| Complete 
| 253|0x00000000efd00000, 0x00000000efe00000, 0x00000000efe00000|100%| E|CS|TAMS 0x00000000efd00000, 0x00000000efd00000| Complete 
| 254|0x00000000efe00000, 0x00000000eff00000, 0x00000000eff00000|100%| E|CS|TAMS 0x00000000efe00000, 0x00000000efe00000| Complete 
| 255|0x00000000eff00000, 0x00000000f0000000, 0x00000000f0000000|100%| E|CS|TAMS 0x00000000eff00000, 0x00000000eff00000| Complete 

Card table byte_map: [0x0000015cfa1b0000,0x0000015cfa2b0000] _byte_map_base: 0x0000015cf9ab0000

Marking Bits (Prev, Next): (CMBitMap*) 0x0000015cf26baa00, (CMBitMap*) 0x0000015cf26baa40
 Prev Bits: [0x0000015cfa3b0000, 0x0000015cfabb0000)
 Next Bits: [0x0000015cfabb0000, 0x0000015cfb3b0000)

Polling page: 0x0000015cf0030000

Metaspace:

Usage:
  Non-class:     45.44 MB used.
      Class:      7.45 MB used.
       Both:     52.90 MB used.

Virtual space:
  Non-class space:       48.00 MB reserved,      45.81 MB ( 95%) committed,  6 nodes.
      Class space:      208.00 MB reserved,       7.75 MB (  4%) committed,  1 nodes.
             Both:      256.00 MB reserved,      53.56 MB ( 21%) committed. 

Chunk freelists:
   Non-Class:  2.16 MB
       Class:  152.00 KB
        Both:  2.31 MB

MaxMetaspaceSize: 256.00 MB
CompressedClassSpaceSize: 208.00 MB
Initial GC threshold: 21.00 MB
Current GC threshold: 59.69 MB
CDS: on
MetaspaceReclaimPolicy: balanced
 - commit_granule_bytes: 65536.
 - commit_granule_words: 8192.
 - virtual_space_node_default_size: 1048576.
 - enlarge_chunks_in_place: 1.
 - new_chunks_are_fully_committed: 0.
 - uncommit_free_chunks: 1.
 - use_allocation_guard: 0.
 - handle_deallocations: 1.


Internal statistics:

num_allocs_failed_limit: 12.
num_arena_births: 704.
num_arena_deaths: 0.
num_vsnodes_births: 7.
num_vsnodes_deaths: 0.
num_space_committed: 857.
num_space_uncommitted: 0.
num_chunks_returned_to_freelist: 12.
num_chunks_taken_from_freelist: 2876.
num_chunk_merges: 12.
num_chunk_splits: 1879.
num_chunks_enlarged: 1225.
num_purges: 0.
num_inconsistent_stats: 0.

CodeHeap 'non-profiled nmethods': size=120000Kb used=5286Kb max_used=5286Kb free=114714Kb
 bounds [0x0000015c87ad0000, 0x0000015c88000000, 0x0000015c8f000000]
CodeHeap 'profiled nmethods': size=120000Kb used=12467Kb max_used=13316Kb free=107532Kb
 bounds [0x0000015c805a0000, 0x0000015c812b0000, 0x0000015c87ad0000]
CodeHeap 'non-nmethods': size=5760Kb used=2338Kb max_used=2422Kb free=3422Kb
 bounds [0x0000015c80000000, 0x0000015c80270000, 0x0000015c805a0000]
 total_blobs=7588 nmethods=6730 adapters=770
 compilation: enabled
              stopped_count=0, restarted_count=0
 full_count=0

Compilation events (20 events):
Event: 83.445 Thread 0x0000015cfdab1a80 nmethod 8173 0x0000015c80a14e10 code [0x0000015c80a14fc0, 0x0000015c80a15158]
Event: 83.445 Thread 0x0000015cfdab1a80 8174       3       org.objectweb.asm.SymbolTable::addBootstrapMethod (144 bytes)
Event: 83.445 Thread 0x0000015cfdab1a80 nmethod 8174 0x0000015c80b23210 code [0x0000015c80b23400, 0x0000015c80b239d8]
Event: 83.492 Thread 0x0000015cfdab1a80 8176       3       org.gradle.model.internal.asm.MethodVisitorScope::_UNBOX (178 bytes)
Event: 83.494 Thread 0x0000015cfdab1a80 nmethod 8176 0x0000015c8114aa10 code [0x0000015c8114ae60, 0x0000015c8114cf98]
Event: 83.565 Thread 0x0000015cfdab1a80 8178       2       org.objectweb.asm.MethodVisitor::visitTryCatchBlock (20 bytes)
Event: 83.565 Thread 0x0000015cfdab1a80 nmethod 8178 0x0000015c80aeb490 code [0x0000015c80aeb620, 0x0000015c80aeb748]
Event: 83.602 Thread 0x0000015cfdab1a80 8180       3       org.objectweb.asm.SymbolTable::addConstantFloat (10 bytes)
Event: 83.602 Thread 0x0000015cfdab1a80 nmethod 8180 0x0000015c80addf10 code [0x0000015c80ade0c0, 0x0000015c80ade228]
Event: 83.611 Thread 0x0000015cfdab1a80 8182       3       java.util.ArrayList::toArray (12 bytes)
Event: 83.612 Thread 0x0000015cfdab1a80 nmethod 8182 0x0000015c80b22d90 code [0x0000015c80b22f40, 0x0000015c80b23128]
Event: 83.612 Thread 0x0000015c91095a00 8181       4       org.objectweb.asm.ClassReader::readMethod (1066 bytes)
Event: 83.614 Thread 0x0000015cfdab1a80 8183       3       org.objectweb.asm.ByteVector::put112 (80 bytes)
Event: 83.614 Thread 0x0000015cfdab1a80 nmethod 8183 0x0000015c80d51690 code [0x0000015c80d51840, 0x0000015c80d51aa8]
Event: 83.620 Thread 0x0000015cfdab1a80 8184       3       org.gradle.internal.classpath.InstrumentingTransformer$InstrumentingMethodVisitor::visitInvokeDynamicInsn (172 bytes)
Event: 83.622 Thread 0x0000015cfdab1a80 nmethod 8184 0x0000015c80d45b10 code [0x0000015c80d45e80, 0x0000015c80d47498]
Event: 83.648 Thread 0x0000015cfdab1a80 8185       3       org.gradle.model.internal.asm.MethodVisitorScope::_INVOKEDYNAMIC (15 bytes)
Event: 83.648 Thread 0x0000015cfdab1a80 nmethod 8185 0x0000015c80d51190 code [0x0000015c80d51340, 0x0000015c80d51578]
Event: 83.648 Thread 0x0000015cfdab1a80 8186       3       org.gradle.model.internal.asm.MethodVisitorScope::_F_SAME (16 bytes)
Event: 83.648 Thread 0x0000015cfdab1a80 nmethod 8186 0x0000015c80d50c90 code [0x0000015c80d50e40, 0x0000015c80d510c8]

GC Heap History (20 events):
Event: 73.404 GC heap before
{Heap before GC invocations=11 (full 0):
 garbage-first heap   total 262144K, used 211448K [0x00000000e0000000, 0x0000000100000000)
  region size 1024K, 137 young (140288K), 8 survivors (8192K)
 Metaspace       used 53746K, committed 54336K, reserved 262144K
  class space    used 7588K, committed 7872K, reserved 212992K
}
Event: 73.410 GC heap after
{Heap after GC invocations=12 (full 0):
 garbage-first heap   total 262144K, used 80442K [0x00000000e0000000, 0x0000000100000000)
  region size 1024K, 9 young (9216K), 9 survivors (9216K)
 Metaspace       used 53746K, committed 54336K, reserved 262144K
  class space    used 7588K, committed 7872K, reserved 212992K
}
Event: 74.114 GC heap before
{Heap before GC invocations=12 (full 0):
 garbage-first heap   total 262144K, used 217658K [0x00000000e0000000, 0x0000000100000000)
  region size 1024K, 141 young (144384K), 9 survivors (9216K)
 Metaspace       used 53753K, committed 54336K, reserved 262144K
  class space    used 7588K, committed 7872K, reserved 212992K
}
Event: 74.121 GC heap after
{Heap after GC invocations=13 (full 0):
 garbage-first heap   total 262144K, used 81659K [0x00000000e0000000, 0x0000000100000000)
  region size 1024K, 10 young (10240K), 10 survivors (10240K)
 Metaspace       used 53753K, committed 54336K, reserved 262144K
  class space    used 7588K, committed 7872K, reserved 212992K
}
Event: 74.683 GC heap before
{Heap before GC invocations=13 (full 0):
 garbage-first heap   total 262144K, used 218875K [0x00000000e0000000, 0x0000000100000000)
  region size 1024K, 144 young (147456K), 10 survivors (10240K)
 Metaspace       used 53753K, committed 54336K, reserved 262144K
  class space    used 7588K, committed 7872K, reserved 212992K
}
Event: 74.692 GC heap after
{Heap after GC invocations=14 (full 0):
 garbage-first heap   total 262144K, used 84212K [0x00000000e0000000, 0x0000000100000000)
  region size 1024K, 6 young (6144K), 6 survivors (6144K)
 Metaspace       used 53753K, committed 54336K, reserved 262144K
  class space    used 7588K, committed 7872K, reserved 212992K
}
Event: 75.258 GC heap before
{Heap before GC invocations=14 (full 0):
 garbage-first heap   total 262144K, used 220404K [0x00000000e0000000, 0x0000000100000000)
  region size 1024K, 140 young (143360K), 6 survivors (6144K)
 Metaspace       used 53754K, committed 54336K, reserved 262144K
  class space    used 7588K, committed 7872K, reserved 212992K
}
Event: 75.263 GC heap after
{Heap after GC invocations=15 (full 0):
 garbage-first heap   total 262144K, used 85224K [0x00000000e0000000, 0x0000000100000000)
  region size 1024K, 7 young (7168K), 7 survivors (7168K)
 Metaspace       used 53754K, committed 54336K, reserved 262144K
  class space    used 7588K, committed 7872K, reserved 212992K
}
Event: 78.101 GC heap before
{Heap before GC invocations=15 (full 0):
 garbage-first heap   total 262144K, used 227560K [0x00000000e0000000, 0x0000000100000000)
  region size 1024K, 142 young (145408K), 7 survivors (7168K)
 Metaspace       used 53867K, committed 54528K, reserved 262144K
  class space    used 7605K, committed 7936K, reserved 212992K
}
Event: 78.104 GC heap after
{Heap after GC invocations=16 (full 0):
 garbage-first heap   total 262144K, used 81010K [0x00000000e0000000, 0x0000000100000000)
  region size 1024K, 3 young (3072K), 3 survivors (3072K)
 Metaspace       used 53867K, committed 54528K, reserved 262144K
  class space    used 7605K, committed 7936K, reserved 212992K
}
Event: 79.535 GC heap before
{Heap before GC invocations=16 (full 0):
 garbage-first heap   total 262144K, used 226418K [0x00000000e0000000, 0x0000000100000000)
  region size 1024K, 143 young (146432K), 3 survivors (3072K)
 Metaspace       used 54010K, committed 54656K, reserved 262144K
  class space    used 7613K, committed 7936K, reserved 212992K
}
Event: 79.539 GC heap after
{Heap after GC invocations=17 (full 0):
 garbage-first heap   total 262144K, used 80870K [0x00000000e0000000, 0x0000000100000000)
  region size 1024K, 3 young (3072K), 3 survivors (3072K)
 Metaspace       used 54010K, committed 54656K, reserved 262144K
  class space    used 7613K, committed 7936K, reserved 212992K
}
Event: 80.433 GC heap before
{Heap before GC invocations=17 (full 0):
 garbage-first heap   total 262144K, used 223206K [0x00000000e0000000, 0x0000000100000000)
  region size 1024K, 143 young (146432K), 3 survivors (3072K)
 Metaspace       used 54158K, committed 54848K, reserved 262144K
  class space    used 7630K, committed 7936K, reserved 212992K
}
Event: 80.436 GC heap after
{Heap after GC invocations=18 (full 0):
 garbage-first heap   total 262144K, used 81558K [0x00000000e0000000, 0x0000000100000000)
  region size 1024K, 4 young (4096K), 4 survivors (4096K)
 Metaspace       used 54158K, committed 54848K, reserved 262144K
  class space    used 7630K, committed 7936K, reserved 212992K
}
Event: 82.433 GC heap before
{Heap before GC invocations=18 (full 0):
 garbage-first heap   total 262144K, used 231062K [0x00000000e0000000, 0x0000000100000000)
  region size 1024K, 144 young (147456K), 4 survivors (4096K)
 Metaspace       used 54159K, committed 54848K, reserved 262144K
  class space    used 7631K, committed 7936K, reserved 212992K
}
Event: 82.436 GC heap after
{Heap after GC invocations=19 (full 0):
 garbage-first heap   total 262144K, used 85092K [0x00000000e0000000, 0x0000000100000000)
  region size 1024K, 4 young (4096K), 4 survivors (4096K)
 Metaspace       used 54159K, committed 54848K, reserved 262144K
  class space    used 7631K, committed 7936K, reserved 212992K
}
Event: 82.836 GC heap before
{Heap before GC invocations=19 (full 0):
 garbage-first heap   total 262144K, used 226404K [0x00000000e0000000, 0x0000000100000000)
  region size 1024K, 142 young (145408K), 4 survivors (4096K)
 Metaspace       used 54160K, committed 54848K, reserved 262144K
  class space    used 7631K, committed 7936K, reserved 212992K
}
Event: 82.840 GC heap after
{Heap after GC invocations=20 (full 0):
 garbage-first heap   total 262144K, used 86135K [0x00000000e0000000, 0x0000000100000000)
  region size 1024K, 5 young (5120K), 5 survivors (5120K)
 Metaspace       used 54160K, committed 54848K, reserved 262144K
  class space    used 7631K, committed 7936K, reserved 212992K
}
Event: 83.301 GC heap before
{Heap before GC invocations=20 (full 0):
 garbage-first heap   total 262144K, used 228471K [0x00000000e0000000, 0x0000000100000000)
  region size 1024K, 143 young (146432K), 5 survivors (5120K)
 Metaspace       used 54164K, committed 54848K, reserved 262144K
  class space    used 7631K, committed 7936K, reserved 212992K
}
Event: 83.306 GC heap after
{Heap after GC invocations=21 (full 0):
 garbage-first heap   total 262144K, used 87725K [0x00000000e0000000, 0x0000000100000000)
  region size 1024K, 7 young (7168K), 7 survivors (7168K)
 Metaspace       used 54164K, committed 54848K, reserved 262144K
  class space    used 7631K, committed 7936K, reserved 212992K
}

Deoptimization events (20 events):
Event: 83.377 Thread 0x0000015c90f96890 Uncommon trap: trap_request=0xffffffde fr.pc=0x0000015c87fd7768 relative=0x0000000000000748
Event: 83.377 Thread 0x0000015c90f96890 Uncommon trap: reason=class_check action=maybe_recompile pc=0x0000015c87fd7768 method=org.objectweb.asm.MethodVisitor.visitTryCatchBlock(Lorg/objectweb/asm/Label;Lorg/objectweb/asm/Label;Lorg/objectweb/asm/Label;Ljava/lang/String;)V @ 16 c2
Event: 83.377 Thread 0x0000015c90f96890 DEOPT PACKING pc=0x0000015c87fd7768 sp=0x0000003d949fe450
Event: 83.377 Thread 0x0000015c90f96890 DEOPT UNPACKING pc=0x0000015c800523a3 sp=0x0000003d949fe410 mode 2
Event: 83.377 Thread 0x0000015c90f96890 Uncommon trap: trap_request=0xffffffde fr.pc=0x0000015c87fd7768 relative=0x0000000000000748
Event: 83.377 Thread 0x0000015c90f96890 Uncommon trap: reason=class_check action=maybe_recompile pc=0x0000015c87fd7768 method=org.objectweb.asm.MethodVisitor.visitTryCatchBlock(Lorg/objectweb/asm/Label;Lorg/objectweb/asm/Label;Lorg/objectweb/asm/Label;Ljava/lang/String;)V @ 16 c2
Event: 83.377 Thread 0x0000015c90f96890 DEOPT PACKING pc=0x0000015c87fd7768 sp=0x0000003d949fe450
Event: 83.377 Thread 0x0000015c90f96890 DEOPT UNPACKING pc=0x0000015c800523a3 sp=0x0000003d949fe410 mode 2
Event: 83.377 Thread 0x0000015c90f96890 Uncommon trap: trap_request=0xffffffde fr.pc=0x0000015c87fd7768 relative=0x0000000000000748
Event: 83.377 Thread 0x0000015c90f96890 Uncommon trap: reason=class_check action=maybe_recompile pc=0x0000015c87fd7768 method=org.objectweb.asm.MethodVisitor.visitTryCatchBlock(Lorg/objectweb/asm/Label;Lorg/objectweb/asm/Label;Lorg/objectweb/asm/Label;Ljava/lang/String;)V @ 16 c2
Event: 83.377 Thread 0x0000015c90f96890 DEOPT PACKING pc=0x0000015c87fd7768 sp=0x0000003d949fe450
Event: 83.377 Thread 0x0000015c90f96890 DEOPT UNPACKING pc=0x0000015c800523a3 sp=0x0000003d949fe410 mode 2
Event: 83.377 Thread 0x0000015c90f96890 Uncommon trap: trap_request=0xffffffde fr.pc=0x0000015c87fd7768 relative=0x0000000000000748
Event: 83.377 Thread 0x0000015c90f96890 Uncommon trap: reason=class_check action=maybe_recompile pc=0x0000015c87fd7768 method=org.objectweb.asm.MethodVisitor.visitTryCatchBlock(Lorg/objectweb/asm/Label;Lorg/objectweb/asm/Label;Lorg/objectweb/asm/Label;Ljava/lang/String;)V @ 16 c2
Event: 83.377 Thread 0x0000015c90f96890 DEOPT PACKING pc=0x0000015c87fd7768 sp=0x0000003d949fe450
Event: 83.377 Thread 0x0000015c90f96890 DEOPT UNPACKING pc=0x0000015c800523a3 sp=0x0000003d949fe410 mode 2
Event: 83.381 Thread 0x0000015c90f96890 Uncommon trap: trap_request=0xffffffde fr.pc=0x0000015c87ec9e78 relative=0x0000000000006d58
Event: 83.381 Thread 0x0000015c90f96890 Uncommon trap: reason=class_check action=maybe_recompile pc=0x0000015c87ec9e78 method=org.objectweb.asm.ClassReader.readCode(Lorg/objectweb/asm/MethodVisitor;Lorg/objectweb/asm/Context;I)V @ 3966 c2
Event: 83.381 Thread 0x0000015c90f96890 DEOPT PACKING pc=0x0000015c87ec9e78 sp=0x0000003d949fe530
Event: 83.381 Thread 0x0000015c90f96890 DEOPT UNPACKING pc=0x0000015c800523a3 sp=0x0000003d949fe4b0 mode 2

Classes unloaded (0 events):
No events

Classes redefined (0 events):
No events

Internal exceptions (20 events):
Event: 79.690 Thread 0x0000015c90d12640 Exception <a 'sun/nio/fs/WindowsException'{0x00000000ef306290}> (0x00000000ef306290) 
thrown [t:\workspace\open\src\hotspot\share\prims\jni.cpp, line 516]
Event: 79.707 Thread 0x0000015c918c0540 Exception <a 'sun/nio/fs/WindowsException'{0x00000000ef27a370}> (0x00000000ef27a370) 
thrown [t:\workspace\open\src\hotspot\share\prims\jni.cpp, line 516]
Event: 79.709 Thread 0x0000015c9135da10 Exception <a 'sun/nio/fs/WindowsException'{0x00000000ef2913a0}> (0x00000000ef2913a0) 
thrown [t:\workspace\open\src\hotspot\share\prims\jni.cpp, line 516]
Event: 79.713 Thread 0x0000015c90f95550 Exception <a 'sun/nio/fs/WindowsException'{0x00000000ef2ba228}> (0x00000000ef2ba228) 
thrown [t:\workspace\open\src\hotspot\share\prims\jni.cpp, line 516]
Event: 79.715 Thread 0x0000015c90d12640 Exception <a 'sun/nio/fs/WindowsException'{0x00000000ef35e068}> (0x00000000ef35e068) 
thrown [t:\workspace\open\src\hotspot\share\prims\jni.cpp, line 516]
Event: 79.722 Thread 0x0000015c90d12640 Exception <a 'sun/nio/fs/WindowsException'{0x00000000ef35e230}> (0x00000000ef35e230) 
thrown [t:\workspace\open\src\hotspot\share\prims\jni.cpp, line 516]
Event: 79.727 Thread 0x0000015c918c0540 Exception <a 'sun/nio/fs/WindowsException'{0x00000000ef27a528}> (0x00000000ef27a528) 
thrown [t:\workspace\open\src\hotspot\share\prims\jni.cpp, line 516]
Event: 79.734 Thread 0x0000015c90f95080 Exception <a 'sun/nio/fs/WindowsException'{0x00000000ef05bd68}> (0x00000000ef05bd68) 
thrown [t:\workspace\open\src\hotspot\share\prims\jni.cpp, line 516]
Event: 79.773 Thread 0x0000015c9135da10 Exception <a 'sun/nio/fs/WindowsException'{0x00000000eedd6510}> (0x00000000eedd6510) 
thrown [t:\workspace\open\src\hotspot\share\prims\jni.cpp, line 516]
Event: 79.774 Thread 0x0000015c918c0540 Exception <a 'sun/nio/fs/WindowsException'{0x00000000eec02218}> (0x00000000eec02218) 
thrown [t:\workspace\open\src\hotspot\share\prims\jni.cpp, line 516]
Event: 79.788 Thread 0x0000015c90f95080 Exception <a 'sun/nio/fs/WindowsException'{0x00000000ef05bf60}> (0x00000000ef05bf60) 
thrown [t:\workspace\open\src\hotspot\share\prims\jni.cpp, line 516]
Event: 79.790 Thread 0x0000015c9135da10 Exception <a 'sun/nio/fs/WindowsException'{0x00000000eedd66f0}> (0x00000000eedd66f0) 
thrown [t:\workspace\open\src\hotspot\share\prims\jni.cpp, line 516]
Event: 79.865 Thread 0x0000015c918c0540 Exception <a 'sun/nio/fs/WindowsException'{0x00000000ed175c58}> (0x00000000ed175c58) 
thrown [t:\workspace\open\src\hotspot\share\prims\jni.cpp, line 516]
Event: 79.872 Thread 0x0000015c918c0540 Exception <a 'sun/nio/fs/WindowsException'{0x00000000ed175e40}> (0x00000000ed175e40) 
thrown [t:\workspace\open\src\hotspot\share\prims\jni.cpp, line 516]
Event: 79.935 Thread 0x0000015c90f95550 Exception <a 'sun/nio/fs/WindowsException'{0x00000000ec0c4f48}> (0x00000000ec0c4f48) 
thrown [t:\workspace\open\src\hotspot\share\prims\jni.cpp, line 516]
Event: 79.944 Thread 0x0000015c90f95550 Exception <a 'sun/nio/fs/WindowsException'{0x00000000ec0c50d0}> (0x00000000ec0c50d0) 
thrown [t:\workspace\open\src\hotspot\share\prims\jni.cpp, line 516]
Event: 79.964 Thread 0x0000015c90d12640 Exception <a 'sun/nio/fs/WindowsException'{0x00000000ebf6d380}> (0x00000000ebf6d380) 
thrown [t:\workspace\open\src\hotspot\share\prims\jni.cpp, line 516]
Event: 80.653 Thread 0x0000015c90d12640 Exception <a 'sun/nio/fs/WindowsException'{0x00000000ec557278}> (0x00000000ec557278) 
thrown [t:\workspace\open\src\hotspot\share\prims\jni.cpp, line 516]
Event: 80.659 Thread 0x0000015c90d12640 Exception <a 'sun/nio/fs/WindowsException'{0x00000000ec557440}> (0x00000000ec557440) 
thrown [t:\workspace\open\src\hotspot\share\prims\jni.cpp, line 516]
Event: 81.046 Thread 0x0000015c90f96890 Exception <a 'sun/nio/fs/WindowsException'{0x00000000ec0fe770}> (0x00000000ec0fe770) 
thrown [t:\workspace\open\src\hotspot\share\prims\jni.cpp, line 516]

VM Operations (20 events):
Event: 77.888 Executing VM operation: Cleanup
Event: 77.888 Executing VM operation: Cleanup done
Event: 78.101 Executing VM operation: G1CollectForAllocation
Event: 78.104 Executing VM operation: G1CollectForAllocation done
Event: 79.119 Executing VM operation: Cleanup
Event: 79.119 Executing VM operation: Cleanup done
Event: 79.359 Executing VM operation: ICBufferFull
Event: 79.359 Executing VM operation: ICBufferFull done
Event: 79.535 Executing VM operation: G1CollectForAllocation
Event: 79.539 Executing VM operation: G1CollectForAllocation done
Event: 80.432 Executing VM operation: G1CollectForAllocation
Event: 80.436 Executing VM operation: G1CollectForAllocation done
Event: 81.445 Executing VM operation: Cleanup
Event: 81.445 Executing VM operation: Cleanup done
Event: 82.433 Executing VM operation: G1CollectForAllocation
Event: 82.436 Executing VM operation: G1CollectForAllocation done
Event: 82.836 Executing VM operation: G1CollectForAllocation
Event: 82.840 Executing VM operation: G1CollectForAllocation done
Event: 83.301 Executing VM operation: G1CollectForAllocation
Event: 83.306 Executing VM operation: G1CollectForAllocation done

Events (20 events):
Event: 75.346 Thread 0x0000015cfdb247b0 flushing nmethod 0x0000015c8123ed10
Event: 75.346 Thread 0x0000015cfdb247b0 flushing nmethod 0x0000015c81240610
Event: 75.346 Thread 0x0000015cfdb247b0 flushing nmethod 0x0000015c81241c10
Event: 75.346 Thread 0x0000015cfdb247b0 flushing nmethod 0x0000015c8125ed10
Event: 75.346 Thread 0x0000015cfdb247b0 flushing nmethod 0x0000015c8126ab10
Event: 75.346 Thread 0x0000015cfdb247b0 flushing nmethod 0x0000015c81275110
Event: 75.346 Thread 0x0000015cfdb247b0 flushing nmethod 0x0000015c81275590
Event: 75.346 Thread 0x0000015cfdb247b0 flushing nmethod 0x0000015c81279910
Event: 75.346 Thread 0x0000015cfdb247b0 flushing nmethod 0x0000015c81279d90
Event: 75.346 Thread 0x0000015cfdb247b0 flushing nmethod 0x0000015c8127ca10
Event: 75.347 Thread 0x0000015cfdb247b0 flushing nmethod 0x0000015c8127ce90
Event: 76.027 Thread 0x0000015c91097860 Thread exited: 0x0000015c91097860
Event: 76.179 Thread 0x0000015c91280790 Thread exited: 0x0000015c91280790
Event: 77.990 Thread 0x0000015c91095a00 Thread added: 0x0000015c91095a00
Event: 78.368 Thread 0x0000015c91095a00 Thread exited: 0x0000015c91095a00
Event: 78.391 Thread 0x0000015c91096930 Thread added: 0x0000015c91096930
Event: 79.023 Thread 0x0000015c91096930 Thread exited: 0x0000015c91096930
Event: 79.250 Thread 0x0000015c91095a00 Thread added: 0x0000015c91095a00
Event: 80.541 Thread 0x0000015c91095a00 Thread exited: 0x0000015c91095a00
Event: 83.612 Thread 0x0000015c91095a00 Thread added: 0x0000015c91095a00


Dynamic libraries:
0x00007ff647190000 - 0x00007ff6471a0000 	C:\Program Files\Java\jdk-17.0.1\bin\java.exe
0x00007ff9e55d0000 - 0x00007ff9e57c8000 	C:\windows\SYSTEM32\ntdll.dll
0x00007ff9e36f0000 - 0x00007ff9e37af000 	C:\windows\System32\KERNEL32.DLL
0x00007ff9e2c80000 - 0x00007ff9e2f76000 	C:\windows\System32\KERNELBASE.dll
0x00007ff9def00000 - 0x00007ff9def91000 	C:\windows\SYSTEM32\apphelp.dll
0x00007ff9cff60000 - 0x00007ff9cffb2000 	C:\windows\AppPatch\apppatch64\ummon.dll
0x00007ff9e3cf0000 - 0x00007ff9e3d9f000 	C:\windows\System32\ADVAPI32.dll
0x00007ff9e4400000 - 0x00007ff9e449e000 	C:\windows\System32\msvcrt.dll
0x00007ff9e38a0000 - 0x00007ff9e393c000 	C:\windows\System32\sechost.dll
0x00007ff9e44a0000 - 0x00007ff9e45c6000 	C:\windows\System32\RPCRT4.dll
0x00007ff9e3940000 - 0x00007ff9e3add000 	C:\windows\System32\USER32.dll
0x00007ff9e32b0000 - 0x00007ff9e32d2000 	C:\windows\System32\win32u.dll
0x00007ff9e37c0000 - 0x00007ff9e37ec000 	C:\windows\System32\GDI32.dll
0x00007ff9e32e0000 - 0x00007ff9e33f5000 	C:\windows\System32\gdi32full.dll
0x00007ff9e3210000 - 0x00007ff9e32ad000 	C:\windows\System32\msvcp_win.dll
0x00007ff9e34b0000 - 0x00007ff9e35b0000 	C:\windows\System32\ucrtbase.dll
0x00007ff9e42d0000 - 0x00007ff9e43fa000 	C:\windows\System32\ole32.dll
0x00007ff9e3ec0000 - 0x00007ff9e4214000 	C:\windows\System32\combase.dll
0x00007ff9e3b40000 - 0x00007ff9e3c0d000 	C:\windows\System32\OLEAUT32.dll
0x00007ff9e30b0000 - 0x00007ff9e320e000 	C:\windows\System32\CRYPT32.dll
0x00007ff9df3d0000 - 0x00007ff9df3e8000 	C:\Program Files\Java\jdk-17.0.1\bin\jli.dll
0x00007ff9dcc40000 - 0x00007ff9dcc5a000 	C:\Program Files\Java\jdk-17.0.1\bin\VCRUNTIME140.dll
0x00007ff9c9960000 - 0x00007ff9c9bfa000 	C:\windows\WinSxS\amd64_microsoft.windows.common-controls_6595b64144ccf1df_6.0.19041.1110_none_60b5254171f9507e\COMCTL32.dll
0x00007ff9da530000 - 0x00007ff9da53a000 	C:\windows\SYSTEM32\VERSION.dll
0x00007ff9e4220000 - 0x00007ff9e4250000 	C:\windows\System32\IMM32.DLL
0x00007ff9dd6f0000 - 0x00007ff9dd770000 	C:\Program Files (x86)\searchinformagent\sifiltersvc1\SIPH64.dll
0x00007ff9e4250000 - 0x00007ff9e42bb000 	C:\windows\System32\WS2_32.dll
0x00007ff9e1530000 - 0x00007ff9e1542000 	C:\windows\SYSTEM32\kernel.appcore.dll
0x00007ff9cff40000 - 0x00007ff9cff5b000 	C:\Program Files (x86)\searchinformagent\sifiltersvc1\PluginAPI64.dll
0x00007ff9c9660000 - 0x00007ff9c9687000 	C:\Program Files (x86)\searchinformagent\sifiltersvc1\SIHLib64.dll
0x00007ff9c04e0000 - 0x00007ff9c054d000 	C:\Program Files (x86)\searchinformagent\sifiltersvc1\hdesvc_p64.dll
0x00007ff9e20d0000 - 0x00007ff9e210c000 	C:\windows\SYSTEM32\iphlpapi.dll
0x00007ff9c05d0000 - 0x00007ff9c0931000 	C:\windows\system32\iwprn.dll
0x00007ff9c8fd0000 - 0x00007ff9c906d000 	C:\windows\SYSTEM32\WINSPOOL.DRV
0x00007ff9e37f0000 - 0x00007ff9e389d000 	C:\windows\System32\shcore.dll
0x00007ff9c9070000 - 0x00007ff9c9079000 	C:\windows\SYSTEM32\WSOCK32.dll
0x00007ff9dd6c0000 - 0x00007ff9dd6cc000 	C:\Program Files\Java\jdk-17.0.1\bin\vcruntime140_1.dll
0x00007ff9c7a40000 - 0x00007ff9c7acd000 	C:\Program Files\Java\jdk-17.0.1\bin\msvcp140.dll
0x00007ff992770000 - 0x00007ff99332e000 	C:\Program Files\Java\jdk-17.0.1\bin\server\jvm.dll
0x00007ff9e36e0000 - 0x00007ff9e36e8000 	C:\windows\System32\PSAPI.DLL
0x00007ff9c8fa0000 - 0x00007ff9c8fc7000 	C:\windows\SYSTEM32\WINMM.dll
0x00007ff9dcd30000 - 0x00007ff9dcd3a000 	C:\Program Files\Java\jdk-17.0.1\bin\jimage.dll
0x00007ff9e0d60000 - 0x00007ff9e0f44000 	C:\windows\SYSTEM32\DBGHELP.DLL
0x00007ff9c8520000 - 0x00007ff9c8554000 	C:\windows\SYSTEM32\dbgcore.DLL
0x00007ff9e2ff0000 - 0x00007ff9e3072000 	C:\windows\System32\bcryptPrimitives.dll
0x00007ff9c8050000 - 0x00007ff9c8075000 	C:\Program Files\Java\jdk-17.0.1\bin\java.dll
0x00007ff9ae2c0000 - 0x00007ff9ae396000 	C:\Program Files\Java\jdk-17.0.1\bin\svml.dll
0x00007ff9e4bb0000 - 0x00007ff9e52f4000 	C:\windows\System32\SHELL32.dll
0x00007ff9e04f0000 - 0x00007ff9e0c83000 	C:\windows\SYSTEM32\windows.storage.dll
0x00007ff9e26d0000 - 0x00007ff9e26fe000 	C:\windows\SYSTEM32\Wldp.dll
0x00007ff9e4650000 - 0x00007ff9e46a5000 	C:\windows\System32\shlwapi.dll
0x00007ff9e2bc0000 - 0x00007ff9e2bdf000 	C:\windows\SYSTEM32\profapi.dll
0x00007ff9cf5d0000 - 0x00007ff9cf5e9000 	C:\Program Files\Java\jdk-17.0.1\bin\net.dll
0x00007ff9e1c60000 - 0x00007ff9e1d6a000 	C:\windows\SYSTEM32\WINHTTP.dll
0x00007ff9e2430000 - 0x00007ff9e249a000 	C:\windows\system32\mswsock.dll
0x00007ff9cbcf0000 - 0x00007ff9cbd05000 	C:\Program Files\Java\jdk-17.0.1\bin\nio.dll
0x00007ff9c7ad0000 - 0x00007ff9c7ae8000 	C:\Program Files\Java\jdk-17.0.1\bin\zip.dll
0x00007ff9cbdf0000 - 0x00007ff9cbe00000 	C:\Program Files\Java\jdk-17.0.1\bin\verify.dll
0x00007ff9cbd30000 - 0x00007ff9cbd57000 	C:\Users\Yanishen_SV\.gradle\native\68d5fa5c4cc2d200863cafc0d521ce42e7d3e7ee720ec0a83991735586a16f82\windows-amd64\native-platform.dll
0x00007ff9a7be0000 - 0x00007ff9a7d24000 	C:\Users\Yanishen_SV\.gradle\native\e376f236ea51e6404a007f0833ffe2c6e607c4080706a723a18a27aeea778392\windows-amd64\native-platform-file-events.dll
0x00007ff9df450000 - 0x00007ff9df459000 	C:\Program Files\Java\jdk-17.0.1\bin\management.dll
0x00007ff9df390000 - 0x00007ff9df39b000 	C:\Program Files\Java\jdk-17.0.1\bin\management_ext.dll
0x00007ff9e2620000 - 0x00007ff9e2638000 	C:\windows\SYSTEM32\CRYPTSP.dll
0x00007ff9e1bd0000 - 0x00007ff9e1c04000 	C:\windows\system32\rsaenh.dll
0x00007ff9e3080000 - 0x00007ff9e30a7000 	C:\windows\System32\bcrypt.dll
0x00007ff9e2b80000 - 0x00007ff9e2bae000 	C:\windows\SYSTEM32\USERENV.dll
0x00007ff9e2640000 - 0x00007ff9e264c000 	C:\windows\SYSTEM32\CRYPTBASE.dll
0x00007ff9e37b0000 - 0x00007ff9e37b8000 	C:\windows\System32\NSI.dll
0x00007ff9dd4c0000 - 0x00007ff9dd4d7000 	C:\windows\SYSTEM32\dhcpcsvc6.DLL
0x00007ff9dd390000 - 0x00007ff9dd3ad000 	C:\windows\SYSTEM32\dhcpcsvc.DLL
0x00007ff9e2120000 - 0x00007ff9e21ea000 	C:\windows\SYSTEM32\DNSAPI.dll
0x00007ff9cbd20000 - 0x00007ff9cbd2e000 	C:\Program Files\Java\jdk-17.0.1\bin\sunmscapi.dll
0x00007ff9e2740000 - 0x00007ff9e2768000 	C:\windows\SYSTEM32\ncrypt.dll
0x00007ff9e2700000 - 0x00007ff9e273b000 	C:\windows\SYSTEM32\NTASN1.dll
0x00007ff9cbd10000 - 0x00007ff9cbd17000 	C:\windows\system32\wshunix.dll
0x00007ff9e1e00000 - 0x00007ff9e1e33000 	C:\windows\SYSTEM32\ntmarta.dll

dbghelp: loaded successfully - version: 4.0.5 - missing functions: none
symbol engine: initialized successfully - sym options: 0x614 - pdb path: .;C:\Program Files\Java\jdk-17.0.1\bin;C:\windows\SYSTEM32;C:\windows\AppPatch\apppatch64;C:\windows\WinSxS\amd64_microsoft.windows.common-controls_6595b64144ccf1df_6.0.19041.1110_none_60b5254171f9507e;C:\Program Files (x86)\searchinformagent\sifiltersvc1;C:\Program Files\Java\jdk-17.0.1\bin\server;C:\Users\Yanishen_SV\.gradle\native\68d5fa5c4cc2d200863cafc0d521ce42e7d3e7ee720ec0a83991735586a16f82\windows-amd64;C:\Users\Yanishen_SV\.gradle\native\e376f236ea51e6404a007f0833ffe2c6e607c4080706a723a18a27aeea778392\windows-amd64

VM Arguments:
jvm_args: --add-opens=java.base/java.util=ALL-UNNAMED --add-opens=java.base/java.lang=ALL-UNNAMED --add-opens=java.base/java.lang.invoke=ALL-UNNAMED --add-opens=java.prefs/java.util.prefs=ALL-UNNAMED --add-opens=java.base/java.nio.charset=ALL-UNNAMED --add-opens=java.base/java.net=ALL-UNNAMED --add-opens=java.base/java.util.concurrent.atomic=ALL-UNNAMED -XX:MaxMetaspaceSize=256m -XX:+HeapDumpOnOutOfMemoryError -Xms256m -Xmx512m -Dfile.encoding=windows-1251 -Duser.country=RU -Duser.language=ru -Duser.variant 
java_command: org.gradle.launcher.daemon.bootstrap.GradleDaemon 8.0
java_class_path (initial): C:\Users\Yanishen_SV\.gradle\wrapper\dists\gradle-8.0-bin\ca5e32bp14vu59qr306oxotwh\gradle-8.0\lib\gradle-launcher-8.0.jar
Launcher Type: SUN_STANDARD

[Global flags]
     intx CICompilerCount                          = 3                                         {product} {ergonomic}
   size_t CompressedClassSpaceSize                 = 218103808                                 {product} {ergonomic}
     uint ConcGCThreads                            = 2                                         {product} {ergonomic}
     uint G1ConcRefinementThreads                  = 6                                         {product} {ergonomic}
   size_t G1HeapRegionSize                         = 1048576                                   {product} {ergonomic}
    uintx GCDrainStackTargetSize                   = 64                                        {product} {ergonomic}
     bool HeapDumpOnOutOfMemoryError               = true                                   {manageable} {command line}
   size_t InitialHeapSize                          = 268435456                                 {product} {command line}
   size_t MarkStackSize                            = 4194304                                   {product} {ergonomic}
   size_t MaxHeapSize                              = 536870912                                 {product} {command line}
   size_t MaxMetaspaceSize                         = 268435456                                 {product} {command line}
   size_t MaxNewSize                               = 321912832                                 {product} {ergonomic}
   size_t MinHeapDeltaBytes                        = 1048576                                   {product} {ergonomic}
   size_t MinHeapSize                              = 268435456                                 {product} {command line}
    uintx NonNMethodCodeHeapSize                   = 5832780                                {pd product} {ergonomic}
    uintx NonProfiledCodeHeapSize                  = 122912730                              {pd product} {ergonomic}
    uintx ProfiledCodeHeapSize                     = 122912730                              {pd product} {ergonomic}
    uintx ReservedCodeCacheSize                    = 251658240                              {pd product} {ergonomic}
     bool SegmentedCodeCache                       = true                                      {product} {ergonomic}
   size_t SoftMaxHeapSize                          = 536870912                              {manageable} {ergonomic}
     bool UseCompressedClassPointers               = true                           {product lp64_product} {ergonomic}
     bool UseCompressedOops                        = true                           {product lp64_product} {ergonomic}
     bool UseG1GC                                  = true                                      {product} {ergonomic}
     bool UseLargePagesIndividualAllocation        = false                                  {pd product} {ergonomic}

Logging:
Log output configuration:
 #0: stdout all=warning uptime,level,tags
 #1: stderr all=off uptime,level,tags

Environment Variables:
PATH=C:\Program Files\Common Files\Oracle\Java\javapath;C:\Program Files (x86)\Common Files\Oracle\Java\javapath;C:\oracle\product\11.2.0\client_x64\bin;C:\oracle\DevSuiteHome1\jdk\jre\bin\client;C:\oracle\DevSuiteHome1\jdk\jre\bin\classic;C:\oracle\DevSuiteHome1\jdk\jre\bin;C:\oracle\DevSuiteHome1\jlib;C:\oracle\DevSuiteHome1\bin;C:\oracle\DevSuiteHome1\jre\1.4.2\bin\client;C:\oracle\DevSuiteHome1\jre\1.4.2\bin;C:\oracle\product\11.2.0\client_x86\bin;C:\windows\system32;C:\windows;C:\windows\System32\Wbem;C:\windows\System32\WindowsPowerShell\v1.0\;C:\windows\System32\OpenSSH\;C:\Program Files\TortoiseSVN\bin;C:\Program Files\PuTTY\;C:\Program Files\nodejs\;C:\Program Files\Pandoc\;C:\Program Files (x86)\Kaspersky Lab\Endpoint Agent\;C:\Program Files\Git\cmd;C:\Users\Yanishen_SV\AppData\Local\Programs\Python\Python310\Scripts\;C:\Users\Yanishen_SV\AppData\Local\Programs\Python\Python310\;C:\Users\Yanishen_SV\AppData\Local\Microsoft\WindowsApps;;C:\Program Files\JetBrains\IntelliJ IDEA Community Edition 2021.3\bin;;C:\Program Files\JetBrains\IntelliJ IDEA 2021.3\bin;;C:\Users\Yanishen_SV\AppData\Local\Programs\Microsoft VS Code\bin;C:\Users\Yanishen_SV\AppData\Roaming\npm
USERNAME=Yanishen_SV
OS=Windows_NT
PROCESSOR_IDENTIFIER=Intel64 Family 6 Model 158 Stepping 10, GenuineIntel



---------------  S Y S T E M  ---------------

OS:
 Windows 10 , 64 bit Build 19041 (10.0.19041.3031)
OS uptime: 5 days 19:32 hours

CPU: total 6 (initial active 6) (6 cores per cpu, 1 threads per core) family 6 model 158 stepping 10 microcode 0xb4, cx8, cmov, fxsr, mmx, 3dnowpref, sse, sse2, sse3, ssse3, sse4.1, sse4.2, popcnt, lzcnt, tsc, tscinvbit, avx, avx2, aes, erms, clmul, bmi1, bmi2, rtm, adx, fma, vzeroupper, clflush, clflushopt

Memory: 4k page, system-wide physical 7971M (396M free)
TotalPageFile size 16199M (AvailPageFile size 10M)
current process WorkingSet (physical memory assigned to process): 418M, peak: 447M
current process commit charge ("private bytes"): 490M, peak: 506M

vm_info: Java HotSpot(TM) 64-Bit Server VM (17.0.1+12-LTS-39) for windows-amd64 JRE (17.0.1+12-LTS-39), built on Sep 27 2021 18:41:35 by "mach5one" with MS VC++ 16.8 (VS2019)

END.
