#
# There is insufficient memory for the Java Runtime Environment to continue.
# Native memory allocation (malloc) failed to allocate 262160 bytes for Chunk::new
# Possible reasons:
#   The system is out of physical RAM or swap space
#   The process is running with CompressedOops enabled, and the Java Heap may be blocking the growth of the native heap
# Possible solutions:
#   Reduce memory load on the system
#   Increase physical memory or swap space
#   Check if swap backing store is full
#   Decrease Java heap size (-Xmx/-Xms)
#   Decrease number of Java threads
#   Decrease Java thread stack sizes (-Xss)
#   Set larger code cache with -XX:ReservedCodeCacheSize=
#   JVM is running with Unscaled Compressed Oops mode in which the Java heap is
#     placed in the first 4GB address space. The Java Heap base address is the
#     maximum limit for the native heap growth. Please use -XX:HeapBaseMinAddress
#     to set the Java Heap base and to place the Java Heap above 4GB virtual address.
# This output file may be truncated or incomplete.
#
#  Out of Memory Error (arena.cpp:189), pid=21468, tid=21512
#
# JRE version: Java(TM) SE Runtime Environment (17.0.1+12) (build 17.0.1+12-LTS-39)
# Java VM: Java HotSpot(TM) 64-Bit Server VM (17.0.1+12-LTS-39, mixed mode, sharing, tiered, compressed oops, compressed class ptrs, g1 gc, windows-amd64)
# No core dump will be written. Minidumps are not enabled by default on client versions of Windows
#

---------------  S U M M A R Y ------------

Command Line: --add-opens=java.base/java.util=ALL-UNNAMED --add-opens=java.base/java.lang=ALL-UNNAMED --add-opens=java.base/java.lang.invoke=ALL-UNNAMED --add-opens=java.prefs/java.util.prefs=ALL-UNNAMED --add-opens=java.base/java.nio.charset=ALL-UNNAMED --add-opens=java.base/java.net=ALL-UNNAMED --add-opens=java.base/java.util.concurrent.atomic=ALL-UNNAMED -XX:MaxMetaspaceSize=256m -XX:+HeapDumpOnOutOfMemoryError -Xms256m -Xmx512m -Dfile.encoding=windows-1251 -Duser.country=RU -Duser.language=ru -Duser.variant org.gradle.launcher.daemon.bootstrap.GradleDaemon 8.0

Host: Intel(R) Core(TM) i5-8500T CPU @ 2.10GHz, 6 cores, 7G,  Windows 10 , 64 bit Build 19041 (10.0.19041.3031)
Time: Thu Jul 13 09:01:10 2023 RTZ 4 (s 10 , 64 bit Build 19041 (10.0.19041.3031) elapsed time: 15.595271 seconds (0d 0h 0m 15s)

---------------  T H R E A D  ---------------

Current thread (0x000002547f27f2b0):  JavaThread "C2 CompilerThread0" daemon [_thread_in_native, id=21512, stack(0x0000006c71600000,0x0000006c71700000)]


Current CompileTask:
C2:  15595 2661   !   4       java.lang.ClassLoader::loadClass (121 bytes)

Stack: [0x0000006c71600000,0x0000006c71700000]
Native frames: (J=compiled Java code, j=interpreted, Vv=VM code, C=native code)
V  [jvm.dll+0x66fa1a]
V  [jvm.dll+0x7ce5a4]
V  [jvm.dll+0x7cfd4e]
V  [jvm.dll+0x7d03b3]
V  [jvm.dll+0x242b05]
V  [jvm.dll+0xaa05b]
V  [jvm.dll+0xaa5ec]
V  [jvm.dll+0xaa16b]
V  [jvm.dll+0x694ae8]
V  [jvm.dll+0x343ccb]
V  [jvm.dll+0x67daae]
V  [jvm.dll+0x67cfc4]
V  [jvm.dll+0x1a483c]
V  [jvm.dll+0x2a8714]
V  [jvm.dll+0x687ddb]
V  [jvm.dll+0x67fddb]
V  [jvm.dll+0x67f417]
V  [jvm.dll+0x67d312]
V  [jvm.dll+0x1a483c]
V  [jvm.dll+0x1a5406]
V  [jvm.dll+0x2a8714]
V  [jvm.dll+0x687ddb]
V  [jvm.dll+0x67fddb]
V  [jvm.dll+0x67f417]
V  [jvm.dll+0x67d312]
V  [jvm.dll+0x1a483c]
V  [jvm.dll+0x1a5406]
V  [jvm.dll+0x2a8714]
V  [jvm.dll+0x687ddb]
V  [jvm.dll+0x67fddb]
V  [jvm.dll+0x67f417]
V  [jvm.dll+0x67d312]
V  [jvm.dll+0x1a483c]
V  [jvm.dll+0x1a5406]
V  [jvm.dll+0x2a8714]
V  [jvm.dll+0x687ddb]
V  [jvm.dll+0x67fddb]
V  [jvm.dll+0x67f417]
V  [jvm.dll+0x67d312]
V  [jvm.dll+0x1a483c]
V  [jvm.dll+0x1a5406]
V  [jvm.dll+0x2a8714]
V  [jvm.dll+0x687ddb]
V  [jvm.dll+0x67fddb]
V  [jvm.dll+0x67f417]
V  [jvm.dll+0x67d312]
V  [jvm.dll+0x1a483c]
V  [jvm.dll+0x1a5406]
V  [jvm.dll+0x2a8714]
V  [jvm.dll+0x687ddb]
V  [jvm.dll+0x67fddb]
V  [jvm.dll+0x67f417]
V  [jvm.dll+0x67d312]
V  [jvm.dll+0x1a483c]
V  [jvm.dll+0x1a5406]
V  [jvm.dll+0x2a8714]
V  [jvm.dll+0x687ddb]
V  [jvm.dll+0x67fddb]
V  [jvm.dll+0x67f417]
V  [jvm.dll+0x67d312]
V  [jvm.dll+0x1a483c]
V  [jvm.dll+0x2a8714]
V  [jvm.dll+0x687ddb]
V  [jvm.dll+0x67fddb]
V  [jvm.dll+0x67f417]
V  [jvm.dll+0x67d312]
V  [jvm.dll+0x1a483c]
V  [jvm.dll+0x2a8714]
V  [jvm.dll+0x687ddb]
V  [jvm.dll+0x67fddb]
V  [jvm.dll+0x67f417]
V  [jvm.dll+0x67d312]
V  [jvm.dll+0x1a483c]
V  [jvm.dll+0x1a5406]
V  [jvm.dll+0x1a5406]
V  [jvm.dll+0x2a8714]
V  [jvm.dll+0x687ddb]
V  [jvm.dll+0x67fddb]
V  [jvm.dll+0x67f417]
V  [jvm.dll+0x67d312]
V  [jvm.dll+0x1a483c]
V  [jvm.dll+0x214c18]
V  [jvm.dll+0x1a168d]
V  [jvm.dll+0x224848]
V  [jvm.dll+0x2229ac]
V  [jvm.dll+0x78435b]
V  [jvm.dll+0x77e91a]
V  [jvm.dll+0x66e845]
C  [ucrtbase.dll+0x21bb2]
C  [KERNEL32.DLL+0x17614]
C  [ntdll.dll+0x526f1]


---------------  P R O C E S S  ---------------

Threads class SMR info:
_java_thread_list=0x00000254019434f0, length=33, elements={
0x000002546415dcb0, 0x000002546500d2c0, 0x000002546500de70, 0x000002546501e430,
0x000002547f277470, 0x000002547f277d30, 0x000002547f2785f0, 0x000002547f27f2b0,
0x000002547f2845c0, 0x000002547f28cfc0, 0x000002547f3d1400, 0x000002547f3d7d00,
0x00000254015eddc0, 0x0000025401ea01e0, 0x00000254625f24e0, 0x00000254625f2e80,
0x00000254625f1b40, 0x00000254625f0cd0, 0x00000254625ef990, 0x00000254625f2010,
0x00000254625f0800, 0x00000254026bf100, 0x00000254026bd8f0, 0x00000254026c25f0,
0x00000254026c3930, 0x00000254026c1c50, 0x00000254026be760, 0x00000254026bddc0,
0x00000254026c2ac0, 0x00000254026c2f90, 0x00000254026c3460, 0x00000254026c3e00,
0x00000254026c12b0
}

Java Threads: ( => current thread )
  0x000002546415dcb0 JavaThread "main" [_thread_blocked, id=15528, stack(0x0000006c70900000,0x0000006c70a00000)]
  0x000002546500d2c0 JavaThread "Reference Handler" daemon [_thread_blocked, id=15336, stack(0x0000006c71000000,0x0000006c71100000)]
  0x000002546500de70 JavaThread "Finalizer" daemon [_thread_blocked, id=16268, stack(0x0000006c71100000,0x0000006c71200000)]
  0x000002546501e430 JavaThread "Signal Dispatcher" daemon [_thread_blocked, id=13936, stack(0x0000006c71200000,0x0000006c71300000)]
  0x000002547f277470 JavaThread "Attach Listener" daemon [_thread_blocked, id=1564, stack(0x0000006c71300000,0x0000006c71400000)]
  0x000002547f277d30 JavaThread "Service Thread" daemon [_thread_blocked, id=16304, stack(0x0000006c71400000,0x0000006c71500000)]
  0x000002547f2785f0 JavaThread "Monitor Deflation Thread" daemon [_thread_blocked, id=13068, stack(0x0000006c71500000,0x0000006c71600000)]
=>0x000002547f27f2b0 JavaThread "C2 CompilerThread0" daemon [_thread_in_native, id=21512, stack(0x0000006c71600000,0x0000006c71700000)]
  0x000002547f2845c0 JavaThread "C1 CompilerThread0" daemon [_thread_blocked, id=8244, stack(0x0000006c71700000,0x0000006c71800000)]
  0x000002547f28cfc0 JavaThread "Sweeper thread" daemon [_thread_blocked, id=16740, stack(0x0000006c71800000,0x0000006c71900000)]
  0x000002547f3d1400 JavaThread "Common-Cleaner" daemon [_thread_blocked, id=9324, stack(0x0000006c71900000,0x0000006c71a00000)]
  0x000002547f3d7d00 JavaThread "Notification Thread" daemon [_thread_blocked, id=12004, stack(0x0000006c71a00000,0x0000006c71b00000)]
  0x00000254015eddc0 JavaThread "Daemon health stats" [_thread_blocked, id=11468, stack(0x0000006c72200000,0x0000006c72300000)]
  0x0000025401ea01e0 JavaThread "Incoming local TCP Connector on port 56580" [_thread_in_native, id=19520, stack(0x0000006c72300000,0x0000006c72400000)]
  0x00000254625f24e0 JavaThread "Daemon periodic checks" [_thread_blocked, id=18292, stack(0x0000006c72400000,0x0000006c72500000)]
  0x00000254625f2e80 JavaThread "Daemon" [_thread_blocked, id=17936, stack(0x0000006c72500000,0x0000006c72600000)]
  0x00000254625f1b40 JavaThread "Handler for socket connection from /127.0.0.1:56580 to /127.0.0.1:56581" [_thread_in_native, id=21304, stack(0x0000006c72600000,0x0000006c72700000)]
  0x00000254625f0cd0 JavaThread "Cancel handler" [_thread_blocked, id=11624, stack(0x0000006c72700000,0x0000006c72800000)]
  0x00000254625ef990 JavaThread "Daemon worker" [_thread_in_native, id=8524, stack(0x0000006c72800000,0x0000006c72900000)]
  0x00000254625f2010 JavaThread "Asynchronous log dispatcher for DefaultDaemonConnection: socket connection from /127.0.0.1:56580 to /127.0.0.1:56581" [_thread_blocked, id=20816, stack(0x0000006c72900000,0x0000006c72a00000)]
  0x00000254625f0800 JavaThread "Stdin handler" [_thread_blocked, id=13096, stack(0x0000006c72a00000,0x0000006c72b00000)]
  0x00000254026bf100 JavaThread "Daemon client event forwarder" [_thread_blocked, id=16524, stack(0x0000006c72b00000,0x0000006c72c00000)]
  0x00000254026bd8f0 JavaThread "Cache worker for journal cache (C:\Users\Yanishen_SV\.gradle\caches\journal-1)" [_thread_blocked, id=13136, stack(0x0000006c72c00000,0x0000006c72d00000)]
  0x00000254026c25f0 JavaThread "File lock request listener" [_thread_in_native, id=21004, stack(0x0000006c72d00000,0x0000006c72e00000)]
  0x00000254026c3930 JavaThread "Cache worker for file hash cache (C:\Users\Yanishen_SV\.gradle\caches\8.0\fileHashes)" [_thread_blocked, id=12820, stack(0x0000006c72e00000,0x0000006c72f00000)]
  0x00000254026c1c50 JavaThread "File watcher server" daemon [_thread_in_native, id=18788, stack(0x0000006c72f00000,0x0000006c73000000)]
  0x00000254026be760 JavaThread "File watcher consumer" daemon [_thread_blocked, id=15236, stack(0x0000006c73000000,0x0000006c73100000)]
  0x00000254026bddc0 JavaThread "jar transforms" [_thread_blocked, id=19524, stack(0x0000006c73100000,0x0000006c73200000)]
  0x00000254026c2ac0 JavaThread "jar transforms Thread 2" [_thread_blocked, id=13632, stack(0x0000006c73200000,0x0000006c73300000)]
  0x00000254026c2f90 JavaThread "jar transforms Thread 3" [_thread_blocked, id=11620, stack(0x0000006c73300000,0x0000006c73400000)]
  0x00000254026c3460 JavaThread "jar transforms Thread 4" [_thread_blocked, id=11724, stack(0x0000006c73400000,0x0000006c73500000)]
  0x00000254026c3e00 JavaThread "jar transforms Thread 5" [_thread_blocked, id=13332, stack(0x0000006c73500000,0x0000006c73600000)]
  0x00000254026c12b0 JavaThread "jar transforms Thread 6" [_thread_blocked, id=22448, stack(0x0000006c73600000,0x0000006c73700000)]

Other Threads:
  0x0000025465006f60 VMThread "VM Thread" [stack: 0x0000006c70f00000,0x0000006c71000000] [id=14224]
  0x000002547f3d85e0 WatcherThread [stack: 0x0000006c71b00000,0x0000006c71c00000] [id=18324]
  0x0000025464e67d20 GCTaskThread "GC Thread#0" [stack: 0x0000006c70a00000,0x0000006c70b00000] [id=3708]
  0x0000025401570ab0 GCTaskThread "GC Thread#1" [stack: 0x0000006c71d00000,0x0000006c71e00000] [id=20572]
  0x00000254016f16a0 GCTaskThread "GC Thread#2" [stack: 0x0000006c71e00000,0x0000006c71f00000] [id=19208]
  0x00000254016f1950 GCTaskThread "GC Thread#3" [stack: 0x0000006c71f00000,0x0000006c72000000] [id=16460]
  0x0000025401386010 GCTaskThread "GC Thread#4" [stack: 0x0000006c72000000,0x0000006c72100000] [id=17096]
  0x00000254016f1c00 GCTaskThread "GC Thread#5" [stack: 0x0000006c72100000,0x0000006c72200000] [id=13848]
  0x0000025464e6e060 ConcurrentGCThread "G1 Main Marker" [stack: 0x0000006c70b00000,0x0000006c70c00000] [id=21912]
  0x0000025464e6f3b0 ConcurrentGCThread "G1 Conc#0" [stack: 0x0000006c70c00000,0x0000006c70d00000] [id=12780]
  0x0000025464f48010 ConcurrentGCThread "G1 Refine#0" [stack: 0x0000006c70d00000,0x0000006c70e00000] [id=18184]
  0x0000025464f48a30 ConcurrentGCThread "G1 Service" [stack: 0x0000006c70e00000,0x0000006c70f00000] [id=11708]

Threads with active compile tasks:
C2 CompilerThread0    15924 2661   !   4       java.lang.ClassLoader::loadClass (121 bytes)

VM state: not at safepoint (normal execution)

VM Mutex/Monitor currently owned by a thread: None

Heap address: 0x00000000e0000000, size: 512 MB, Compressed Oops mode: 32-bit

CDS archive(s) mapped at: [0x0000000800000000-0x0000000800bc0000-0x0000000800bc0000), size 12320768, SharedBaseAddress: 0x0000000800000000, ArchiveRelocationMode: 0.
Compressed class space mapped at: 0x0000000800c00000-0x000000080dc00000, reserved size: 218103808
Narrow klass base: 0x0000000800000000, Narrow klass shift: 0, Narrow klass range: 0x100000000

GC Precious Log:
 CPUs: 6 total, 6 available
 Memory: 7971M
 Large Page Support: Disabled
 NUMA Support: Disabled
 Compressed Oops: Enabled (32-bit)
 Heap Region Size: 1M
 Heap Min Capacity: 256M
 Heap Initial Capacity: 256M
 Heap Max Capacity: 512M
 Pre-touch: Disabled
 Parallel Workers: 6
 Concurrent Workers: 2
 Concurrent Refinement Workers: 6
 Periodic GC: Disabled

Heap:
 garbage-first heap   total 262144K, used 140129K [0x00000000e0000000, 0x0000000100000000)
  region size 1024K, 108 young (110592K), 1 survivors (1024K)
 Metaspace       used 19876K, committed 20224K, reserved 237568K
  class space    used 2974K, committed 3136K, reserved 212992K

Heap Regions: E=young(eden), S=young(survivor), O=old, HS=humongous(starts), HC=humongous(continues), CS=collection set, F=free, OA=open archive, CA=closed archive, TAMS=top-at-mark-start (previous, next)
|   0|0x00000000e0000000, 0x00000000e0100000, 0x00000000e0100000|100%|HS|  |TAMS 0x00000000e0000000, 0x00000000e0000000| Complete 
|   1|0x00000000e0100000, 0x00000000e0200000, 0x00000000e0200000|100%|HC|  |TAMS 0x00000000e0100000, 0x00000000e0100000| Complete 
|   2|0x00000000e0200000, 0x00000000e0300000, 0x00000000e0300000|100%|HC|  |TAMS 0x00000000e0200000, 0x00000000e0200000| Complete 
|   3|0x00000000e0300000, 0x00000000e0400000, 0x00000000e0400000|100%|HC|  |TAMS 0x00000000e0300000, 0x00000000e0300000| Complete 
|   4|0x00000000e0400000, 0x00000000e0500000, 0x00000000e0500000|100%| O|  |TAMS 0x00000000e0400000, 0x00000000e0400000| Untracked 
|   5|0x00000000e0500000, 0x00000000e0600000, 0x00000000e0600000|100%| O|  |TAMS 0x00000000e0500000, 0x00000000e0500000| Untracked 
|   6|0x00000000e0600000, 0x00000000e0700000, 0x00000000e0700000|100%| O|  |TAMS 0x00000000e0600000, 0x00000000e0600000| Untracked 
|   7|0x00000000e0700000, 0x00000000e0800000, 0x00000000e0800000|100%| O|  |TAMS 0x00000000e0700000, 0x00000000e0700000| Untracked 
|   8|0x00000000e0800000, 0x00000000e0900000, 0x00000000e0900000|100%| O|  |TAMS 0x00000000e0800000, 0x00000000e0800000| Untracked 
|   9|0x00000000e0900000, 0x00000000e0a00000, 0x00000000e0a00000|100%| O|  |TAMS 0x00000000e0900000, 0x00000000e0900000| Untracked 
|  10|0x00000000e0a00000, 0x00000000e0a2ba00, 0x00000000e0b00000| 17%| O|  |TAMS 0x00000000e0a00000, 0x00000000e0a00000| Untracked 
|  11|0x00000000e0b00000, 0x00000000e0c00000, 0x00000000e0c00000|100%|HS|  |TAMS 0x00000000e0b00000, 0x00000000e0b00000| Complete 
|  12|0x00000000e0c00000, 0x00000000e0d00000, 0x00000000e0d00000|100%|HS|  |TAMS 0x00000000e0c00000, 0x00000000e0c00000| Complete 
|  13|0x00000000e0d00000, 0x00000000e0e00000, 0x00000000e0e00000|100%|HC|  |TAMS 0x00000000e0d00000, 0x00000000e0d00000| Complete 
|  14|0x00000000e0e00000, 0x00000000e0f00000, 0x00000000e0f00000|100%|HS|  |TAMS 0x00000000e0e00000, 0x00000000e0e00000| Complete 
|  15|0x00000000e0f00000, 0x00000000e1000000, 0x00000000e1000000|100%|HC|  |TAMS 0x00000000e0f00000, 0x00000000e0f00000| Complete 
|  16|0x00000000e1000000, 0x00000000e1100000, 0x00000000e1100000|100%|HC|  |TAMS 0x00000000e1000000, 0x00000000e1000000| Complete 
|  17|0x00000000e1100000, 0x00000000e1200000, 0x00000000e1200000|100%|HS|  |TAMS 0x00000000e1100000, 0x00000000e1100000| Complete 
|  18|0x00000000e1200000, 0x00000000e1300000, 0x00000000e1300000|100%|HC|  |TAMS 0x00000000e1200000, 0x00000000e1200000| Complete 
|  19|0x00000000e1300000, 0x00000000e1400000, 0x00000000e1400000|100%|HS|  |TAMS 0x00000000e1300000, 0x00000000e1300000| Complete 
|  20|0x00000000e1400000, 0x00000000e1500000, 0x00000000e1500000|100%|HC|  |TAMS 0x00000000e1400000, 0x00000000e1400000| Complete 
|  21|0x00000000e1500000, 0x00000000e1600000, 0x00000000e1600000|100%|HC|  |TAMS 0x00000000e1500000, 0x00000000e1500000| Complete 
|  22|0x00000000e1600000, 0x00000000e1700000, 0x00000000e1700000|100%|HC|  |TAMS 0x00000000e1600000, 0x00000000e1600000| Complete 
|  23|0x00000000e1700000, 0x00000000e1800000, 0x00000000e1800000|100%|HC|  |TAMS 0x00000000e1700000, 0x00000000e1700000| Complete 
|  24|0x00000000e1800000, 0x00000000e1900000, 0x00000000e1900000|100%|HC|  |TAMS 0x00000000e1800000, 0x00000000e1800000| Complete 
|  25|0x00000000e1900000, 0x00000000e1a00000, 0x00000000e1a00000|100%|HC|  |TAMS 0x00000000e1900000, 0x00000000e1900000| Complete 
|  26|0x00000000e1a00000, 0x00000000e1b00000, 0x00000000e1b00000|100%|HC|  |TAMS 0x00000000e1a00000, 0x00000000e1a00000| Complete 
|  27|0x00000000e1b00000, 0x00000000e1c00000, 0x00000000e1c00000|100%|HC|  |TAMS 0x00000000e1b00000, 0x00000000e1b00000| Complete 
|  28|0x00000000e1c00000, 0x00000000e1d00000, 0x00000000e1d00000|100%|HC|  |TAMS 0x00000000e1c00000, 0x00000000e1c00000| Complete 
|  29|0x00000000e1d00000, 0x00000000e1e00000, 0x00000000e1e00000|100%|HC|  |TAMS 0x00000000e1d00000, 0x00000000e1d00000| Complete 
|  30|0x00000000e1e00000, 0x00000000e1f00000, 0x00000000e1f00000|100%|HS|  |TAMS 0x00000000e1e00000, 0x00000000e1e00000| Complete 
|  31|0x00000000e1f00000, 0x00000000e2000000, 0x00000000e2000000|100%|HC|  |TAMS 0x00000000e1f00000, 0x00000000e1f00000| Complete 
|  32|0x00000000e2000000, 0x00000000e2000000, 0x00000000e2100000|  0%| F|  |TAMS 0x00000000e2000000, 0x00000000e2000000| Untracked 
|  33|0x00000000e2100000, 0x00000000e2100000, 0x00000000e2200000|  0%| F|  |TAMS 0x00000000e2100000, 0x00000000e2100000| Untracked 
|  34|0x00000000e2200000, 0x00000000e2200000, 0x00000000e2300000|  0%| F|  |TAMS 0x00000000e2200000, 0x00000000e2200000| Untracked 
|  35|0x00000000e2300000, 0x00000000e2300000, 0x00000000e2400000|  0%| F|  |TAMS 0x00000000e2300000, 0x00000000e2300000| Untracked 
|  36|0x00000000e2400000, 0x00000000e2400000, 0x00000000e2500000|  0%| F|  |TAMS 0x00000000e2400000, 0x00000000e2400000| Untracked 
|  37|0x00000000e2500000, 0x00000000e2500000, 0x00000000e2600000|  0%| F|  |TAMS 0x00000000e2500000, 0x00000000e2500000| Untracked 
|  38|0x00000000e2600000, 0x00000000e2600000, 0x00000000e2700000|  0%| F|  |TAMS 0x00000000e2600000, 0x00000000e2600000| Untracked 
|  39|0x00000000e2700000, 0x00000000e2700000, 0x00000000e2800000|  0%| F|  |TAMS 0x00000000e2700000, 0x00000000e2700000| Untracked 
|  40|0x00000000e2800000, 0x00000000e2800000, 0x00000000e2900000|  0%| F|  |TAMS 0x00000000e2800000, 0x00000000e2800000| Untracked 
|  41|0x00000000e2900000, 0x00000000e2900000, 0x00000000e2a00000|  0%| F|  |TAMS 0x00000000e2900000, 0x00000000e2900000| Untracked 
|  42|0x00000000e2a00000, 0x00000000e2a00000, 0x00000000e2b00000|  0%| F|  |TAMS 0x00000000e2a00000, 0x00000000e2a00000| Untracked 
|  43|0x00000000e2b00000, 0x00000000e2b00000, 0x00000000e2c00000|  0%| F|  |TAMS 0x00000000e2b00000, 0x00000000e2b00000| Untracked 
|  44|0x00000000e2c00000, 0x00000000e2c00000, 0x00000000e2d00000|  0%| F|  |TAMS 0x00000000e2c00000, 0x00000000e2c00000| Untracked 
|  45|0x00000000e2d00000, 0x00000000e2d00000, 0x00000000e2e00000|  0%| F|  |TAMS 0x00000000e2d00000, 0x00000000e2d00000| Untracked 
|  46|0x00000000e2e00000, 0x00000000e2e00000, 0x00000000e2f00000|  0%| F|  |TAMS 0x00000000e2e00000, 0x00000000e2e00000| Untracked 
|  47|0x00000000e2f00000, 0x00000000e2f00000, 0x00000000e3000000|  0%| F|  |TAMS 0x00000000e2f00000, 0x00000000e2f00000| Untracked 
|  48|0x00000000e3000000, 0x00000000e3000000, 0x00000000e3100000|  0%| F|  |TAMS 0x00000000e3000000, 0x00000000e3000000| Untracked 
|  49|0x00000000e3100000, 0x00000000e3100000, 0x00000000e3200000|  0%| F|  |TAMS 0x00000000e3100000, 0x00000000e3100000| Untracked 
|  50|0x00000000e3200000, 0x00000000e3200000, 0x00000000e3300000|  0%| F|  |TAMS 0x00000000e3200000, 0x00000000e3200000| Untracked 
|  51|0x00000000e3300000, 0x00000000e3300000, 0x00000000e3400000|  0%| F|  |TAMS 0x00000000e3300000, 0x00000000e3300000| Untracked 
|  52|0x00000000e3400000, 0x00000000e3400000, 0x00000000e3500000|  0%| F|  |TAMS 0x00000000e3400000, 0x00000000e3400000| Untracked 
|  53|0x00000000e3500000, 0x00000000e3500000, 0x00000000e3600000|  0%| F|  |TAMS 0x00000000e3500000, 0x00000000e3500000| Untracked 
|  54|0x00000000e3600000, 0x00000000e3600000, 0x00000000e3700000|  0%| F|  |TAMS 0x00000000e3600000, 0x00000000e3600000| Untracked 
|  55|0x00000000e3700000, 0x00000000e3700000, 0x00000000e3800000|  0%| F|  |TAMS 0x00000000e3700000, 0x00000000e3700000| Untracked 
|  56|0x00000000e3800000, 0x00000000e3800000, 0x00000000e3900000|  0%| F|  |TAMS 0x00000000e3800000, 0x00000000e3800000| Untracked 
|  57|0x00000000e3900000, 0x00000000e3900000, 0x00000000e3a00000|  0%| F|  |TAMS 0x00000000e3900000, 0x00000000e3900000| Untracked 
|  58|0x00000000e3a00000, 0x00000000e3a00000, 0x00000000e3b00000|  0%| F|  |TAMS 0x00000000e3a00000, 0x00000000e3a00000| Untracked 
|  59|0x00000000e3b00000, 0x00000000e3b00000, 0x00000000e3c00000|  0%| F|  |TAMS 0x00000000e3b00000, 0x00000000e3b00000| Untracked 
|  60|0x00000000e3c00000, 0x00000000e3c00000, 0x00000000e3d00000|  0%| F|  |TAMS 0x00000000e3c00000, 0x00000000e3c00000| Untracked 
|  61|0x00000000e3d00000, 0x00000000e3d00000, 0x00000000e3e00000|  0%| F|  |TAMS 0x00000000e3d00000, 0x00000000e3d00000| Untracked 
|  62|0x00000000e3e00000, 0x00000000e3e00000, 0x00000000e3f00000|  0%| F|  |TAMS 0x00000000e3e00000, 0x00000000e3e00000| Untracked 
|  63|0x00000000e3f00000, 0x00000000e3f00000, 0x00000000e4000000|  0%| F|  |TAMS 0x00000000e3f00000, 0x00000000e3f00000| Untracked 
|  64|0x00000000e4000000, 0x00000000e4000000, 0x00000000e4100000|  0%| F|  |TAMS 0x00000000e4000000, 0x00000000e4000000| Untracked 
|  65|0x00000000e4100000, 0x00000000e4100000, 0x00000000e4200000|  0%| F|  |TAMS 0x00000000e4100000, 0x00000000e4100000| Untracked 
|  66|0x00000000e4200000, 0x00000000e4200000, 0x00000000e4300000|  0%| F|  |TAMS 0x00000000e4200000, 0x00000000e4200000| Untracked 
|  67|0x00000000e4300000, 0x00000000e4300000, 0x00000000e4400000|  0%| F|  |TAMS 0x00000000e4300000, 0x00000000e4300000| Untracked 
|  68|0x00000000e4400000, 0x00000000e4400000, 0x00000000e4500000|  0%| F|  |TAMS 0x00000000e4400000, 0x00000000e4400000| Untracked 
|  69|0x00000000e4500000, 0x00000000e4500000, 0x00000000e4600000|  0%| F|  |TAMS 0x00000000e4500000, 0x00000000e4500000| Untracked 
|  70|0x00000000e4600000, 0x00000000e4600000, 0x00000000e4700000|  0%| F|  |TAMS 0x00000000e4600000, 0x00000000e4600000| Untracked 
|  71|0x00000000e4700000, 0x00000000e4700000, 0x00000000e4800000|  0%| F|  |TAMS 0x00000000e4700000, 0x00000000e4700000| Untracked 
|  72|0x00000000e4800000, 0x00000000e4800000, 0x00000000e4900000|  0%| F|  |TAMS 0x00000000e4800000, 0x00000000e4800000| Untracked 
|  73|0x00000000e4900000, 0x00000000e4900000, 0x00000000e4a00000|  0%| F|  |TAMS 0x00000000e4900000, 0x00000000e4900000| Untracked 
|  74|0x00000000e4a00000, 0x00000000e4a00000, 0x00000000e4b00000|  0%| F|  |TAMS 0x00000000e4a00000, 0x00000000e4a00000| Untracked 
|  75|0x00000000e4b00000, 0x00000000e4b00000, 0x00000000e4c00000|  0%| F|  |TAMS 0x00000000e4b00000, 0x00000000e4b00000| Untracked 
|  76|0x00000000e4c00000, 0x00000000e4c00000, 0x00000000e4d00000|  0%| F|  |TAMS 0x00000000e4c00000, 0x00000000e4c00000| Untracked 
|  77|0x00000000e4d00000, 0x00000000e4d00000, 0x00000000e4e00000|  0%| F|  |TAMS 0x00000000e4d00000, 0x00000000e4d00000| Untracked 
|  78|0x00000000e4e00000, 0x00000000e4e00000, 0x00000000e4f00000|  0%| F|  |TAMS 0x00000000e4e00000, 0x00000000e4e00000| Untracked 
|  79|0x00000000e4f00000, 0x00000000e4f00000, 0x00000000e5000000|  0%| F|  |TAMS 0x00000000e4f00000, 0x00000000e4f00000| Untracked 
|  80|0x00000000e5000000, 0x00000000e5000000, 0x00000000e5100000|  0%| F|  |TAMS 0x00000000e5000000, 0x00000000e5000000| Untracked 
|  81|0x00000000e5100000, 0x00000000e5100000, 0x00000000e5200000|  0%| F|  |TAMS 0x00000000e5100000, 0x00000000e5100000| Untracked 
|  82|0x00000000e5200000, 0x00000000e5200000, 0x00000000e5300000|  0%| F|  |TAMS 0x00000000e5200000, 0x00000000e5200000| Untracked 
|  83|0x00000000e5300000, 0x00000000e5300000, 0x00000000e5400000|  0%| F|  |TAMS 0x00000000e5300000, 0x00000000e5300000| Untracked 
|  84|0x00000000e5400000, 0x00000000e5400000, 0x00000000e5500000|  0%| F|  |TAMS 0x00000000e5400000, 0x00000000e5400000| Untracked 
|  85|0x00000000e5500000, 0x00000000e5500000, 0x00000000e5600000|  0%| F|  |TAMS 0x00000000e5500000, 0x00000000e5500000| Untracked 
|  86|0x00000000e5600000, 0x00000000e5600000, 0x00000000e5700000|  0%| F|  |TAMS 0x00000000e5600000, 0x00000000e5600000| Untracked 
|  87|0x00000000e5700000, 0x00000000e5700000, 0x00000000e5800000|  0%| F|  |TAMS 0x00000000e5700000, 0x00000000e5700000| Untracked 
|  88|0x00000000e5800000, 0x00000000e5800000, 0x00000000e5900000|  0%| F|  |TAMS 0x00000000e5800000, 0x00000000e5800000| Untracked 
|  89|0x00000000e5900000, 0x00000000e5900000, 0x00000000e5a00000|  0%| F|  |TAMS 0x00000000e5900000, 0x00000000e5900000| Untracked 
|  90|0x00000000e5a00000, 0x00000000e5a00000, 0x00000000e5b00000|  0%| F|  |TAMS 0x00000000e5a00000, 0x00000000e5a00000| Untracked 
|  91|0x00000000e5b00000, 0x00000000e5b00000, 0x00000000e5c00000|  0%| F|  |TAMS 0x00000000e5b00000, 0x00000000e5b00000| Untracked 
|  92|0x00000000e5c00000, 0x00000000e5c00000, 0x00000000e5d00000|  0%| F|  |TAMS 0x00000000e5c00000, 0x00000000e5c00000| Untracked 
|  93|0x00000000e5d00000, 0x00000000e5d00000, 0x00000000e5e00000|  0%| F|  |TAMS 0x00000000e5d00000, 0x00000000e5d00000| Untracked 
|  94|0x00000000e5e00000, 0x00000000e5e00000, 0x00000000e5f00000|  0%| F|  |TAMS 0x00000000e5e00000, 0x00000000e5e00000| Untracked 
|  95|0x00000000e5f00000, 0x00000000e5f00000, 0x00000000e6000000|  0%| F|  |TAMS 0x00000000e5f00000, 0x00000000e5f00000| Untracked 
|  96|0x00000000e6000000, 0x00000000e6000000, 0x00000000e6100000|  0%| F|  |TAMS 0x00000000e6000000, 0x00000000e6000000| Untracked 
|  97|0x00000000e6100000, 0x00000000e6100000, 0x00000000e6200000|  0%| F|  |TAMS 0x00000000e6100000, 0x00000000e6100000| Untracked 
|  98|0x00000000e6200000, 0x00000000e6200000, 0x00000000e6300000|  0%| F|  |TAMS 0x00000000e6200000, 0x00000000e6200000| Untracked 
|  99|0x00000000e6300000, 0x00000000e6300000, 0x00000000e6400000|  0%| F|  |TAMS 0x00000000e6300000, 0x00000000e6300000| Untracked 
| 100|0x00000000e6400000, 0x00000000e6400000, 0x00000000e6500000|  0%| F|  |TAMS 0x00000000e6400000, 0x00000000e6400000| Untracked 
| 101|0x00000000e6500000, 0x00000000e6500000, 0x00000000e6600000|  0%| F|  |TAMS 0x00000000e6500000, 0x00000000e6500000| Untracked 
| 102|0x00000000e6600000, 0x00000000e6600000, 0x00000000e6700000|  0%| F|  |TAMS 0x00000000e6600000, 0x00000000e6600000| Untracked 
| 103|0x00000000e6700000, 0x00000000e6700000, 0x00000000e6800000|  0%| F|  |TAMS 0x00000000e6700000, 0x00000000e6700000| Untracked 
| 104|0x00000000e6800000, 0x00000000e6800000, 0x00000000e6900000|  0%| F|  |TAMS 0x00000000e6800000, 0x00000000e6800000| Untracked 
| 105|0x00000000e6900000, 0x00000000e6900000, 0x00000000e6a00000|  0%| F|  |TAMS 0x00000000e6900000, 0x00000000e6900000| Untracked 
| 106|0x00000000e6a00000, 0x00000000e6a00000, 0x00000000e6b00000|  0%| F|  |TAMS 0x00000000e6a00000, 0x00000000e6a00000| Untracked 
| 107|0x00000000e6b00000, 0x00000000e6b00000, 0x00000000e6c00000|  0%| F|  |TAMS 0x00000000e6b00000, 0x00000000e6b00000| Untracked 
| 108|0x00000000e6c00000, 0x00000000e6c00000, 0x00000000e6d00000|  0%| F|  |TAMS 0x00000000e6c00000, 0x00000000e6c00000| Untracked 
| 109|0x00000000e6d00000, 0x00000000e6d00000, 0x00000000e6e00000|  0%| F|  |TAMS 0x00000000e6d00000, 0x00000000e6d00000| Untracked 
| 110|0x00000000e6e00000, 0x00000000e6e00000, 0x00000000e6f00000|  0%| F|  |TAMS 0x00000000e6e00000, 0x00000000e6e00000| Untracked 
| 111|0x00000000e6f00000, 0x00000000e6f00000, 0x00000000e7000000|  0%| F|  |TAMS 0x00000000e6f00000, 0x00000000e6f00000| Untracked 
| 112|0x00000000e7000000, 0x00000000e7000000, 0x00000000e7100000|  0%| F|  |TAMS 0x00000000e7000000, 0x00000000e7000000| Untracked 
| 113|0x00000000e7100000, 0x00000000e7100000, 0x00000000e7200000|  0%| F|  |TAMS 0x00000000e7100000, 0x00000000e7100000| Untracked 
| 114|0x00000000e7200000, 0x00000000e7200000, 0x00000000e7300000|  0%| F|  |TAMS 0x00000000e7200000, 0x00000000e7200000| Untracked 
| 115|0x00000000e7300000, 0x00000000e7300000, 0x00000000e7400000|  0%| F|  |TAMS 0x00000000e7300000, 0x00000000e7300000| Untracked 
| 116|0x00000000e7400000, 0x00000000e7400000, 0x00000000e7500000|  0%| F|  |TAMS 0x00000000e7400000, 0x00000000e7400000| Untracked 
| 117|0x00000000e7500000, 0x00000000e7500000, 0x00000000e7600000|  0%| F|  |TAMS 0x00000000e7500000, 0x00000000e7500000| Untracked 
| 118|0x00000000e7600000, 0x00000000e7600000, 0x00000000e7700000|  0%| F|  |TAMS 0x00000000e7600000, 0x00000000e7600000| Untracked 
| 119|0x00000000e7700000, 0x00000000e7700000, 0x00000000e7800000|  0%| F|  |TAMS 0x00000000e7700000, 0x00000000e7700000| Untracked 
| 120|0x00000000e7800000, 0x00000000e7800000, 0x00000000e7900000|  0%| F|  |TAMS 0x00000000e7800000, 0x00000000e7800000| Untracked 
| 121|0x00000000e7900000, 0x00000000e7900000, 0x00000000e7a00000|  0%| F|  |TAMS 0x00000000e7900000, 0x00000000e7900000| Untracked 
| 122|0x00000000e7a00000, 0x00000000e7a00000, 0x00000000e7b00000|  0%| F|  |TAMS 0x00000000e7a00000, 0x00000000e7a00000| Untracked 
| 123|0x00000000e7b00000, 0x00000000e7b00000, 0x00000000e7c00000|  0%| F|  |TAMS 0x00000000e7b00000, 0x00000000e7b00000| Untracked 
| 124|0x00000000e7c00000, 0x00000000e7c00000, 0x00000000e7d00000|  0%| F|  |TAMS 0x00000000e7c00000, 0x00000000e7c00000| Untracked 
| 125|0x00000000e7d00000, 0x00000000e7d00000, 0x00000000e7e00000|  0%| F|  |TAMS 0x00000000e7d00000, 0x00000000e7d00000| Untracked 
| 126|0x00000000e7e00000, 0x00000000e7e00000, 0x00000000e7f00000|  0%| F|  |TAMS 0x00000000e7e00000, 0x00000000e7e00000| Untracked 
| 127|0x00000000e7f00000, 0x00000000e7f00000, 0x00000000e8000000|  0%| F|  |TAMS 0x00000000e7f00000, 0x00000000e7f00000| Untracked 
| 128|0x00000000e8000000, 0x00000000e8000000, 0x00000000e8100000|  0%| F|  |TAMS 0x00000000e8000000, 0x00000000e8000000| Untracked 
| 129|0x00000000e8100000, 0x00000000e8100000, 0x00000000e8200000|  0%| F|  |TAMS 0x00000000e8100000, 0x00000000e8100000| Untracked 
| 130|0x00000000e8200000, 0x00000000e8200000, 0x00000000e8300000|  0%| F|  |TAMS 0x00000000e8200000, 0x00000000e8200000| Untracked 
| 131|0x00000000e8300000, 0x00000000e8300000, 0x00000000e8400000|  0%| F|  |TAMS 0x00000000e8300000, 0x00000000e8300000| Untracked 
| 132|0x00000000e8400000, 0x00000000e8400000, 0x00000000e8500000|  0%| F|  |TAMS 0x00000000e8400000, 0x00000000e8400000| Untracked 
| 133|0x00000000e8500000, 0x00000000e8500000, 0x00000000e8600000|  0%| F|  |TAMS 0x00000000e8500000, 0x00000000e8500000| Untracked 
| 134|0x00000000e8600000, 0x00000000e8600000, 0x00000000e8700000|  0%| F|  |TAMS 0x00000000e8600000, 0x00000000e8600000| Untracked 
| 135|0x00000000e8700000, 0x00000000e8700000, 0x00000000e8800000|  0%| F|  |TAMS 0x00000000e8700000, 0x00000000e8700000| Untracked 
| 136|0x00000000e8800000, 0x00000000e8800000, 0x00000000e8900000|  0%| F|  |TAMS 0x00000000e8800000, 0x00000000e8800000| Untracked 
| 137|0x00000000e8900000, 0x00000000e8900000, 0x00000000e8a00000|  0%| F|  |TAMS 0x00000000e8900000, 0x00000000e8900000| Untracked 
| 138|0x00000000e8a00000, 0x00000000e8a00000, 0x00000000e8b00000|  0%| F|  |TAMS 0x00000000e8a00000, 0x00000000e8a00000| Untracked 
| 139|0x00000000e8b00000, 0x00000000e8b00000, 0x00000000e8c00000|  0%| F|  |TAMS 0x00000000e8b00000, 0x00000000e8b00000| Untracked 
| 140|0x00000000e8c00000, 0x00000000e8c00000, 0x00000000e8d00000|  0%| F|  |TAMS 0x00000000e8c00000, 0x00000000e8c00000| Untracked 
| 141|0x00000000e8d00000, 0x00000000e8d00000, 0x00000000e8e00000|  0%| F|  |TAMS 0x00000000e8d00000, 0x00000000e8d00000| Untracked 
| 142|0x00000000e8e00000, 0x00000000e8e00000, 0x00000000e8f00000|  0%| F|  |TAMS 0x00000000e8e00000, 0x00000000e8e00000| Untracked 
| 143|0x00000000e8f00000, 0x00000000e8f00000, 0x00000000e9000000|  0%| F|  |TAMS 0x00000000e8f00000, 0x00000000e8f00000| Untracked 
| 144|0x00000000e9000000, 0x00000000e9000000, 0x00000000e9100000|  0%| F|  |TAMS 0x00000000e9000000, 0x00000000e9000000| Untracked 
| 145|0x00000000e9100000, 0x00000000e9100000, 0x00000000e9200000|  0%| F|  |TAMS 0x00000000e9100000, 0x00000000e9100000| Untracked 
| 146|0x00000000e9200000, 0x00000000e9200000, 0x00000000e9300000|  0%| F|  |TAMS 0x00000000e9200000, 0x00000000e9200000| Untracked 
| 147|0x00000000e9300000, 0x00000000e9300000, 0x00000000e9400000|  0%| F|  |TAMS 0x00000000e9300000, 0x00000000e9300000| Untracked 
| 148|0x00000000e9400000, 0x00000000e94b13d8, 0x00000000e9500000| 69%| E|  |TAMS 0x00000000e9400000, 0x00000000e9400000| Complete 
| 149|0x00000000e9500000, 0x00000000e9600000, 0x00000000e9600000|100%| E|  |TAMS 0x00000000e9500000, 0x00000000e9500000| Complete 
| 150|0x00000000e9600000, 0x00000000e9700000, 0x00000000e9700000|100%| E|CS|TAMS 0x00000000e9600000, 0x00000000e9600000| Complete 
| 151|0x00000000e9700000, 0x00000000e9800000, 0x00000000e9800000|100%| E|CS|TAMS 0x00000000e9700000, 0x00000000e9700000| Complete 
| 152|0x00000000e9800000, 0x00000000e9900000, 0x00000000e9900000|100%| E|CS|TAMS 0x00000000e9800000, 0x00000000e9800000| Complete 
| 153|0x00000000e9900000, 0x00000000e9a00000, 0x00000000e9a00000|100%| E|CS|TAMS 0x00000000e9900000, 0x00000000e9900000| Complete 
| 154|0x00000000e9a00000, 0x00000000e9b00000, 0x00000000e9b00000|100%| E|CS|TAMS 0x00000000e9a00000, 0x00000000e9a00000| Complete 
| 155|0x00000000e9b00000, 0x00000000e9c00000, 0x00000000e9c00000|100%| E|CS|TAMS 0x00000000e9b00000, 0x00000000e9b00000| Complete 
| 156|0x00000000e9c00000, 0x00000000e9d00000, 0x00000000e9d00000|100%| E|CS|TAMS 0x00000000e9c00000, 0x00000000e9c00000| Complete 
| 157|0x00000000e9d00000, 0x00000000e9e00000, 0x00000000e9e00000|100%| E|CS|TAMS 0x00000000e9d00000, 0x00000000e9d00000| Complete 
| 158|0x00000000e9e00000, 0x00000000e9f00000, 0x00000000e9f00000|100%| E|CS|TAMS 0x00000000e9e00000, 0x00000000e9e00000| Complete 
| 159|0x00000000e9f00000, 0x00000000ea000000, 0x00000000ea000000|100%| E|CS|TAMS 0x00000000e9f00000, 0x00000000e9f00000| Complete 
| 160|0x00000000ea000000, 0x00000000ea100000, 0x00000000ea100000|100%| E|CS|TAMS 0x00000000ea000000, 0x00000000ea000000| Complete 
| 161|0x00000000ea100000, 0x00000000ea200000, 0x00000000ea200000|100%| E|CS|TAMS 0x00000000ea100000, 0x00000000ea100000| Complete 
| 162|0x00000000ea200000, 0x00000000ea300000, 0x00000000ea300000|100%| E|CS|TAMS 0x00000000ea200000, 0x00000000ea200000| Complete 
| 163|0x00000000ea300000, 0x00000000ea400000, 0x00000000ea400000|100%| E|CS|TAMS 0x00000000ea300000, 0x00000000ea300000| Complete 
| 164|0x00000000ea400000, 0x00000000ea500000, 0x00000000ea500000|100%| E|CS|TAMS 0x00000000ea400000, 0x00000000ea400000| Complete 
| 165|0x00000000ea500000, 0x00000000ea600000, 0x00000000ea600000|100%| E|CS|TAMS 0x00000000ea500000, 0x00000000ea500000| Complete 
| 166|0x00000000ea600000, 0x00000000ea700000, 0x00000000ea700000|100%| E|CS|TAMS 0x00000000ea600000, 0x00000000ea600000| Complete 
| 167|0x00000000ea700000, 0x00000000ea800000, 0x00000000ea800000|100%| E|CS|TAMS 0x00000000ea700000, 0x00000000ea700000| Complete 
| 168|0x00000000ea800000, 0x00000000ea900000, 0x00000000ea900000|100%| E|CS|TAMS 0x00000000ea800000, 0x00000000ea800000| Complete 
| 169|0x00000000ea900000, 0x00000000eaa00000, 0x00000000eaa00000|100%| E|CS|TAMS 0x00000000ea900000, 0x00000000ea900000| Complete 
| 170|0x00000000eaa00000, 0x00000000eab00000, 0x00000000eab00000|100%| E|CS|TAMS 0x00000000eaa00000, 0x00000000eaa00000| Complete 
| 171|0x00000000eab00000, 0x00000000eac00000, 0x00000000eac00000|100%| E|CS|TAMS 0x00000000eab00000, 0x00000000eab00000| Complete 
| 172|0x00000000eac00000, 0x00000000ead00000, 0x00000000ead00000|100%| E|CS|TAMS 0x00000000eac00000, 0x00000000eac00000| Complete 
| 173|0x00000000ead00000, 0x00000000eae00000, 0x00000000eae00000|100%| E|CS|TAMS 0x00000000ead00000, 0x00000000ead00000| Complete 
| 174|0x00000000eae00000, 0x00000000eaf00000, 0x00000000eaf00000|100%| E|CS|TAMS 0x00000000eae00000, 0x00000000eae00000| Complete 
| 175|0x00000000eaf00000, 0x00000000eb000000, 0x00000000eb000000|100%| E|CS|TAMS 0x00000000eaf00000, 0x00000000eaf00000| Complete 
| 176|0x00000000eb000000, 0x00000000eb100000, 0x00000000eb100000|100%| E|CS|TAMS 0x00000000eb000000, 0x00000000eb000000| Complete 
| 177|0x00000000eb100000, 0x00000000eb200000, 0x00000000eb200000|100%| E|CS|TAMS 0x00000000eb100000, 0x00000000eb100000| Complete 
| 178|0x00000000eb200000, 0x00000000eb300000, 0x00000000eb300000|100%| E|CS|TAMS 0x00000000eb200000, 0x00000000eb200000| Complete 
| 179|0x00000000eb300000, 0x00000000eb400000, 0x00000000eb400000|100%| E|CS|TAMS 0x00000000eb300000, 0x00000000eb300000| Complete 
| 180|0x00000000eb400000, 0x00000000eb500000, 0x00000000eb500000|100%| E|CS|TAMS 0x00000000eb400000, 0x00000000eb400000| Complete 
| 181|0x00000000eb500000, 0x00000000eb600000, 0x00000000eb600000|100%| E|CS|TAMS 0x00000000eb500000, 0x00000000eb500000| Complete 
| 182|0x00000000eb600000, 0x00000000eb700000, 0x00000000eb700000|100%| E|CS|TAMS 0x00000000eb600000, 0x00000000eb600000| Complete 
| 183|0x00000000eb700000, 0x00000000eb800000, 0x00000000eb800000|100%| E|CS|TAMS 0x00000000eb700000, 0x00000000eb700000| Complete 
| 184|0x00000000eb800000, 0x00000000eb900000, 0x00000000eb900000|100%| E|CS|TAMS 0x00000000eb800000, 0x00000000eb800000| Complete 
| 185|0x00000000eb900000, 0x00000000eba00000, 0x00000000eba00000|100%| E|CS|TAMS 0x00000000eb900000, 0x00000000eb900000| Complete 
| 186|0x00000000eba00000, 0x00000000ebb00000, 0x00000000ebb00000|100%| E|CS|TAMS 0x00000000eba00000, 0x00000000eba00000| Complete 
| 187|0x00000000ebb00000, 0x00000000ebc00000, 0x00000000ebc00000|100%| E|CS|TAMS 0x00000000ebb00000, 0x00000000ebb00000| Complete 
| 188|0x00000000ebc00000, 0x00000000ebd00000, 0x00000000ebd00000|100%| E|CS|TAMS 0x00000000ebc00000, 0x00000000ebc00000| Complete 
| 189|0x00000000ebd00000, 0x00000000ebe00000, 0x00000000ebe00000|100%| E|CS|TAMS 0x00000000ebd00000, 0x00000000ebd00000| Complete 
| 190|0x00000000ebe00000, 0x00000000ebf00000, 0x00000000ebf00000|100%| E|CS|TAMS 0x00000000ebe00000, 0x00000000ebe00000| Complete 
| 191|0x00000000ebf00000, 0x00000000ec000000, 0x00000000ec000000|100%| E|CS|TAMS 0x00000000ebf00000, 0x00000000ebf00000| Complete 
| 192|0x00000000ec000000, 0x00000000ec100000, 0x00000000ec100000|100%| E|CS|TAMS 0x00000000ec000000, 0x00000000ec000000| Complete 
| 193|0x00000000ec100000, 0x00000000ec200000, 0x00000000ec200000|100%| E|CS|TAMS 0x00000000ec100000, 0x00000000ec100000| Complete 
| 194|0x00000000ec200000, 0x00000000ec300000, 0x00000000ec300000|100%| E|CS|TAMS 0x00000000ec200000, 0x00000000ec200000| Complete 
| 195|0x00000000ec300000, 0x00000000ec400000, 0x00000000ec400000|100%| E|CS|TAMS 0x00000000ec300000, 0x00000000ec300000| Complete 
| 196|0x00000000ec400000, 0x00000000ec500000, 0x00000000ec500000|100%| E|CS|TAMS 0x00000000ec400000, 0x00000000ec400000| Complete 
| 197|0x00000000ec500000, 0x00000000ec600000, 0x00000000ec600000|100%| E|CS|TAMS 0x00000000ec500000, 0x00000000ec500000| Complete 
| 198|0x00000000ec600000, 0x00000000ec700000, 0x00000000ec700000|100%| E|CS|TAMS 0x00000000ec600000, 0x00000000ec600000| Complete 
| 199|0x00000000ec700000, 0x00000000ec800000, 0x00000000ec800000|100%| E|CS|TAMS 0x00000000ec700000, 0x00000000ec700000| Complete 
| 200|0x00000000ec800000, 0x00000000ec900000, 0x00000000ec900000|100%| E|CS|TAMS 0x00000000ec800000, 0x00000000ec800000| Complete 
| 201|0x00000000ec900000, 0x00000000eca00000, 0x00000000eca00000|100%| E|CS|TAMS 0x00000000ec900000, 0x00000000ec900000| Complete 
| 202|0x00000000eca00000, 0x00000000ecb00000, 0x00000000ecb00000|100%| E|CS|TAMS 0x00000000eca00000, 0x00000000eca00000| Complete 
| 203|0x00000000ecb00000, 0x00000000ecc00000, 0x00000000ecc00000|100%| E|CS|TAMS 0x00000000ecb00000, 0x00000000ecb00000| Complete 
| 204|0x00000000ecc00000, 0x00000000ecd00000, 0x00000000ecd00000|100%| E|CS|TAMS 0x00000000ecc00000, 0x00000000ecc00000| Complete 
| 205|0x00000000ecd00000, 0x00000000ece00000, 0x00000000ece00000|100%| E|CS|TAMS 0x00000000ecd00000, 0x00000000ecd00000| Complete 
| 206|0x00000000ece00000, 0x00000000ecf00000, 0x00000000ecf00000|100%| E|CS|TAMS 0x00000000ece00000, 0x00000000ece00000| Complete 
| 207|0x00000000ecf00000, 0x00000000ed000000, 0x00000000ed000000|100%| E|CS|TAMS 0x00000000ecf00000, 0x00000000ecf00000| Complete 
| 208|0x00000000ed000000, 0x00000000ed100000, 0x00000000ed100000|100%| E|CS|TAMS 0x00000000ed000000, 0x00000000ed000000| Complete 
| 209|0x00000000ed100000, 0x00000000ed200000, 0x00000000ed200000|100%| E|CS|TAMS 0x00000000ed100000, 0x00000000ed100000| Complete 
| 210|0x00000000ed200000, 0x00000000ed300000, 0x00000000ed300000|100%| E|CS|TAMS 0x00000000ed200000, 0x00000000ed200000| Complete 
| 211|0x00000000ed300000, 0x00000000ed400000, 0x00000000ed400000|100%| E|CS|TAMS 0x00000000ed300000, 0x00000000ed300000| Complete 
| 212|0x00000000ed400000, 0x00000000ed500000, 0x00000000ed500000|100%| E|CS|TAMS 0x00000000ed400000, 0x00000000ed400000| Complete 
| 213|0x00000000ed500000, 0x00000000ed600000, 0x00000000ed600000|100%| E|CS|TAMS 0x00000000ed500000, 0x00000000ed500000| Complete 
| 214|0x00000000ed600000, 0x00000000ed700000, 0x00000000ed700000|100%| E|CS|TAMS 0x00000000ed600000, 0x00000000ed600000| Complete 
| 215|0x00000000ed700000, 0x00000000ed800000, 0x00000000ed800000|100%| E|CS|TAMS 0x00000000ed700000, 0x00000000ed700000| Complete 
| 216|0x00000000ed800000, 0x00000000ed900000, 0x00000000ed900000|100%| E|CS|TAMS 0x00000000ed800000, 0x00000000ed800000| Complete 
| 217|0x00000000ed900000, 0x00000000eda00000, 0x00000000eda00000|100%| E|CS|TAMS 0x00000000ed900000, 0x00000000ed900000| Complete 
| 218|0x00000000eda00000, 0x00000000edb00000, 0x00000000edb00000|100%| E|CS|TAMS 0x00000000eda00000, 0x00000000eda00000| Complete 
| 219|0x00000000edb00000, 0x00000000edc00000, 0x00000000edc00000|100%| E|CS|TAMS 0x00000000edb00000, 0x00000000edb00000| Complete 
| 220|0x00000000edc00000, 0x00000000edd00000, 0x00000000edd00000|100%| E|CS|TAMS 0x00000000edc00000, 0x00000000edc00000| Complete 
| 221|0x00000000edd00000, 0x00000000ede00000, 0x00000000ede00000|100%| E|CS|TAMS 0x00000000edd00000, 0x00000000edd00000| Complete 
| 222|0x00000000ede00000, 0x00000000edf00000, 0x00000000edf00000|100%| E|CS|TAMS 0x00000000ede00000, 0x00000000ede00000| Complete 
| 223|0x00000000edf00000, 0x00000000ee000000, 0x00000000ee000000|100%| E|CS|TAMS 0x00000000edf00000, 0x00000000edf00000| Complete 
| 224|0x00000000ee000000, 0x00000000ee100000, 0x00000000ee100000|100%| E|CS|TAMS 0x00000000ee000000, 0x00000000ee000000| Complete 
| 225|0x00000000ee100000, 0x00000000ee200000, 0x00000000ee200000|100%| E|CS|TAMS 0x00000000ee100000, 0x00000000ee100000| Complete 
| 226|0x00000000ee200000, 0x00000000ee300000, 0x00000000ee300000|100%| E|CS|TAMS 0x00000000ee200000, 0x00000000ee200000| Complete 
| 227|0x00000000ee300000, 0x00000000ee400000, 0x00000000ee400000|100%| E|CS|TAMS 0x00000000ee300000, 0x00000000ee300000| Complete 
| 228|0x00000000ee400000, 0x00000000ee4acd80, 0x00000000ee500000| 67%| S|CS|TAMS 0x00000000ee400000, 0x00000000ee400000| Complete 
| 229|0x00000000ee500000, 0x00000000ee600000, 0x00000000ee600000|100%| E|CS|TAMS 0x00000000ee500000, 0x00000000ee500000| Complete 
| 230|0x00000000ee600000, 0x00000000ee700000, 0x00000000ee700000|100%| E|CS|TAMS 0x00000000ee600000, 0x00000000ee600000| Complete 
| 231|0x00000000ee700000, 0x00000000ee800000, 0x00000000ee800000|100%| E|CS|TAMS 0x00000000ee700000, 0x00000000ee700000| Complete 
| 232|0x00000000ee800000, 0x00000000ee900000, 0x00000000ee900000|100%| E|CS|TAMS 0x00000000ee800000, 0x00000000ee800000| Complete 
| 233|0x00000000ee900000, 0x00000000eea00000, 0x00000000eea00000|100%| E|CS|TAMS 0x00000000ee900000, 0x00000000ee900000| Complete 
| 234|0x00000000eea00000, 0x00000000eeb00000, 0x00000000eeb00000|100%| E|CS|TAMS 0x00000000eea00000, 0x00000000eea00000| Complete 
| 235|0x00000000eeb00000, 0x00000000eec00000, 0x00000000eec00000|100%| E|CS|TAMS 0x00000000eeb00000, 0x00000000eeb00000| Complete 
| 236|0x00000000eec00000, 0x00000000eed00000, 0x00000000eed00000|100%| E|CS|TAMS 0x00000000eec00000, 0x00000000eec00000| Complete 
| 237|0x00000000eed00000, 0x00000000eee00000, 0x00000000eee00000|100%| E|CS|TAMS 0x00000000eed00000, 0x00000000eed00000| Complete 
| 238|0x00000000eee00000, 0x00000000eef00000, 0x00000000eef00000|100%| E|CS|TAMS 0x00000000eee00000, 0x00000000eee00000| Complete 
| 239|0x00000000eef00000, 0x00000000ef000000, 0x00000000ef000000|100%| E|CS|TAMS 0x00000000eef00000, 0x00000000eef00000| Complete 
| 240|0x00000000ef000000, 0x00000000ef100000, 0x00000000ef100000|100%| E|CS|TAMS 0x00000000ef000000, 0x00000000ef000000| Complete 
| 241|0x00000000ef100000, 0x00000000ef200000, 0x00000000ef200000|100%| E|CS|TAMS 0x00000000ef100000, 0x00000000ef100000| Complete 
| 242|0x00000000ef200000, 0x00000000ef300000, 0x00000000ef300000|100%| E|CS|TAMS 0x00000000ef200000, 0x00000000ef200000| Complete 
| 243|0x00000000ef300000, 0x00000000ef400000, 0x00000000ef400000|100%| E|CS|TAMS 0x00000000ef300000, 0x00000000ef300000| Complete 
| 244|0x00000000ef400000, 0x00000000ef500000, 0x00000000ef500000|100%| E|CS|TAMS 0x00000000ef400000, 0x00000000ef400000| Complete 
| 245|0x00000000ef500000, 0x00000000ef600000, 0x00000000ef600000|100%| E|CS|TAMS 0x00000000ef500000, 0x00000000ef500000| Complete 
| 246|0x00000000ef600000, 0x00000000ef700000, 0x00000000ef700000|100%| E|CS|TAMS 0x00000000ef600000, 0x00000000ef600000| Complete 
| 247|0x00000000ef700000, 0x00000000ef800000, 0x00000000ef800000|100%| E|CS|TAMS 0x00000000ef700000, 0x00000000ef700000| Complete 
| 248|0x00000000ef800000, 0x00000000ef900000, 0x00000000ef900000|100%| E|CS|TAMS 0x00000000ef800000, 0x00000000ef800000| Complete 
| 249|0x00000000ef900000, 0x00000000efa00000, 0x00000000efa00000|100%| E|CS|TAMS 0x00000000ef900000, 0x00000000ef900000| Complete 
| 250|0x00000000efa00000, 0x00000000efb00000, 0x00000000efb00000|100%| E|CS|TAMS 0x00000000efa00000, 0x00000000efa00000| Complete 
| 251|0x00000000efb00000, 0x00000000efc00000, 0x00000000efc00000|100%| E|CS|TAMS 0x00000000efb00000, 0x00000000efb00000| Complete 
| 252|0x00000000efc00000, 0x00000000efd00000, 0x00000000efd00000|100%| E|CS|TAMS 0x00000000efc00000, 0x00000000efc00000| Complete 
| 253|0x00000000efd00000, 0x00000000efe00000, 0x00000000efe00000|100%| E|CS|TAMS 0x00000000efd00000, 0x00000000efd00000| Complete 
| 254|0x00000000efe00000, 0x00000000eff00000, 0x00000000eff00000|100%| E|CS|TAMS 0x00000000efe00000, 0x00000000efe00000| Complete 
| 255|0x00000000eff00000, 0x00000000f0000000, 0x00000000f0000000|100%| E|CS|TAMS 0x00000000eff00000, 0x00000000eff00000| Complete 

Card table byte_map: [0x000002547b960000,0x000002547ba60000] _byte_map_base: 0x000002547b260000

Marking Bits (Prev, Next): (CMBitMap*) 0x0000025464e68330, (CMBitMap*) 0x0000025464e68370
 Prev Bits: [0x000002547bb60000, 0x000002547c360000)
 Next Bits: [0x000002547c360000, 0x000002547cb60000)

Polling page: 0x0000025462860000

Metaspace:

Usage:
  Non-class:     16.51 MB used.
      Class:      2.90 MB used.
       Both:     19.41 MB used.

Virtual space:
  Non-class space:       24.00 MB reserved,      16.69 MB ( 70%) committed,  3 nodes.
      Class space:      208.00 MB reserved,       3.06 MB (  1%) committed,  1 nodes.
             Both:      232.00 MB reserved,      19.75 MB (  9%) committed. 

Chunk freelists:
   Non-Class:  2.52 MB
       Class:  961.00 KB
        Both:  3.45 MB

MaxMetaspaceSize: 256.00 MB
CompressedClassSpaceSize: 208.00 MB
Initial GC threshold: 21.00 MB
Current GC threshold: 21.00 MB
CDS: on
MetaspaceReclaimPolicy: balanced
 - commit_granule_bytes: 65536.
 - commit_granule_words: 8192.
 - virtual_space_node_default_size: 1048576.
 - enlarge_chunks_in_place: 1.
 - new_chunks_are_fully_committed: 0.
 - uncommit_free_chunks: 1.
 - use_allocation_guard: 0.
 - handle_deallocations: 1.


Internal statistics:

num_allocs_failed_limit: 0.
num_arena_births: 296.
num_arena_deaths: 0.
num_vsnodes_births: 4.
num_vsnodes_deaths: 0.
num_space_committed: 316.
num_space_uncommitted: 0.
num_chunks_returned_to_freelist: 0.
num_chunks_taken_from_freelist: 1026.
num_chunk_merges: 0.
num_chunk_splits: 656.
num_chunks_enlarged: 453.
num_purges: 0.
num_inconsistent_stats: 0.

CodeHeap 'non-profiled nmethods': size=120000Kb used=1546Kb max_used=1546Kb free=118453Kb
 bounds [0x0000025474220000, 0x0000025474490000, 0x000002547b750000]
CodeHeap 'profiled nmethods': size=120000Kb used=5548Kb max_used=5548Kb free=114451Kb
 bounds [0x000002546ccf0000, 0x000002546d260000, 0x0000025474220000]
CodeHeap 'non-nmethods': size=5760Kb used=1219Kb max_used=1299Kb free=4540Kb
 bounds [0x000002546c750000, 0x000002546c9c0000, 0x000002546ccf0000]
 total_blobs=3190 nmethods=2660 adapters=442
 compilation: enabled
              stopped_count=0, restarted_count=0
 full_count=0

Compilation events (20 events):
Event: 15.561 Thread 0x000002547f2845c0 nmethod 2652 0x000002546d255110 code [0x000002546d255300, 0x000002546d255ab8]
Event: 15.561 Thread 0x000002547f2845c0 2653       3       java.net.URLStreamHandler::sameFile (136 bytes)
Event: 15.562 Thread 0x000002547f2845c0 nmethod 2653 0x000002546d255c90 code [0x000002546d255ec0, 0x000002546d256788]
Event: 15.562 Thread 0x000002547f2845c0 2651       3       java.io.ObjectInputStream$HandleTable::lookupException (29 bytes)
Event: 15.562 Thread 0x000002547f2845c0 nmethod 2651 0x000002546d256990 code [0x000002546d256b40, 0x000002546d256e58]
Event: 15.562 Thread 0x000002547f2845c0 2654       3       java.nio.file.Files::readAttributes (11 bytes)
Event: 15.562 Thread 0x000002547f2845c0 nmethod 2654 0x000002546d256f90 code [0x000002546d257140, 0x000002546d2573b8]
Event: 15.562 Thread 0x000002547f2845c0 2655       3       sun.nio.fs.WindowsFileSystemProvider::readAttributes (63 bytes)
Event: 15.563 Thread 0x000002547f2845c0 nmethod 2655 0x000002546d257590 code [0x000002546d257800, 0x000002546d2582b8]
Event: 15.563 Thread 0x000002547f2845c0 2656       3       sun.nio.fs.WindowsFileSystemProvider::getFileAttributeView (118 bytes)
Event: 15.564 Thread 0x000002547f2845c0 nmethod 2656 0x000002546d258610 code [0x000002546d258900, 0x000002546d259908]
Event: 15.564 Thread 0x000002547f2845c0 2657       3       sun.nio.fs.WindowsFileAttributeViews$Basic::readAttributes (5 bytes)
Event: 15.564 Thread 0x000002547f2845c0 nmethod 2657 0x000002546d259e10 code [0x000002546d25a000, 0x000002546d25a5c8]
Event: 15.564 Thread 0x000002547f2845c0 2658   !   3       sun.nio.fs.WindowsFileAttributeViews$Basic::readAttributes (30 bytes)
Event: 15.565 Thread 0x000002547f2845c0 nmethod 2658 0x000002546d25a790 code [0x000002546d25a980, 0x000002546d25aec8]
Event: 15.565 Thread 0x000002547f2845c0 2659       1       java.util.stream.ReferencePipeline$StatelessOp::opIsStateful (2 bytes)
Event: 15.566 Thread 0x000002547f2845c0 nmethod 2659 0x00000254743a2410 code [0x00000254743a25a0, 0x00000254743a2678]
Event: 15.566 Thread 0x000002547f2845c0 2660       1       java.util.Spliterators$ArraySpliterator::characteristics (5 bytes)
Event: 15.566 Thread 0x000002547f2845c0 nmethod 2660 0x00000254743a2710 code [0x00000254743a28a0, 0x00000254743a2978]
Event: 15.566 Thread 0x000002547f27f2b0 2661   !   4       java.lang.ClassLoader::loadClass (121 bytes)

GC Heap History (4 events):
Event: 2.394 GC heap before
{Heap before GC invocations=0 (full 0):
 garbage-first heap   total 262144K, used 24576K [0x00000000e0000000, 0x0000000100000000)
  region size 1024K, 21 young (21504K), 0 survivors (0K)
 Metaspace       used 2910K, committed 3072K, reserved 221184K
  class space    used 374K, committed 448K, reserved 212992K
}
Event: 2.399 GC heap after
{Heap after GC invocations=1 (full 0):
 garbage-first heap   total 262144K, used 10162K [0x00000000e0000000, 0x0000000100000000)
  region size 1024K, 3 young (3072K), 3 survivors (3072K)
 Metaspace       used 2910K, committed 3072K, reserved 221184K
  class space    used 374K, committed 448K, reserved 212992K
}
Event: 3.393 GC heap before
{Heap before GC invocations=1 (full 0):
 garbage-first heap   total 262144K, used 33714K [0x00000000e0000000, 0x0000000100000000)
  region size 1024K, 27 young (27648K), 3 survivors (3072K)
 Metaspace       used 3871K, committed 4032K, reserved 221184K
  class space    used 477K, committed 576K, reserved 212992K
}
Event: 3.396 GC heap after
{Heap after GC invocations=2 (full 0):
 garbage-first heap   total 262144K, used 11105K [0x00000000e0000000, 0x0000000100000000)
  region size 1024K, 1 young (1024K), 1 survivors (1024K)
 Metaspace       used 3871K, committed 4032K, reserved 221184K
  class space    used 477K, committed 576K, reserved 212992K
}

Deoptimization events (20 events):
Event: 7.278 Thread 0x00000254625ef990 Uncommon trap: trap_request=0xffffffc6 fr.pc=0x000002547434bc6c relative=0x00000000000061ec
Event: 7.278 Thread 0x00000254625ef990 Uncommon trap: reason=bimorphic_or_optimized_type_check action=maybe_recompile pc=0x000002547434bc6c method=java.lang.ClassLoader.loadClass(Ljava/lang/String;Z)Ljava/lang/Class; @ 38 c2
Event: 7.278 Thread 0x00000254625ef990 DEOPT PACKING pc=0x000002547434bc6c sp=0x0000006c728fbb90
Event: 7.278 Thread 0x00000254625ef990 DEOPT UNPACKING pc=0x000002546c7a23a3 sp=0x0000006c728fbc00 mode 2
Event: 7.281 Thread 0x00000254625ef990 Uncommon trap: trap_request=0xffffff45 fr.pc=0x0000025474360e9c relative=0x000000000000677c
Event: 7.281 Thread 0x00000254625ef990 Uncommon trap: reason=unstable_if action=reinterpret pc=0x0000025474360e9c method=java.net.URLClassLoader.getAndVerifyPackage(Ljava/lang/String;Ljava/util/jar/Manifest;Ljava/net/URL;)Ljava/lang/Package; @ 62 c2
Event: 7.281 Thread 0x00000254625ef990 DEOPT PACKING pc=0x0000025474360e9c sp=0x0000006c728fbb60
Event: 7.281 Thread 0x00000254625ef990 DEOPT UNPACKING pc=0x000002546c7a23a3 sp=0x0000006c728fb8d8 mode 2
Event: 7.283 Thread 0x00000254625ef990 Uncommon trap: trap_request=0xffffff45 fr.pc=0x0000025474377650 relative=0x0000000000006090
Event: 7.283 Thread 0x00000254625ef990 Uncommon trap: reason=unstable_if action=reinterpret pc=0x0000025474377650 method=java.net.URLClassLoader.getAndVerifyPackage(Ljava/lang/String;Ljava/util/jar/Manifest;Ljava/net/URL;)Ljava/lang/Package; @ 62 c2
Event: 7.283 Thread 0x00000254625ef990 DEOPT PACKING pc=0x0000025474377650 sp=0x0000006c728fb7c0
Event: 7.283 Thread 0x00000254625ef990 DEOPT UNPACKING pc=0x000002546c7a23a3 sp=0x0000006c728fb670 mode 2
Event: 8.362 Thread 0x00000254625ef990 DEOPT PACKING pc=0x000002546cdad1bd sp=0x0000006c728facf0
Event: 8.362 Thread 0x00000254625ef990 DEOPT UNPACKING pc=0x000002546c7a2b43 sp=0x0000006c728fa178 mode 0
Event: 9.351 Thread 0x00000254625ef990 DEOPT PACKING pc=0x000002546cf17f61 sp=0x0000006c728fad30
Event: 9.351 Thread 0x00000254625ef990 DEOPT UNPACKING pc=0x000002546c7a2b43 sp=0x0000006c728fa2b0 mode 0
Event: 15.540 Thread 0x00000254625ef990 Uncommon trap: trap_request=0xffffff45 fr.pc=0x0000025474397118 relative=0x00000000000034b8
Event: 15.540 Thread 0x00000254625ef990 Uncommon trap: reason=unstable_if action=reinterpret pc=0x0000025474397118 method=java.util.zip.ZipFile$Source.getMetaVersion(II)I @ 53 c2
Event: 15.540 Thread 0x00000254625ef990 DEOPT PACKING pc=0x0000025474397118 sp=0x0000006c728f8d20
Event: 15.540 Thread 0x00000254625ef990 DEOPT UNPACKING pc=0x000002546c7a23a3 sp=0x0000006c728f8c80 mode 2

Classes unloaded (0 events):
No events

Classes redefined (0 events):
No events

Internal exceptions (20 events):
Event: 6.446 Thread 0x00000254625ef990 Exception <a 'java/lang/NoSuchMethodError'{0x00000000e9f39a20}: 'int java.lang.invoke.DirectMethodHandle$Holder.invokeVirtual(java.lang.Object, java.lang.Object, java.lang.Object)'> (0x00000000e9f39a20) 
thrown [t:\workspace\open\src\hotspot\share\interpreter\linkResolver.cpp, line 766]
Event: 6.489 Thread 0x00000254625ef990 Exception <a 'java/lang/NoSuchMethodError'{0x00000000e9eb1130}: 'int java.lang.invoke.DirectMethodHandle$Holder.invokeStaticInit(java.lang.Object, java.lang.Object, java.lang.Object)'> (0x00000000e9eb1130) 
thrown [t:\workspace\open\src\hotspot\share\interpreter\linkResolver.cpp, line 766]
Event: 6.492 Thread 0x00000254625ef990 Exception <a 'java/lang/NoSuchMethodError'{0x00000000e9ec5628}: 'java.lang.Object java.lang.invoke.DirectMethodHandle$Holder.newInvokeSpecial(java.lang.Object, java.lang.Object, long)'> (0x00000000e9ec5628) 
thrown [t:\workspace\open\src\hotspot\share\interpreter\linkResolver.cpp, line 766]
Event: 6.492 Thread 0x00000254625ef990 Exception <a 'java/lang/NoSuchMethodError'{0x00000000e9ec9990}: 'java.lang.Object java.lang.invoke.Invokers$Holder.linkToTargetMethod(java.lang.Object, long, java.lang.Object)'> (0x00000000e9ec9990) 
thrown [t:\workspace\open\src\hotspot\share\interpreter\linkResolver.cpp, line 766]
Event: 6.528 Thread 0x00000254625ef990 Exception <a 'java/lang/NoSuchMethodError'{0x00000000e9de3028}: 'int java.lang.invoke.DirectMethodHandle$Holder.invokeInterface(java.lang.Object, java.lang.Object)'> (0x00000000e9de3028) 
thrown [t:\workspace\open\src\hotspot\share\interpreter\linkResolver.cpp, line 766]
Event: 6.535 Thread 0x00000254625ef990 Exception <a 'java/lang/NoSuchMethodError'{0x00000000e9c115e8}: 'java.lang.Object java.lang.invoke.DirectMethodHandle$Holder.invokeStatic(java.lang.Object, java.lang.Object, int, java.lang.Object)'> (0x00000000e9c115e8) 
thrown [t:\workspace\open\src\hotspot\share\interpreter\linkResolver.cpp, line 766]
Event: 6.536 Thread 0x00000254625ef990 Exception <a 'java/lang/NoSuchMethodError'{0x00000000e9c18c50}: 'java.lang.Object java.lang.invoke.DirectMethodHandle$Holder.newInvokeSpecial(java.lang.Object, java.lang.Object, int, java.lang.Object)'> (0x00000000e9c18c50) 
thrown [t:\workspace\open\src\hotspot\share\interpreter\linkResolver.cpp, line 766]
Event: 6.536 Thread 0x00000254625ef990 Exception <a 'java/lang/NoSuchMethodError'{0x00000000e9c1cfe8}: 'java.lang.Object java.lang.invoke.DirectMethodHandle$Holder.invokeSpecial(java.lang.Object, java.lang.Object, java.lang.Object, int, java.lang.Object)'> (0x00000000e9c1cfe8) 
thrown [t:\workspace\open\src\hotspot\share\interpreter\linkResolver.cpp, line 766]
Event: 7.279 Thread 0x00000254625ef990 Exception <a 'java/lang/NoSuchMethodError'{0x00000000e9ce6758}: static Lorg/gradle/tooling/internal/consumer/connection/InternalPhasedActionAdapter;.<clinit>()V> (0x00000000e9ce6758) 
thrown [t:\workspace\open\src\hotspot\share\prims\jni.cpp, line 1107]
Event: 7.286 Thread 0x00000254625ef990 Exception <a 'java/lang/NoSuchMethodError'{0x00000000e970e0a0}: static Lorg/gradle/tooling/internal/consumer/connection/InternalBuildActionAdapter;.<clinit>()V> (0x00000000e970e0a0) 
thrown [t:\workspace\open\src\hotspot\share\prims\jni.cpp, line 1107]
Event: 9.400 Thread 0x00000254625ef990 Exception <a 'java/lang/NoSuchMethodError'{0x00000000e961a248}: static Ljava/lang/Object;.<clinit>()V> (0x00000000e961a248) 
thrown [t:\workspace\open\src\hotspot\share\prims\jni.cpp, line 1107]
Event: 9.401 Thread 0x00000254625ef990 Exception <a 'java/lang/NoSuchMethodError'{0x00000000e96217f0}: static Lorg/jetbrains/plugins/gradle/model/ProjectImportActionWithCustomSerializer;.<clinit>()V> (0x00000000e96217f0) 
thrown [t:\workspace\open\src\hotspot\share\prims\jni.cpp, line 1107]
Event: 9.550 Thread 0x00000254625ef990 Exception <a 'java/lang/NoSuchMethodError'{0x00000000e968f890}: static Lorg/jetbrains/kotlin/idea/gradleTooling/KotlinDslScriptModelProvider;.<clinit>()V> (0x00000000e968f890) 
thrown [t:\workspace\open\src\hotspot\share\prims\jni.cpp, line 1107]
Event: 9.625 Thread 0x00000254625ef990 Exception <a 'java/lang/NoSuchMethodError'{0x00000000e96d8688}: static Lorg/jetbrains/plugins/gradle/model/ClassSetProjectImportModelProvider;.<clinit>()V> (0x00000000e96d8688) 
thrown [t:\workspace\open\src\hotspot\share\prims\jni.cpp, line 1107]
Event: 9.632 Thread 0x00000254625ef990 Exception <a 'java/lang/NoSuchMethodError'{0x00000000e952f9b0}: static Ljava/lang/Object;.<clinit>()V> (0x00000000e952f9b0) 
thrown [t:\workspace\open\src\hotspot\share\prims\jni.cpp, line 1107]
Event: 9.633 Thread 0x00000254625ef990 Exception <a 'java/lang/NoSuchMethodError'{0x00000000e953ce10}: static Lorg/jetbrains/kotlin/idea/gradleTooling/KotlinGradleModel;.<clinit>()V> (0x00000000e953ce10) 
thrown [t:\workspace\open\src\hotspot\share\prims\jni.cpp, line 1107]
Event: 9.636 Thread 0x00000254625ef990 Exception <a 'java/lang/NoSuchMethodError'{0x00000000e9550018}: static Lorg/jetbrains/plugins/gradle/model/AnnotationProcessingModel;.<clinit>()V> (0x00000000e9550018) 
thrown [t:\workspace\open\src\hotspot\share\prims\jni.cpp, line 1107]
Event: 9.637 Thread 0x00000254625ef990 Exception <a 'java/lang/NoSuchMethodError'{0x00000000e955be18}: static Lorg/jetbrains/plugins/gradle/model/RepositoriesModel;.<clinit>()V> (0x00000000e955be18) 
thrown [t:\workspace\open\src\hotspot\share\prims\jni.cpp, line 1107]
Event: 15.560 Thread 0x00000254625ef990 Exception <a 'java/lang/NoSuchMethodError'{0x00000000e957b7c0}: static Lcom/jetbrains/packagesearch/intellij/plugin/gradle/tooling/GradleConfigurationReportModel;.<clinit>()V> (0x00000000e957b7c0) 
thrown [t:\workspace\open\src\hotspot\share\prims\jni.cpp, line 1107]
Event: 15.566 Thread 0x00000254625ef990 Exception <a 'java/lang/NoSuchMethodError'{0x00000000e9435ec8}: static Lorg/jetbrains/kotlin/android/synthetic/idea/AndroidExtensionsGradleModel;.<clinit>()V> (0x00000000e9435ec8) 
thrown [t:\workspace\open\src\hotspot\share\prims\jni.cpp, line 1107]

VM Operations (20 events):
Event: 5.694 Executing VM operation: HandshakeAllThreads
Event: 5.694 Executing VM operation: HandshakeAllThreads done
Event: 5.695 Executing VM operation: HandshakeAllThreads
Event: 5.695 Executing VM operation: HandshakeAllThreads done
Event: 6.510 Executing VM operation: HandshakeAllThreads
Event: 6.510 Executing VM operation: HandshakeAllThreads done
Event: 7.283 Executing VM operation: HandshakeAllThreads
Event: 7.283 Executing VM operation: HandshakeAllThreads done
Event: 7.283 Executing VM operation: Cleanup
Event: 7.283 Executing VM operation: Cleanup done
Event: 8.290 Executing VM operation: Cleanup
Event: 8.290 Executing VM operation: Cleanup done
Event: 9.298 Executing VM operation: Cleanup
Event: 9.298 Executing VM operation: Cleanup done
Event: 10.312 Executing VM operation: Cleanup
Event: 10.312 Executing VM operation: Cleanup done
Event: 15.033 Executing VM operation: HandshakeAllThreads
Event: 15.033 Executing VM operation: HandshakeAllThreads done
Event: 15.033 Executing VM operation: Cleanup
Event: 15.033 Executing VM operation: Cleanup done

Events (20 events):
Event: 6.444 loading class java/util/ArrayDeque$DeqSpliterator done
Event: 6.472 loading class java/nio/charset/CharacterCodingException
Event: 6.472 loading class java/nio/charset/CharacterCodingException done
Event: 6.474 loading class java/lang/Short$ShortCache
Event: 6.474 loading class java/lang/Short$ShortCache done
Event: 6.573 Thread 0x00000254026bddc0 Thread added: 0x00000254026bddc0
Event: 6.574 Thread 0x00000254026c2ac0 Thread added: 0x00000254026c2ac0
Event: 6.574 Thread 0x00000254026c2f90 Thread added: 0x00000254026c2f90
Event: 6.574 Thread 0x00000254026c3460 Thread added: 0x00000254026c3460
Event: 6.574 Thread 0x00000254026c3e00 Thread added: 0x00000254026c3e00
Event: 6.574 Thread 0x00000254026c12b0 Thread added: 0x00000254026c12b0
Event: 6.575 loading class sun/nio/fs/WindowsPath$1
Event: 6.575 loading class sun/nio/fs/WindowsPath$1 done
Event: 7.178 Thread 0x00000254022329b0 Thread exited: 0x00000254022329b0
Event: 9.551 loading class java/io/ObjectStreamClass$ExceptionInfo
Event: 9.551 loading class java/io/ObjectStreamClass$ExceptionInfo done
Event: 15.021 loading class java/util/concurrent/LinkedBlockingDeque$Itr
Event: 15.021 loading class java/util/concurrent/LinkedBlockingDeque$AbstractItr
Event: 15.022 loading class java/util/concurrent/LinkedBlockingDeque$AbstractItr done
Event: 15.022 loading class java/util/concurrent/LinkedBlockingDeque$Itr done


Dynamic libraries:
0x00007ff79b010000 - 0x00007ff79b020000 	C:\Program Files\Java\jdk-17.0.1\bin\java.exe
0x00007ff9e55d0000 - 0x00007ff9e57c8000 	C:\windows\SYSTEM32\ntdll.dll
0x00007ff9e36f0000 - 0x00007ff9e37af000 	C:\windows\System32\KERNEL32.DLL
0x00007ff9e2c80000 - 0x00007ff9e2f76000 	C:\windows\System32\KERNELBASE.dll
0x00007ff9def00000 - 0x00007ff9def91000 	C:\windows\SYSTEM32\apphelp.dll
0x00007ff9cff60000 - 0x00007ff9cffb2000 	C:\windows\AppPatch\apppatch64\ummon.dll
0x00007ff9e3cf0000 - 0x00007ff9e3d9f000 	C:\windows\System32\ADVAPI32.dll
0x00007ff9e4400000 - 0x00007ff9e449e000 	C:\windows\System32\msvcrt.dll
0x00007ff9e38a0000 - 0x00007ff9e393c000 	C:\windows\System32\sechost.dll
0x00007ff9e44a0000 - 0x00007ff9e45c6000 	C:\windows\System32\RPCRT4.dll
0x00007ff9e3940000 - 0x00007ff9e3add000 	C:\windows\System32\USER32.dll
0x00007ff9e32b0000 - 0x00007ff9e32d2000 	C:\windows\System32\win32u.dll
0x00007ff9e37c0000 - 0x00007ff9e37ec000 	C:\windows\System32\GDI32.dll
0x00007ff9e32e0000 - 0x00007ff9e33f5000 	C:\windows\System32\gdi32full.dll
0x00007ff9e3210000 - 0x00007ff9e32ad000 	C:\windows\System32\msvcp_win.dll
0x00007ff9e34b0000 - 0x00007ff9e35b0000 	C:\windows\System32\ucrtbase.dll
0x00007ff9e42d0000 - 0x00007ff9e43fa000 	C:\windows\System32\ole32.dll
0x00007ff9e3ec0000 - 0x00007ff9e4214000 	C:\windows\System32\combase.dll
0x00007ff9e3b40000 - 0x00007ff9e3c0d000 	C:\windows\System32\OLEAUT32.dll
0x00007ff9e30b0000 - 0x00007ff9e320e000 	C:\windows\System32\CRYPT32.dll
0x00007ff9dcc40000 - 0x00007ff9dcc5a000 	C:\Program Files\Java\jdk-17.0.1\bin\VCRUNTIME140.dll
0x00007ff9df3d0000 - 0x00007ff9df3e8000 	C:\Program Files\Java\jdk-17.0.1\bin\jli.dll
0x00007ff9c9960000 - 0x00007ff9c9bfa000 	C:\windows\WinSxS\amd64_microsoft.windows.common-controls_6595b64144ccf1df_6.0.19041.1110_none_60b5254171f9507e\COMCTL32.dll
0x00007ff9da530000 - 0x00007ff9da53a000 	C:\windows\SYSTEM32\VERSION.dll
0x00007ff9e4220000 - 0x00007ff9e4250000 	C:\windows\System32\IMM32.DLL
0x00007ff9dd6f0000 - 0x00007ff9dd770000 	C:\Program Files (x86)\searchinformagent\sifiltersvc1\SIPH64.dll
0x00007ff9e4250000 - 0x00007ff9e42bb000 	C:\windows\System32\WS2_32.dll
0x00007ff9e1530000 - 0x00007ff9e1542000 	C:\windows\SYSTEM32\kernel.appcore.dll
0x00007ff9cff40000 - 0x00007ff9cff5b000 	C:\Program Files (x86)\searchinformagent\sifiltersvc1\PluginAPI64.dll
0x00007ff9c9660000 - 0x00007ff9c9687000 	C:\Program Files (x86)\searchinformagent\sifiltersvc1\SIHLib64.dll
0x00007ff9c04e0000 - 0x00007ff9c054d000 	C:\Program Files (x86)\searchinformagent\sifiltersvc1\hdesvc_p64.dll
0x00007ff9e20d0000 - 0x00007ff9e210c000 	C:\windows\SYSTEM32\iphlpapi.dll
0x00007ff9c05d0000 - 0x00007ff9c0931000 	C:\windows\system32\iwprn.dll
0x00007ff9c8fd0000 - 0x00007ff9c906d000 	C:\windows\SYSTEM32\WINSPOOL.DRV
0x00007ff9e37f0000 - 0x00007ff9e389d000 	C:\windows\System32\shcore.dll
0x00007ff9c9070000 - 0x00007ff9c9079000 	C:\windows\SYSTEM32\WSOCK32.dll
0x00007ff9dd6c0000 - 0x00007ff9dd6cc000 	C:\Program Files\Java\jdk-17.0.1\bin\vcruntime140_1.dll
0x00007ff9c7a40000 - 0x00007ff9c7acd000 	C:\Program Files\Java\jdk-17.0.1\bin\msvcp140.dll
0x00007ff992770000 - 0x00007ff99332e000 	C:\Program Files\Java\jdk-17.0.1\bin\server\jvm.dll
0x00007ff9e36e0000 - 0x00007ff9e36e8000 	C:\windows\System32\PSAPI.DLL
0x00007ff9c8fa0000 - 0x00007ff9c8fc7000 	C:\windows\SYSTEM32\WINMM.dll
0x00007ff9dcd30000 - 0x00007ff9dcd3a000 	C:\Program Files\Java\jdk-17.0.1\bin\jimage.dll
0x00007ff9e0d60000 - 0x00007ff9e0f44000 	C:\windows\SYSTEM32\DBGHELP.DLL
0x00007ff9c8520000 - 0x00007ff9c8554000 	C:\windows\SYSTEM32\dbgcore.DLL
0x00007ff9e2ff0000 - 0x00007ff9e3072000 	C:\windows\System32\bcryptPrimitives.dll
0x00007ff9c8050000 - 0x00007ff9c8075000 	C:\Program Files\Java\jdk-17.0.1\bin\java.dll
0x00007ff9ae2c0000 - 0x00007ff9ae396000 	C:\Program Files\Java\jdk-17.0.1\bin\svml.dll
0x00007ff9e4bb0000 - 0x00007ff9e52f4000 	C:\windows\System32\SHELL32.dll
0x00007ff9e04f0000 - 0x00007ff9e0c83000 	C:\windows\SYSTEM32\windows.storage.dll
0x00007ff9e26d0000 - 0x00007ff9e26fe000 	C:\windows\SYSTEM32\Wldp.dll
0x00007ff9e4650000 - 0x00007ff9e46a5000 	C:\windows\System32\shlwapi.dll
0x00007ff9e2bc0000 - 0x00007ff9e2bdf000 	C:\windows\SYSTEM32\profapi.dll
0x00007ff9cf5d0000 - 0x00007ff9cf5e9000 	C:\Program Files\Java\jdk-17.0.1\bin\net.dll
0x00007ff9e1c60000 - 0x00007ff9e1d6a000 	C:\windows\SYSTEM32\WINHTTP.dll
0x00007ff9e2430000 - 0x00007ff9e249a000 	C:\windows\system32\mswsock.dll
0x00007ff9cbcf0000 - 0x00007ff9cbd05000 	C:\Program Files\Java\jdk-17.0.1\bin\nio.dll
0x00007ff9c7ad0000 - 0x00007ff9c7ae8000 	C:\Program Files\Java\jdk-17.0.1\bin\zip.dll
0x00007ff9cbdf0000 - 0x00007ff9cbe00000 	C:\Program Files\Java\jdk-17.0.1\bin\verify.dll
0x00007ff9cbd30000 - 0x00007ff9cbd57000 	C:\Users\Yanishen_SV\.gradle\native\68d5fa5c4cc2d200863cafc0d521ce42e7d3e7ee720ec0a83991735586a16f82\windows-amd64\native-platform.dll
0x00007ff9a7be0000 - 0x00007ff9a7d24000 	C:\Users\Yanishen_SV\.gradle\native\e376f236ea51e6404a007f0833ffe2c6e607c4080706a723a18a27aeea778392\windows-amd64\native-platform-file-events.dll
0x00007ff9df450000 - 0x00007ff9df459000 	C:\Program Files\Java\jdk-17.0.1\bin\management.dll
0x00007ff9df390000 - 0x00007ff9df39b000 	C:\Program Files\Java\jdk-17.0.1\bin\management_ext.dll
0x00007ff9e2620000 - 0x00007ff9e2638000 	C:\windows\SYSTEM32\CRYPTSP.dll
0x00007ff9e1bd0000 - 0x00007ff9e1c04000 	C:\windows\system32\rsaenh.dll
0x00007ff9e3080000 - 0x00007ff9e30a7000 	C:\windows\System32\bcrypt.dll
0x00007ff9e2b80000 - 0x00007ff9e2bae000 	C:\windows\SYSTEM32\USERENV.dll
0x00007ff9e2640000 - 0x00007ff9e264c000 	C:\windows\SYSTEM32\CRYPTBASE.dll
0x00007ff9e37b0000 - 0x00007ff9e37b8000 	C:\windows\System32\NSI.dll
0x00007ff9dd4c0000 - 0x00007ff9dd4d7000 	C:\windows\SYSTEM32\dhcpcsvc6.DLL
0x00007ff9dd390000 - 0x00007ff9dd3ad000 	C:\windows\SYSTEM32\dhcpcsvc.DLL
0x00007ff9e2120000 - 0x00007ff9e21ea000 	C:\windows\SYSTEM32\DNSAPI.dll
0x00007ff9cbd20000 - 0x00007ff9cbd2e000 	C:\Program Files\Java\jdk-17.0.1\bin\sunmscapi.dll
0x00007ff9e2740000 - 0x00007ff9e2768000 	C:\windows\SYSTEM32\ncrypt.dll
0x00007ff9e2700000 - 0x00007ff9e273b000 	C:\windows\SYSTEM32\NTASN1.dll
0x00007ff9cbd10000 - 0x00007ff9cbd17000 	C:\windows\system32\wshunix.dll

dbghelp: loaded successfully - version: 4.0.5 - missing functions: none
symbol engine: initialized successfully - sym options: 0x614 - pdb path: .;C:\Program Files\Java\jdk-17.0.1\bin;C:\windows\SYSTEM32;C:\windows\AppPatch\apppatch64;C:\windows\WinSxS\amd64_microsoft.windows.common-controls_6595b64144ccf1df_6.0.19041.1110_none_60b5254171f9507e;C:\Program Files (x86)\searchinformagent\sifiltersvc1;C:\Program Files\Java\jdk-17.0.1\bin\server;C:\Users\Yanishen_SV\.gradle\native\68d5fa5c4cc2d200863cafc0d521ce42e7d3e7ee720ec0a83991735586a16f82\windows-amd64;C:\Users\Yanishen_SV\.gradle\native\e376f236ea51e6404a007f0833ffe2c6e607c4080706a723a18a27aeea778392\windows-amd64

VM Arguments:
jvm_args: --add-opens=java.base/java.util=ALL-UNNAMED --add-opens=java.base/java.lang=ALL-UNNAMED --add-opens=java.base/java.lang.invoke=ALL-UNNAMED --add-opens=java.prefs/java.util.prefs=ALL-UNNAMED --add-opens=java.base/java.nio.charset=ALL-UNNAMED --add-opens=java.base/java.net=ALL-UNNAMED --add-opens=java.base/java.util.concurrent.atomic=ALL-UNNAMED -XX:MaxMetaspaceSize=256m -XX:+HeapDumpOnOutOfMemoryError -Xms256m -Xmx512m -Dfile.encoding=windows-1251 -Duser.country=RU -Duser.language=ru -Duser.variant 
java_command: org.gradle.launcher.daemon.bootstrap.GradleDaemon 8.0
java_class_path (initial): C:\Users\Yanishen_SV\.gradle\wrapper\dists\gradle-8.0-bin\ca5e32bp14vu59qr306oxotwh\gradle-8.0\lib\gradle-launcher-8.0.jar
Launcher Type: SUN_STANDARD

[Global flags]
     intx CICompilerCount                          = 3                                         {product} {ergonomic}
   size_t CompressedClassSpaceSize                 = 218103808                                 {product} {ergonomic}
     uint ConcGCThreads                            = 2                                         {product} {ergonomic}
     uint G1ConcRefinementThreads                  = 6                                         {product} {ergonomic}
   size_t G1HeapRegionSize                         = 1048576                                   {product} {ergonomic}
    uintx GCDrainStackTargetSize                   = 64                                        {product} {ergonomic}
     bool HeapDumpOnOutOfMemoryError               = true                                   {manageable} {command line}
   size_t InitialHeapSize                          = 268435456                                 {product} {command line}
   size_t MarkStackSize                            = 4194304                                   {product} {ergonomic}
   size_t MaxHeapSize                              = 536870912                                 {product} {command line}
   size_t MaxMetaspaceSize                         = 268435456                                 {product} {command line}
   size_t MaxNewSize                               = 321912832                                 {product} {ergonomic}
   size_t MinHeapDeltaBytes                        = 1048576                                   {product} {ergonomic}
   size_t MinHeapSize                              = 268435456                                 {product} {command line}
    uintx NonNMethodCodeHeapSize                   = 5832780                                {pd product} {ergonomic}
    uintx NonProfiledCodeHeapSize                  = 122912730                              {pd product} {ergonomic}
    uintx ProfiledCodeHeapSize                     = 122912730                              {pd product} {ergonomic}
    uintx ReservedCodeCacheSize                    = 251658240                              {pd product} {ergonomic}
     bool SegmentedCodeCache                       = true                                      {product} {ergonomic}
   size_t SoftMaxHeapSize                          = 536870912                              {manageable} {ergonomic}
     bool UseCompressedClassPointers               = true                           {product lp64_product} {ergonomic}
     bool UseCompressedOops                        = true                           {product lp64_product} {ergonomic}
     bool UseG1GC                                  = true                                      {product} {ergonomic}
     bool UseLargePagesIndividualAllocation        = false                                  {pd product} {ergonomic}

Logging:
Log output configuration:
 #0: stdout all=warning uptime,level,tags
 #1: stderr all=off uptime,level,tags

Environment Variables:
PATH=C:\Program Files\Common Files\Oracle\Java\javapath;C:\Program Files (x86)\Common Files\Oracle\Java\javapath;C:\oracle\product\11.2.0\client_x64\bin;C:\oracle\DevSuiteHome1\jdk\jre\bin\client;C:\oracle\DevSuiteHome1\jdk\jre\bin\classic;C:\oracle\DevSuiteHome1\jdk\jre\bin;C:\oracle\DevSuiteHome1\jlib;C:\oracle\DevSuiteHome1\bin;C:\oracle\DevSuiteHome1\jre\1.4.2\bin\client;C:\oracle\DevSuiteHome1\jre\1.4.2\bin;C:\oracle\product\11.2.0\client_x86\bin;C:\windows\system32;C:\windows;C:\windows\System32\Wbem;C:\windows\System32\WindowsPowerShell\v1.0\;C:\windows\System32\OpenSSH\;C:\Program Files\TortoiseSVN\bin;C:\Program Files\PuTTY\;C:\Program Files\nodejs\;C:\Program Files\Pandoc\;C:\Program Files (x86)\Kaspersky Lab\Endpoint Agent\;C:\Program Files\Git\cmd;C:\Users\Yanishen_SV\AppData\Local\Programs\Python\Python310\Scripts\;C:\Users\Yanishen_SV\AppData\Local\Programs\Python\Python310\;C:\Users\Yanishen_SV\AppData\Local\Microsoft\WindowsApps;;C:\Program Files\JetBrains\IntelliJ IDEA Community Edition 2021.3\bin;;C:\Program Files\JetBrains\IntelliJ IDEA 2021.3\bin;;C:\Users\Yanishen_SV\AppData\Local\Programs\Microsoft VS Code\bin;C:\Users\Yanishen_SV\AppData\Roaming\npm
USERNAME=Yanishen_SV
OS=Windows_NT
PROCESSOR_IDENTIFIER=Intel64 Family 6 Model 158 Stepping 10, GenuineIntel



---------------  S Y S T E M  ---------------

OS:
 Windows 10 , 64 bit Build 19041 (10.0.19041.3031)
OS uptime: 5 days 19:33 hours

CPU: total 6 (initial active 6) (6 cores per cpu, 1 threads per core) family 6 model 158 stepping 10 microcode 0xb4, cx8, cmov, fxsr, mmx, 3dnowpref, sse, sse2, sse3, ssse3, sse4.1, sse4.2, popcnt, lzcnt, tsc, tscinvbit, avx, avx2, aes, erms, clmul, bmi1, bmi2, rtm, adx, fma, vzeroupper, clflush, clflushopt

Memory: 4k page, system-wide physical 7971M (556M free)
TotalPageFile size 16199M (AvailPageFile size 10M)
current process WorkingSet (physical memory assigned to process): 222M, peak: 248M
current process commit charge ("private bytes"): 396M, peak: 438M

vm_info: Java HotSpot(TM) 64-Bit Server VM (17.0.1+12-LTS-39) for windows-amd64 JRE (17.0.1+12-LTS-39), built on Sep 27 2021 18:41:35 by "mach5one" with MS VC++ 16.8 (VS2019)

END.
