#
# There is insufficient memory for the Java Runtime Environment to continue.
# Native memory allocation (malloc) failed to allocate 32744 bytes for ChunkPool::allocate
# Possible reasons:
#   The system is out of physical RAM or swap space
#   The process is running with CompressedOops enabled, and the Java Heap may be blocking the growth of the native heap
# Possible solutions:
#   Reduce memory load on the system
#   Increase physical memory or swap space
#   Check if swap backing store is full
#   Decrease Java heap size (-Xmx/-Xms)
#   Decrease number of Java threads
#   Decrease Java thread stack sizes (-Xss)
#   Set larger code cache with -XX:ReservedCodeCacheSize=
#   JVM is running with Unscaled Compressed Oops mode in which the Java heap is
#     placed in the first 4GB address space. The Java Heap base address is the
#     maximum limit for the native heap growth. Please use -XX:HeapBaseMinAddress
#     to set the Java Heap base and to place the Java Heap above 4GB virtual address.
# This output file may be truncated or incomplete.
#
#  Out of Memory Error (arena.cpp:78), pid=16248, tid=18076
#
# JRE version: Java(TM) SE Runtime Environment (17.0.1+12) (build 17.0.1+12-LTS-39)
# Java VM: Java HotSpot(TM) 64-Bit Server VM (17.0.1+12-LTS-39, mixed mode, sharing, tiered, compressed oops, compressed class ptrs, g1 gc, windows-amd64)
# No core dump will be written. Minidumps are not enabled by default on client versions of Windows
#

---------------  S U M M A R Y ------------

Command Line: --add-opens=java.base/java.util=ALL-UNNAMED --add-opens=java.base/java.lang=ALL-UNNAMED --add-opens=java.base/java.lang.invoke=ALL-UNNAMED --add-opens=java.prefs/java.util.prefs=ALL-UNNAMED --add-opens=java.base/java.nio.charset=ALL-UNNAMED --add-opens=java.base/java.net=ALL-UNNAMED --add-opens=java.base/java.util.concurrent.atomic=ALL-UNNAMED -XX:MaxMetaspaceSize=256m -XX:+HeapDumpOnOutOfMemoryError -Xms256m -Xmx512m -Dfile.encoding=windows-1251 -Duser.country=RU -Duser.language=ru -Duser.variant org.gradle.launcher.daemon.bootstrap.GradleDaemon 8.0

Host: Intel(R) Core(TM) i5-8500T CPU @ 2.10GHz, 6 cores, 7G,  Windows 10 , 64 bit Build 19041 (10.0.19041.3031)
Time: Fri Jul 21 15:43:11 2023 RTZ 4 (s 10 , 64 bit Build 19041 (10.0.19041.3031) elapsed time: 20.541693 seconds (0d 0h 0m 20s)

---------------  T H R E A D  ---------------

Current thread (0x00000117773bae90):  JavaThread "C2 CompilerThread0" daemon [_thread_in_native, id=18076, stack(0x0000000e4e000000,0x0000000e4e100000)]


Current CompileTask:
C2:  20541 4051       4       org.gradle.internal.service.DefaultServiceRegistry$OwnServices::getService (309 bytes)

Stack: [0x0000000e4e000000,0x0000000e4e100000]
Native frames: (J=compiled Java code, j=interpreted, Vv=VM code, C=native code)
V  [jvm.dll+0x66fa1a]
V  [jvm.dll+0x7ce5a4]
V  [jvm.dll+0x7cfd4e]
V  [jvm.dll+0x7d03b3]
V  [jvm.dll+0x242b05]
V  [jvm.dll+0xaa2a0]
V  [jvm.dll+0xaa5ec]
V  [jvm.dll+0x364c8c]
V  [jvm.dll+0x55adcd]
V  [jvm.dll+0x329f80]
V  [jvm.dll+0x3293fa]
V  [jvm.dll+0x215bf1]
V  [jvm.dll+0x215011]
V  [jvm.dll+0x1a168d]
V  [jvm.dll+0x224848]
V  [jvm.dll+0x2229ac]
V  [jvm.dll+0x78435b]
V  [jvm.dll+0x77e91a]
V  [jvm.dll+0x66e845]
C  [ucrtbase.dll+0x21bb2]
C  [KERNEL32.DLL+0x17614]
C  [ntdll.dll+0x526f1]


---------------  P R O C E S S  ---------------

Threads class SMR info:
_java_thread_list=0x000001177b9bbf00, length=43, elements={
0x000001176986e150, 0x000001176c16ba50, 0x000001176c16dc20, 0x000001176c18ca20,
0x000001176c18d4e0, 0x000001176c18df90, 0x000001176c18e940, 0x00000117773bae90,
0x00000117773c5980, 0x00000117773ca790, 0x0000011777524a30, 0x0000011777524f00,
0x00000117794ac030, 0x00000117794ac500, 0x000001177886f870, 0x00000117798d7910,
0x00000117776e34e0, 0x000001177828ea80, 0x000001177744e390, 0x000001177761b9a0,
0x000001177761c810, 0x000001177761be70, 0x000001177761db50, 0x000001177761d1b0,
0x000001177761d680, 0x000001177761a660, 0x000001177761b4d0, 0x000001177761c340,
0x000001177761e020, 0x000001177761ab30, 0x000001177a62bf20, 0x000001177a628f00,
0x000001177a625a10, 0x000001177a627bc0, 0x000001177a62a710, 0x000001177a62b0b0,
0x000001177a628560, 0x000001177a6263b0, 0x000001177a62c8c0, 0x000001177a62ba50,
0x000001177a629d70, 0x000001177a628a30, 0x000001177b369000
}

Java Threads: ( => current thread )
  0x000001176986e150 JavaThread "main" [_thread_blocked, id=10532, stack(0x0000000e4d300000,0x0000000e4d400000)]
  0x000001176c16ba50 JavaThread "Reference Handler" daemon [_thread_blocked, id=20216, stack(0x0000000e4da00000,0x0000000e4db00000)]
  0x000001176c16dc20 JavaThread "Finalizer" daemon [_thread_blocked, id=17280, stack(0x0000000e4db00000,0x0000000e4dc00000)]
  0x000001176c18ca20 JavaThread "Signal Dispatcher" daemon [_thread_blocked, id=5572, stack(0x0000000e4dc00000,0x0000000e4dd00000)]
  0x000001176c18d4e0 JavaThread "Attach Listener" daemon [_thread_blocked, id=18196, stack(0x0000000e4dd00000,0x0000000e4de00000)]
  0x000001176c18df90 JavaThread "Service Thread" daemon [_thread_blocked, id=6936, stack(0x0000000e4de00000,0x0000000e4df00000)]
  0x000001176c18e940 JavaThread "Monitor Deflation Thread" daemon [_thread_blocked, id=11316, stack(0x0000000e4df00000,0x0000000e4e000000)]
=>0x00000117773bae90 JavaThread "C2 CompilerThread0" daemon [_thread_in_native, id=18076, stack(0x0000000e4e000000,0x0000000e4e100000)]
  0x00000117773c5980 JavaThread "C1 CompilerThread0" daemon [_thread_blocked, id=9188, stack(0x0000000e4e100000,0x0000000e4e200000)]
  0x00000117773ca790 JavaThread "Sweeper thread" daemon [_thread_blocked, id=15344, stack(0x0000000e4e200000,0x0000000e4e300000)]
  0x0000011777524a30 JavaThread "Common-Cleaner" daemon [_thread_blocked, id=5932, stack(0x0000000e4e300000,0x0000000e4e400000)]
  0x0000011777524f00 JavaThread "Notification Thread" daemon [_thread_blocked, id=18992, stack(0x0000000e4e400000,0x0000000e4e500000)]
  0x00000117794ac030 JavaThread "Daemon health stats" [_thread_blocked, id=9864, stack(0x0000000e4eb00000,0x0000000e4ec00000)]
  0x00000117794ac500 JavaThread "Incoming local TCP Connector on port 51877" [_thread_in_native, id=11908, stack(0x0000000e4ec00000,0x0000000e4ed00000)]
  0x000001177886f870 JavaThread "Daemon periodic checks" [_thread_blocked, id=2280, stack(0x0000000e4ed00000,0x0000000e4ee00000)]
  0x00000117798d7910 JavaThread "Daemon" [_thread_blocked, id=6396, stack(0x0000000e4ee00000,0x0000000e4ef00000)]
  0x00000117776e34e0 JavaThread "Handler for socket connection from /127.0.0.1:51877 to /127.0.0.1:51878" [_thread_in_native, id=19232, stack(0x0000000e4ef00000,0x0000000e4f000000)]
  0x000001177828ea80 JavaThread "Cancel handler" [_thread_blocked, id=16792, stack(0x0000000e4f000000,0x0000000e4f100000)]
  0x000001177744e390 JavaThread "Daemon worker" [_thread_in_native, id=15560, stack(0x0000000e4f100000,0x0000000e4f200000)]
  0x000001177761b9a0 JavaThread "Asynchronous log dispatcher for DefaultDaemonConnection: socket connection from /127.0.0.1:51877 to /127.0.0.1:51878" [_thread_blocked, id=3580, stack(0x0000000e4f200000,0x0000000e4f300000)]
  0x000001177761c810 JavaThread "Stdin handler" [_thread_blocked, id=6456, stack(0x0000000e4f300000,0x0000000e4f400000)]
  0x000001177761be70 JavaThread "Daemon client event forwarder" [_thread_blocked, id=13136, stack(0x0000000e4f400000,0x0000000e4f500000)]
  0x000001177761db50 JavaThread "Cache worker for journal cache (C:\Users\Yanishen_SV\.gradle\caches\journal-1)" [_thread_blocked, id=14684, stack(0x0000000e4f500000,0x0000000e4f600000)]
  0x000001177761d1b0 JavaThread "File lock request listener" [_thread_in_native, id=16160, stack(0x0000000e4f600000,0x0000000e4f700000)]
  0x000001177761d680 JavaThread "Cache worker for file hash cache (C:\Users\Yanishen_SV\.gradle\caches\8.0\fileHashes)" [_thread_blocked, id=7176, stack(0x0000000e4f700000,0x0000000e4f800000)]
  0x000001177761a660 JavaThread "File lock release action executor" [_thread_blocked, id=18208, stack(0x0000000e4f800000,0x0000000e4f900000)]
  0x000001177761b4d0 JavaThread "File watcher server" daemon [_thread_in_native, id=744, stack(0x0000000e4f900000,0x0000000e4fa00000)]
  0x000001177761c340 JavaThread "File watcher consumer" daemon [_thread_blocked, id=20112, stack(0x0000000e4fa00000,0x0000000e4fb00000)]
  0x000001177761e020 JavaThread "Cache worker for checksums cache (C:\Users\Yanishen_SV\MM-Server\swlc\.gradle\8.0\checksums)" [_thread_blocked, id=19880, stack(0x0000000e4fb00000,0x0000000e4fc00000)]
  0x000001177761ab30 JavaThread "Cache worker for cache directory md-rule (C:\Users\Yanishen_SV\.gradle\caches\8.0\md-rule)" [_thread_blocked, id=1904, stack(0x0000000e4fc00000,0x0000000e4fd00000)]
  0x000001177a62bf20 JavaThread "Cache worker for file content cache (C:\Users\Yanishen_SV\.gradle\caches\8.0\fileContent)" [_thread_blocked, id=12864, stack(0x0000000e4fd00000,0x0000000e4fe00000)]
  0x000001177a628f00 JavaThread "Cache worker for file hash cache (C:\Users\Yanishen_SV\MM-Server\swlc\.gradle\8.0\fileHashes)" [_thread_blocked, id=14096, stack(0x0000000e4fe00000,0x0000000e4ff00000)]
  0x000001177a625a10 JavaThread "Cache worker for cache directory md-supplier (C:\Users\Yanishen_SV\.gradle\caches\8.0\md-supplier)" [_thread_blocked, id=9180, stack(0x0000000e50000000,0x0000000e50100000)]
  0x000001177a627bc0 JavaThread "Cache worker for execution history cache (C:\Users\Yanishen_SV\.gradle\caches\8.0\executionHistory)" [_thread_blocked, id=7932, stack(0x0000000e50100000,0x0000000e50200000)]
  0x000001177a62a710 JavaThread "jar transforms" [_thread_blocked, id=15596, stack(0x0000000e50200000,0x0000000e50300000)]
  0x000001177a62b0b0 JavaThread "jar transforms Thread 2" [_thread_blocked, id=18472, stack(0x0000000e50300000,0x0000000e50400000)]
  0x000001177a628560 JavaThread "jar transforms Thread 3" [_thread_blocked, id=11424, stack(0x0000000e50400000,0x0000000e50500000)]
  0x000001177a6263b0 JavaThread "jar transforms Thread 4" [_thread_blocked, id=14104, stack(0x0000000e50500000,0x0000000e50600000)]
  0x000001177a62c8c0 JavaThread "jar transforms Thread 5" [_thread_blocked, id=8272, stack(0x0000000e50600000,0x0000000e50700000)]
  0x000001177a62ba50 JavaThread "jar transforms Thread 6" [_thread_blocked, id=14904, stack(0x0000000e50700000,0x0000000e50800000)]
  0x000001177a629d70 JavaThread "Cache worker for dependencies-accessors (C:\Users\Yanishen_SV\MM-Server\swlc\.gradle\8.0\dependencies-accessors)" [_thread_blocked, id=6968, stack(0x0000000e50800000,0x0000000e50900000)]
  0x000001177a628a30 JavaThread "Cache worker for Build Output Cleanup Cache (C:\Users\Yanishen_SV\MM-Server\swlc\.gradle\buildOutputCleanup)" [_thread_blocked, id=7968, stack(0x0000000e50900000,0x0000000e50a00000)]
  0x000001177b369000 JavaThread "C2 CompilerThread1" daemon [_thread_in_native, id=17580, stack(0x0000000e50a00000,0x0000000e50b00000)]

Other Threads:
  0x000001176c167e10 VMThread "VM Thread" [stack: 0x0000000e4d900000,0x0000000e4da00000] [id=16604]
  0x000001177752cc20 WatcherThread [stack: 0x0000000e4e500000,0x0000000e4e600000] [id=3448]
  0x000001176bfc5110 GCTaskThread "GC Thread#0" [stack: 0x0000000e4d400000,0x0000000e4d500000] [id=17284]
  0x0000011778a1d3b0 GCTaskThread "GC Thread#1" [stack: 0x0000000e4e600000,0x0000000e4e700000] [id=17644]
  0x0000011778a550f0 GCTaskThread "GC Thread#2" [stack: 0x0000000e4e700000,0x0000000e4e800000] [id=6804]
  0x0000011778a553a0 GCTaskThread "GC Thread#3" [stack: 0x0000000e4e800000,0x0000000e4e900000] [id=17364]
  0x0000011778a55650 GCTaskThread "GC Thread#4" [stack: 0x0000000e4e900000,0x0000000e4ea00000] [id=2612]
  0x0000011778ab42c0 GCTaskThread "GC Thread#5" [stack: 0x0000000e4ea00000,0x0000000e4eb00000] [id=16352]
  0x000001176bfcb9f0 ConcurrentGCThread "G1 Main Marker" [stack: 0x0000000e4d500000,0x0000000e4d600000] [id=17672]
  0x000001176bfcc7a0 ConcurrentGCThread "G1 Conc#0" [stack: 0x0000000e4d600000,0x0000000e4d700000] [id=11936]
  0x000001177b8af6b0 ConcurrentGCThread "G1 Conc#1" [stack: 0x0000000e4ff00000,0x0000000e50000000] [id=18632]
  0x000001176c0a7f50 ConcurrentGCThread "G1 Refine#0" [stack: 0x0000000e4d700000,0x0000000e4d800000] [id=18504]
  0x000001176c0a8970 ConcurrentGCThread "G1 Service" [stack: 0x0000000e4d800000,0x0000000e4d900000] [id=20100]

Threads with active compile tasks:
C2 CompilerThread0    20657 4051       4       org.gradle.internal.service.DefaultServiceRegistry$OwnServices::getService (309 bytes)
C2 CompilerThread1    20657 4081       4       java.lang.StringBuilder::append (8 bytes)

VM state: not at safepoint (normal execution)

VM Mutex/Monitor currently owned by a thread: None

Heap address: 0x00000000e0000000, size: 512 MB, Compressed Oops mode: 32-bit

CDS archive(s) mapped at: [0x0000000800000000-0x0000000800bc0000-0x0000000800bc0000), size 12320768, SharedBaseAddress: 0x0000000800000000, ArchiveRelocationMode: 0.
Compressed class space mapped at: 0x0000000800c00000-0x000000080dc00000, reserved size: 218103808
Narrow klass base: 0x0000000800000000, Narrow klass shift: 0, Narrow klass range: 0x100000000

GC Precious Log:
 CPUs: 6 total, 6 available
 Memory: 7971M
 Large Page Support: Disabled
 NUMA Support: Disabled
 Compressed Oops: Enabled (32-bit)
 Heap Region Size: 1M
 Heap Min Capacity: 256M
 Heap Initial Capacity: 256M
 Heap Max Capacity: 512M
 Pre-touch: Disabled
 Parallel Workers: 6
 Concurrent Workers: 2
 Concurrent Refinement Workers: 6
 Periodic GC: Disabled

Heap:
 garbage-first heap   total 262144K, used 49588K [0x00000000e0000000, 0x0000000100000000)
  region size 1024K, 28 young (28672K), 9 survivors (9216K)
 Metaspace       used 37417K, committed 37888K, reserved 253952K
  class space    used 5218K, committed 5440K, reserved 212992K

Heap Regions: E=young(eden), S=young(survivor), O=old, HS=humongous(starts), HC=humongous(continues), CS=collection set, F=free, OA=open archive, CA=closed archive, TAMS=top-at-mark-start (previous, next)
|   0|0x00000000e0000000, 0x00000000e0100000, 0x00000000e0100000|100%|HS|  |TAMS 0x00000000e0100000, 0x00000000e0000000| Complete 
|   1|0x00000000e0100000, 0x00000000e0200000, 0x00000000e0200000|100%|HC|  |TAMS 0x00000000e0200000, 0x00000000e0100000| Complete 
|   2|0x00000000e0200000, 0x00000000e0300000, 0x00000000e0300000|100%|HC|  |TAMS 0x00000000e0300000, 0x00000000e0200000| Complete 
|   3|0x00000000e0300000, 0x00000000e0400000, 0x00000000e0400000|100%|HC|  |TAMS 0x00000000e0400000, 0x00000000e0300000| Complete 
|   4|0x00000000e0400000, 0x00000000e0500000, 0x00000000e0500000|100%| O|  |TAMS 0x00000000e0500000, 0x00000000e0400000| Untracked 
|   5|0x00000000e0500000, 0x00000000e0600000, 0x00000000e0600000|100%| O|  |TAMS 0x00000000e0600000, 0x00000000e0500000| Untracked 
|   6|0x00000000e0600000, 0x00000000e0700000, 0x00000000e0700000|100%| O|  |TAMS 0x00000000e0700000, 0x00000000e0600000| Untracked 
|   7|0x00000000e0700000, 0x00000000e0800000, 0x00000000e0800000|100%| O|  |TAMS 0x00000000e0800000, 0x00000000e0700000| Untracked 
|   8|0x00000000e0800000, 0x00000000e0900000, 0x00000000e0900000|100%| O|  |TAMS 0x00000000e0900000, 0x00000000e0800000| Untracked 
|   9|0x00000000e0900000, 0x00000000e0a00000, 0x00000000e0a00000|100%| O|  |TAMS 0x00000000e0a00000, 0x00000000e0900000| Untracked 
|  10|0x00000000e0a00000, 0x00000000e0b00000, 0x00000000e0b00000|100%| O|  |TAMS 0x00000000e0aad800, 0x00000000e0a00000| Untracked 
|  11|0x00000000e0b00000, 0x00000000e0b00000, 0x00000000e0c00000|  0%| F|  |TAMS 0x00000000e0b00000, 0x00000000e0b00000| Untracked 
|  12|0x00000000e0c00000, 0x00000000e0c00000, 0x00000000e0d00000|  0%| F|  |TAMS 0x00000000e0c00000, 0x00000000e0c00000| Untracked 
|  13|0x00000000e0d00000, 0x00000000e0d00000, 0x00000000e0e00000|  0%| F|  |TAMS 0x00000000e0d00000, 0x00000000e0d00000| Untracked 
|  14|0x00000000e0e00000, 0x00000000e0e00000, 0x00000000e0f00000|  0%| F|  |TAMS 0x00000000e0e00000, 0x00000000e0e00000| Untracked 
|  15|0x00000000e0f00000, 0x00000000e1000000, 0x00000000e1000000|100%| O|  |TAMS 0x00000000e0f00000, 0x00000000e0f00000| Untracked 
|  16|0x00000000e1000000, 0x00000000e1100000, 0x00000000e1100000|100%| O|  |TAMS 0x00000000e1000000, 0x00000000e1000000| Untracked 
|  17|0x00000000e1100000, 0x00000000e1200000, 0x00000000e1200000|100%| O|  |TAMS 0x00000000e1100000, 0x00000000e1100000| Untracked 
|  18|0x00000000e1200000, 0x00000000e1300000, 0x00000000e1300000|100%| O|  |TAMS 0x00000000e1200000, 0x00000000e1200000| Untracked 
|  19|0x00000000e1300000, 0x00000000e1400000, 0x00000000e1400000|100%| O|  |TAMS 0x00000000e1300000, 0x00000000e1300000| Untracked 
|  20|0x00000000e1400000, 0x00000000e1500000, 0x00000000e1500000|100%| O|  |TAMS 0x00000000e1400000, 0x00000000e1400000| Untracked 
|  21|0x00000000e1500000, 0x00000000e1600000, 0x00000000e1600000|100%| O|  |TAMS 0x00000000e1500000, 0x00000000e1500000| Untracked 
|  22|0x00000000e1600000, 0x00000000e1700000, 0x00000000e1700000|100%| O|  |TAMS 0x00000000e1600000, 0x00000000e1600000| Untracked 
|  23|0x00000000e1700000, 0x00000000e1800000, 0x00000000e1800000|100%| O|  |TAMS 0x00000000e1700000, 0x00000000e1700000| Untracked 
|  24|0x00000000e1800000, 0x00000000e1900000, 0x00000000e1900000|100%| O|  |TAMS 0x00000000e1800000, 0x00000000e1800000| Untracked 
|  25|0x00000000e1900000, 0x00000000e198da00, 0x00000000e1a00000| 55%| O|  |TAMS 0x00000000e1900000, 0x00000000e1900000| Untracked 
|  26|0x00000000e1a00000, 0x00000000e1a00000, 0x00000000e1b00000|  0%| F|  |TAMS 0x00000000e1a00000, 0x00000000e1a00000| Untracked 
|  27|0x00000000e1b00000, 0x00000000e1b00000, 0x00000000e1c00000|  0%| F|  |TAMS 0x00000000e1b00000, 0x00000000e1b00000| Untracked 
|  28|0x00000000e1c00000, 0x00000000e1c00000, 0x00000000e1d00000|  0%| F|  |TAMS 0x00000000e1c00000, 0x00000000e1c00000| Untracked 
|  29|0x00000000e1d00000, 0x00000000e1d00000, 0x00000000e1e00000|  0%| F|  |TAMS 0x00000000e1d00000, 0x00000000e1d00000| Untracked 
|  30|0x00000000e1e00000, 0x00000000e1e00000, 0x00000000e1f00000|  0%| F|  |TAMS 0x00000000e1e00000, 0x00000000e1e00000| Untracked 
|  31|0x00000000e1f00000, 0x00000000e1f00000, 0x00000000e2000000|  0%| F|  |TAMS 0x00000000e1f00000, 0x00000000e1f00000| Untracked 
|  32|0x00000000e2000000, 0x00000000e2000000, 0x00000000e2100000|  0%| F|  |TAMS 0x00000000e2000000, 0x00000000e2000000| Untracked 
|  33|0x00000000e2100000, 0x00000000e2100000, 0x00000000e2200000|  0%| F|  |TAMS 0x00000000e2100000, 0x00000000e2100000| Untracked 
|  34|0x00000000e2200000, 0x00000000e2200000, 0x00000000e2300000|  0%| F|  |TAMS 0x00000000e2200000, 0x00000000e2200000| Untracked 
|  35|0x00000000e2300000, 0x00000000e2300000, 0x00000000e2400000|  0%| F|  |TAMS 0x00000000e2300000, 0x00000000e2300000| Untracked 
|  36|0x00000000e2400000, 0x00000000e2400000, 0x00000000e2500000|  0%| F|  |TAMS 0x00000000e2400000, 0x00000000e2400000| Untracked 
|  37|0x00000000e2500000, 0x00000000e2500000, 0x00000000e2600000|  0%| F|  |TAMS 0x00000000e2500000, 0x00000000e2500000| Untracked 
|  38|0x00000000e2600000, 0x00000000e2600000, 0x00000000e2700000|  0%| F|  |TAMS 0x00000000e2600000, 0x00000000e2600000| Untracked 
|  39|0x00000000e2700000, 0x00000000e2700000, 0x00000000e2800000|  0%| F|  |TAMS 0x00000000e2700000, 0x00000000e2700000| Untracked 
|  40|0x00000000e2800000, 0x00000000e2800000, 0x00000000e2900000|  0%| F|  |TAMS 0x00000000e2800000, 0x00000000e2800000| Untracked 
|  41|0x00000000e2900000, 0x00000000e2900000, 0x00000000e2a00000|  0%| F|  |TAMS 0x00000000e2900000, 0x00000000e2900000| Untracked 
|  42|0x00000000e2a00000, 0x00000000e2a00000, 0x00000000e2b00000|  0%| F|  |TAMS 0x00000000e2a00000, 0x00000000e2a00000| Untracked 
|  43|0x00000000e2b00000, 0x00000000e2b00000, 0x00000000e2c00000|  0%| F|  |TAMS 0x00000000e2b00000, 0x00000000e2b00000| Untracked 
|  44|0x00000000e2c00000, 0x00000000e2c00000, 0x00000000e2d00000|  0%| F|  |TAMS 0x00000000e2c00000, 0x00000000e2c00000| Untracked 
|  45|0x00000000e2d00000, 0x00000000e2d00000, 0x00000000e2e00000|  0%| F|  |TAMS 0x00000000e2d00000, 0x00000000e2d00000| Untracked 
|  46|0x00000000e2e00000, 0x00000000e2e00000, 0x00000000e2f00000|  0%| F|  |TAMS 0x00000000e2e00000, 0x00000000e2e00000| Untracked 
|  47|0x00000000e2f00000, 0x00000000e2f00000, 0x00000000e3000000|  0%| F|  |TAMS 0x00000000e2f00000, 0x00000000e2f00000| Untracked 
|  48|0x00000000e3000000, 0x00000000e3000000, 0x00000000e3100000|  0%| F|  |TAMS 0x00000000e3000000, 0x00000000e3000000| Untracked 
|  49|0x00000000e3100000, 0x00000000e3100000, 0x00000000e3200000|  0%| F|  |TAMS 0x00000000e3100000, 0x00000000e3100000| Untracked 
|  50|0x00000000e3200000, 0x00000000e3200000, 0x00000000e3300000|  0%| F|  |TAMS 0x00000000e3200000, 0x00000000e3200000| Untracked 
|  51|0x00000000e3300000, 0x00000000e3300000, 0x00000000e3400000|  0%| F|  |TAMS 0x00000000e3300000, 0x00000000e3300000| Untracked 
|  52|0x00000000e3400000, 0x00000000e3400000, 0x00000000e3500000|  0%| F|  |TAMS 0x00000000e3400000, 0x00000000e3400000| Untracked 
|  53|0x00000000e3500000, 0x00000000e3500000, 0x00000000e3600000|  0%| F|  |TAMS 0x00000000e3500000, 0x00000000e3500000| Untracked 
|  54|0x00000000e3600000, 0x00000000e3600000, 0x00000000e3700000|  0%| F|  |TAMS 0x00000000e3600000, 0x00000000e3600000| Untracked 
|  55|0x00000000e3700000, 0x00000000e3700000, 0x00000000e3800000|  0%| F|  |TAMS 0x00000000e3700000, 0x00000000e3700000| Untracked 
|  56|0x00000000e3800000, 0x00000000e3800000, 0x00000000e3900000|  0%| F|  |TAMS 0x00000000e3800000, 0x00000000e3800000| Untracked 
|  57|0x00000000e3900000, 0x00000000e3900000, 0x00000000e3a00000|  0%| F|  |TAMS 0x00000000e3900000, 0x00000000e3900000| Untracked 
|  58|0x00000000e3a00000, 0x00000000e3a00000, 0x00000000e3b00000|  0%| F|  |TAMS 0x00000000e3a00000, 0x00000000e3a00000| Untracked 
|  59|0x00000000e3b00000, 0x00000000e3b00000, 0x00000000e3c00000|  0%| F|  |TAMS 0x00000000e3b00000, 0x00000000e3b00000| Untracked 
|  60|0x00000000e3c00000, 0x00000000e3c00000, 0x00000000e3d00000|  0%| F|  |TAMS 0x00000000e3c00000, 0x00000000e3c00000| Untracked 
|  61|0x00000000e3d00000, 0x00000000e3d00000, 0x00000000e3e00000|  0%| F|  |TAMS 0x00000000e3d00000, 0x00000000e3d00000| Untracked 
|  62|0x00000000e3e00000, 0x00000000e3e00000, 0x00000000e3f00000|  0%| F|  |TAMS 0x00000000e3e00000, 0x00000000e3e00000| Untracked 
|  63|0x00000000e3f00000, 0x00000000e3f00000, 0x00000000e4000000|  0%| F|  |TAMS 0x00000000e3f00000, 0x00000000e3f00000| Untracked 
|  64|0x00000000e4000000, 0x00000000e4000000, 0x00000000e4100000|  0%| F|  |TAMS 0x00000000e4000000, 0x00000000e4000000| Untracked 
|  65|0x00000000e4100000, 0x00000000e4100000, 0x00000000e4200000|  0%| F|  |TAMS 0x00000000e4100000, 0x00000000e4100000| Untracked 
|  66|0x00000000e4200000, 0x00000000e4200000, 0x00000000e4300000|  0%| F|  |TAMS 0x00000000e4200000, 0x00000000e4200000| Untracked 
|  67|0x00000000e4300000, 0x00000000e4300000, 0x00000000e4400000|  0%| F|  |TAMS 0x00000000e4300000, 0x00000000e4300000| Untracked 
|  68|0x00000000e4400000, 0x00000000e4400000, 0x00000000e4500000|  0%| F|  |TAMS 0x00000000e4400000, 0x00000000e4400000| Untracked 
|  69|0x00000000e4500000, 0x00000000e4500000, 0x00000000e4600000|  0%| F|  |TAMS 0x00000000e4500000, 0x00000000e4500000| Untracked 
|  70|0x00000000e4600000, 0x00000000e4600000, 0x00000000e4700000|  0%| F|  |TAMS 0x00000000e4600000, 0x00000000e4600000| Untracked 
|  71|0x00000000e4700000, 0x00000000e4700000, 0x00000000e4800000|  0%| F|  |TAMS 0x00000000e4700000, 0x00000000e4700000| Untracked 
|  72|0x00000000e4800000, 0x00000000e4800000, 0x00000000e4900000|  0%| F|  |TAMS 0x00000000e4800000, 0x00000000e4800000| Untracked 
|  73|0x00000000e4900000, 0x00000000e4900000, 0x00000000e4a00000|  0%| F|  |TAMS 0x00000000e4900000, 0x00000000e4900000| Untracked 
|  74|0x00000000e4a00000, 0x00000000e4a00000, 0x00000000e4b00000|  0%| F|  |TAMS 0x00000000e4a00000, 0x00000000e4a00000| Untracked 
|  75|0x00000000e4b00000, 0x00000000e4b00000, 0x00000000e4c00000|  0%| F|  |TAMS 0x00000000e4b00000, 0x00000000e4b00000| Untracked 
|  76|0x00000000e4c00000, 0x00000000e4c00000, 0x00000000e4d00000|  0%| F|  |TAMS 0x00000000e4c00000, 0x00000000e4c00000| Untracked 
|  77|0x00000000e4d00000, 0x00000000e4d00000, 0x00000000e4e00000|  0%| F|  |TAMS 0x00000000e4d00000, 0x00000000e4d00000| Untracked 
|  78|0x00000000e4e00000, 0x00000000e4e00000, 0x00000000e4f00000|  0%| F|  |TAMS 0x00000000e4e00000, 0x00000000e4e00000| Untracked 
|  79|0x00000000e4f00000, 0x00000000e4f00000, 0x00000000e5000000|  0%| F|  |TAMS 0x00000000e4f00000, 0x00000000e4f00000| Untracked 
|  80|0x00000000e5000000, 0x00000000e5000000, 0x00000000e5100000|  0%| F|  |TAMS 0x00000000e5000000, 0x00000000e5000000| Untracked 
|  81|0x00000000e5100000, 0x00000000e5100000, 0x00000000e5200000|  0%| F|  |TAMS 0x00000000e5100000, 0x00000000e5100000| Untracked 
|  82|0x00000000e5200000, 0x00000000e5200000, 0x00000000e5300000|  0%| F|  |TAMS 0x00000000e5200000, 0x00000000e5200000| Untracked 
|  83|0x00000000e5300000, 0x00000000e5300000, 0x00000000e5400000|  0%| F|  |TAMS 0x00000000e5300000, 0x00000000e5300000| Untracked 
|  84|0x00000000e5400000, 0x00000000e5400000, 0x00000000e5500000|  0%| F|  |TAMS 0x00000000e5400000, 0x00000000e5400000| Untracked 
|  85|0x00000000e5500000, 0x00000000e5500000, 0x00000000e5600000|  0%| F|  |TAMS 0x00000000e5500000, 0x00000000e5500000| Untracked 
|  86|0x00000000e5600000, 0x00000000e5600000, 0x00000000e5700000|  0%| F|  |TAMS 0x00000000e5600000, 0x00000000e5600000| Untracked 
|  87|0x00000000e5700000, 0x00000000e5700000, 0x00000000e5800000|  0%| F|  |TAMS 0x00000000e5700000, 0x00000000e5700000| Untracked 
|  88|0x00000000e5800000, 0x00000000e5800000, 0x00000000e5900000|  0%| F|  |TAMS 0x00000000e5800000, 0x00000000e5800000| Untracked 
|  89|0x00000000e5900000, 0x00000000e5900000, 0x00000000e5a00000|  0%| F|  |TAMS 0x00000000e5900000, 0x00000000e5900000| Untracked 
|  90|0x00000000e5a00000, 0x00000000e5a00000, 0x00000000e5b00000|  0%| F|  |TAMS 0x00000000e5a00000, 0x00000000e5a00000| Untracked 
|  91|0x00000000e5b00000, 0x00000000e5b00000, 0x00000000e5c00000|  0%| F|  |TAMS 0x00000000e5b00000, 0x00000000e5b00000| Untracked 
|  92|0x00000000e5c00000, 0x00000000e5c00000, 0x00000000e5d00000|  0%| F|  |TAMS 0x00000000e5c00000, 0x00000000e5c00000| Untracked 
|  93|0x00000000e5d00000, 0x00000000e5d00000, 0x00000000e5e00000|  0%| F|  |TAMS 0x00000000e5d00000, 0x00000000e5d00000| Untracked 
|  94|0x00000000e5e00000, 0x00000000e5e00000, 0x00000000e5f00000|  0%| F|  |TAMS 0x00000000e5e00000, 0x00000000e5e00000| Untracked 
|  95|0x00000000e5f00000, 0x00000000e5f00000, 0x00000000e6000000|  0%| F|  |TAMS 0x00000000e5f00000, 0x00000000e5f00000| Untracked 
|  96|0x00000000e6000000, 0x00000000e6000000, 0x00000000e6100000|  0%| F|  |TAMS 0x00000000e6000000, 0x00000000e6000000| Untracked 
|  97|0x00000000e6100000, 0x00000000e6100000, 0x00000000e6200000|  0%| F|  |TAMS 0x00000000e6100000, 0x00000000e6100000| Untracked 
|  98|0x00000000e6200000, 0x00000000e6200000, 0x00000000e6300000|  0%| F|  |TAMS 0x00000000e6200000, 0x00000000e6200000| Untracked 
|  99|0x00000000e6300000, 0x00000000e6300000, 0x00000000e6400000|  0%| F|  |TAMS 0x00000000e6300000, 0x00000000e6300000| Untracked 
| 100|0x00000000e6400000, 0x00000000e6400000, 0x00000000e6500000|  0%| F|  |TAMS 0x00000000e6400000, 0x00000000e6400000| Untracked 
| 101|0x00000000e6500000, 0x00000000e6500000, 0x00000000e6600000|  0%| F|  |TAMS 0x00000000e6500000, 0x00000000e6500000| Untracked 
| 102|0x00000000e6600000, 0x00000000e6600000, 0x00000000e6700000|  0%| F|  |TAMS 0x00000000e6600000, 0x00000000e6600000| Untracked 
| 103|0x00000000e6700000, 0x00000000e6700000, 0x00000000e6800000|  0%| F|  |TAMS 0x00000000e6700000, 0x00000000e6700000| Untracked 
| 104|0x00000000e6800000, 0x00000000e6800000, 0x00000000e6900000|  0%| F|  |TAMS 0x00000000e6800000, 0x00000000e6800000| Untracked 
| 105|0x00000000e6900000, 0x00000000e6900000, 0x00000000e6a00000|  0%| F|  |TAMS 0x00000000e6900000, 0x00000000e6900000| Untracked 
| 106|0x00000000e6a00000, 0x00000000e6a00000, 0x00000000e6b00000|  0%| F|  |TAMS 0x00000000e6a00000, 0x00000000e6a00000| Untracked 
| 107|0x00000000e6b00000, 0x00000000e6b00000, 0x00000000e6c00000|  0%| F|  |TAMS 0x00000000e6b00000, 0x00000000e6b00000| Untracked 
| 108|0x00000000e6c00000, 0x00000000e6c00000, 0x00000000e6d00000|  0%| F|  |TAMS 0x00000000e6c00000, 0x00000000e6c00000| Untracked 
| 109|0x00000000e6d00000, 0x00000000e6d00000, 0x00000000e6e00000|  0%| F|  |TAMS 0x00000000e6d00000, 0x00000000e6d00000| Untracked 
| 110|0x00000000e6e00000, 0x00000000e6e00000, 0x00000000e6f00000|  0%| F|  |TAMS 0x00000000e6e00000, 0x00000000e6e00000| Untracked 
| 111|0x00000000e6f00000, 0x00000000e6f00000, 0x00000000e7000000|  0%| F|  |TAMS 0x00000000e6f00000, 0x00000000e6f00000| Untracked 
| 112|0x00000000e7000000, 0x00000000e7000000, 0x00000000e7100000|  0%| F|  |TAMS 0x00000000e7000000, 0x00000000e7000000| Untracked 
| 113|0x00000000e7100000, 0x00000000e7100000, 0x00000000e7200000|  0%| F|  |TAMS 0x00000000e7100000, 0x00000000e7100000| Untracked 
| 114|0x00000000e7200000, 0x00000000e7200000, 0x00000000e7300000|  0%| F|  |TAMS 0x00000000e7200000, 0x00000000e7200000| Untracked 
| 115|0x00000000e7300000, 0x00000000e7300000, 0x00000000e7400000|  0%| F|  |TAMS 0x00000000e7300000, 0x00000000e7300000| Untracked 
| 116|0x00000000e7400000, 0x00000000e7400000, 0x00000000e7500000|  0%| F|  |TAMS 0x00000000e7400000, 0x00000000e7400000| Untracked 
| 117|0x00000000e7500000, 0x00000000e7500000, 0x00000000e7600000|  0%| F|  |TAMS 0x00000000e7500000, 0x00000000e7500000| Untracked 
| 118|0x00000000e7600000, 0x00000000e7600000, 0x00000000e7700000|  0%| F|  |TAMS 0x00000000e7600000, 0x00000000e7600000| Untracked 
| 119|0x00000000e7700000, 0x00000000e7700000, 0x00000000e7800000|  0%| F|  |TAMS 0x00000000e7700000, 0x00000000e7700000| Untracked 
| 120|0x00000000e7800000, 0x00000000e7800000, 0x00000000e7900000|  0%| F|  |TAMS 0x00000000e7800000, 0x00000000e7800000| Untracked 
| 121|0x00000000e7900000, 0x00000000e7900000, 0x00000000e7a00000|  0%| F|  |TAMS 0x00000000e7900000, 0x00000000e7900000| Untracked 
| 122|0x00000000e7a00000, 0x00000000e7a00000, 0x00000000e7b00000|  0%| F|  |TAMS 0x00000000e7a00000, 0x00000000e7a00000| Untracked 
| 123|0x00000000e7b00000, 0x00000000e7b00000, 0x00000000e7c00000|  0%| F|  |TAMS 0x00000000e7b00000, 0x00000000e7b00000| Untracked 
| 124|0x00000000e7c00000, 0x00000000e7c00000, 0x00000000e7d00000|  0%| F|  |TAMS 0x00000000e7c00000, 0x00000000e7c00000| Untracked 
| 125|0x00000000e7d00000, 0x00000000e7d00000, 0x00000000e7e00000|  0%| F|  |TAMS 0x00000000e7d00000, 0x00000000e7d00000| Untracked 
| 126|0x00000000e7e00000, 0x00000000e7e00000, 0x00000000e7f00000|  0%| F|  |TAMS 0x00000000e7e00000, 0x00000000e7e00000| Untracked 
| 127|0x00000000e7f00000, 0x00000000e7f00000, 0x00000000e8000000|  0%| F|  |TAMS 0x00000000e7f00000, 0x00000000e7f00000| Untracked 
| 128|0x00000000e8000000, 0x00000000e8000000, 0x00000000e8100000|  0%| F|  |TAMS 0x00000000e8000000, 0x00000000e8000000| Untracked 
| 129|0x00000000e8100000, 0x00000000e8100000, 0x00000000e8200000|  0%| F|  |TAMS 0x00000000e8100000, 0x00000000e8100000| Untracked 
| 130|0x00000000e8200000, 0x00000000e8200000, 0x00000000e8300000|  0%| F|  |TAMS 0x00000000e8200000, 0x00000000e8200000| Untracked 
| 131|0x00000000e8300000, 0x00000000e8300000, 0x00000000e8400000|  0%| F|  |TAMS 0x00000000e8300000, 0x00000000e8300000| Untracked 
| 132|0x00000000e8400000, 0x00000000e8400000, 0x00000000e8500000|  0%| F|  |TAMS 0x00000000e8400000, 0x00000000e8400000| Untracked 
| 133|0x00000000e8500000, 0x00000000e8500000, 0x00000000e8600000|  0%| F|  |TAMS 0x00000000e8500000, 0x00000000e8500000| Untracked 
| 134|0x00000000e8600000, 0x00000000e8600000, 0x00000000e8700000|  0%| F|  |TAMS 0x00000000e8600000, 0x00000000e8600000| Untracked 
| 135|0x00000000e8700000, 0x00000000e8700000, 0x00000000e8800000|  0%| F|  |TAMS 0x00000000e8700000, 0x00000000e8700000| Untracked 
| 136|0x00000000e8800000, 0x00000000e8800000, 0x00000000e8900000|  0%| F|  |TAMS 0x00000000e8800000, 0x00000000e8800000| Untracked 
| 137|0x00000000e8900000, 0x00000000e8900000, 0x00000000e8a00000|  0%| F|  |TAMS 0x00000000e8900000, 0x00000000e8900000| Untracked 
| 138|0x00000000e8a00000, 0x00000000e8a00000, 0x00000000e8b00000|  0%| F|  |TAMS 0x00000000e8a00000, 0x00000000e8a00000| Untracked 
| 139|0x00000000e8b00000, 0x00000000e8b00000, 0x00000000e8c00000|  0%| F|  |TAMS 0x00000000e8b00000, 0x00000000e8b00000| Untracked 
| 140|0x00000000e8c00000, 0x00000000e8c00000, 0x00000000e8d00000|  0%| F|  |TAMS 0x00000000e8c00000, 0x00000000e8c00000| Untracked 
| 141|0x00000000e8d00000, 0x00000000e8d00000, 0x00000000e8e00000|  0%| F|  |TAMS 0x00000000e8d00000, 0x00000000e8d00000| Untracked 
| 142|0x00000000e8e00000, 0x00000000e8e00000, 0x00000000e8f00000|  0%| F|  |TAMS 0x00000000e8e00000, 0x00000000e8e00000| Untracked 
| 143|0x00000000e8f00000, 0x00000000e8f00000, 0x00000000e9000000|  0%| F|  |TAMS 0x00000000e8f00000, 0x00000000e8f00000| Untracked 
| 144|0x00000000e9000000, 0x00000000e9000000, 0x00000000e9100000|  0%| F|  |TAMS 0x00000000e9000000, 0x00000000e9000000| Untracked 
| 145|0x00000000e9100000, 0x00000000e9100000, 0x00000000e9200000|  0%| F|  |TAMS 0x00000000e9100000, 0x00000000e9100000| Untracked 
| 146|0x00000000e9200000, 0x00000000e9200000, 0x00000000e9300000|  0%| F|  |TAMS 0x00000000e9200000, 0x00000000e9200000| Untracked 
| 147|0x00000000e9300000, 0x00000000e9300000, 0x00000000e9400000|  0%| F|  |TAMS 0x00000000e9300000, 0x00000000e9300000| Untracked 
| 148|0x00000000e9400000, 0x00000000e9400000, 0x00000000e9500000|  0%| F|  |TAMS 0x00000000e9400000, 0x00000000e9400000| Untracked 
| 149|0x00000000e9500000, 0x00000000e9500000, 0x00000000e9600000|  0%| F|  |TAMS 0x00000000e9500000, 0x00000000e9500000| Untracked 
| 150|0x00000000e9600000, 0x00000000e9600000, 0x00000000e9700000|  0%| F|  |TAMS 0x00000000e9600000, 0x00000000e9600000| Untracked 
| 151|0x00000000e9700000, 0x00000000e97df700, 0x00000000e9800000| 87%| S|CS|TAMS 0x00000000e9700000, 0x00000000e9700000| Complete 
| 152|0x00000000e9800000, 0x00000000e9900000, 0x00000000e9900000|100%| S|CS|TAMS 0x00000000e9800000, 0x00000000e9800000| Complete 
| 153|0x00000000e9900000, 0x00000000e9a00000, 0x00000000e9a00000|100%| S|CS|TAMS 0x00000000e9900000, 0x00000000e9900000| Complete 
| 154|0x00000000e9a00000, 0x00000000e9b00000, 0x00000000e9b00000|100%| S|CS|TAMS 0x00000000e9a00000, 0x00000000e9a00000| Complete 
| 155|0x00000000e9b00000, 0x00000000e9c00000, 0x00000000e9c00000|100%| S|CS|TAMS 0x00000000e9b00000, 0x00000000e9b00000| Complete 
| 156|0x00000000e9c00000, 0x00000000e9d00000, 0x00000000e9d00000|100%| S|CS|TAMS 0x00000000e9c00000, 0x00000000e9c00000| Complete 
| 157|0x00000000e9d00000, 0x00000000e9e00000, 0x00000000e9e00000|100%| S|CS|TAMS 0x00000000e9d00000, 0x00000000e9d00000| Complete 
| 158|0x00000000e9e00000, 0x00000000e9f00000, 0x00000000e9f00000|100%| S|CS|TAMS 0x00000000e9e00000, 0x00000000e9e00000| Complete 
| 159|0x00000000e9f00000, 0x00000000ea000000, 0x00000000ea000000|100%| S|CS|TAMS 0x00000000e9f00000, 0x00000000e9f00000| Complete 
| 160|0x00000000ea000000, 0x00000000ea000000, 0x00000000ea100000|  0%| F|  |TAMS 0x00000000ea000000, 0x00000000ea000000| Untracked 
| 161|0x00000000ea100000, 0x00000000ea100000, 0x00000000ea200000|  0%| F|  |TAMS 0x00000000ea100000, 0x00000000ea100000| Untracked 
| 162|0x00000000ea200000, 0x00000000ea200000, 0x00000000ea300000|  0%| F|  |TAMS 0x00000000ea200000, 0x00000000ea200000| Untracked 
| 163|0x00000000ea300000, 0x00000000ea300000, 0x00000000ea400000|  0%| F|  |TAMS 0x00000000ea300000, 0x00000000ea300000| Untracked 
| 164|0x00000000ea400000, 0x00000000ea400000, 0x00000000ea500000|  0%| F|  |TAMS 0x00000000ea400000, 0x00000000ea400000| Untracked 
| 165|0x00000000ea500000, 0x00000000ea500000, 0x00000000ea600000|  0%| F|  |TAMS 0x00000000ea500000, 0x00000000ea500000| Untracked 
| 166|0x00000000ea600000, 0x00000000ea600000, 0x00000000ea700000|  0%| F|  |TAMS 0x00000000ea600000, 0x00000000ea600000| Untracked 
| 167|0x00000000ea700000, 0x00000000ea700000, 0x00000000ea800000|  0%| F|  |TAMS 0x00000000ea700000, 0x00000000ea700000| Untracked 
| 168|0x00000000ea800000, 0x00000000ea800000, 0x00000000ea900000|  0%| F|  |TAMS 0x00000000ea800000, 0x00000000ea800000| Untracked 
| 169|0x00000000ea900000, 0x00000000ea900000, 0x00000000eaa00000|  0%| F|  |TAMS 0x00000000ea900000, 0x00000000ea900000| Untracked 
| 170|0x00000000eaa00000, 0x00000000eaa00000, 0x00000000eab00000|  0%| F|  |TAMS 0x00000000eaa00000, 0x00000000eaa00000| Untracked 
| 171|0x00000000eab00000, 0x00000000eab00000, 0x00000000eac00000|  0%| F|  |TAMS 0x00000000eab00000, 0x00000000eab00000| Untracked 
| 172|0x00000000eac00000, 0x00000000eac00000, 0x00000000ead00000|  0%| F|  |TAMS 0x00000000eac00000, 0x00000000eac00000| Untracked 
| 173|0x00000000ead00000, 0x00000000ead00000, 0x00000000eae00000|  0%| F|  |TAMS 0x00000000ead00000, 0x00000000ead00000| Untracked 
| 174|0x00000000eae00000, 0x00000000eae00000, 0x00000000eaf00000|  0%| F|  |TAMS 0x00000000eae00000, 0x00000000eae00000| Untracked 
| 175|0x00000000eaf00000, 0x00000000eaf00000, 0x00000000eb000000|  0%| F|  |TAMS 0x00000000eaf00000, 0x00000000eaf00000| Untracked 
| 176|0x00000000eb000000, 0x00000000eb000000, 0x00000000eb100000|  0%| F|  |TAMS 0x00000000eb000000, 0x00000000eb000000| Untracked 
| 177|0x00000000eb100000, 0x00000000eb100000, 0x00000000eb200000|  0%| F|  |TAMS 0x00000000eb100000, 0x00000000eb100000| Untracked 
| 178|0x00000000eb200000, 0x00000000eb200000, 0x00000000eb300000|  0%| F|  |TAMS 0x00000000eb200000, 0x00000000eb200000| Untracked 
| 179|0x00000000eb300000, 0x00000000eb300000, 0x00000000eb400000|  0%| F|  |TAMS 0x00000000eb300000, 0x00000000eb300000| Untracked 
| 180|0x00000000eb400000, 0x00000000eb400000, 0x00000000eb500000|  0%| F|  |TAMS 0x00000000eb400000, 0x00000000eb400000| Untracked 
| 181|0x00000000eb500000, 0x00000000eb500000, 0x00000000eb600000|  0%| F|  |TAMS 0x00000000eb500000, 0x00000000eb500000| Untracked 
| 182|0x00000000eb600000, 0x00000000eb600000, 0x00000000eb700000|  0%| F|  |TAMS 0x00000000eb600000, 0x00000000eb600000| Untracked 
| 183|0x00000000eb700000, 0x00000000eb700000, 0x00000000eb800000|  0%| F|  |TAMS 0x00000000eb700000, 0x00000000eb700000| Untracked 
| 184|0x00000000eb800000, 0x00000000eb800000, 0x00000000eb900000|  0%| F|  |TAMS 0x00000000eb800000, 0x00000000eb800000| Untracked 
| 185|0x00000000eb900000, 0x00000000eb900000, 0x00000000eba00000|  0%| F|  |TAMS 0x00000000eb900000, 0x00000000eb900000| Untracked 
| 186|0x00000000eba00000, 0x00000000eba00000, 0x00000000ebb00000|  0%| F|  |TAMS 0x00000000eba00000, 0x00000000eba00000| Untracked 
| 187|0x00000000ebb00000, 0x00000000ebb00000, 0x00000000ebc00000|  0%| F|  |TAMS 0x00000000ebb00000, 0x00000000ebb00000| Untracked 
| 188|0x00000000ebc00000, 0x00000000ebc00000, 0x00000000ebd00000|  0%| F|  |TAMS 0x00000000ebc00000, 0x00000000ebc00000| Untracked 
| 189|0x00000000ebd00000, 0x00000000ebd00000, 0x00000000ebe00000|  0%| F|  |TAMS 0x00000000ebd00000, 0x00000000ebd00000| Untracked 
| 190|0x00000000ebe00000, 0x00000000ebe00000, 0x00000000ebf00000|  0%| F|  |TAMS 0x00000000ebe00000, 0x00000000ebe00000| Untracked 
| 191|0x00000000ebf00000, 0x00000000ebf00000, 0x00000000ec000000|  0%| F|  |TAMS 0x00000000ebf00000, 0x00000000ebf00000| Untracked 
| 192|0x00000000ec000000, 0x00000000ec000000, 0x00000000ec100000|  0%| F|  |TAMS 0x00000000ec000000, 0x00000000ec000000| Untracked 
| 193|0x00000000ec100000, 0x00000000ec100000, 0x00000000ec200000|  0%| F|  |TAMS 0x00000000ec100000, 0x00000000ec100000| Untracked 
| 194|0x00000000ec200000, 0x00000000ec200000, 0x00000000ec300000|  0%| F|  |TAMS 0x00000000ec200000, 0x00000000ec200000| Untracked 
| 195|0x00000000ec300000, 0x00000000ec300000, 0x00000000ec400000|  0%| F|  |TAMS 0x00000000ec300000, 0x00000000ec300000| Untracked 
| 196|0x00000000ec400000, 0x00000000ec400000, 0x00000000ec500000|  0%| F|  |TAMS 0x00000000ec400000, 0x00000000ec400000| Untracked 
| 197|0x00000000ec500000, 0x00000000ec500000, 0x00000000ec600000|  0%| F|  |TAMS 0x00000000ec500000, 0x00000000ec500000| Untracked 
| 198|0x00000000ec600000, 0x00000000ec600000, 0x00000000ec700000|  0%| F|  |TAMS 0x00000000ec600000, 0x00000000ec600000| Untracked 
| 199|0x00000000ec700000, 0x00000000ec700000, 0x00000000ec800000|  0%| F|  |TAMS 0x00000000ec700000, 0x00000000ec700000| Untracked 
| 200|0x00000000ec800000, 0x00000000ec800000, 0x00000000ec900000|  0%| F|  |TAMS 0x00000000ec800000, 0x00000000ec800000| Untracked 
| 201|0x00000000ec900000, 0x00000000ec900000, 0x00000000eca00000|  0%| F|  |TAMS 0x00000000ec900000, 0x00000000ec900000| Untracked 
| 202|0x00000000eca00000, 0x00000000eca00000, 0x00000000ecb00000|  0%| F|  |TAMS 0x00000000eca00000, 0x00000000eca00000| Untracked 
| 203|0x00000000ecb00000, 0x00000000ecb00000, 0x00000000ecc00000|  0%| F|  |TAMS 0x00000000ecb00000, 0x00000000ecb00000| Untracked 
| 204|0x00000000ecc00000, 0x00000000ecc00000, 0x00000000ecd00000|  0%| F|  |TAMS 0x00000000ecc00000, 0x00000000ecc00000| Untracked 
| 205|0x00000000ecd00000, 0x00000000ecd00000, 0x00000000ece00000|  0%| F|  |TAMS 0x00000000ecd00000, 0x00000000ecd00000| Untracked 
| 206|0x00000000ece00000, 0x00000000ece00000, 0x00000000ecf00000|  0%| F|  |TAMS 0x00000000ece00000, 0x00000000ece00000| Untracked 
| 207|0x00000000ecf00000, 0x00000000ecf00000, 0x00000000ed000000|  0%| F|  |TAMS 0x00000000ecf00000, 0x00000000ecf00000| Untracked 
| 208|0x00000000ed000000, 0x00000000ed000000, 0x00000000ed100000|  0%| F|  |TAMS 0x00000000ed000000, 0x00000000ed000000| Untracked 
| 209|0x00000000ed100000, 0x00000000ed100000, 0x00000000ed200000|  0%| F|  |TAMS 0x00000000ed100000, 0x00000000ed100000| Untracked 
| 210|0x00000000ed200000, 0x00000000ed200000, 0x00000000ed300000|  0%| F|  |TAMS 0x00000000ed200000, 0x00000000ed200000| Untracked 
| 211|0x00000000ed300000, 0x00000000ed300000, 0x00000000ed400000|  0%| F|  |TAMS 0x00000000ed300000, 0x00000000ed300000| Untracked 
| 212|0x00000000ed400000, 0x00000000ed400000, 0x00000000ed500000|  0%| F|  |TAMS 0x00000000ed400000, 0x00000000ed400000| Untracked 
| 213|0x00000000ed500000, 0x00000000ed500000, 0x00000000ed600000|  0%| F|  |TAMS 0x00000000ed500000, 0x00000000ed500000| Untracked 
| 214|0x00000000ed600000, 0x00000000ed600000, 0x00000000ed700000|  0%| F|  |TAMS 0x00000000ed600000, 0x00000000ed600000| Untracked 
| 215|0x00000000ed700000, 0x00000000ed700000, 0x00000000ed800000|  0%| F|  |TAMS 0x00000000ed700000, 0x00000000ed700000| Untracked 
| 216|0x00000000ed800000, 0x00000000ed800000, 0x00000000ed900000|  0%| F|  |TAMS 0x00000000ed800000, 0x00000000ed800000| Untracked 
| 217|0x00000000ed900000, 0x00000000ed900000, 0x00000000eda00000|  0%| F|  |TAMS 0x00000000ed900000, 0x00000000ed900000| Untracked 
| 218|0x00000000eda00000, 0x00000000eda00000, 0x00000000edb00000|  0%| F|  |TAMS 0x00000000eda00000, 0x00000000eda00000| Untracked 
| 219|0x00000000edb00000, 0x00000000edb00000, 0x00000000edc00000|  0%| F|  |TAMS 0x00000000edb00000, 0x00000000edb00000| Untracked 
| 220|0x00000000edc00000, 0x00000000edc00000, 0x00000000edd00000|  0%| F|  |TAMS 0x00000000edc00000, 0x00000000edc00000| Untracked 
| 221|0x00000000edd00000, 0x00000000edd00000, 0x00000000ede00000|  0%| F|  |TAMS 0x00000000edd00000, 0x00000000edd00000| Untracked 
| 222|0x00000000ede00000, 0x00000000ede00000, 0x00000000edf00000|  0%| F|  |TAMS 0x00000000ede00000, 0x00000000ede00000| Untracked 
| 223|0x00000000edf00000, 0x00000000edf00000, 0x00000000ee000000|  0%| F|  |TAMS 0x00000000edf00000, 0x00000000edf00000| Untracked 
| 224|0x00000000ee000000, 0x00000000ee000000, 0x00000000ee100000|  0%| F|  |TAMS 0x00000000ee000000, 0x00000000ee000000| Untracked 
| 225|0x00000000ee100000, 0x00000000ee100000, 0x00000000ee200000|  0%| F|  |TAMS 0x00000000ee100000, 0x00000000ee100000| Untracked 
| 226|0x00000000ee200000, 0x00000000ee200000, 0x00000000ee300000|  0%| F|  |TAMS 0x00000000ee200000, 0x00000000ee200000| Untracked 
| 227|0x00000000ee300000, 0x00000000ee300000, 0x00000000ee400000|  0%| F|  |TAMS 0x00000000ee300000, 0x00000000ee300000| Untracked 
| 228|0x00000000ee400000, 0x00000000ee400000, 0x00000000ee500000|  0%| F|  |TAMS 0x00000000ee400000, 0x00000000ee400000| Untracked 
| 229|0x00000000ee500000, 0x00000000ee500000, 0x00000000ee600000|  0%| F|  |TAMS 0x00000000ee500000, 0x00000000ee500000| Untracked 
| 230|0x00000000ee600000, 0x00000000ee600000, 0x00000000ee700000|  0%| F|  |TAMS 0x00000000ee600000, 0x00000000ee600000| Untracked 
| 231|0x00000000ee700000, 0x00000000ee700000, 0x00000000ee800000|  0%| F|  |TAMS 0x00000000ee700000, 0x00000000ee700000| Untracked 
| 232|0x00000000ee800000, 0x00000000ee800000, 0x00000000ee900000|  0%| F|  |TAMS 0x00000000ee800000, 0x00000000ee800000| Untracked 
| 233|0x00000000ee900000, 0x00000000ee900000, 0x00000000eea00000|  0%| F|  |TAMS 0x00000000ee900000, 0x00000000ee900000| Untracked 
| 234|0x00000000eea00000, 0x00000000eea00000, 0x00000000eeb00000|  0%| F|  |TAMS 0x00000000eea00000, 0x00000000eea00000| Untracked 
| 235|0x00000000eeb00000, 0x00000000eeb00000, 0x00000000eec00000|  0%| F|  |TAMS 0x00000000eeb00000, 0x00000000eeb00000| Untracked 
| 236|0x00000000eec00000, 0x00000000eec80630, 0x00000000eed00000| 50%| E|  |TAMS 0x00000000eec00000, 0x00000000eec00000| Complete 
| 237|0x00000000eed00000, 0x00000000eee00000, 0x00000000eee00000|100%| E|CS|TAMS 0x00000000eed00000, 0x00000000eed00000| Complete 
| 238|0x00000000eee00000, 0x00000000eef00000, 0x00000000eef00000|100%| E|CS|TAMS 0x00000000eee00000, 0x00000000eee00000| Complete 
| 239|0x00000000eef00000, 0x00000000ef000000, 0x00000000ef000000|100%| E|CS|TAMS 0x00000000eef00000, 0x00000000eef00000| Complete 
| 240|0x00000000ef000000, 0x00000000ef100000, 0x00000000ef100000|100%| E|CS|TAMS 0x00000000ef000000, 0x00000000ef000000| Complete 
| 241|0x00000000ef100000, 0x00000000ef200000, 0x00000000ef200000|100%| E|CS|TAMS 0x00000000ef100000, 0x00000000ef100000| Complete 
| 242|0x00000000ef200000, 0x00000000ef300000, 0x00000000ef300000|100%| E|CS|TAMS 0x00000000ef200000, 0x00000000ef200000| Complete 
| 243|0x00000000ef300000, 0x00000000ef400000, 0x00000000ef400000|100%| E|CS|TAMS 0x00000000ef300000, 0x00000000ef300000| Complete 
| 244|0x00000000ef400000, 0x00000000ef500000, 0x00000000ef500000|100%| E|CS|TAMS 0x00000000ef400000, 0x00000000ef400000| Complete 
| 245|0x00000000ef500000, 0x00000000ef600000, 0x00000000ef600000|100%| E|CS|TAMS 0x00000000ef500000, 0x00000000ef500000| Complete 
| 246|0x00000000ef600000, 0x00000000ef700000, 0x00000000ef700000|100%| E|CS|TAMS 0x00000000ef600000, 0x00000000ef600000| Complete 
| 247|0x00000000ef700000, 0x00000000ef800000, 0x00000000ef800000|100%| E|CS|TAMS 0x00000000ef700000, 0x00000000ef700000| Complete 
| 248|0x00000000ef800000, 0x00000000ef900000, 0x00000000ef900000|100%| E|CS|TAMS 0x00000000ef800000, 0x00000000ef800000| Complete 
| 249|0x00000000ef900000, 0x00000000efa00000, 0x00000000efa00000|100%| E|CS|TAMS 0x00000000ef900000, 0x00000000ef900000| Complete 
| 250|0x00000000efa00000, 0x00000000efb00000, 0x00000000efb00000|100%| E|CS|TAMS 0x00000000efa00000, 0x00000000efa00000| Complete 
| 251|0x00000000efb00000, 0x00000000efc00000, 0x00000000efc00000|100%| E|CS|TAMS 0x00000000efb00000, 0x00000000efb00000| Complete 
| 252|0x00000000efc00000, 0x00000000efd00000, 0x00000000efd00000|100%| E|CS|TAMS 0x00000000efc00000, 0x00000000efc00000| Complete 
| 253|0x00000000efd00000, 0x00000000efe00000, 0x00000000efe00000|100%| E|CS|TAMS 0x00000000efd00000, 0x00000000efd00000| Complete 
| 254|0x00000000efe00000, 0x00000000eff00000, 0x00000000eff00000|100%| E|CS|TAMS 0x00000000efe00000, 0x00000000efe00000| Complete 
| 255|0x00000000eff00000, 0x00000000f0000000, 0x00000000f0000000|100%| E|CS|TAMS 0x00000000eff00000, 0x00000000eff00000| Complete 

Card table byte_map: [0x0000011773ad0000,0x0000011773bd0000] _byte_map_base: 0x00000117733d0000

Marking Bits (Prev, Next): (CMBitMap*) 0x000001176bfc5720, (CMBitMap*) 0x000001176bfc5760
 Prev Bits: [0x0000011773cd0000, 0x00000117744d0000)
 Next Bits: [0x00000117744d0000, 0x0000011774cd0000)

Polling page: 0x000001176b600000

Metaspace:

Usage:
  Non-class:     31.52 MB used.
      Class:      5.11 MB used.
       Both:     36.62 MB used.

Virtual space:
  Non-class space:       40.00 MB reserved,      31.81 MB ( 80%) committed,  5 nodes.
      Class space:      208.00 MB reserved,       5.31 MB (  3%) committed,  1 nodes.
             Both:      248.00 MB reserved,      37.12 MB ( 15%) committed. 

Chunk freelists:
   Non-Class:  3.80 MB
       Class:  2.66 MB
        Both:  6.45 MB

MaxMetaspaceSize: 256.00 MB
CompressedClassSpaceSize: 208.00 MB
Initial GC threshold: 21.00 MB
Current GC threshold: 58.69 MB
CDS: on
MetaspaceReclaimPolicy: balanced
 - commit_granule_bytes: 65536.
 - commit_granule_words: 8192.
 - virtual_space_node_default_size: 1048576.
 - enlarge_chunks_in_place: 1.
 - new_chunks_are_fully_committed: 0.
 - uncommit_free_chunks: 1.
 - use_allocation_guard: 0.
 - handle_deallocations: 1.


Internal statistics:

num_allocs_failed_limit: 6.
num_arena_births: 420.
num_arena_deaths: 0.
num_vsnodes_births: 6.
num_vsnodes_deaths: 0.
num_space_committed: 594.
num_space_uncommitted: 0.
num_chunks_returned_to_freelist: 6.
num_chunks_taken_from_freelist: 1805.
num_chunk_merges: 6.
num_chunk_splits: 1223.
num_chunks_enlarged: 854.
num_purges: 0.
num_inconsistent_stats: 0.

CodeHeap 'non-profiled nmethods': size=120000Kb used=2190Kb max_used=2190Kb free=117809Kb
 bounds [0x0000011707ad0000, 0x0000011707d40000, 0x000001170f000000]
CodeHeap 'profiled nmethods': size=120000Kb used=8636Kb max_used=8636Kb free=111363Kb
 bounds [0x00000117005a0000, 0x0000011700e10000, 0x0000011707ad0000]
CodeHeap 'non-nmethods': size=5760Kb used=2290Kb max_used=2359Kb free=3469Kb
 bounds [0x0000011700000000, 0x0000011700270000, 0x00000117005a0000]
 total_blobs=4978 nmethods=4179 adapters=711
 compilation: enabled
              stopped_count=0, restarted_count=0
 full_count=0

Compilation events (20 events):
Event: 20.494 Thread 0x00000117773c5980 4144       3       org.gradle.model.internal.asm.MethodVisitorScope::_GOTO (9 bytes)
Event: 20.495 Thread 0x00000117773c5980 nmethod 4144 0x0000011700deeb90 code [0x0000011700deed40, 0x0000011700deefc8]
Event: 20.495 Thread 0x00000117773c5980 4145       3       java.lang.reflect.Modifier::isSynthetic (14 bytes)
Event: 20.495 Thread 0x00000117773c5980 nmethod 4145 0x0000011700def110 code [0x0000011700def2a0, 0x0000011700def3f8]
Event: 20.498 Thread 0x00000117773c5980 4147       3       sun.reflect.annotation.AnnotationParser$1::run (40 bytes)
Event: 20.499 Thread 0x00000117773c5980 nmethod 4147 0x0000011700def490 code [0x0000011700def700, 0x0000011700df0578]
Event: 20.499 Thread 0x00000117773c5980 4148       3       org.gradle.internal.instantiation.generator.AbstractClassGenerator$MethodMetadata::isAbstract (11 bytes)
Event: 20.500 Thread 0x00000117773c5980 nmethod 4148 0x0000011700df0990 code [0x0000011700df0b40, 0x0000011700df0d38]
Event: 20.501 Thread 0x00000117773c5980 4149       3       org.gradle.model.internal.asm.MethodVisitorScope::_DUP (7 bytes)
Event: 20.501 Thread 0x00000117773c5980 nmethod 4149 0x0000011700df0e10 code [0x0000011700df0fc0, 0x0000011700df1228]
Event: 20.501 Thread 0x00000117773c5980 4150       3       org.gradle.model.internal.asm.MethodVisitorScope::_IFNONNULL (9 bytes)
Event: 20.501 Thread 0x00000117773c5980 nmethod 4150 0x0000011700df1310 code [0x0000011700df14c0, 0x0000011700df1748]
Event: 20.501 Thread 0x00000117773c5980 4151       3       org.gradle.model.internal.asm.MethodVisitorScope::_RETURN (8 bytes)
Event: 20.501 Thread 0x00000117773c5980 nmethod 4151 0x0000011700df1890 code [0x0000011700df1a40, 0x0000011700df1ca8]
Event: 20.506 Thread 0x00000117773c5980 4152       3       org.gradle.internal.event.AbstractBroadcastDispatch::<init> (10 bytes)
Event: 20.506 Thread 0x00000117773c5980 nmethod 4152 0x0000011700df1d90 code [0x0000011700df1f20, 0x0000011700df20d8]
Event: 20.508 Thread 0x00000117773c5980 4153       3       jdk.internal.org.objectweb.asm.SymbolTable::hash (7 bytes)
Event: 20.509 Thread 0x00000117773c5980 nmethod 4153 0x0000011700df2190 code [0x0000011700df2320, 0x0000011700df2418]
Event: 20.509 Thread 0x00000117773c5980 4154       3       com.google.common.collect.LinkedHashMultimap$ValueEntry::<init> (18 bytes)
Event: 20.509 Thread 0x00000117773c5980 nmethod 4154 0x0000011700df2490 code [0x0000011700df2640, 0x0000011700df2978]

GC Heap History (8 events):
Event: 3.841 GC heap before
{Heap before GC invocations=0 (full 0):
 garbage-first heap   total 262144K, used 24576K [0x00000000e0000000, 0x0000000100000000)
  region size 1024K, 21 young (21504K), 0 survivors (0K)
 Metaspace       used 2911K, committed 3072K, reserved 221184K
  class space    used 373K, committed 448K, reserved 212992K
}
Event: 3.856 GC heap after
{Heap after GC invocations=1 (full 0):
 garbage-first heap   total 262144K, used 10578K [0x00000000e0000000, 0x0000000100000000)
  region size 1024K, 3 young (3072K), 3 survivors (3072K)
 Metaspace       used 2911K, committed 3072K, reserved 221184K
  class space    used 373K, committed 448K, reserved 212992K
}
Event: 5.357 GC heap before
{Heap before GC invocations=1 (full 0):
 garbage-first heap   total 262144K, used 33106K [0x00000000e0000000, 0x0000000100000000)
  region size 1024K, 26 young (26624K), 3 survivors (3072K)
 Metaspace       used 3878K, committed 4032K, reserved 221184K
  class space    used 476K, committed 576K, reserved 212992K
}
Event: 5.360 GC heap after
{Heap after GC invocations=2 (full 0):
 garbage-first heap   total 262144K, used 11562K [0x00000000e0000000, 0x0000000100000000)
  region size 1024K, 1 young (1024K), 1 survivors (1024K)
 Metaspace       used 3878K, committed 4032K, reserved 221184K
  class space    used 476K, committed 576K, reserved 212992K
}
Event: 13.662 GC heap before
{Heap before GC invocations=2 (full 0):
 garbage-first heap   total 262144K, used 128298K [0x00000000e0000000, 0x0000000100000000)
  region size 1024K, 116 young (118784K), 1 survivors (1024K)
 Metaspace       used 21168K, committed 21504K, reserved 237568K
  class space    used 3172K, committed 3328K, reserved 212992K
}
Event: 13.681 GC heap after
{Heap after GC invocations=3 (full 0):
 garbage-first heap   total 262144K, used 22557K [0x00000000e0000000, 0x0000000100000000)
  region size 1024K, 12 young (12288K), 12 survivors (12288K)
 Metaspace       used 21168K, committed 21504K, reserved 237568K
  class space    used 3172K, committed 3328K, reserved 212992K
}
Event: 19.957 GC heap before
{Heap before GC invocations=4 (full 0):
 garbage-first heap   total 262144K, used 122909K [0x00000000e0000000, 0x0000000100000000)
  region size 1024K, 108 young (110592K), 12 survivors (12288K)
 Metaspace       used 35613K, committed 35968K, reserved 245760K
  class space    used 4890K, committed 5056K, reserved 212992K
}
Event: 19.976 GC heap after
{Heap after GC invocations=5 (full 0):
 garbage-first heap   total 262144K, used 31156K [0x00000000e0000000, 0x0000000100000000)
  region size 1024K, 9 young (9216K), 9 survivors (9216K)
 Metaspace       used 35613K, committed 35968K, reserved 245760K
  class space    used 4890K, committed 5056K, reserved 212992K
}

Deoptimization events (20 events):
Event: 19.707 Thread 0x000001177744e390 Uncommon trap: trap_request=0xffffff45 fr.pc=0x0000011707c49e84 relative=0x0000000000000344
Event: 19.707 Thread 0x000001177744e390 Uncommon trap: reason=unstable_if action=reinterpret pc=0x0000011707c49e84 method=org.gradle.internal.reflect.PropertyAccessorType.isGetGetterName(Ljava/lang/String;)Z @ 14 c2
Event: 19.707 Thread 0x000001177744e390 DEOPT PACKING pc=0x0000011707c49e84 sp=0x0000000e4f1f9270
Event: 19.707 Thread 0x000001177744e390 DEOPT UNPACKING pc=0x00000117000523a3 sp=0x0000000e4f1f91c8 mode 2
Event: 19.742 Thread 0x000001177744e390 Uncommon trap: trap_request=0xffffff45 fr.pc=0x0000011707c36aec relative=0x00000000000000ec
Event: 19.742 Thread 0x000001177744e390 Uncommon trap: reason=unstable_if action=reinterpret pc=0x0000011707c36aec method=org.objectweb.asm.ByteVector.putShort(I)Lorg/objectweb/asm/ByteVector; @ 13 c2
Event: 19.742 Thread 0x000001177744e390 DEOPT PACKING pc=0x0000011707c36aec sp=0x0000000e4f1f8e70
Event: 19.742 Thread 0x000001177744e390 DEOPT UNPACKING pc=0x00000117000523a3 sp=0x0000000e4f1f8e08 mode 2
Event: 19.822 Thread 0x000001177744e390 Uncommon trap: trap_request=0xffffff45 fr.pc=0x0000011707ca266c relative=0x000000000000178c
Event: 19.822 Thread 0x000001177744e390 Uncommon trap: reason=unstable_if action=reinterpret pc=0x0000011707ca266c method=java.util.concurrent.ConcurrentHashMap.computeIfAbsent(Ljava/lang/Object;Ljava/util/function/Function;)Ljava/lang/Object; @ 123 c2
Event: 19.822 Thread 0x000001177744e390 DEOPT PACKING pc=0x0000011707ca266c sp=0x0000000e4f1fa170
Event: 19.822 Thread 0x000001177744e390 DEOPT UNPACKING pc=0x00000117000523a3 sp=0x0000000e4f1fa0f0 mode 2
Event: 20.251 Thread 0x000001177744e390 Uncommon trap: trap_request=0xffffff76 fr.pc=0x0000011707c16934 relative=0x0000000000000274
Event: 20.251 Thread 0x000001177744e390 Uncommon trap: reason=predicate action=maybe_recompile pc=0x0000011707c16934 method=com.google.common.base.CharMatcher.indexIn(Ljava/lang/CharSequence;I)I @ 19 c2
Event: 20.251 Thread 0x000001177744e390 DEOPT PACKING pc=0x0000011707c16934 sp=0x0000000e4f1f7c50
Event: 20.251 Thread 0x000001177744e390 DEOPT UNPACKING pc=0x00000117000523a3 sp=0x0000000e4f1f7be8 mode 2
Event: 20.382 Thread 0x000001177744e390 Uncommon trap: trap_request=0xffffff45 fr.pc=0x0000011707bc8bf4 relative=0x0000000000007a94
Event: 20.382 Thread 0x000001177744e390 Uncommon trap: reason=unstable_if action=reinterpret pc=0x0000011707bc8bf4 method=jdk.internal.org.objectweb.asm.Frame.execute(IILjdk/internal/org/objectweb/asm/Symbol;Ljdk/internal/org/objectweb/asm/SymbolTable;)V @ 1 c2
Event: 20.382 Thread 0x000001177744e390 DEOPT PACKING pc=0x0000011707bc8bf4 sp=0x0000000e4f1f7860
Event: 20.382 Thread 0x000001177744e390 DEOPT UNPACKING pc=0x00000117000523a3 sp=0x0000000e4f1f7818 mode 2

Classes unloaded (0 events):
No events

Classes redefined (0 events):
No events

Internal exceptions (20 events):
Event: 20.197 Thread 0x000001177744e390 Exception <a 'java/lang/ClassNotFoundException'{0x00000000efd66c18}: org/gradle/api/internal/project/ProjectScriptBeanInfo> (0x00000000efd66c18) 
thrown [t:\workspace\open\src\hotspot\share\classfile\systemDictionary.cpp, line 256]
Event: 20.201 Thread 0x000001177744e390 Exception <a 'java/lang/ClassNotFoundException'{0x00000000efd712c8}: org/gradle/plugin/use/internal/PluginsAwareScriptBeanInfo> (0x00000000efd712c8) 
thrown [t:\workspace\open\src\hotspot\share\classfile\systemDictionary.cpp, line 256]
Event: 20.201 Thread 0x000001177744e390 Exception <a 'java/lang/ClassNotFoundException'{0x00000000efd7b970}: org/gradle/plugin/use/internal/PluginsAwareScriptCustomizer> (0x00000000efd7b970) 
thrown [t:\workspace\open\src\hotspot\share\classfile\systemDictionary.cpp, line 256]
Event: 20.202 Thread 0x000001177744e390 Exception <a 'java/lang/ClassNotFoundException'{0x00000000efd8e230}: org/gradle/api/internal/project/ProjectScriptCustomizer> (0x00000000efd8e230) 
thrown [t:\workspace\open\src\hotspot\share\classfile\systemDictionary.cpp, line 256]
Event: 20.204 Thread 0x000001177744e390 Exception <a 'java/lang/ClassNotFoundException'{0x00000000efda5830}: build_nqxr7or2oipyhbe07v7lerpzCustomizer> (0x00000000efda5830) 
thrown [t:\workspace\open\src\hotspot\share\classfile\systemDictionary.cpp, line 256]
Event: 20.223 Thread 0x000001177744e390 Exception <a 'java/lang/ClassNotFoundException'{0x00000000efc52240}: org/gradle/internal/metaobject/ConfigureDelegateBeanInfo> (0x00000000efc52240) 
thrown [t:\workspace\open\src\hotspot\share\classfile\systemDictionary.cpp, line 256]
Event: 20.223 Thread 0x000001177744e390 Exception <a 'java/lang/ClassNotFoundException'{0x00000000efc62710}: org/gradle/internal/metaobject/ConfigureDelegateCustomizer> (0x00000000efc62710) 
thrown [t:\workspace\open\src\hotspot\share\classfile\systemDictionary.cpp, line 256]
Event: 20.241 Thread 0x000001177744e390 Exception <a 'java/lang/ClassNotFoundException'{0x00000000efc98cc0}: org/gradle/plugin/use/internal/PluginRequestCollector$PluginDependenciesSpecImplBeanInfo> (0x00000000efc98cc0) 
thrown [t:\workspace\open\src\hotspot\share\classfile\systemDictionary.cpp, line 256]
Event: 20.243 Thread 0x000001177744e390 Exception <a 'java/lang/ClassNotFoundException'{0x00000000efca93c0}: org/gradle/plugin/use/internal/PluginRequestCollector$PluginDependenciesSpecImplCustomizer> (0x00000000efca93c0) 
thrown [t:\workspace\open\src\hotspot\share\classfile\systemDictionary.cpp, line 256]
Event: 20.374 Thread 0x000001177744e390 Exception <a 'java/lang/NoSuchMethodError'{0x00000000ef85e148}: 'java.lang.Object java.lang.invoke.DelegatingMethodHandle$Holder.reinvoke_L(java.lang.Object, java.lang.Object, java.lang.Object, java.lang.Object, java.lang.Object, java.lang.Object, java.lang.Object, java.lang.Object, java.lang.Object, java.lang.Object, java.lang.Object, java.lang.Object, java.lang.Object, java.lang.Object, java.lang.Object, java.lang.Object, java.lang.Object, java.lang.Object, java.lang.Object, java.lang.Object, java.lang.O
Event: 20.375 Thread 0x000001177744e390 Exception <a 'java/lang/NoSuchMethodError'{0x00000000ef869e68}: 'java.lang.Object java.lang.invoke.Invokers$Holder.invoker(java.lang.Object, java.lang.Object, java.lang.Object, java.lang.Object, java.lang.Object, java.lang.Object, java.lang.Object, java.lang.Object, java.lang.Object, java.lang.Object, java.lang.Object, java.lang.Object, java.lang.Object, java.lang.Object, java.lang.Object, java.lang.Object, java.lang.Object, java.lang.Object, java.lang.Object, java.lang.Object, java.lang.Object)'> (0x00000
Event: 20.375 Thread 0x000001177744e390 Exception <a 'java/lang/NoSuchMethodError'{0x00000000ef870df0}: 'java.lang.Object java.lang.invoke.DelegatingMethodHandle$Holder.delegate(java.lang.Object, java.lang.Object, java.lang.Object, java.lang.Object, java.lang.Object, java.lang.Object, java.lang.Object, java.lang.Object, java.lang.Object, java.lang.Object, java.lang.Object, java.lang.Object, java.lang.Object, java.lang.Object, java.lang.Object, java.lang.Object, java.lang.Object, java.lang.Object, java.lang.Object, java.lang.Object, java.lang.Obj
Event: 20.385 Thread 0x000001177744e390 Exception <a 'java/lang/NoSuchMethodError'{0x00000000ef719d00}: 'java.lang.Object java.lang.invoke.DirectMethodHandle$Holder.invokeStatic(java.lang.Object, java.lang.Object, java.lang.Object, java.lang.Object, java.lang.Object, java.lang.Object, java.lang.Object, java.lang.Object, java.lang.Object, java.lang.Object, java.lang.Object, java.lang.Object, java.lang.Object, java.lang.Object, java.lang.Object, java.lang.Object, java.lang.Object)'> (0x00000000ef719d00) 
thrown [t:\workspace\open\src\hotspot\share
Event: 20.389 Thread 0x000001177744e390 Exception <a 'java/lang/NoSuchMethodError'{0x00000000ef741bc8}: 'java.lang.Object java.lang.invoke.DirectMethodHandle$Holder.invokeStatic(java.lang.Object, java.lang.Object, java.lang.Object, java.lang.Object, java.lang.Object, java.lang.Object, java.lang.Object, java.lang.Object, java.lang.Object, java.lang.Object, java.lang.Object, java.lang.Object, java.lang.Object, java.lang.Object, java.lang.Object, java.lang.Object, java.lang.Object, java.lang.Object)'> (0x00000000ef741bc8) 
thrown [t:\workspace\open
Event: 20.391 Thread 0x000001177744e390 Exception <a 'java/lang/NoSuchMethodError'{0x00000000ef76a4f0}: 'java.lang.Object java.lang.invoke.DirectMethodHandle$Holder.invokeStatic(java.lang.Object, java.lang.Object, java.lang.Object, java.lang.Object, java.lang.Object, java.lang.Object, java.lang.Object, java.lang.Object, java.lang.Object, java.lang.Object, java.lang.Object, java.lang.Object, java.lang.Object, java.lang.Object, java.lang.Object, java.lang.Object, java.lang.Object, java.lang.Object, java.lang.Object)'> (0x00000000ef76a4f0) 
thrown 
Event: 20.393 Thread 0x000001177744e390 Exception <a 'java/lang/NoSuchMethodError'{0x00000000ef794520}: 'java.lang.Object java.lang.invoke.DirectMethodHandle$Holder.invokeStatic(java.lang.Object, java.lang.Object, java.lang.Object, java.lang.Object, java.lang.Object, java.lang.Object, java.lang.Object, java.lang.Object, java.lang.Object, java.lang.Object, java.lang.Object, java.lang.Object, java.lang.Object, java.lang.Object, java.lang.Object, java.lang.Object, java.lang.Object, java.lang.Object, java.lang.Object, java.lang.Object)'> (0x00000000
Event: 20.395 Thread 0x000001177744e390 Exception <a 'java/lang/NoSuchMethodError'{0x00000000ef7bf180}: 'java.lang.Object java.lang.invoke.DirectMethodHandle$Holder.invokeStatic(java.lang.Object, java.lang.Object, java.lang.Object, java.lang.Object, java.lang.Object, java.lang.Object, java.lang.Object, java.lang.Object, java.lang.Object, java.lang.Object, java.lang.Object, java.lang.Object, java.lang.Object, java.lang.Object, java.lang.Object, java.lang.Object, java.lang.Object, java.lang.Object, java.lang.Object, java.lang.Object, java.lang.Obj
Event: 20.397 Thread 0x000001177744e390 Exception <a 'java/lang/NoSuchMethodError'{0x00000000ef7ea768}: 'java.lang.Object java.lang.invoke.DirectMethodHandle$Holder.invokeStatic(java.lang.Object, java.lang.Object, java.lang.Object, java.lang.Object, java.lang.Object, java.lang.Object, java.lang.Object, java.lang.Object, java.lang.Object, java.lang.Object, java.lang.Object, java.lang.Object, java.lang.Object, java.lang.Object, java.lang.Object, java.lang.Object, java.lang.Object, java.lang.Object, java.lang.Object, java.lang.Object, java.lang.Obj
Event: 20.402 Thread 0x000001177744e390 Exception <a 'java/lang/NoSuchMethodError'{0x00000000ef617cc0}: 'java.lang.Object java.lang.invoke.DirectMethodHandle$Holder.invokeStatic(java.lang.Object, java.lang.Object, java.lang.Object, java.lang.Object, java.lang.Object, java.lang.Object, java.lang.Object, java.lang.Object, java.lang.Object, java.lang.Object, java.lang.Object, java.lang.Object, java.lang.Object, java.lang.Object, java.lang.Object, java.lang.Object, java.lang.Object, java.lang.Object, java.lang.Object, java.lang.Object, java.lang.Obj
Event: 20.404 Thread 0x000001177744e390 Exception <a 'java/lang/NoSuchMethodError'{0x00000000ef6465c0}: 'java.lang.Object java.lang.invoke.DirectMethodHandle$Holder.invokeStatic(java.lang.Object, java.lang.Object, java.lang.Object, java.lang.Object, java.lang.Object, java.lang.Object, java.lang.Object, java.lang.Object, java.lang.Object, java.lang.Object, java.lang.Object, java.lang.Object, java.lang.Object, java.lang.Object, java.lang.Object, java.lang.Object, java.lang.Object, java.lang.Object, java.lang.Object, java.lang.Object, java.lang.Obj

VM Operations (20 events):
Event: 17.753 Executing VM operation: ICBufferFull
Event: 17.753 Executing VM operation: ICBufferFull done
Event: 18.162 Executing VM operation: HandshakeAllThreads
Event: 18.162 Executing VM operation: HandshakeAllThreads done
Event: 19.166 Executing VM operation: Cleanup
Event: 19.166 Executing VM operation: Cleanup done
Event: 19.378 Executing VM operation: HandshakeAllThreads
Event: 19.378 Executing VM operation: HandshakeAllThreads done
Event: 19.444 Executing VM operation: HandshakeAllThreads
Event: 19.444 Executing VM operation: HandshakeAllThreads done
Event: 19.713 Executing VM operation: HandshakeAllThreads
Event: 19.713 Executing VM operation: HandshakeAllThreads done
Event: 19.957 Executing VM operation: CollectForMetadataAllocation
Event: 19.978 Executing VM operation: CollectForMetadataAllocation done
Event: 19.989 Executing VM operation: G1Concurrent
Event: 19.992 Executing VM operation: G1Concurrent done
Event: 19.999 Executing VM operation: G1Concurrent
Event: 20.001 Executing VM operation: G1Concurrent done
Event: 20.381 Executing VM operation: ICBufferFull
Event: 20.382 Executing VM operation: ICBufferFull done

Events (20 events):
Event: 19.612 loading class java/util/DualPivotQuicksort done
Event: 19.746 loading class java/lang/StringIndexOutOfBoundsException
Event: 19.749 loading class java/lang/StringIndexOutOfBoundsException done
Event: 20.340 Thread 0x000001177a628a30 Thread added: 0x000001177a628a30
Event: 20.381 loading class java/lang/invoke/BoundMethodHandle$Species_LLLLLLLLLLLLLL
Event: 20.381 loading class java/lang/invoke/BoundMethodHandle$Species_LLLLLLLLLLLLLL done
Event: 20.388 loading class java/lang/invoke/BoundMethodHandle$Species_LLLLLLLLLLLLLLL
Event: 20.388 loading class java/lang/invoke/BoundMethodHandle$Species_LLLLLLLLLLLLLLL done
Event: 20.390 loading class java/lang/invoke/BoundMethodHandle$Species_LLLLLLLLLLLLLLLL
Event: 20.390 loading class java/lang/invoke/BoundMethodHandle$Species_LLLLLLLLLLLLLLLL done
Event: 20.392 loading class java/lang/invoke/BoundMethodHandle$Species_LLLLLLLLLLLLLLLLL
Event: 20.392 loading class java/lang/invoke/BoundMethodHandle$Species_LLLLLLLLLLLLLLLLL done
Event: 20.394 loading class java/lang/invoke/BoundMethodHandle$Species_LLLLLLLLLLLLLLLLLL
Event: 20.394 loading class java/lang/invoke/BoundMethodHandle$Species_LLLLLLLLLLLLLLLLLL done
Event: 20.396 loading class java/lang/invoke/BoundMethodHandle$Species_LLLLLLLLLLLLLLLLLLL
Event: 20.396 loading class java/lang/invoke/BoundMethodHandle$Species_LLLLLLLLLLLLLLLLLLL done
Event: 20.400 loading class java/lang/invoke/BoundMethodHandle$Species_LLLLLLLLLLLLLLLLLLLL
Event: 20.400 loading class java/lang/invoke/BoundMethodHandle$Species_LLLLLLLLLLLLLLLLLLLL done
Event: 20.403 loading class java/lang/invoke/BoundMethodHandle$Species_LLLLLLLLLLLLLLLLLLLLL
Event: 20.403 loading class java/lang/invoke/BoundMethodHandle$Species_LLLLLLLLLLLLLLLLLLLLL done


Dynamic libraries:
0x00007ff70a2f0000 - 0x00007ff70a300000 	C:\Program Files\Java\jdk-17.0.1\bin\java.exe
0x00007ff98e890000 - 0x00007ff98ea88000 	C:\windows\SYSTEM32\ntdll.dll
0x00007ff98cf70000 - 0x00007ff98d02f000 	C:\windows\System32\KERNEL32.DLL
0x00007ff98c070000 - 0x00007ff98c366000 	C:\windows\System32\KERNELBASE.dll
0x00007ff963df0000 - 0x00007ff963e42000 	C:\windows\AppPatch\apppatch64\ummon.dll
0x00007ff98d090000 - 0x00007ff98d13f000 	C:\windows\System32\ADVAPI32.dll
0x00007ff98d330000 - 0x00007ff98d3ce000 	C:\windows\System32\msvcrt.dll
0x00007ff98e780000 - 0x00007ff98e81c000 	C:\windows\System32\sechost.dll
0x00007ff98d140000 - 0x00007ff98d266000 	C:\windows\System32\RPCRT4.dll
0x00007ff98d3e0000 - 0x00007ff98d57d000 	C:\windows\System32\USER32.dll
0x00007ff98bf40000 - 0x00007ff98bf62000 	C:\windows\System32\win32u.dll
0x00007ff98c9f0000 - 0x00007ff98ca1c000 	C:\windows\System32\GDI32.dll
0x00007ff98c490000 - 0x00007ff98c5a5000 	C:\windows\System32\gdi32full.dll
0x00007ff98c630000 - 0x00007ff98c6cd000 	C:\windows\System32\msvcp_win.dll
0x00007ff98bf70000 - 0x00007ff98c070000 	C:\windows\System32\ucrtbase.dll
0x00007ff98cc90000 - 0x00007ff98cdba000 	C:\windows\System32\ole32.dll
0x00007ff98e410000 - 0x00007ff98e764000 	C:\windows\System32\combase.dll
0x00007ff98c8c0000 - 0x00007ff98c98d000 	C:\windows\System32\OLEAUT32.dll
0x00007ff98c760000 - 0x00007ff98c8be000 	C:\windows\System32\CRYPT32.dll
0x00007ff974ca0000 - 0x00007ff974cba000 	C:\Program Files\Java\jdk-17.0.1\bin\VCRUNTIME140.dll
0x00007ff9861c0000 - 0x00007ff9861d8000 	C:\Program Files\Java\jdk-17.0.1\bin\jli.dll
0x00007ff972400000 - 0x00007ff97269a000 	C:\windows\WinSxS\amd64_microsoft.windows.common-controls_6595b64144ccf1df_6.0.19041.1110_none_60b5254171f9507e\COMCTL32.dll
0x00007ff983720000 - 0x00007ff98372a000 	C:\windows\SYSTEM32\VERSION.dll
0x00007ff98d2e0000 - 0x00007ff98d310000 	C:\windows\System32\IMM32.DLL
0x00007ff9639c0000 - 0x00007ff963a40000 	C:\Program Files (x86)\searchinformagent\sifiltersvc1\SIPH64.dll
0x00007ff98d270000 - 0x00007ff98d2db000 	C:\windows\System32\WS2_32.dll
0x00007ff98a7f0000 - 0x00007ff98a802000 	C:\windows\SYSTEM32\kernel.appcore.dll
0x00007ff9639a0000 - 0x00007ff9639bb000 	C:\Program Files (x86)\searchinformagent\sifiltersvc1\PluginAPI64.dll
0x00007ff963970000 - 0x00007ff963997000 	C:\Program Files (x86)\searchinformagent\sifiltersvc1\SIHLib64.dll
0x00007ff95e620000 - 0x00007ff95e68d000 	C:\Program Files (x86)\searchinformagent\sifiltersvc1\hdesvc_p64.dll
0x00007ff98b390000 - 0x00007ff98b3cc000 	C:\windows\SYSTEM32\iphlpapi.dll
0x00007ff963600000 - 0x00007ff963961000 	C:\windows\system32\iwprn.dll
0x00007ff971e10000 - 0x00007ff971ead000 	C:\windows\SYSTEM32\WINSPOOL.DRV
0x00007ff98d580000 - 0x00007ff98d62d000 	C:\windows\System32\shcore.dll
0x00007ff9726a0000 - 0x00007ff9726a9000 	C:\windows\SYSTEM32\WSOCK32.dll
0x00007ff983d90000 - 0x00007ff983d9c000 	C:\Program Files\Java\jdk-17.0.1\bin\vcruntime140_1.dll
0x00007ff9530d0000 - 0x00007ff95315d000 	C:\Program Files\Java\jdk-17.0.1\bin\msvcp140.dll
0x00007ff940c60000 - 0x00007ff94181e000 	C:\Program Files\Java\jdk-17.0.1\bin\server\jvm.dll
0x00007ff98ce40000 - 0x00007ff98ce48000 	C:\windows\System32\PSAPI.DLL
0x00007ff971d90000 - 0x00007ff971db7000 	C:\windows\SYSTEM32\WINMM.dll
0x00007ff975380000 - 0x00007ff97538a000 	C:\Program Files\Java\jdk-17.0.1\bin\jimage.dll
0x00007ff98a020000 - 0x00007ff98a204000 	C:\windows\SYSTEM32\DBGHELP.DLL
0x00007ff9711b0000 - 0x00007ff9711e4000 	C:\windows\SYSTEM32\dbgcore.DLL
0x00007ff98c6d0000 - 0x00007ff98c752000 	C:\windows\System32\bcryptPrimitives.dll
0x00007ff969630000 - 0x00007ff969655000 	C:\Program Files\Java\jdk-17.0.1\bin\java.dll
0x00007ff946c80000 - 0x00007ff946d56000 	C:\Program Files\Java\jdk-17.0.1\bin\svml.dll
0x00007ff98dc30000 - 0x00007ff98e374000 	C:\windows\System32\SHELL32.dll
0x00007ff988f20000 - 0x00007ff9896b3000 	C:\windows\SYSTEM32\windows.storage.dll
0x00007ff98b990000 - 0x00007ff98b9be000 	C:\windows\SYSTEM32\Wldp.dll
0x00007ff98ca20000 - 0x00007ff98ca75000 	C:\windows\System32\shlwapi.dll
0x00007ff98be80000 - 0x00007ff98be9f000 	C:\windows\SYSTEM32\profapi.dll
0x00007ff96e0c0000 - 0x00007ff96e0d9000 	C:\Program Files\Java\jdk-17.0.1\bin\net.dll
0x00007ff98af20000 - 0x00007ff98b02a000 	C:\windows\SYSTEM32\WINHTTP.dll
0x00007ff98b6f0000 - 0x00007ff98b75a000 	C:\windows\system32\mswsock.dll
0x00007ff96def0000 - 0x00007ff96df05000 	C:\Program Files\Java\jdk-17.0.1\bin\nio.dll
0x00007ff969980000 - 0x00007ff969998000 	C:\Program Files\Java\jdk-17.0.1\bin\zip.dll
0x00007ff975350000 - 0x00007ff975360000 	C:\Program Files\Java\jdk-17.0.1\bin\verify.dll
0x00007ff985eb0000 - 0x00007ff985ed7000 	C:\Users\Yanishen_SV\.gradle\native\68d5fa5c4cc2d200863cafc0d521ce42e7d3e7ee720ec0a83991735586a16f82\windows-amd64\native-platform.dll
0x00007ff94d140000 - 0x00007ff94d284000 	C:\Users\Yanishen_SV\.gradle\native\e376f236ea51e6404a007f0833ffe2c6e607c4080706a723a18a27aeea778392\windows-amd64\native-platform-file-events.dll
0x00007ff986310000 - 0x00007ff986319000 	C:\Program Files\Java\jdk-17.0.1\bin\management.dll
0x00007ff9860e0000 - 0x00007ff9860eb000 	C:\Program Files\Java\jdk-17.0.1\bin\management_ext.dll
0x00007ff98b8e0000 - 0x00007ff98b8f8000 	C:\windows\SYSTEM32\CRYPTSP.dll
0x00007ff98ae90000 - 0x00007ff98aec4000 	C:\windows\system32\rsaenh.dll
0x00007ff98c600000 - 0x00007ff98c627000 	C:\windows\System32\bcrypt.dll
0x00007ff98be40000 - 0x00007ff98be6e000 	C:\windows\SYSTEM32\USERENV.dll
0x00007ff98b900000 - 0x00007ff98b90c000 	C:\windows\SYSTEM32\CRYPTBASE.dll
0x00007ff98e770000 - 0x00007ff98e778000 	C:\windows\System32\NSI.dll
0x00007ff986e10000 - 0x00007ff986e27000 	C:\windows\SYSTEM32\dhcpcsvc6.DLL
0x00007ff986dc0000 - 0x00007ff986ddd000 	C:\windows\SYSTEM32\dhcpcsvc.DLL
0x00007ff98b3d0000 - 0x00007ff98b49a000 	C:\windows\SYSTEM32\DNSAPI.dll
0x00007ff9860d0000 - 0x00007ff9860de000 	C:\Program Files\Java\jdk-17.0.1\bin\sunmscapi.dll
0x00007ff98ba00000 - 0x00007ff98ba28000 	C:\windows\SYSTEM32\ncrypt.dll
0x00007ff98b9c0000 - 0x00007ff98b9fb000 	C:\windows\SYSTEM32\NTASN1.dll
0x00007ff978520000 - 0x00007ff978527000 	C:\windows\system32\wshunix.dll

dbghelp: loaded successfully - version: 4.0.5 - missing functions: none
symbol engine: initialized successfully - sym options: 0x614 - pdb path: .;C:\Program Files\Java\jdk-17.0.1\bin;C:\windows\SYSTEM32;C:\windows\AppPatch\apppatch64;C:\windows\WinSxS\amd64_microsoft.windows.common-controls_6595b64144ccf1df_6.0.19041.1110_none_60b5254171f9507e;C:\Program Files (x86)\searchinformagent\sifiltersvc1;C:\Program Files\Java\jdk-17.0.1\bin\server;C:\Users\Yanishen_SV\.gradle\native\68d5fa5c4cc2d200863cafc0d521ce42e7d3e7ee720ec0a83991735586a16f82\windows-amd64;C:\Users\Yanishen_SV\.gradle\native\e376f236ea51e6404a007f0833ffe2c6e607c4080706a723a18a27aeea778392\windows-amd64

VM Arguments:
jvm_args: --add-opens=java.base/java.util=ALL-UNNAMED --add-opens=java.base/java.lang=ALL-UNNAMED --add-opens=java.base/java.lang.invoke=ALL-UNNAMED --add-opens=java.prefs/java.util.prefs=ALL-UNNAMED --add-opens=java.base/java.nio.charset=ALL-UNNAMED --add-opens=java.base/java.net=ALL-UNNAMED --add-opens=java.base/java.util.concurrent.atomic=ALL-UNNAMED -XX:MaxMetaspaceSize=256m -XX:+HeapDumpOnOutOfMemoryError -Xms256m -Xmx512m -Dfile.encoding=windows-1251 -Duser.country=RU -Duser.language=ru -Duser.variant 
java_command: org.gradle.launcher.daemon.bootstrap.GradleDaemon 8.0
java_class_path (initial): C:\Users\Yanishen_SV\.gradle\wrapper\dists\gradle-8.0-bin\ca5e32bp14vu59qr306oxotwh\gradle-8.0\lib\gradle-launcher-8.0.jar
Launcher Type: SUN_STANDARD

[Global flags]
     intx CICompilerCount                          = 3                                         {product} {ergonomic}
   size_t CompressedClassSpaceSize                 = 218103808                                 {product} {ergonomic}
     uint ConcGCThreads                            = 2                                         {product} {ergonomic}
     uint G1ConcRefinementThreads                  = 6                                         {product} {ergonomic}
   size_t G1HeapRegionSize                         = 1048576                                   {product} {ergonomic}
    uintx GCDrainStackTargetSize                   = 64                                        {product} {ergonomic}
     bool HeapDumpOnOutOfMemoryError               = true                                   {manageable} {command line}
   size_t InitialHeapSize                          = 268435456                                 {product} {command line}
   size_t MarkStackSize                            = 4194304                                   {product} {ergonomic}
   size_t MaxHeapSize                              = 536870912                                 {product} {command line}
   size_t MaxMetaspaceSize                         = 268435456                                 {product} {command line}
   size_t MaxNewSize                               = 321912832                                 {product} {ergonomic}
   size_t MinHeapDeltaBytes                        = 1048576                                   {product} {ergonomic}
   size_t MinHeapSize                              = 268435456                                 {product} {command line}
    uintx NonNMethodCodeHeapSize                   = 5832780                                {pd product} {ergonomic}
    uintx NonProfiledCodeHeapSize                  = 122912730                              {pd product} {ergonomic}
    uintx ProfiledCodeHeapSize                     = 122912730                              {pd product} {ergonomic}
    uintx ReservedCodeCacheSize                    = 251658240                              {pd product} {ergonomic}
     bool SegmentedCodeCache                       = true                                      {product} {ergonomic}
   size_t SoftMaxHeapSize                          = 536870912                              {manageable} {ergonomic}
     bool UseCompressedClassPointers               = true                           {product lp64_product} {ergonomic}
     bool UseCompressedOops                        = true                           {product lp64_product} {ergonomic}
     bool UseG1GC                                  = true                                      {product} {ergonomic}
     bool UseLargePagesIndividualAllocation        = false                                  {pd product} {ergonomic}

Logging:
Log output configuration:
 #0: stdout all=warning uptime,level,tags
 #1: stderr all=off uptime,level,tags

Environment Variables:
PATH=C:\OraHome_2\bin;C:\OraHome_2\jre\1.4.2\bin\client;C:\OraHome_2\jre\1.4.2\bin;C:\Program Files\Common Files\Oracle\Java\javapath;C:\Program Files (x86)\Common Files\Oracle\Java\javapath;C:\oracle\product\11.2.0\client_x64\bin;C:\oracle\DevSuiteHome1\jdk\jre\bin\client;C:\oracle\DevSuiteHome1\jdk\jre\bin\classic;C:\oracle\DevSuiteHome1\jdk\jre\bin;C:\oracle\DevSuiteHome1\jlib;C:\oracle\DevSuiteHome1\bin;C:\oracle\DevSuiteHome1\jre\1.4.2\bin\client;C:\oracle\DevSuiteHome1\jre\1.4.2\bin;C:\oracle\product\11.2.0\client_x86\bin;C:\windows\system32;C:\windows;C:\windows\System32\Wbem;C:\windows\System32\WindowsPowerShell\v1.0\;C:\windows\System32\OpenSSH\;C:\Program Files\TortoiseSVN\bin;C:\Program Files\PuTTY\;C:\Program Files\nodejs\;C:\Program Files\Pandoc\;C:\Program Files (x86)\Kaspersky Lab\Endpoint Agent\;C:\Program Files\Git\cmd;C:\Users\Yanishen_SV\AppData\Local\Programs\Python\Python310\Scripts\;C:\Users\Yanishen_SV\AppData\Local\Programs\Python\Python310\;C:\Users\Yanishen_SV\AppData\Local\Microsoft\WindowsApps;;C:\Program Files\JetBrains\IntelliJ IDEA Community Edition 2023.1.4\bin;;C:\Program Files\JetBrains\IntelliJ IDEA 2021.3\bin;;C:\Users\Yanishen_SV\AppData\Local\Programs\Microsoft VS Code\bin;C:\Users\Yanishen_SV\AppData\Roaming\npm;C:\Program Files\JetBrains\PyCharm 2023.1.3\bin;;C:\Program Files\JetBrains\PyCharm Community Edition 2023.1.3\bin;
USERNAME=Yanishen_SV
OS=Windows_NT
PROCESSOR_IDENTIFIER=Intel64 Family 6 Model 158 Stepping 10, GenuineIntel



---------------  S Y S T E M  ---------------

OS:
 Windows 10 , 64 bit Build 19041 (10.0.19041.3031)
OS uptime: 8 days 2:40 hours

CPU: total 6 (initial active 6) (6 cores per cpu, 1 threads per core) family 6 model 158 stepping 10 microcode 0xb4, cx8, cmov, fxsr, mmx, 3dnowpref, sse, sse2, sse3, ssse3, sse4.1, sse4.2, popcnt, lzcnt, tsc, tscinvbit, avx, avx2, aes, erms, clmul, bmi1, bmi2, rtm, adx, fma, vzeroupper, clflush, clflushopt

Memory: 4k page, system-wide physical 7971M (559M free)
TotalPageFile size 16199M (AvailPageFile size 434M)
current process WorkingSet (physical memory assigned to process): 301M, peak: 301M
current process commit charge ("private bytes"): 444M, peak: 444M

vm_info: Java HotSpot(TM) 64-Bit Server VM (17.0.1+12-LTS-39) for windows-amd64 JRE (17.0.1+12-LTS-39), built on Sep 27 2021 18:41:35 by "mach5one" with MS VC++ 16.8 (VS2019)

END.
