#
# There is insufficient memory for the Java Runtime Environment to continue.
# Native memory allocation (malloc) failed to allocate 1461616 bytes for Chunk::new
# Possible reasons:
#   The system is out of physical RAM or swap space
#   The process is running with CompressedOops enabled, and the Java Heap may be blocking the growth of the native heap
# Possible solutions:
#   Reduce memory load on the system
#   Increase physical memory or swap space
#   Check if swap backing store is full
#   Decrease Java heap size (-Xmx/-Xms)
#   Decrease number of Java threads
#   Decrease Java thread stack sizes (-Xss)
#   Set larger code cache with -XX:ReservedCodeCacheSize=
#   JVM is running with Unscaled Compressed Oops mode in which the Java heap is
#     placed in the first 4GB address space. The Java Heap base address is the
#     maximum limit for the native heap growth. Please use -XX:HeapBaseMinAddress
#     to set the Java Heap base and to place the Java Heap above 4GB virtual address.
# This output file may be truncated or incomplete.
#
#  Out of Memory Error (arena.cpp:189), pid=11832, tid=16456
#
# JRE version: Java(TM) SE Runtime Environment (17.0.1+12) (build 17.0.1+12-LTS-39)
# Java VM: Java HotSpot(TM) 64-Bit Server VM (17.0.1+12-LTS-39, mixed mode, sharing, tiered, compressed oops, compressed class ptrs, g1 gc, windows-amd64)
# No core dump will be written. Minidumps are not enabled by default on client versions of Windows
#

---------------  S U M M A R Y ------------

Command Line: --add-opens=java.base/java.util=ALL-UNNAMED --add-opens=java.base/java.lang=ALL-UNNAMED --add-opens=java.base/java.lang.invoke=ALL-UNNAMED --add-opens=java.prefs/java.util.prefs=ALL-UNNAMED --add-opens=java.base/java.nio.charset=ALL-UNNAMED --add-opens=java.base/java.net=ALL-UNNAMED --add-opens=java.base/java.util.concurrent.atomic=ALL-UNNAMED -XX:MaxMetaspaceSize=256m -XX:+HeapDumpOnOutOfMemoryError -Xms256m -Xmx512m -Dfile.encoding=windows-1251 -Duser.country=RU -Duser.language=ru -Duser.variant org.gradle.launcher.daemon.bootstrap.GradleDaemon 8.0

Host: Intel(R) Core(TM) i5-8500T CPU @ 2.10GHz, 6 cores, 7G,  Windows 10 , 64 bit Build 19041 (10.0.19041.3031)
Time: Mon Jul 24 09:36:36 2023 RTZ 4 (s 10 , 64 bit Build 19041 (10.0.19041.3031) elapsed time: 52.404784 seconds (0d 0h 0m 52s)

---------------  T H R E A D  ---------------

Current thread (0x00000217b2bf6080):  JavaThread "C2 CompilerThread1" daemon [_thread_in_native, id=16456, stack(0x000000b1fef00000,0x000000b1ff000000)]


Current CompileTask:
C2:  52404 5680 %     4       org.gradle.internal.instantiation.generator.AbstractClassGenerator::inspectType @ 207 (560 bytes)

Stack: [0x000000b1fef00000,0x000000b1ff000000]
Native frames: (J=compiled Java code, j=interpreted, Vv=VM code, C=native code)
V  [jvm.dll+0x66fa1a]
V  [jvm.dll+0x7ce5a4]
V  [jvm.dll+0x7cfd4e]
V  [jvm.dll+0x7d03b3]
V  [jvm.dll+0x242b05]
V  [jvm.dll+0xaa05b]
V  [jvm.dll+0xaa5ec]
V  [jvm.dll+0x35f9b2]
V  [jvm.dll+0x329f51]
V  [jvm.dll+0x3293fa]
V  [jvm.dll+0x215bf1]
V  [jvm.dll+0x215011]
V  [jvm.dll+0x1a168d]
V  [jvm.dll+0x224848]
V  [jvm.dll+0x2229ac]
V  [jvm.dll+0x78435b]
V  [jvm.dll+0x77e91a]
V  [jvm.dll+0x66e845]
C  [ucrtbase.dll+0x21bb2]
C  [KERNEL32.DLL+0x17614]
C  [ntdll.dll+0x526f1]


---------------  P R O C E S S  ---------------

Threads class SMR info:
_java_thread_list=0x00000217b2612c60, length=52, elements={
0x00000217954757a0, 0x00000217af898ce0, 0x00000217af89aeb0, 0x00000217af8b5850,
0x00000217af8b6310, 0x00000217af8bcde0, 0x00000217af8bd9a0, 0x00000217af8d0050,
0x00000217af8c6250, 0x00000217af8dc980, 0x00000217afa18b60, 0x00000217afa181c0,
0x00000217afa19500, 0x00000217afa17cf0, 0x00000217afa19030, 0x00000217afa199d0,
0x00000217afa169b0, 0x00000217afa17350, 0x00000217afa19ea0, 0x00000217afa164e0,
0x00000217afa18690, 0x00000217afa17820, 0x00000217b20505e0, 0x00000217b204b8e0,
0x00000217b2049c00, 0x00000217b204edd0, 0x00000217b204f770, 0x00000217b204fc40,
0x00000217b204e900, 0x00000217b204f2a0, 0x00000217b2050110, 0x00000217b2050ab0,
0x00000217b204a0d0, 0x00000217b2049260, 0x00000217b204aa70, 0x00000217b204c750,
0x00000217b204af40, 0x00000217b204b410, 0x00000217b204cc20, 0x00000217b204bdb0,
0x00000217b26372e0, 0x00000217b2636940, 0x00000217b2638fc0, 0x00000217b2bf6080,
0x00000217b26377b0, 0x00000217b2638af0, 0x00000217b263d320, 0x00000217b2639490,
0x00000217b2637c80, 0x00000217b2638150, 0x00000217b263dcc0, 0x00000217b263d7f0
}

Java Threads: ( => current thread )
  0x00000217954757a0 JavaThread "main" [_thread_blocked, id=14552, stack(0x000000b1fbb00000,0x000000b1fbc00000)]
  0x00000217af898ce0 JavaThread "Reference Handler" daemon [_thread_blocked, id=16176, stack(0x000000b1fc200000,0x000000b1fc300000)]
  0x00000217af89aeb0 JavaThread "Finalizer" daemon [_thread_blocked, id=15848, stack(0x000000b1fc300000,0x000000b1fc400000)]
  0x00000217af8b5850 JavaThread "Signal Dispatcher" daemon [_thread_blocked, id=20388, stack(0x000000b1fc400000,0x000000b1fc500000)]
  0x00000217af8b6310 JavaThread "Attach Listener" daemon [_thread_blocked, id=17108, stack(0x000000b1fc500000,0x000000b1fc600000)]
  0x00000217af8bcde0 JavaThread "Service Thread" daemon [_thread_blocked, id=5564, stack(0x000000b1fc600000,0x000000b1fc700000)]
  0x00000217af8bd9a0 JavaThread "Monitor Deflation Thread" daemon [_thread_blocked, id=18452, stack(0x000000b1fc700000,0x000000b1fc800000)]
  0x00000217af8d0050 JavaThread "C2 CompilerThread0" daemon [_thread_in_native, id=16376, stack(0x000000b1fc800000,0x000000b1fc900000)]
  0x00000217af8c6250 JavaThread "C1 CompilerThread0" daemon [_thread_blocked, id=3668, stack(0x000000b1fc900000,0x000000b1fca00000)]
  0x00000217af8dc980 JavaThread "Sweeper thread" daemon [_thread_blocked, id=1100, stack(0x000000b1fca00000,0x000000b1fcb00000)]
  0x00000217afa18b60 JavaThread "Common-Cleaner" daemon [_thread_blocked, id=19336, stack(0x000000b1fcb00000,0x000000b1fcc00000)]
  0x00000217afa181c0 JavaThread "Notification Thread" daemon [_thread_blocked, id=12484, stack(0x000000b1fcc00000,0x000000b1fcd00000)]
  0x00000217afa19500 JavaThread "Daemon health stats" [_thread_blocked, id=892, stack(0x000000b1fd400000,0x000000b1fd500000)]
  0x00000217afa17cf0 JavaThread "Incoming local TCP Connector on port 58219" [_thread_in_native, id=7632, stack(0x000000b1fce00000,0x000000b1fcf00000)]
  0x00000217afa19030 JavaThread "Daemon periodic checks" [_thread_blocked, id=15524, stack(0x000000b1fd500000,0x000000b1fd600000)]
  0x00000217afa199d0 JavaThread "Daemon" [_thread_blocked, id=18864, stack(0x000000b1fd700000,0x000000b1fd800000)]
  0x00000217afa169b0 JavaThread "Handler for socket connection from /127.0.0.1:58219 to /127.0.0.1:58222" [_thread_in_native, id=5588, stack(0x000000b1fd800000,0x000000b1fd900000)]
  0x00000217afa17350 JavaThread "Cancel handler" [_thread_blocked, id=12292, stack(0x000000b1fd900000,0x000000b1fda00000)]
  0x00000217afa19ea0 JavaThread "Daemon worker" [_thread_in_vm, id=9208, stack(0x000000b1fda00000,0x000000b1fdb00000)]
  0x00000217afa164e0 JavaThread "Asynchronous log dispatcher for DefaultDaemonConnection: socket connection from /127.0.0.1:58219 to /127.0.0.1:58222" [_thread_blocked, id=7384, stack(0x000000b1fdb00000,0x000000b1fdc00000)]
  0x00000217afa18690 JavaThread "Stdin handler" [_thread_blocked, id=20376, stack(0x000000b1fdc00000,0x000000b1fdd00000)]
  0x00000217afa17820 JavaThread "Daemon client event forwarder" [_thread_blocked, id=744, stack(0x000000b1fdd00000,0x000000b1fde00000)]
  0x00000217b20505e0 JavaThread "Cache worker for journal cache (C:\Users\Yanishen_SV\.gradle\caches\journal-1)" [_thread_blocked, id=8760, stack(0x000000b1fde00000,0x000000b1fdf00000)]
  0x00000217b204b8e0 JavaThread "File lock request listener" [_thread_in_native, id=10672, stack(0x000000b1fdf00000,0x000000b1fe000000)]
  0x00000217b2049c00 JavaThread "Cache worker for file hash cache (C:\Users\Yanishen_SV\.gradle\caches\8.0\fileHashes)" [_thread_blocked, id=17336, stack(0x000000b1fe000000,0x000000b1fe100000)]
  0x00000217b204edd0 JavaThread "File lock release action executor" [_thread_blocked, id=6692, stack(0x000000b1fe100000,0x000000b1fe200000)]
  0x00000217b204f770 JavaThread "File watcher server" daemon [_thread_in_native, id=19408, stack(0x000000b1fe200000,0x000000b1fe300000)]
  0x00000217b204fc40 JavaThread "File watcher consumer" daemon [_thread_blocked, id=17872, stack(0x000000b1fe300000,0x000000b1fe400000)]
  0x00000217b204e900 JavaThread "jar transforms" [_thread_blocked, id=18400, stack(0x000000b1fe400000,0x000000b1fe500000)]
  0x00000217b204f2a0 JavaThread "jar transforms Thread 2" [_thread_blocked, id=18536, stack(0x000000b1fe500000,0x000000b1fe600000)]
  0x00000217b2050110 JavaThread "jar transforms Thread 3" [_thread_blocked, id=9600, stack(0x000000b1fe600000,0x000000b1fe700000)]
  0x00000217b2050ab0 JavaThread "jar transforms Thread 4" [_thread_blocked, id=9608, stack(0x000000b1fe700000,0x000000b1fe800000)]
  0x00000217b204a0d0 JavaThread "jar transforms Thread 5" [_thread_blocked, id=19272, stack(0x000000b1fe800000,0x000000b1fe900000)]
  0x00000217b2049260 JavaThread "jar transforms Thread 6" [_thread_blocked, id=9180, stack(0x000000b1fe900000,0x000000b1fea00000)]
  0x00000217b204aa70 JavaThread "Cache worker for checksums cache (C:\Users\Yanishen_SV\MM-Server\swlc\.gradle\8.0\checksums)" [_thread_blocked, id=15340, stack(0x000000b1fec00000,0x000000b1fed00000)]
  0x00000217b204c750 JavaThread "Cache worker for cache directory md-rule (C:\Users\Yanishen_SV\.gradle\caches\8.0\md-rule)" [_thread_blocked, id=10152, stack(0x000000b1fed00000,0x000000b1fee00000)]
  0x00000217b204af40 JavaThread "Cache worker for file content cache (C:\Users\Yanishen_SV\.gradle\caches\8.0\fileContent)" [_thread_blocked, id=17972, stack(0x000000b1fee00000,0x000000b1fef00000)]
  0x00000217b204b410 JavaThread "Cache worker for file hash cache (C:\Users\Yanishen_SV\MM-Server\swlc\.gradle\8.0\fileHashes)" [_thread_blocked, id=4712, stack(0x000000b1ff000000,0x000000b1ff100000)]
  0x00000217b204cc20 JavaThread "Cache worker for cache directory md-supplier (C:\Users\Yanishen_SV\.gradle\caches\8.0\md-supplier)" [_thread_blocked, id=2552, stack(0x000000b1ff100000,0x000000b1ff200000)]
  0x00000217b204bdb0 JavaThread "Cache worker for execution history cache (C:\Users\Yanishen_SV\.gradle\caches\8.0\executionHistory)" [_thread_blocked, id=14524, stack(0x000000b1ff200000,0x000000b1ff300000)]
  0x00000217b26372e0 JavaThread "Cache worker for dependencies-accessors (C:\Users\Yanishen_SV\MM-Server\swlc\.gradle\8.0\dependencies-accessors)" [_thread_blocked, id=19540, stack(0x000000b1ff300000,0x000000b1ff400000)]
  0x00000217b2636940 JavaThread "Cache worker for Build Output Cleanup Cache (C:\Users\Yanishen_SV\MM-Server\swlc\.gradle\buildOutputCleanup)" [_thread_blocked, id=5660, stack(0x000000b1ff400000,0x000000b1ff500000)]
  0x00000217b2638fc0 JavaThread "Memory manager" [_thread_blocked, id=3252, stack(0x000000b1ff500000,0x000000b1ff600000)]
=>0x00000217b2bf6080 JavaThread "C2 CompilerThread1" daemon [_thread_in_native, id=16456, stack(0x000000b1fef00000,0x000000b1ff000000)]
  0x00000217b26377b0 JavaThread "included builds" [_thread_blocked, id=4272, stack(0x000000b1ff600000,0x000000b1ff700000)]
  0x00000217b2638af0 JavaThread "Execution worker" [_thread_blocked, id=20456, stack(0x000000b1ff700000,0x000000b1ff800000)]
  0x00000217b263d320 JavaThread "Execution worker Thread 2" [_thread_blocked, id=19780, stack(0x000000b1ff800000,0x000000b1ff900000)]
  0x00000217b2639490 JavaThread "Execution worker Thread 3" [_thread_blocked, id=2740, stack(0x000000b1ff900000,0x000000b1ffa00000)]
  0x00000217b2637c80 JavaThread "Execution worker Thread 4" [_thread_blocked, id=16196, stack(0x000000b1ffa00000,0x000000b1ffb00000)]
  0x00000217b2638150 JavaThread "Execution worker Thread 5" [_thread_blocked, id=11652, stack(0x000000b1ffb00000,0x000000b1ffc00000)]
  0x00000217b263dcc0 JavaThread "Cache worker for execution history cache (C:\Users\Yanishen_SV\MM-Server\swlc\.gradle\8.0\executionHistory)" [_thread_blocked, id=772, stack(0x000000b1ffc00000,0x000000b1ffd00000)]
  0x00000217b263d7f0 JavaThread "idea-tooling-model-converter" [_thread_blocked, id=19828, stack(0x000000b180100000,0x000000b180200000)]

Other Threads:
  0x00000217af893430 VMThread "VM Thread" [stack: 0x000000b1fc100000,0x000000b1fc200000] [id=18196]
  0x00000217afa45330 WatcherThread [stack: 0x000000b1fcd00000,0x000000b1fce00000] [id=4060]
  0x0000021795497290 GCTaskThread "GC Thread#0" [stack: 0x000000b1fbc00000,0x000000b1fbd00000] [id=11060]
  0x00000217b13a8ae0 GCTaskThread "GC Thread#1" [stack: 0x000000b1fcf00000,0x000000b1fd000000] [id=1840]
  0x00000217b13a8d90 GCTaskThread "GC Thread#2" [stack: 0x000000b1fd000000,0x000000b1fd100000] [id=13244]
  0x00000217b13a9040 GCTaskThread "GC Thread#3" [stack: 0x000000b1fd100000,0x000000b1fd200000] [id=14648]
  0x00000217b13a92f0 GCTaskThread "GC Thread#4" [stack: 0x000000b1fd200000,0x000000b1fd300000] [id=17112]
  0x00000217b13a95a0 GCTaskThread "GC Thread#5" [stack: 0x000000b1fd300000,0x000000b1fd400000] [id=4216]
  0x000002179549de40 ConcurrentGCThread "G1 Main Marker" [stack: 0x000000b1fbd00000,0x000000b1fbe00000] [id=20196]
  0x000002179549f6d0 ConcurrentGCThread "G1 Conc#0" [stack: 0x000000b1fbe00000,0x000000b1fbf00000] [id=3988]
  0x00000217b3080830 ConcurrentGCThread "G1 Conc#1" [stack: 0x000000b1feb00000,0x000000b1fec00000] [id=17292]
  0x00000217955aad80 ConcurrentGCThread "G1 Refine#0" [stack: 0x000000b1fbf00000,0x000000b1fc000000] [id=17048]
  0x00000217b22489a0 ConcurrentGCThread "G1 Refine#1" [stack: 0x000000b1ffd00000,0x000000b1ffe00000] [id=16120]
  0x00000217b224af00 ConcurrentGCThread "G1 Refine#2" [stack: 0x000000b1ffe00000,0x000000b1fff00000] [id=16880]
  0x00000217b224a0a0 ConcurrentGCThread "G1 Refine#3" [stack: 0x000000b1fff00000,0x000000b200000000] [id=11972]
  0x00000217b2247b40 ConcurrentGCThread "G1 Refine#4" [stack: 0x000000b180000000,0x000000b180100000] [id=12072]
  0x00000217955ab7a0 ConcurrentGCThread "G1 Service" [stack: 0x000000b1fc000000,0x000000b1fc100000] [id=20436]

Threads with active compile tasks:
C2 CompilerThread0    52535 5694       4       java.beans.Introspector::addMethod (196 bytes)
C2 CompilerThread1    52536 5680 %     4       org.gradle.internal.instantiation.generator.AbstractClassGenerator::inspectType @ 207 (560 bytes)

VM state: not at safepoint (normal execution)

VM Mutex/Monitor currently owned by a thread: None

Heap address: 0x00000000e0000000, size: 512 MB, Compressed Oops mode: 32-bit

CDS archive(s) mapped at: [0x0000000800000000-0x0000000800bc0000-0x0000000800bc0000), size 12320768, SharedBaseAddress: 0x0000000800000000, ArchiveRelocationMode: 0.
Compressed class space mapped at: 0x0000000800c00000-0x000000080dc00000, reserved size: 218103808
Narrow klass base: 0x0000000800000000, Narrow klass shift: 0, Narrow klass range: 0x100000000

GC Precious Log:
 CPUs: 6 total, 6 available
 Memory: 7971M
 Large Page Support: Disabled
 NUMA Support: Disabled
 Compressed Oops: Enabled (32-bit)
 Heap Region Size: 1M
 Heap Min Capacity: 256M
 Heap Initial Capacity: 256M
 Heap Max Capacity: 512M
 Pre-touch: Disabled
 Parallel Workers: 6
 Concurrent Workers: 2
 Concurrent Refinement Workers: 6
 Periodic GC: Disabled

Heap:
 garbage-first heap   total 262144K, used 165888K [0x00000000e0000000, 0x0000000100000000)
  region size 1024K, 73 young (74752K), 17 survivors (17408K)
 Metaspace       used 54619K, committed 55232K, reserved 262144K
  class space    used 7601K, committed 7872K, reserved 212992K

Heap Regions: E=young(eden), S=young(survivor), O=old, HS=humongous(starts), HC=humongous(continues), CS=collection set, F=free, OA=open archive, CA=closed archive, TAMS=top-at-mark-start (previous, next)
|   0|0x00000000e0000000, 0x00000000e0100000, 0x00000000e0100000|100%|HS|  |TAMS 0x00000000e0100000, 0x00000000e0000000| Complete 
|   1|0x00000000e0100000, 0x00000000e0200000, 0x00000000e0200000|100%|HC|  |TAMS 0x00000000e0200000, 0x00000000e0100000| Complete 
|   2|0x00000000e0200000, 0x00000000e0300000, 0x00000000e0300000|100%|HC|  |TAMS 0x00000000e0300000, 0x00000000e0200000| Complete 
|   3|0x00000000e0300000, 0x00000000e0400000, 0x00000000e0400000|100%|HC|  |TAMS 0x00000000e0400000, 0x00000000e0300000| Complete 
|   4|0x00000000e0400000, 0x00000000e0500000, 0x00000000e0500000|100%| O|  |TAMS 0x00000000e0500000, 0x00000000e0400000| Untracked 
|   5|0x00000000e0500000, 0x00000000e0600000, 0x00000000e0600000|100%| O|  |TAMS 0x00000000e0600000, 0x00000000e0500000| Untracked 
|   6|0x00000000e0600000, 0x00000000e0700000, 0x00000000e0700000|100%| O|  |TAMS 0x00000000e0700000, 0x00000000e0600000| Untracked 
|   7|0x00000000e0700000, 0x00000000e0800000, 0x00000000e0800000|100%| O|  |TAMS 0x00000000e0800000, 0x00000000e0700000| Untracked 
|   8|0x00000000e0800000, 0x00000000e0900000, 0x00000000e0900000|100%| O|  |TAMS 0x00000000e0900000, 0x00000000e0800000| Untracked 
|   9|0x00000000e0900000, 0x00000000e0a00000, 0x00000000e0a00000|100%| O|  |TAMS 0x00000000e09ece00, 0x00000000e0900000| Untracked 
|  10|0x00000000e0a00000, 0x00000000e0b00000, 0x00000000e0b00000|100%|HS|  |TAMS 0x00000000e0a00000, 0x00000000e0a00000| Complete 
|  11|0x00000000e0b00000, 0x00000000e0c00000, 0x00000000e0c00000|100%|HS|  |TAMS 0x00000000e0c00000, 0x00000000e0b00000| Complete 
|  12|0x00000000e0c00000, 0x00000000e0d00000, 0x00000000e0d00000|100%|HC|  |TAMS 0x00000000e0d00000, 0x00000000e0c00000| Complete 
|  13|0x00000000e0d00000, 0x00000000e0e00000, 0x00000000e0e00000|100%|HS|  |TAMS 0x00000000e0e00000, 0x00000000e0d00000| Complete 
|  14|0x00000000e0e00000, 0x00000000e0f00000, 0x00000000e0f00000|100%|HC|  |TAMS 0x00000000e0f00000, 0x00000000e0e00000| Complete 
|  15|0x00000000e0f00000, 0x00000000e1000000, 0x00000000e1000000|100%|HC|  |TAMS 0x00000000e1000000, 0x00000000e0f00000| Complete 
|  16|0x00000000e1000000, 0x00000000e1100000, 0x00000000e1100000|100%|HS|  |TAMS 0x00000000e1100000, 0x00000000e1000000| Complete 
|  17|0x00000000e1100000, 0x00000000e1200000, 0x00000000e1200000|100%|HC|  |TAMS 0x00000000e1200000, 0x00000000e1100000| Complete 
|  18|0x00000000e1200000, 0x00000000e1300000, 0x00000000e1300000|100%|HS|  |TAMS 0x00000000e1300000, 0x00000000e1200000| Complete 
|  19|0x00000000e1300000, 0x00000000e1400000, 0x00000000e1400000|100%|HC|  |TAMS 0x00000000e1400000, 0x00000000e1300000| Complete 
|  20|0x00000000e1400000, 0x00000000e1500000, 0x00000000e1500000|100%|HC|  |TAMS 0x00000000e1500000, 0x00000000e1400000| Complete 
|  21|0x00000000e1500000, 0x00000000e1600000, 0x00000000e1600000|100%|HC|  |TAMS 0x00000000e1600000, 0x00000000e1500000| Complete 
|  22|0x00000000e1600000, 0x00000000e1700000, 0x00000000e1700000|100%|HC|  |TAMS 0x00000000e1700000, 0x00000000e1600000| Complete 
|  23|0x00000000e1700000, 0x00000000e1800000, 0x00000000e1800000|100%|HC|  |TAMS 0x00000000e1800000, 0x00000000e1700000| Complete 
|  24|0x00000000e1800000, 0x00000000e1900000, 0x00000000e1900000|100%|HC|  |TAMS 0x00000000e1900000, 0x00000000e1800000| Complete 
|  25|0x00000000e1900000, 0x00000000e1a00000, 0x00000000e1a00000|100%|HC|  |TAMS 0x00000000e1a00000, 0x00000000e1900000| Complete 
|  26|0x00000000e1a00000, 0x00000000e1b00000, 0x00000000e1b00000|100%|HC|  |TAMS 0x00000000e1b00000, 0x00000000e1a00000| Complete 
|  27|0x00000000e1b00000, 0x00000000e1c00000, 0x00000000e1c00000|100%|HC|  |TAMS 0x00000000e1c00000, 0x00000000e1b00000| Complete 
|  28|0x00000000e1c00000, 0x00000000e1d00000, 0x00000000e1d00000|100%|HC|  |TAMS 0x00000000e1d00000, 0x00000000e1c00000| Complete 
|  29|0x00000000e1d00000, 0x00000000e1e00000, 0x00000000e1e00000|100%|HS|  |TAMS 0x00000000e1e00000, 0x00000000e1d00000| Complete 
|  30|0x00000000e1e00000, 0x00000000e1f00000, 0x00000000e1f00000|100%|HC|  |TAMS 0x00000000e1f00000, 0x00000000e1e00000| Complete 
|  31|0x00000000e1f00000, 0x00000000e2000000, 0x00000000e2000000|100%|HS|  |TAMS 0x00000000e2000000, 0x00000000e1f00000| Complete 
|  32|0x00000000e2000000, 0x00000000e2100000, 0x00000000e2100000|100%|HC|  |TAMS 0x00000000e2100000, 0x00000000e2000000| Complete 
|  33|0x00000000e2100000, 0x00000000e2200000, 0x00000000e2200000|100%|HC|  |TAMS 0x00000000e2200000, 0x00000000e2100000| Complete 
|  34|0x00000000e2200000, 0x00000000e2300000, 0x00000000e2300000|100%|HC|  |TAMS 0x00000000e2300000, 0x00000000e2200000| Complete 
|  35|0x00000000e2300000, 0x00000000e2400000, 0x00000000e2400000|100%|HC|  |TAMS 0x00000000e2400000, 0x00000000e2300000| Complete 
|  36|0x00000000e2400000, 0x00000000e2500000, 0x00000000e2500000|100%|HC|  |TAMS 0x00000000e2500000, 0x00000000e2400000| Complete 
|  37|0x00000000e2500000, 0x00000000e2600000, 0x00000000e2600000|100%|HS|  |TAMS 0x00000000e2600000, 0x00000000e2500000| Complete 
|  38|0x00000000e2600000, 0x00000000e2700000, 0x00000000e2700000|100%|HS|  |TAMS 0x00000000e2600000, 0x00000000e2600000| Complete 
|  39|0x00000000e2700000, 0x00000000e2800000, 0x00000000e2800000|100%|HC|  |TAMS 0x00000000e2700000, 0x00000000e2700000| Complete 
|  40|0x00000000e2800000, 0x00000000e2900000, 0x00000000e2900000|100%| O|  |TAMS 0x00000000e2800000, 0x00000000e2800000| Untracked 
|  41|0x00000000e2900000, 0x00000000e2a00000, 0x00000000e2a00000|100%| O|  |TAMS 0x00000000e2900000, 0x00000000e2900000| Untracked 
|  42|0x00000000e2a00000, 0x00000000e2b00000, 0x00000000e2b00000|100%| O|  |TAMS 0x00000000e2a00000, 0x00000000e2a00000| Untracked 
|  43|0x00000000e2b00000, 0x00000000e2c00000, 0x00000000e2c00000|100%| O|  |TAMS 0x00000000e2b00000, 0x00000000e2b00000| Untracked 
|  44|0x00000000e2c00000, 0x00000000e2d00000, 0x00000000e2d00000|100%| O|  |TAMS 0x00000000e2c00000, 0x00000000e2c00000| Untracked 
|  45|0x00000000e2d00000, 0x00000000e2e00000, 0x00000000e2e00000|100%| O|  |TAMS 0x00000000e2d00000, 0x00000000e2d00000| Untracked 
|  46|0x00000000e2e00000, 0x00000000e2f00000, 0x00000000e2f00000|100%| O|  |TAMS 0x00000000e2e00000, 0x00000000e2e00000| Untracked 
|  47|0x00000000e2f00000, 0x00000000e3000000, 0x00000000e3000000|100%| O|  |TAMS 0x00000000e2f00000, 0x00000000e2f00000| Untracked 
|  48|0x00000000e3000000, 0x00000000e3100000, 0x00000000e3100000|100%| O|  |TAMS 0x00000000e3000000, 0x00000000e3000000| Untracked 
|  49|0x00000000e3100000, 0x00000000e3200000, 0x00000000e3200000|100%| O|  |TAMS 0x00000000e3100000, 0x00000000e3100000| Untracked 
|  50|0x00000000e3200000, 0x00000000e3300000, 0x00000000e3300000|100%| O|  |TAMS 0x00000000e3200000, 0x00000000e3200000| Untracked 
|  51|0x00000000e3300000, 0x00000000e3400000, 0x00000000e3400000|100%| O|  |TAMS 0x00000000e3300000, 0x00000000e3300000| Untracked 
|  52|0x00000000e3400000, 0x00000000e3500000, 0x00000000e3500000|100%| O|  |TAMS 0x00000000e3400000, 0x00000000e3400000| Untracked 
|  53|0x00000000e3500000, 0x00000000e3600000, 0x00000000e3600000|100%| O|  |TAMS 0x00000000e3500000, 0x00000000e3500000| Untracked 
|  54|0x00000000e3600000, 0x00000000e3700000, 0x00000000e3700000|100%|HS|  |TAMS 0x00000000e3600000, 0x00000000e3600000| Complete 
|  55|0x00000000e3700000, 0x00000000e3800000, 0x00000000e3800000|100%|HC|  |TAMS 0x00000000e3700000, 0x00000000e3700000| Complete 
|  56|0x00000000e3800000, 0x00000000e3900000, 0x00000000e3900000|100%|HC|  |TAMS 0x00000000e3800000, 0x00000000e3800000| Complete 
|  57|0x00000000e3900000, 0x00000000e3a00000, 0x00000000e3a00000|100%|HS|  |TAMS 0x00000000e3900000, 0x00000000e3900000| Complete 
|  58|0x00000000e3a00000, 0x00000000e3b00000, 0x00000000e3b00000|100%|HC|  |TAMS 0x00000000e3a00000, 0x00000000e3a00000| Complete 
|  59|0x00000000e3b00000, 0x00000000e3c00000, 0x00000000e3c00000|100%|HS|  |TAMS 0x00000000e3b00000, 0x00000000e3b00000| Complete 
|  60|0x00000000e3c00000, 0x00000000e3d00000, 0x00000000e3d00000|100%|HC|  |TAMS 0x00000000e3c00000, 0x00000000e3c00000| Complete 
|  61|0x00000000e3d00000, 0x00000000e3e00000, 0x00000000e3e00000|100%|HC|  |TAMS 0x00000000e3d00000, 0x00000000e3d00000| Complete 
|  62|0x00000000e3e00000, 0x00000000e3f00000, 0x00000000e3f00000|100%|HS|  |TAMS 0x00000000e3e00000, 0x00000000e3e00000| Complete 
|  63|0x00000000e3f00000, 0x00000000e4000000, 0x00000000e4000000|100%|HC|  |TAMS 0x00000000e3f00000, 0x00000000e3f00000| Complete 
|  64|0x00000000e4000000, 0x00000000e4100000, 0x00000000e4100000|100%|HS|  |TAMS 0x00000000e4000000, 0x00000000e4000000| Complete 
|  65|0x00000000e4100000, 0x00000000e4200000, 0x00000000e4200000|100%|HC|  |TAMS 0x00000000e4100000, 0x00000000e4100000| Complete 
|  66|0x00000000e4200000, 0x00000000e4300000, 0x00000000e4300000|100%|HC|  |TAMS 0x00000000e4200000, 0x00000000e4200000| Complete 
|  67|0x00000000e4300000, 0x00000000e4400000, 0x00000000e4400000|100%|HC|  |TAMS 0x00000000e4300000, 0x00000000e4300000| Complete 
|  68|0x00000000e4400000, 0x00000000e4500000, 0x00000000e4500000|100%|HC|  |TAMS 0x00000000e4400000, 0x00000000e4400000| Complete 
|  69|0x00000000e4500000, 0x00000000e4600000, 0x00000000e4600000|100%|HC|  |TAMS 0x00000000e4500000, 0x00000000e4500000| Complete 
|  70|0x00000000e4600000, 0x00000000e4700000, 0x00000000e4700000|100%|HC|  |TAMS 0x00000000e4600000, 0x00000000e4600000| Complete 
|  71|0x00000000e4700000, 0x00000000e4800000, 0x00000000e4800000|100%|HC|  |TAMS 0x00000000e4700000, 0x00000000e4700000| Complete 
|  72|0x00000000e4800000, 0x00000000e4900000, 0x00000000e4900000|100%|HC|  |TAMS 0x00000000e4800000, 0x00000000e4800000| Complete 
|  73|0x00000000e4900000, 0x00000000e4a00000, 0x00000000e4a00000|100%|HC|  |TAMS 0x00000000e4900000, 0x00000000e4900000| Complete 
|  74|0x00000000e4a00000, 0x00000000e4b00000, 0x00000000e4b00000|100%|HC|  |TAMS 0x00000000e4a00000, 0x00000000e4a00000| Complete 
|  75|0x00000000e4b00000, 0x00000000e4c00000, 0x00000000e4c00000|100%|HS|  |TAMS 0x00000000e4b00000, 0x00000000e4b00000| Complete 
|  76|0x00000000e4c00000, 0x00000000e4d00000, 0x00000000e4d00000|100%|HC|  |TAMS 0x00000000e4c00000, 0x00000000e4c00000| Complete 
|  77|0x00000000e4d00000, 0x00000000e4e00000, 0x00000000e4e00000|100%|HS|  |TAMS 0x00000000e4d00000, 0x00000000e4d00000| Complete 
|  78|0x00000000e4e00000, 0x00000000e4f00000, 0x00000000e4f00000|100%|HC|  |TAMS 0x00000000e4e00000, 0x00000000e4e00000| Complete 
|  79|0x00000000e4f00000, 0x00000000e5000000, 0x00000000e5000000|100%|HC|  |TAMS 0x00000000e4f00000, 0x00000000e4f00000| Complete 
|  80|0x00000000e5000000, 0x00000000e5100000, 0x00000000e5100000|100%|HC|  |TAMS 0x00000000e5000000, 0x00000000e5000000| Complete 
|  81|0x00000000e5100000, 0x00000000e5200000, 0x00000000e5200000|100%|HC|  |TAMS 0x00000000e5100000, 0x00000000e5100000| Complete 
|  82|0x00000000e5200000, 0x00000000e5300000, 0x00000000e5300000|100%|HC|  |TAMS 0x00000000e5200000, 0x00000000e5200000| Complete 
|  83|0x00000000e5300000, 0x00000000e5400000, 0x00000000e5400000|100%|HS|  |TAMS 0x00000000e5300000, 0x00000000e5300000| Complete 
|  84|0x00000000e5400000, 0x00000000e5500000, 0x00000000e5500000|100%| O|  |TAMS 0x00000000e5400000, 0x00000000e5400000| Untracked 
|  85|0x00000000e5500000, 0x00000000e5600000, 0x00000000e5600000|100%| O|  |TAMS 0x00000000e5500000, 0x00000000e5500000| Untracked 
|  86|0x00000000e5600000, 0x00000000e5700000, 0x00000000e5700000|100%| O|  |TAMS 0x00000000e5600000, 0x00000000e5600000| Untracked 
|  87|0x00000000e5700000, 0x00000000e5800000, 0x00000000e5800000|100%| O|  |TAMS 0x00000000e5700000, 0x00000000e5700000| Untracked 
|  88|0x00000000e5800000, 0x00000000e5900000, 0x00000000e5900000|100%| O|  |TAMS 0x00000000e5800000, 0x00000000e5800000| Untracked 
|  89|0x00000000e5900000, 0x00000000e5a00000, 0x00000000e5a00000|100%| O|  |TAMS 0x00000000e5900000, 0x00000000e5900000| Untracked 
|  90|0x00000000e5a00000, 0x00000000e5a00000, 0x00000000e5b00000|  0%| F|  |TAMS 0x00000000e5a00000, 0x00000000e5a00000| Untracked 
|  91|0x00000000e5b00000, 0x00000000e5b00000, 0x00000000e5c00000|  0%| F|  |TAMS 0x00000000e5b00000, 0x00000000e5b00000| Untracked 
|  92|0x00000000e5c00000, 0x00000000e5c00000, 0x00000000e5d00000|  0%| F|  |TAMS 0x00000000e5c00000, 0x00000000e5c00000| Untracked 
|  93|0x00000000e5d00000, 0x00000000e5d00000, 0x00000000e5e00000|  0%| F|  |TAMS 0x00000000e5d00000, 0x00000000e5d00000| Untracked 
|  94|0x00000000e5e00000, 0x00000000e5e00000, 0x00000000e5f00000|  0%| F|  |TAMS 0x00000000e5e00000, 0x00000000e5e00000| Untracked 
|  95|0x00000000e5f00000, 0x00000000e5f00000, 0x00000000e6000000|  0%| F|  |TAMS 0x00000000e5f00000, 0x00000000e5f00000| Untracked 
|  96|0x00000000e6000000, 0x00000000e6000000, 0x00000000e6100000|  0%| F|  |TAMS 0x00000000e6000000, 0x00000000e6000000| Untracked 
|  97|0x00000000e6100000, 0x00000000e6100000, 0x00000000e6200000|  0%| F|  |TAMS 0x00000000e6100000, 0x00000000e6100000| Untracked 
|  98|0x00000000e6200000, 0x00000000e6200000, 0x00000000e6300000|  0%| F|  |TAMS 0x00000000e6200000, 0x00000000e6200000| Untracked 
|  99|0x00000000e6300000, 0x00000000e6300000, 0x00000000e6400000|  0%| F|  |TAMS 0x00000000e6300000, 0x00000000e6300000| Untracked 
| 100|0x00000000e6400000, 0x00000000e6400000, 0x00000000e6500000|  0%| F|  |TAMS 0x00000000e6400000, 0x00000000e6400000| Untracked 
| 101|0x00000000e6500000, 0x00000000e6500000, 0x00000000e6600000|  0%| F|  |TAMS 0x00000000e6500000, 0x00000000e6500000| Untracked 
| 102|0x00000000e6600000, 0x00000000e6600000, 0x00000000e6700000|  0%| F|  |TAMS 0x00000000e6600000, 0x00000000e6600000| Untracked 
| 103|0x00000000e6700000, 0x00000000e6700000, 0x00000000e6800000|  0%| F|  |TAMS 0x00000000e6700000, 0x00000000e6700000| Untracked 
| 104|0x00000000e6800000, 0x00000000e6800000, 0x00000000e6900000|  0%| F|  |TAMS 0x00000000e6800000, 0x00000000e6800000| Untracked 
| 105|0x00000000e6900000, 0x00000000e6900000, 0x00000000e6a00000|  0%| F|  |TAMS 0x00000000e6900000, 0x00000000e6900000| Untracked 
| 106|0x00000000e6a00000, 0x00000000e6a00000, 0x00000000e6b00000|  0%| F|  |TAMS 0x00000000e6a00000, 0x00000000e6a00000| Untracked 
| 107|0x00000000e6b00000, 0x00000000e6c00000, 0x00000000e6c00000|100%| S|CS|TAMS 0x00000000e6b00000, 0x00000000e6b00000| Complete 
| 108|0x00000000e6c00000, 0x00000000e6d00000, 0x00000000e6d00000|100%| S|CS|TAMS 0x00000000e6c00000, 0x00000000e6c00000| Complete 
| 109|0x00000000e6d00000, 0x00000000e6e00000, 0x00000000e6e00000|100%| S|CS|TAMS 0x00000000e6d00000, 0x00000000e6d00000| Complete 
| 110|0x00000000e6e00000, 0x00000000e6f00000, 0x00000000e6f00000|100%| S|CS|TAMS 0x00000000e6e00000, 0x00000000e6e00000| Complete 
| 111|0x00000000e6f00000, 0x00000000e7000000, 0x00000000e7000000|100%| S|CS|TAMS 0x00000000e6f00000, 0x00000000e6f00000| Complete 
| 112|0x00000000e7000000, 0x00000000e7100000, 0x00000000e7100000|100%| S|CS|TAMS 0x00000000e7000000, 0x00000000e7000000| Complete 
| 113|0x00000000e7100000, 0x00000000e7200000, 0x00000000e7200000|100%| S|CS|TAMS 0x00000000e7100000, 0x00000000e7100000| Complete 
| 114|0x00000000e7200000, 0x00000000e7300000, 0x00000000e7300000|100%| S|CS|TAMS 0x00000000e7200000, 0x00000000e7200000| Complete 
| 115|0x00000000e7300000, 0x00000000e7400000, 0x00000000e7400000|100%| S|CS|TAMS 0x00000000e7300000, 0x00000000e7300000| Complete 
| 116|0x00000000e7400000, 0x00000000e7500000, 0x00000000e7500000|100%| S|CS|TAMS 0x00000000e7400000, 0x00000000e7400000| Complete 
| 117|0x00000000e7500000, 0x00000000e7600000, 0x00000000e7600000|100%| S|CS|TAMS 0x00000000e7500000, 0x00000000e7500000| Complete 
| 118|0x00000000e7600000, 0x00000000e7700000, 0x00000000e7700000|100%| S|CS|TAMS 0x00000000e7600000, 0x00000000e7600000| Complete 
| 119|0x00000000e7700000, 0x00000000e7800000, 0x00000000e7800000|100%| S|CS|TAMS 0x00000000e7700000, 0x00000000e7700000| Complete 
| 120|0x00000000e7800000, 0x00000000e7900000, 0x00000000e7900000|100%| S|CS|TAMS 0x00000000e7800000, 0x00000000e7800000| Complete 
| 121|0x00000000e7900000, 0x00000000e7a00000, 0x00000000e7a00000|100%| S|CS|TAMS 0x00000000e7900000, 0x00000000e7900000| Complete 
| 122|0x00000000e7a00000, 0x00000000e7b00000, 0x00000000e7b00000|100%| S|CS|TAMS 0x00000000e7a00000, 0x00000000e7a00000| Complete 
| 123|0x00000000e7b00000, 0x00000000e7c00000, 0x00000000e7c00000|100%| S|CS|TAMS 0x00000000e7b00000, 0x00000000e7b00000| Complete 
| 124|0x00000000e7c00000, 0x00000000e7c00000, 0x00000000e7d00000|  0%| F|  |TAMS 0x00000000e7c00000, 0x00000000e7c00000| Untracked 
| 125|0x00000000e7d00000, 0x00000000e7d00000, 0x00000000e7e00000|  0%| F|  |TAMS 0x00000000e7d00000, 0x00000000e7d00000| Untracked 
| 126|0x00000000e7e00000, 0x00000000e7e00000, 0x00000000e7f00000|  0%| F|  |TAMS 0x00000000e7e00000, 0x00000000e7e00000| Untracked 
| 127|0x00000000e7f00000, 0x00000000e7f00000, 0x00000000e8000000|  0%| F|  |TAMS 0x00000000e7f00000, 0x00000000e7f00000| Untracked 
| 128|0x00000000e8000000, 0x00000000e8000000, 0x00000000e8100000|  0%| F|  |TAMS 0x00000000e8000000, 0x00000000e8000000| Untracked 
| 129|0x00000000e8100000, 0x00000000e8100000, 0x00000000e8200000|  0%| F|  |TAMS 0x00000000e8100000, 0x00000000e8100000| Untracked 
| 130|0x00000000e8200000, 0x00000000e8200000, 0x00000000e8300000|  0%| F|  |TAMS 0x00000000e8200000, 0x00000000e8200000| Untracked 
| 131|0x00000000e8300000, 0x00000000e8300000, 0x00000000e8400000|  0%| F|  |TAMS 0x00000000e8300000, 0x00000000e8300000| Untracked 
| 132|0x00000000e8400000, 0x00000000e8400000, 0x00000000e8500000|  0%| F|  |TAMS 0x00000000e8400000, 0x00000000e8400000| Untracked 
| 133|0x00000000e8500000, 0x00000000e8500000, 0x00000000e8600000|  0%| F|  |TAMS 0x00000000e8500000, 0x00000000e8500000| Untracked 
| 134|0x00000000e8600000, 0x00000000e8600000, 0x00000000e8700000|  0%| F|  |TAMS 0x00000000e8600000, 0x00000000e8600000| Untracked 
| 135|0x00000000e8700000, 0x00000000e8700000, 0x00000000e8800000|  0%| F|  |TAMS 0x00000000e8700000, 0x00000000e8700000| Untracked 
| 136|0x00000000e8800000, 0x00000000e8800000, 0x00000000e8900000|  0%| F|  |TAMS 0x00000000e8800000, 0x00000000e8800000| Untracked 
| 137|0x00000000e8900000, 0x00000000e8900000, 0x00000000e8a00000|  0%| F|  |TAMS 0x00000000e8900000, 0x00000000e8900000| Untracked 
| 138|0x00000000e8a00000, 0x00000000e8a00000, 0x00000000e8b00000|  0%| F|  |TAMS 0x00000000e8a00000, 0x00000000e8a00000| Untracked 
| 139|0x00000000e8b00000, 0x00000000e8b00000, 0x00000000e8c00000|  0%| F|  |TAMS 0x00000000e8b00000, 0x00000000e8b00000| Untracked 
| 140|0x00000000e8c00000, 0x00000000e8c00000, 0x00000000e8d00000|  0%| F|  |TAMS 0x00000000e8c00000, 0x00000000e8c00000| Untracked 
| 141|0x00000000e8d00000, 0x00000000e8d00000, 0x00000000e8e00000|  0%| F|  |TAMS 0x00000000e8d00000, 0x00000000e8d00000| Untracked 
| 142|0x00000000e8e00000, 0x00000000e8e00000, 0x00000000e8f00000|  0%| F|  |TAMS 0x00000000e8e00000, 0x00000000e8e00000| Untracked 
| 143|0x00000000e8f00000, 0x00000000e8f00000, 0x00000000e9000000|  0%| F|  |TAMS 0x00000000e8f00000, 0x00000000e8f00000| Untracked 
| 144|0x00000000e9000000, 0x00000000e9000000, 0x00000000e9100000|  0%| F|  |TAMS 0x00000000e9000000, 0x00000000e9000000| Untracked 
| 145|0x00000000e9100000, 0x00000000e9100000, 0x00000000e9200000|  0%| F|  |TAMS 0x00000000e9100000, 0x00000000e9100000| Untracked 
| 146|0x00000000e9200000, 0x00000000e9200000, 0x00000000e9300000|  0%| F|  |TAMS 0x00000000e9200000, 0x00000000e9200000| Untracked 
| 147|0x00000000e9300000, 0x00000000e9300000, 0x00000000e9400000|  0%| F|  |TAMS 0x00000000e9300000, 0x00000000e9300000| Untracked 
| 148|0x00000000e9400000, 0x00000000e9400000, 0x00000000e9500000|  0%| F|  |TAMS 0x00000000e9400000, 0x00000000e9400000| Untracked 
| 149|0x00000000e9500000, 0x00000000e9500000, 0x00000000e9600000|  0%| F|  |TAMS 0x00000000e9500000, 0x00000000e9500000| Untracked 
| 150|0x00000000e9600000, 0x00000000e9600000, 0x00000000e9700000|  0%| F|  |TAMS 0x00000000e9600000, 0x00000000e9600000| Untracked 
| 151|0x00000000e9700000, 0x00000000e9700000, 0x00000000e9800000|  0%| F|  |TAMS 0x00000000e9700000, 0x00000000e9700000| Untracked 
| 152|0x00000000e9800000, 0x00000000e9800000, 0x00000000e9900000|  0%| F|  |TAMS 0x00000000e9800000, 0x00000000e9800000| Untracked 
| 153|0x00000000e9900000, 0x00000000e9900000, 0x00000000e9a00000|  0%| F|  |TAMS 0x00000000e9900000, 0x00000000e9900000| Untracked 
| 154|0x00000000e9a00000, 0x00000000e9a00000, 0x00000000e9b00000|  0%| F|  |TAMS 0x00000000e9a00000, 0x00000000e9a00000| Untracked 
| 155|0x00000000e9b00000, 0x00000000e9b00000, 0x00000000e9c00000|  0%| F|  |TAMS 0x00000000e9b00000, 0x00000000e9b00000| Untracked 
| 156|0x00000000e9c00000, 0x00000000e9c00000, 0x00000000e9d00000|  0%| F|  |TAMS 0x00000000e9c00000, 0x00000000e9c00000| Untracked 
| 157|0x00000000e9d00000, 0x00000000e9d00000, 0x00000000e9e00000|  0%| F|  |TAMS 0x00000000e9d00000, 0x00000000e9d00000| Untracked 
| 158|0x00000000e9e00000, 0x00000000e9e00000, 0x00000000e9f00000|  0%| F|  |TAMS 0x00000000e9e00000, 0x00000000e9e00000| Untracked 
| 159|0x00000000e9f00000, 0x00000000e9f00000, 0x00000000ea000000|  0%| F|  |TAMS 0x00000000e9f00000, 0x00000000e9f00000| Untracked 
| 160|0x00000000ea000000, 0x00000000ea000000, 0x00000000ea100000|  0%| F|  |TAMS 0x00000000ea000000, 0x00000000ea000000| Untracked 
| 161|0x00000000ea100000, 0x00000000ea100000, 0x00000000ea200000|  0%| F|  |TAMS 0x00000000ea100000, 0x00000000ea100000| Untracked 
| 162|0x00000000ea200000, 0x00000000ea200000, 0x00000000ea300000|  0%| F|  |TAMS 0x00000000ea200000, 0x00000000ea200000| Untracked 
| 163|0x00000000ea300000, 0x00000000ea300000, 0x00000000ea400000|  0%| F|  |TAMS 0x00000000ea300000, 0x00000000ea300000| Untracked 
| 164|0x00000000ea400000, 0x00000000ea400000, 0x00000000ea500000|  0%| F|  |TAMS 0x00000000ea400000, 0x00000000ea400000| Untracked 
| 165|0x00000000ea500000, 0x00000000ea500000, 0x00000000ea600000|  0%| F|  |TAMS 0x00000000ea500000, 0x00000000ea500000| Untracked 
| 166|0x00000000ea600000, 0x00000000ea600000, 0x00000000ea700000|  0%| F|  |TAMS 0x00000000ea600000, 0x00000000ea600000| Untracked 
| 167|0x00000000ea700000, 0x00000000ea700000, 0x00000000ea800000|  0%| F|  |TAMS 0x00000000ea700000, 0x00000000ea700000| Untracked 
| 168|0x00000000ea800000, 0x00000000ea800000, 0x00000000ea900000|  0%| F|  |TAMS 0x00000000ea800000, 0x00000000ea800000| Untracked 
| 169|0x00000000ea900000, 0x00000000ea900000, 0x00000000eaa00000|  0%| F|  |TAMS 0x00000000ea900000, 0x00000000ea900000| Untracked 
| 170|0x00000000eaa00000, 0x00000000eaa00000, 0x00000000eab00000|  0%| F|  |TAMS 0x00000000eaa00000, 0x00000000eaa00000| Untracked 
| 171|0x00000000eab00000, 0x00000000eab00000, 0x00000000eac00000|  0%| F|  |TAMS 0x00000000eab00000, 0x00000000eab00000| Untracked 
| 172|0x00000000eac00000, 0x00000000eac00000, 0x00000000ead00000|  0%| F|  |TAMS 0x00000000eac00000, 0x00000000eac00000| Untracked 
| 173|0x00000000ead00000, 0x00000000ead00000, 0x00000000eae00000|  0%| F|  |TAMS 0x00000000ead00000, 0x00000000ead00000| Untracked 
| 174|0x00000000eae00000, 0x00000000eae00000, 0x00000000eaf00000|  0%| F|  |TAMS 0x00000000eae00000, 0x00000000eae00000| Untracked 
| 175|0x00000000eaf00000, 0x00000000eaf00000, 0x00000000eb000000|  0%| F|  |TAMS 0x00000000eaf00000, 0x00000000eaf00000| Untracked 
| 176|0x00000000eb000000, 0x00000000eb000000, 0x00000000eb100000|  0%| F|  |TAMS 0x00000000eb000000, 0x00000000eb000000| Untracked 
| 177|0x00000000eb100000, 0x00000000eb100000, 0x00000000eb200000|  0%| F|  |TAMS 0x00000000eb100000, 0x00000000eb100000| Untracked 
| 178|0x00000000eb200000, 0x00000000eb200000, 0x00000000eb300000|  0%| F|  |TAMS 0x00000000eb200000, 0x00000000eb200000| Untracked 
| 179|0x00000000eb300000, 0x00000000eb300000, 0x00000000eb400000|  0%| F|  |TAMS 0x00000000eb300000, 0x00000000eb300000| Untracked 
| 180|0x00000000eb400000, 0x00000000eb400000, 0x00000000eb500000|  0%| F|  |TAMS 0x00000000eb400000, 0x00000000eb400000| Untracked 
| 181|0x00000000eb500000, 0x00000000eb500000, 0x00000000eb600000|  0%| F|  |TAMS 0x00000000eb500000, 0x00000000eb500000| Untracked 
| 182|0x00000000eb600000, 0x00000000eb600000, 0x00000000eb700000|  0%| F|  |TAMS 0x00000000eb600000, 0x00000000eb600000| Untracked 
| 183|0x00000000eb700000, 0x00000000eb700000, 0x00000000eb800000|  0%| F|  |TAMS 0x00000000eb700000, 0x00000000eb700000| Untracked 
| 184|0x00000000eb800000, 0x00000000eb800000, 0x00000000eb900000|  0%| F|  |TAMS 0x00000000eb800000, 0x00000000eb800000| Untracked 
| 185|0x00000000eb900000, 0x00000000eb900000, 0x00000000eba00000|  0%| F|  |TAMS 0x00000000eb900000, 0x00000000eb900000| Untracked 
| 186|0x00000000eba00000, 0x00000000eba00000, 0x00000000ebb00000|  0%| F|  |TAMS 0x00000000eba00000, 0x00000000eba00000| Untracked 
| 187|0x00000000ebb00000, 0x00000000ebb00000, 0x00000000ebc00000|  0%| F|  |TAMS 0x00000000ebb00000, 0x00000000ebb00000| Untracked 
| 188|0x00000000ebc00000, 0x00000000ebc00000, 0x00000000ebd00000|  0%| F|  |TAMS 0x00000000ebc00000, 0x00000000ebc00000| Untracked 
| 189|0x00000000ebd00000, 0x00000000ebd00000, 0x00000000ebe00000|  0%| F|  |TAMS 0x00000000ebd00000, 0x00000000ebd00000| Untracked 
| 190|0x00000000ebe00000, 0x00000000ebe00000, 0x00000000ebf00000|  0%| F|  |TAMS 0x00000000ebe00000, 0x00000000ebe00000| Untracked 
| 191|0x00000000ebf00000, 0x00000000ebf00000, 0x00000000ec000000|  0%| F|  |TAMS 0x00000000ebf00000, 0x00000000ebf00000| Untracked 
| 192|0x00000000ec000000, 0x00000000ec000000, 0x00000000ec100000|  0%| F|  |TAMS 0x00000000ec000000, 0x00000000ec000000| Untracked 
| 193|0x00000000ec100000, 0x00000000ec100000, 0x00000000ec200000|  0%| F|  |TAMS 0x00000000ec100000, 0x00000000ec100000| Untracked 
| 194|0x00000000ec200000, 0x00000000ec200000, 0x00000000ec300000|  0%| F|  |TAMS 0x00000000ec200000, 0x00000000ec200000| Untracked 
| 195|0x00000000ec300000, 0x00000000ec300000, 0x00000000ec400000|  0%| F|  |TAMS 0x00000000ec300000, 0x00000000ec300000| Untracked 
| 196|0x00000000ec400000, 0x00000000ec400000, 0x00000000ec500000|  0%| F|  |TAMS 0x00000000ec400000, 0x00000000ec400000| Untracked 
| 197|0x00000000ec500000, 0x00000000ec500000, 0x00000000ec600000|  0%| F|  |TAMS 0x00000000ec500000, 0x00000000ec500000| Untracked 
| 198|0x00000000ec600000, 0x00000000ec600000, 0x00000000ec700000|  0%| F|  |TAMS 0x00000000ec600000, 0x00000000ec600000| Untracked 
| 199|0x00000000ec700000, 0x00000000ec780800, 0x00000000ec800000| 50%| E|  |TAMS 0x00000000ec700000, 0x00000000ec700000| Complete 
| 200|0x00000000ec800000, 0x00000000ec900000, 0x00000000ec900000|100%| E|CS|TAMS 0x00000000ec800000, 0x00000000ec800000| Complete 
| 201|0x00000000ec900000, 0x00000000eca00000, 0x00000000eca00000|100%| E|CS|TAMS 0x00000000ec900000, 0x00000000ec900000| Complete 
| 202|0x00000000eca00000, 0x00000000ecb00000, 0x00000000ecb00000|100%| E|CS|TAMS 0x00000000eca00000, 0x00000000eca00000| Complete 
| 203|0x00000000ecb00000, 0x00000000ecc00000, 0x00000000ecc00000|100%| E|CS|TAMS 0x00000000ecb00000, 0x00000000ecb00000| Complete 
| 204|0x00000000ecc00000, 0x00000000ecd00000, 0x00000000ecd00000|100%| E|CS|TAMS 0x00000000ecc00000, 0x00000000ecc00000| Complete 
| 205|0x00000000ecd00000, 0x00000000ece00000, 0x00000000ece00000|100%| E|CS|TAMS 0x00000000ecd00000, 0x00000000ecd00000| Complete 
| 206|0x00000000ece00000, 0x00000000ecf00000, 0x00000000ecf00000|100%| E|CS|TAMS 0x00000000ece00000, 0x00000000ece00000| Complete 
| 207|0x00000000ecf00000, 0x00000000ed000000, 0x00000000ed000000|100%| E|CS|TAMS 0x00000000ecf00000, 0x00000000ecf00000| Complete 
| 208|0x00000000ed000000, 0x00000000ed100000, 0x00000000ed100000|100%| E|CS|TAMS 0x00000000ed000000, 0x00000000ed000000| Complete 
| 209|0x00000000ed100000, 0x00000000ed200000, 0x00000000ed200000|100%| E|CS|TAMS 0x00000000ed100000, 0x00000000ed100000| Complete 
| 210|0x00000000ed200000, 0x00000000ed300000, 0x00000000ed300000|100%| E|CS|TAMS 0x00000000ed200000, 0x00000000ed200000| Complete 
| 211|0x00000000ed300000, 0x00000000ed400000, 0x00000000ed400000|100%| E|CS|TAMS 0x00000000ed300000, 0x00000000ed300000| Complete 
| 212|0x00000000ed400000, 0x00000000ed500000, 0x00000000ed500000|100%| E|CS|TAMS 0x00000000ed400000, 0x00000000ed400000| Complete 
| 213|0x00000000ed500000, 0x00000000ed600000, 0x00000000ed600000|100%| E|CS|TAMS 0x00000000ed500000, 0x00000000ed500000| Complete 
| 214|0x00000000ed600000, 0x00000000ed700000, 0x00000000ed700000|100%| E|CS|TAMS 0x00000000ed600000, 0x00000000ed600000| Complete 
| 215|0x00000000ed700000, 0x00000000ed800000, 0x00000000ed800000|100%| E|CS|TAMS 0x00000000ed700000, 0x00000000ed700000| Complete 
| 216|0x00000000ed800000, 0x00000000ed900000, 0x00000000ed900000|100%| E|CS|TAMS 0x00000000ed800000, 0x00000000ed800000| Complete 
| 217|0x00000000ed900000, 0x00000000eda00000, 0x00000000eda00000|100%| E|CS|TAMS 0x00000000ed900000, 0x00000000ed900000| Complete 
| 218|0x00000000eda00000, 0x00000000edb00000, 0x00000000edb00000|100%| E|CS|TAMS 0x00000000eda00000, 0x00000000eda00000| Complete 
| 219|0x00000000edb00000, 0x00000000edc00000, 0x00000000edc00000|100%| E|CS|TAMS 0x00000000edb00000, 0x00000000edb00000| Complete 
| 220|0x00000000edc00000, 0x00000000edd00000, 0x00000000edd00000|100%| E|CS|TAMS 0x00000000edc00000, 0x00000000edc00000| Complete 
| 221|0x00000000edd00000, 0x00000000ede00000, 0x00000000ede00000|100%| E|CS|TAMS 0x00000000edd00000, 0x00000000edd00000| Complete 
| 222|0x00000000ede00000, 0x00000000edf00000, 0x00000000edf00000|100%| E|CS|TAMS 0x00000000ede00000, 0x00000000ede00000| Complete 
| 223|0x00000000edf00000, 0x00000000ee000000, 0x00000000ee000000|100%| E|CS|TAMS 0x00000000edf00000, 0x00000000edf00000| Complete 
| 224|0x00000000ee000000, 0x00000000ee100000, 0x00000000ee100000|100%| E|CS|TAMS 0x00000000ee000000, 0x00000000ee000000| Complete 
| 225|0x00000000ee100000, 0x00000000ee200000, 0x00000000ee200000|100%| E|CS|TAMS 0x00000000ee100000, 0x00000000ee100000| Complete 
| 226|0x00000000ee200000, 0x00000000ee300000, 0x00000000ee300000|100%| E|CS|TAMS 0x00000000ee200000, 0x00000000ee200000| Complete 
| 227|0x00000000ee300000, 0x00000000ee400000, 0x00000000ee400000|100%| E|CS|TAMS 0x00000000ee300000, 0x00000000ee300000| Complete 
| 228|0x00000000ee400000, 0x00000000ee500000, 0x00000000ee500000|100%| E|CS|TAMS 0x00000000ee400000, 0x00000000ee400000| Complete 
| 229|0x00000000ee500000, 0x00000000ee600000, 0x00000000ee600000|100%| E|CS|TAMS 0x00000000ee500000, 0x00000000ee500000| Complete 
| 230|0x00000000ee600000, 0x00000000ee700000, 0x00000000ee700000|100%| E|CS|TAMS 0x00000000ee600000, 0x00000000ee600000| Complete 
| 231|0x00000000ee700000, 0x00000000ee800000, 0x00000000ee800000|100%| E|CS|TAMS 0x00000000ee700000, 0x00000000ee700000| Complete 
| 232|0x00000000ee800000, 0x00000000ee900000, 0x00000000ee900000|100%| E|CS|TAMS 0x00000000ee800000, 0x00000000ee800000| Complete 
| 233|0x00000000ee900000, 0x00000000eea00000, 0x00000000eea00000|100%| E|CS|TAMS 0x00000000ee900000, 0x00000000ee900000| Complete 
| 234|0x00000000eea00000, 0x00000000eeb00000, 0x00000000eeb00000|100%| E|CS|TAMS 0x00000000eea00000, 0x00000000eea00000| Complete 
| 235|0x00000000eeb00000, 0x00000000eec00000, 0x00000000eec00000|100%| E|CS|TAMS 0x00000000eeb00000, 0x00000000eeb00000| Complete 
| 236|0x00000000eec00000, 0x00000000eed00000, 0x00000000eed00000|100%| E|CS|TAMS 0x00000000eec00000, 0x00000000eec00000| Complete 
| 237|0x00000000eed00000, 0x00000000eee00000, 0x00000000eee00000|100%| E|CS|TAMS 0x00000000eed00000, 0x00000000eed00000| Complete 
| 238|0x00000000eee00000, 0x00000000eef00000, 0x00000000eef00000|100%| E|CS|TAMS 0x00000000eee00000, 0x00000000eee00000| Complete 
| 239|0x00000000eef00000, 0x00000000ef000000, 0x00000000ef000000|100%| E|CS|TAMS 0x00000000eef00000, 0x00000000eef00000| Complete 
| 240|0x00000000ef000000, 0x00000000ef100000, 0x00000000ef100000|100%| E|CS|TAMS 0x00000000ef000000, 0x00000000ef000000| Complete 
| 241|0x00000000ef100000, 0x00000000ef200000, 0x00000000ef200000|100%| E|CS|TAMS 0x00000000ef100000, 0x00000000ef100000| Complete 
| 242|0x00000000ef200000, 0x00000000ef300000, 0x00000000ef300000|100%| E|CS|TAMS 0x00000000ef200000, 0x00000000ef200000| Complete 
| 243|0x00000000ef300000, 0x00000000ef400000, 0x00000000ef400000|100%| E|CS|TAMS 0x00000000ef300000, 0x00000000ef300000| Complete 
| 244|0x00000000ef400000, 0x00000000ef500000, 0x00000000ef500000|100%| E|CS|TAMS 0x00000000ef400000, 0x00000000ef400000| Complete 
| 245|0x00000000ef500000, 0x00000000ef600000, 0x00000000ef600000|100%| E|CS|TAMS 0x00000000ef500000, 0x00000000ef500000| Complete 
| 246|0x00000000ef600000, 0x00000000ef700000, 0x00000000ef700000|100%| E|CS|TAMS 0x00000000ef600000, 0x00000000ef600000| Complete 
| 247|0x00000000ef700000, 0x00000000ef800000, 0x00000000ef800000|100%| E|CS|TAMS 0x00000000ef700000, 0x00000000ef700000| Complete 
| 248|0x00000000ef800000, 0x00000000ef900000, 0x00000000ef900000|100%| E|CS|TAMS 0x00000000ef800000, 0x00000000ef800000| Complete 
| 249|0x00000000ef900000, 0x00000000efa00000, 0x00000000efa00000|100%| E|CS|TAMS 0x00000000ef900000, 0x00000000ef900000| Complete 
| 250|0x00000000efa00000, 0x00000000efb00000, 0x00000000efb00000|100%| E|CS|TAMS 0x00000000efa00000, 0x00000000efa00000| Complete 
| 251|0x00000000efb00000, 0x00000000efc00000, 0x00000000efc00000|100%| E|CS|TAMS 0x00000000efb00000, 0x00000000efb00000| Complete 
| 252|0x00000000efc00000, 0x00000000efd00000, 0x00000000efd00000|100%| E|CS|TAMS 0x00000000efc00000, 0x00000000efc00000| Complete 
| 253|0x00000000efd00000, 0x00000000efe00000, 0x00000000efe00000|100%| E|CS|TAMS 0x00000000efd00000, 0x00000000efd00000| Complete 
| 254|0x00000000efe00000, 0x00000000eff00000, 0x00000000eff00000|100%| E|CS|TAMS 0x00000000efe00000, 0x00000000efe00000| Complete 
| 255|0x00000000eff00000, 0x00000000f0000000, 0x00000000f0000000|100%| E|CS|TAMS 0x00000000eff00000, 0x00000000eff00000| Complete 

Card table byte_map: [0x00000217abfa0000,0x00000217ac0a0000] _byte_map_base: 0x00000217ab8a0000

Marking Bits (Prev, Next): (CMBitMap*) 0x00000217954978a0, (CMBitMap*) 0x00000217954978e0
 Prev Bits: [0x00000217ac1a0000, 0x00000217ac9a0000)
 Next Bits: [0x00000217ac9a0000, 0x00000217ad1a0000)

Polling page: 0x00000217945e0000

Metaspace:

Usage:
  Non-class:     45.96 MB used.
      Class:      7.44 MB used.
       Both:     53.40 MB used.

Virtual space:
  Non-class space:       48.00 MB reserved,      46.31 MB ( 96%) committed,  6 nodes.
      Class space:      208.00 MB reserved,       7.69 MB (  4%) committed,  1 nodes.
             Both:      256.00 MB reserved,      54.00 MB ( 21%) committed. 

Chunk freelists:
   Non-Class:  1.38 MB
       Class:  263.00 KB
        Both:  1.63 MB

MaxMetaspaceSize: 256.00 MB
CompressedClassSpaceSize: 208.00 MB
Initial GC threshold: 21.00 MB
Current GC threshold: 58.69 MB
CDS: on
MetaspaceReclaimPolicy: balanced
 - commit_granule_bytes: 65536.
 - commit_granule_words: 8192.
 - virtual_space_node_default_size: 1048576.
 - enlarge_chunks_in_place: 1.
 - new_chunks_are_fully_committed: 0.
 - uncommit_free_chunks: 1.
 - use_allocation_guard: 0.
 - handle_deallocations: 1.


Internal statistics:

num_allocs_failed_limit: 6.
num_arena_births: 746.
num_arena_deaths: 0.
num_vsnodes_births: 7.
num_vsnodes_deaths: 0.
num_space_committed: 864.
num_space_uncommitted: 0.
num_chunks_returned_to_freelist: 6.
num_chunks_taken_from_freelist: 2996.
num_chunk_merges: 6.
num_chunk_splits: 1928.
num_chunks_enlarged: 1225.
num_purges: 0.
num_inconsistent_stats: 0.

CodeHeap 'non-profiled nmethods': size=120000Kb used=2869Kb max_used=3144Kb free=117130Kb
 bounds [0x00000217a4860000, 0x00000217a4b90000, 0x00000217abd90000]
CodeHeap 'profiled nmethods': size=120000Kb used=10665Kb max_used=10665Kb free=109334Kb
 bounds [0x000002179d330000, 0x000002179ddc0000, 0x00000217a4860000]
CodeHeap 'non-nmethods': size=5760Kb used=2329Kb max_used=2394Kb free=3430Kb
 bounds [0x000002179cd90000, 0x000002179d000000, 0x000002179d330000]
 total_blobs=5899 nmethods=5047 adapters=763
 compilation: enabled
              stopped_count=0, restarted_count=0
 full_count=0

Compilation events (20 events):
Event: 52.238 Thread 0x00000217af8d0050 5694       4       java.beans.Introspector::addMethod (196 bytes)
Event: 52.242 Thread 0x00000217af8c6250 nmethod 5727 0x000002179dda3b10 code [0x000002179dda4220, 0x000002179dda8f88]
Event: 52.242 Thread 0x00000217af8c6250 5730       3       java.io.Bits::putShort (16 bytes)
Event: 52.242 Thread 0x00000217af8c6250 nmethod 5730 0x000002179d484190 code [0x000002179d484320, 0x000002179d484458]
Event: 52.242 Thread 0x00000217af8c6250 5728       3       groovy.lang.MetaClassImpl::getMetaMethod (74 bytes)
Event: 52.242 Thread 0x00000217af8c6250 nmethod 5728 0x000002179d4b5a10 code [0x000002179d4b5c00, 0x000002179d4b61c8]
Event: 52.242 Thread 0x00000217af8c6250 5729       3       groovy.lang.MetaClassImpl::getMethodWithCaching (65 bytes)
Event: 52.243 Thread 0x00000217af8c6250 nmethod 5729 0x000002179d64ec10 code [0x000002179d64ee60, 0x000002179d64f8e8]
Event: 52.243 Thread 0x00000217af8c6250 5731       3       groovy.lang.MetaClassImpl::getMetaProperty (45 bytes)
Event: 52.244 Thread 0x00000217af8c6250 nmethod 5731 0x000002179d82db90 code [0x000002179d82dd60, 0x000002179d82e298]
Event: 52.249 Thread 0x00000217af8c6250 5732       3       org.gradle.internal.serialize.kryo.KryoBackedEncoder::flush (8 bytes)
Event: 52.250 Thread 0x00000217af8c6250 nmethod 5732 0x000002179d483d90 code [0x000002179d483f40, 0x000002179d4840a8]
Event: 52.261 Thread 0x00000217af8c6250 5733       3       org.gradle.api.internal.collections.AbstractIterationOrderRetainingElementSource::realizePending (54 bytes)
Event: 52.261 Thread 0x00000217af8c6250 nmethod 5733 0x000002179d64e290 code [0x000002179d64e480, 0x000002179d64ea58]
Event: 52.263 Thread 0x00000217af8c6250 5734       3       java.util.jar.JarFile$JarFileEntry::getRealName (5 bytes)
Event: 52.264 Thread 0x00000217af8c6250 nmethod 5734 0x000002179d64df10 code [0x000002179d64e0a0, 0x000002179d64e1b8]
Event: 52.289 Thread 0x00000217af8c6250 5735   !   3       org.gradle.internal.work.DefaultSynchronizer::releaseOwnership (24 bytes)
Event: 52.289 Thread 0x00000217af8c6250 nmethod 5735 0x000002179d64d990 code [0x000002179d64db40, 0x000002179d64ddc8]
Event: 52.289 Thread 0x00000217af8c6250 5736       3       org.gradle.internal.event.BroadcastDispatch$CompositeDispatch::dispatch (9 bytes)
Event: 52.289 Thread 0x00000217af8c6250 nmethod 5736 0x000002179d64d390 code [0x000002179d64d540, 0x000002179d64d868]

GC Heap History (10 events):
Event: 4.280 GC heap before
{Heap before GC invocations=0 (full 0):
 garbage-first heap   total 262144K, used 24576K [0x00000000e0000000, 0x0000000100000000)
  region size 1024K, 21 young (21504K), 0 survivors (0K)
 Metaspace       used 2918K, committed 3072K, reserved 221184K
  class space    used 373K, committed 448K, reserved 212992K
}
Event: 4.304 GC heap after
{Heap after GC invocations=1 (full 0):
 garbage-first heap   total 262144K, used 10036K [0x00000000e0000000, 0x0000000100000000)
  region size 1024K, 3 young (3072K), 3 survivors (3072K)
 Metaspace       used 2918K, committed 3072K, reserved 221184K
  class space    used 373K, committed 448K, reserved 212992K
}
Event: 5.211 GC heap before
{Heap before GC invocations=1 (full 0):
 garbage-first heap   total 262144K, used 32564K [0x00000000e0000000, 0x0000000100000000)
  region size 1024K, 25 young (25600K), 3 survivors (3072K)
 Metaspace       used 3870K, committed 4032K, reserved 221184K
  class space    used 476K, committed 576K, reserved 212992K
}
Event: 5.214 GC heap after
{Heap after GC invocations=2 (full 0):
 garbage-first heap   total 262144K, used 10746K [0x00000000e0000000, 0x0000000100000000)
  region size 1024K, 1 young (1024K), 1 survivors (1024K)
 Metaspace       used 3870K, committed 4032K, reserved 221184K
  class space    used 476K, committed 576K, reserved 212992K
}
Event: 31.435 GC heap before
{Heap before GC invocations=2 (full 0):
 garbage-first heap   total 262144K, used 157178K [0x00000000e0000000, 0x0000000100000000)
  region size 1024K, 118 young (120832K), 1 survivors (1024K)
 Metaspace       used 21186K, committed 21504K, reserved 237568K
  class space    used 3159K, committed 3328K, reserved 212992K
}
Event: 31.448 GC heap after
{Heap after GC invocations=3 (full 0):
 garbage-first heap   total 262144K, used 51914K [0x00000000e0000000, 0x0000000100000000)
  region size 1024K, 14 young (14336K), 14 survivors (14336K)
 Metaspace       used 21186K, committed 21504K, reserved 237568K
  class space    used 3159K, committed 3328K, reserved 212992K
}
Event: 34.005 GC heap before
{Heap before GC invocations=4 (full 0):
 garbage-first heap   total 262144K, used 156362K [0x00000000e0000000, 0x0000000100000000)
  region size 1024K, 115 young (117760K), 14 survivors (14336K)
 Metaspace       used 35611K, committed 35968K, reserved 245760K
  class space    used 4965K, committed 5120K, reserved 212992K
}
Event: 34.025 GC heap after
{Heap after GC invocations=5 (full 0):
 garbage-first heap   total 262144K, used 60949K [0x00000000e0000000, 0x0000000100000000)
  region size 1024K, 9 young (9216K), 9 survivors (9216K)
 Metaspace       used 35611K, committed 35968K, reserved 245760K
  class space    used 4965K, committed 5120K, reserved 212992K
}
Event: 51.548 GC heap before
{Heap before GC invocations=6 (full 0):
 garbage-first heap   total 262144K, used 219669K [0x00000000e0000000, 0x0000000100000000)
  region size 1024K, 132 young (135168K), 9 survivors (9216K)
 Metaspace       used 48915K, committed 49536K, reserved 262144K
  class space    used 6889K, committed 7168K, reserved 212992K
}
Event: 51.567 GC heap after
{Heap after GC invocations=7 (full 0):
 garbage-first heap   total 262144K, used 108544K [0x00000000e0000000, 0x0000000100000000)
  region size 1024K, 17 young (17408K), 17 survivors (17408K)
 Metaspace       used 48915K, committed 49536K, reserved 262144K
  class space    used 6889K, committed 7168K, reserved 212992K
}

Deoptimization events (20 events):
Event: 52.180 Thread 0x00000217afa19ea0 Uncommon trap: trap_request=0xffffffc6 fr.pc=0x00000217a4aa8434 relative=0x0000000000000654
Event: 52.181 Thread 0x00000217afa19ea0 Uncommon trap: reason=bimorphic_or_optimized_type_check action=maybe_recompile pc=0x00000217a4aa8434 method=java.util.regex.Pattern$Start.match(Ljava/util/regex/Matcher;ILjava/lang/CharSequence;)Z @ 44 c2
Event: 52.181 Thread 0x00000217afa19ea0 DEOPT PACKING pc=0x00000217a4aa8434 sp=0x000000b1fdaf9cb0
Event: 52.181 Thread 0x00000217afa19ea0 DEOPT UNPACKING pc=0x000002179cde23a3 sp=0x000000b1fdaf9c70 mode 2
Event: 52.280 Thread 0x00000217afa19ea0 Uncommon trap: trap_request=0xffffffde fr.pc=0x00000217a4918a00 relative=0x00000000000003a0
Event: 52.280 Thread 0x00000217afa19ea0 Uncommon trap: reason=class_check action=maybe_recompile pc=0x00000217a4918a00 method=java.util.stream.AbstractPipeline.copyIntoWithCancel(Ljava/util/stream/Sink;Ljava/util/Spliterator;)Z @ 32 c2
Event: 52.280 Thread 0x00000217afa19ea0 DEOPT PACKING pc=0x00000217a4918a00 sp=0x000000b1fdafb710
Event: 52.280 Thread 0x00000217afa19ea0 DEOPT UNPACKING pc=0x000002179cde23a3 sp=0x000000b1fdafb5d0 mode 2
Event: 52.280 Thread 0x00000217afa19ea0 Uncommon trap: trap_request=0xffffffde fr.pc=0x00000217a4918a00 relative=0x00000000000003a0
Event: 52.280 Thread 0x00000217afa19ea0 Uncommon trap: reason=class_check action=maybe_recompile pc=0x00000217a4918a00 method=java.util.stream.AbstractPipeline.copyIntoWithCancel(Ljava/util/stream/Sink;Ljava/util/Spliterator;)Z @ 32 c2
Event: 52.280 Thread 0x00000217afa19ea0 DEOPT PACKING pc=0x00000217a4918a00 sp=0x000000b1fdafb710
Event: 52.280 Thread 0x00000217afa19ea0 DEOPT UNPACKING pc=0x000002179cde23a3 sp=0x000000b1fdafb5d0 mode 2
Event: 52.280 Thread 0x00000217afa19ea0 Uncommon trap: trap_request=0xffffffde fr.pc=0x00000217a4918a00 relative=0x00000000000003a0
Event: 52.280 Thread 0x00000217afa19ea0 Uncommon trap: reason=class_check action=maybe_recompile pc=0x00000217a4918a00 method=java.util.stream.AbstractPipeline.copyIntoWithCancel(Ljava/util/stream/Sink;Ljava/util/Spliterator;)Z @ 32 c2
Event: 52.280 Thread 0x00000217afa19ea0 DEOPT PACKING pc=0x00000217a4918a00 sp=0x000000b1fdafb710
Event: 52.280 Thread 0x00000217afa19ea0 DEOPT UNPACKING pc=0x000002179cde23a3 sp=0x000000b1fdafb5d0 mode 2
Event: 52.290 Thread 0x00000217afa19ea0 Uncommon trap: trap_request=0xffffffde fr.pc=0x00000217a4b23208 relative=0x0000000000002a28
Event: 52.290 Thread 0x00000217afa19ea0 Uncommon trap: reason=class_check action=maybe_recompile pc=0x00000217a4b23208 method=java.util.jar.JarFile.getManifestFromReference()Ljava/util/jar/Manifest; @ 152 c2
Event: 52.290 Thread 0x00000217afa19ea0 DEOPT PACKING pc=0x00000217a4b23208 sp=0x000000b1fdafb5c0
Event: 52.290 Thread 0x00000217afa19ea0 DEOPT UNPACKING pc=0x000002179cde23a3 sp=0x000000b1fdafb4d0 mode 2

Classes unloaded (0 events):
No events

Classes redefined (0 events):
No events

Internal exceptions (20 events):
Event: 52.188 Thread 0x00000217afa19ea0 Exception <a 'java/lang/ClassNotFoundException'{0x00000000ed912130}: java/util/HashSetCustomizer> (0x00000000ed912130) 
thrown [t:\workspace\open\src\hotspot\share\classfile\systemDictionary.cpp, line 256]
Event: 52.189 Thread 0x00000217afa19ea0 Exception <a 'java/lang/ClassNotFoundException'{0x00000000ed9218b0}: java/util/LinkedHashSetCustomizer> (0x00000000ed9218b0) 
thrown [t:\workspace\open\src\hotspot\share\classfile\systemDictionary.cpp, line 256]
Event: 52.195 Thread 0x00000217afa19ea0 Exception <a 'java/lang/ClassNotFoundException'{0x00000000ed9b2488}: org/gradle/api/tasks/testing/Test_DecoratedBeanInfo> (0x00000000ed9b2488) 
thrown [t:\workspace\open\src\hotspot\share\classfile\systemDictionary.cpp, line 256]
Event: 52.196 Thread 0x00000217afa19ea0 Exception <a 'java/lang/ClassNotFoundException'{0x00000000ed9be7e8}: org/gradle/api/tasks/testing/TestBeanInfo> (0x00000000ed9be7e8) 
thrown [t:\workspace\open\src\hotspot\share\classfile\systemDictionary.cpp, line 256]
Event: 52.196 Thread 0x00000217afa19ea0 Exception <a 'java/lang/ClassNotFoundException'{0x00000000ed9ca340}: org/gradle/api/tasks/testing/TestCustomizer> (0x00000000ed9ca340) 
thrown [t:\workspace\open\src\hotspot\share\classfile\systemDictionary.cpp, line 256]
Event: 52.201 Thread 0x00000217afa19ea0 Exception <a 'java/lang/ClassNotFoundException'{0x00000000ed854f40}: org/gradle/api/tasks/testing/Test_DecoratedCustomizer> (0x00000000ed854f40) 
thrown [t:\workspace\open\src\hotspot\share\classfile\systemDictionary.cpp, line 256]
Event: 52.218 Thread 0x00000217afa19ea0 Exception <a 'java/lang/ClassNotFoundException'{0x00000000ed76a6a0}: org/gradle/internal/service/scopes/ProjectScopeServicesBeanInfo> (0x00000000ed76a6a0) 
thrown [t:\workspace\open\src\hotspot\share\classfile\systemDictionary.cpp, line 256]
Event: 52.219 Thread 0x00000217afa19ea0 Exception <a 'java/lang/ClassNotFoundException'{0x00000000ed7729b8}: org/gradle/internal/service/scopes/ProjectScopeServicesCustomizer> (0x00000000ed7729b8) 
thrown [t:\workspace\open\src\hotspot\share\classfile\systemDictionary.cpp, line 256]
Event: 52.221 Thread 0x00000217afa19ea0 Exception <a 'java/lang/ClassNotFoundException'{0x00000000ed7c9bf0}: org/gradle/api/internal/catalog/DefaultDependenciesAccessorsBeanInfo> (0x00000000ed7c9bf0) 
thrown [t:\workspace\open\src\hotspot\share\classfile\systemDictionary.cpp, line 256]
Event: 52.222 Thread 0x00000217afa19ea0 Exception <a 'java/lang/ClassNotFoundException'{0x00000000ed7d3b38}: org/gradle/api/internal/catalog/DefaultDependenciesAccessorsCustomizer> (0x00000000ed7d3b38) 
thrown [t:\workspace\open\src\hotspot\share\classfile\systemDictionary.cpp, line 256]
Event: 52.224 Thread 0x00000217afa19ea0 Exception <a 'java/lang/ClassNotFoundException'{0x00000000ed7f56f8}: org/gradle/internal/classpath/DefaultClassPathBeanInfo> (0x00000000ed7f56f8) 
thrown [t:\workspace\open\src\hotspot\share\classfile\systemDictionary.cpp, line 256]
Event: 52.224 Thread 0x00000217afa19ea0 Exception <a 'java/lang/ClassNotFoundException'{0x00000000ed7fd798}: org/gradle/internal/classpath/DefaultClassPathCustomizer> (0x00000000ed7fd798) 
thrown [t:\workspace\open\src\hotspot\share\classfile\systemDictionary.cpp, line 256]
Event: 52.228 Thread 0x00000217afa19ea0 Exception <a 'java/lang/ClassNotFoundException'{0x00000000ed513d48}: org/gradle/internal/classpath/DefaultClassPath$ImmutableUniqueListBeanInfo> (0x00000000ed513d48) 
thrown [t:\workspace\open\src\hotspot\share\classfile\systemDictionary.cpp, line 256]
Event: 52.228 Thread 0x00000217afa19ea0 Exception <a 'java/lang/ClassNotFoundException'{0x00000000ed5182b8}: java/util/AbstractListBeanInfo> (0x00000000ed5182b8) 
thrown [t:\workspace\open\src\hotspot\share\classfile\systemDictionary.cpp, line 256]
Event: 52.228 Thread 0x00000217afa19ea0 Exception <a 'java/lang/ClassNotFoundException'{0x00000000ed51c800}: java/util/AbstractListCustomizer> (0x00000000ed51c800) 
thrown [t:\workspace\open\src\hotspot\share\classfile\systemDictionary.cpp, line 256]
Event: 52.229 Thread 0x00000217afa19ea0 Exception <a 'java/lang/ClassNotFoundException'{0x00000000ed530020}: org/gradle/internal/classpath/DefaultClassPath$ImmutableUniqueListCustomizer> (0x00000000ed530020) 
thrown [t:\workspace\open\src\hotspot\share\classfile\systemDictionary.cpp, line 256]
Event: 52.234 Thread 0x00000217afa19ea0 Exception <a 'java/lang/ClassNotFoundException'{0x00000000ed56ca18}: org/jetbrains/plugins/gradle/model/DefaultDependencyAccessorsModelBeanInfo> (0x00000000ed56ca18) 
thrown [t:\workspace\open\src\hotspot\share\classfile\systemDictionary.cpp, line 256]
Event: 52.234 Thread 0x00000217afa19ea0 Exception <a 'java/lang/ClassNotFoundException'{0x00000000ed574e28}: org/jetbrains/plugins/gradle/model/DefaultDependencyAccessorsModelCustomizer> (0x00000000ed574e28) 
thrown [t:\workspace\open\src\hotspot\share\classfile\systemDictionary.cpp, line 256]
Event: 52.239 Thread 0x00000217b263d7f0 Exception <a 'java/lang/NoSuchMethodError'{0x00000000ed7adcc8}: static Lorg/jetbrains/plugins/gradle/tooling/internal/VersionCatalogsModelImpl;.<clinit>()V> (0x00000000ed7adcc8) 
thrown [t:\workspace\open\src\hotspot\share\prims\jni.cpp, line 1107]
Event: 52.279 Thread 0x00000217b263d7f0 Exception <a 'java/lang/NoSuchMethodError'{0x00000000ed483220}: static Lorg/jetbrains/plugins/gradle/tooling/serialization/internal/adapter/kotlin/dsl/InternalKotlinDslScriptsModel;.<clinit>()V> (0x00000000ed483220) 
thrown [t:\workspace\open\src\hotspot\share\prims\jni.cpp, line 1107]

VM Operations (20 events):
Event: 50.884 Executing VM operation: Cleanup
Event: 50.884 Executing VM operation: Cleanup done
Event: 51.313 Executing VM operation: HandshakeAllThreads
Event: 51.313 Executing VM operation: HandshakeAllThreads done
Event: 51.320 Executing VM operation: HandshakeAllThreads
Event: 51.320 Executing VM operation: HandshakeAllThreads done
Event: 51.467 Executing VM operation: HandshakeAllThreads
Event: 51.467 Executing VM operation: HandshakeAllThreads done
Event: 51.468 Executing VM operation: HandshakeAllThreads
Event: 51.468 Executing VM operation: HandshakeAllThreads done
Event: 51.548 Executing VM operation: G1CollectForAllocation
Event: 51.567 Executing VM operation: G1CollectForAllocation done
Event: 51.673 Executing VM operation: ICBufferFull
Event: 51.673 Executing VM operation: ICBufferFull done
Event: 51.696 Executing VM operation: HandshakeAllThreads
Event: 51.696 Executing VM operation: HandshakeAllThreads done
Event: 51.903 Executing VM operation: ICBufferFull
Event: 51.903 Executing VM operation: ICBufferFull done
Event: 52.141 Executing VM operation: ICBufferFull
Event: 52.141 Executing VM operation: ICBufferFull done

Events (20 events):
Event: 52.186 loading class java/util/AbstractSetCustomizer
Event: 52.186 loading class java/util/AbstractSetCustomizer done
Event: 52.187 loading class java/util/AbstractSetCustomizer
Event: 52.187 loading class java/util/AbstractSetCustomizer done
Event: 52.187 loading class java/util/HashSetCustomizer
Event: 52.187 loading class java/util/HashSetCustomizer done
Event: 52.188 loading class java/util/HashSetCustomizer
Event: 52.188 loading class java/util/HashSetCustomizer done
Event: 52.189 loading class java/util/LinkedHashSetCustomizer
Event: 52.189 loading class java/util/LinkedHashSetCustomizer done
Event: 52.189 loading class java/util/LinkedHashSetCustomizer
Event: 52.189 loading class java/util/LinkedHashSetCustomizer done
Event: 52.228 loading class java/util/AbstractListBeanInfo
Event: 52.228 loading class java/util/AbstractListBeanInfo done
Event: 52.228 loading class java/util/AbstractListBeanInfo
Event: 52.228 loading class java/util/AbstractListBeanInfo done
Event: 52.228 loading class java/util/AbstractListCustomizer
Event: 52.228 loading class java/util/AbstractListCustomizer done
Event: 52.228 loading class java/util/AbstractListCustomizer
Event: 52.228 loading class java/util/AbstractListCustomizer done


Dynamic libraries:
0x00007ff6dc770000 - 0x00007ff6dc780000 	C:\Program Files\Java\jdk-17.0.1\bin\java.exe
0x00007ff98e890000 - 0x00007ff98ea88000 	C:\windows\SYSTEM32\ntdll.dll
0x00007ff98cf70000 - 0x00007ff98d02f000 	C:\windows\System32\KERNEL32.DLL
0x00007ff98c070000 - 0x00007ff98c366000 	C:\windows\System32\KERNELBASE.dll
0x00007ff963df0000 - 0x00007ff963e42000 	C:\windows\AppPatch\apppatch64\ummon.dll
0x00007ff98d090000 - 0x00007ff98d13f000 	C:\windows\System32\ADVAPI32.dll
0x00007ff98d330000 - 0x00007ff98d3ce000 	C:\windows\System32\msvcrt.dll
0x00007ff98e780000 - 0x00007ff98e81c000 	C:\windows\System32\sechost.dll
0x00007ff98d140000 - 0x00007ff98d266000 	C:\windows\System32\RPCRT4.dll
0x00007ff98d3e0000 - 0x00007ff98d57d000 	C:\windows\System32\USER32.dll
0x00007ff98bf40000 - 0x00007ff98bf62000 	C:\windows\System32\win32u.dll
0x00007ff98c9f0000 - 0x00007ff98ca1c000 	C:\windows\System32\GDI32.dll
0x00007ff98c490000 - 0x00007ff98c5a5000 	C:\windows\System32\gdi32full.dll
0x00007ff98c630000 - 0x00007ff98c6cd000 	C:\windows\System32\msvcp_win.dll
0x00007ff98bf70000 - 0x00007ff98c070000 	C:\windows\System32\ucrtbase.dll
0x00007ff98cc90000 - 0x00007ff98cdba000 	C:\windows\System32\ole32.dll
0x00007ff98e410000 - 0x00007ff98e764000 	C:\windows\System32\combase.dll
0x00007ff98c8c0000 - 0x00007ff98c98d000 	C:\windows\System32\OLEAUT32.dll
0x00007ff98c760000 - 0x00007ff98c8be000 	C:\windows\System32\CRYPT32.dll
0x00007ff986210000 - 0x00007ff986228000 	C:\Program Files\Java\jdk-17.0.1\bin\jli.dll
0x00007ff974ca0000 - 0x00007ff974cba000 	C:\Program Files\Java\jdk-17.0.1\bin\VCRUNTIME140.dll
0x00007ff972400000 - 0x00007ff97269a000 	C:\windows\WinSxS\amd64_microsoft.windows.common-controls_6595b64144ccf1df_6.0.19041.1110_none_60b5254171f9507e\COMCTL32.dll
0x00007ff983720000 - 0x00007ff98372a000 	C:\windows\SYSTEM32\VERSION.dll
0x00007ff98d2e0000 - 0x00007ff98d310000 	C:\windows\System32\IMM32.DLL
0x00007ff9639c0000 - 0x00007ff963a40000 	C:\Program Files (x86)\searchinformagent\sifiltersvc1\SIPH64.dll
0x00007ff98d270000 - 0x00007ff98d2db000 	C:\windows\System32\WS2_32.dll
0x00007ff98a7f0000 - 0x00007ff98a802000 	C:\windows\SYSTEM32\kernel.appcore.dll
0x00007ff9639a0000 - 0x00007ff9639bb000 	C:\Program Files (x86)\searchinformagent\sifiltersvc1\PluginAPI64.dll
0x00007ff963970000 - 0x00007ff963997000 	C:\Program Files (x86)\searchinformagent\sifiltersvc1\SIHLib64.dll
0x00007ff95e620000 - 0x00007ff95e68d000 	C:\Program Files (x86)\searchinformagent\sifiltersvc1\hdesvc_p64.dll
0x00007ff98b390000 - 0x00007ff98b3cc000 	C:\windows\SYSTEM32\iphlpapi.dll
0x00007ff963600000 - 0x00007ff963961000 	C:\windows\system32\iwprn.dll
0x00007ff971e10000 - 0x00007ff971ead000 	C:\windows\SYSTEM32\WINSPOOL.DRV
0x00007ff98d580000 - 0x00007ff98d62d000 	C:\windows\System32\shcore.dll
0x00007ff9726a0000 - 0x00007ff9726a9000 	C:\windows\SYSTEM32\WSOCK32.dll
0x00007ff983d90000 - 0x00007ff983d9c000 	C:\Program Files\Java\jdk-17.0.1\bin\vcruntime140_1.dll
0x00007ff9530d0000 - 0x00007ff95315d000 	C:\Program Files\Java\jdk-17.0.1\bin\msvcp140.dll
0x00007ff940c60000 - 0x00007ff94181e000 	C:\Program Files\Java\jdk-17.0.1\bin\server\jvm.dll
0x00007ff98ce40000 - 0x00007ff98ce48000 	C:\windows\System32\PSAPI.DLL
0x00007ff971d90000 - 0x00007ff971db7000 	C:\windows\SYSTEM32\WINMM.dll
0x00007ff975380000 - 0x00007ff97538a000 	C:\Program Files\Java\jdk-17.0.1\bin\jimage.dll
0x00007ff98a020000 - 0x00007ff98a204000 	C:\windows\SYSTEM32\DBGHELP.DLL
0x00007ff9711b0000 - 0x00007ff9711e4000 	C:\windows\SYSTEM32\dbgcore.DLL
0x00007ff98c6d0000 - 0x00007ff98c752000 	C:\windows\System32\bcryptPrimitives.dll
0x00007ff969630000 - 0x00007ff969655000 	C:\Program Files\Java\jdk-17.0.1\bin\java.dll
0x00007ff946c80000 - 0x00007ff946d56000 	C:\Program Files\Java\jdk-17.0.1\bin\svml.dll
0x00007ff98dc30000 - 0x00007ff98e374000 	C:\windows\System32\SHELL32.dll
0x00007ff988f20000 - 0x00007ff9896b3000 	C:\windows\SYSTEM32\windows.storage.dll
0x00007ff98b990000 - 0x00007ff98b9be000 	C:\windows\SYSTEM32\Wldp.dll
0x00007ff98ca20000 - 0x00007ff98ca75000 	C:\windows\System32\shlwapi.dll
0x00007ff98be80000 - 0x00007ff98be9f000 	C:\windows\SYSTEM32\profapi.dll
0x00007ff96e0c0000 - 0x00007ff96e0d9000 	C:\Program Files\Java\jdk-17.0.1\bin\net.dll
0x00007ff98af20000 - 0x00007ff98b02a000 	C:\windows\SYSTEM32\WINHTTP.dll
0x00007ff98b6f0000 - 0x00007ff98b75a000 	C:\windows\system32\mswsock.dll
0x00007ff96def0000 - 0x00007ff96df05000 	C:\Program Files\Java\jdk-17.0.1\bin\nio.dll
0x00007ff969980000 - 0x00007ff969998000 	C:\Program Files\Java\jdk-17.0.1\bin\zip.dll
0x00007ff975350000 - 0x00007ff975360000 	C:\Program Files\Java\jdk-17.0.1\bin\verify.dll
0x00007ff985eb0000 - 0x00007ff985ed7000 	C:\Users\Yanishen_SV\.gradle\native\68d5fa5c4cc2d200863cafc0d521ce42e7d3e7ee720ec0a83991735586a16f82\windows-amd64\native-platform.dll
0x00007ff951910000 - 0x00007ff951a54000 	C:\Users\Yanishen_SV\.gradle\native\e376f236ea51e6404a007f0833ffe2c6e607c4080706a723a18a27aeea778392\windows-amd64\native-platform-file-events.dll
0x00007ff986310000 - 0x00007ff986319000 	C:\Program Files\Java\jdk-17.0.1\bin\management.dll
0x00007ff9860e0000 - 0x00007ff9860eb000 	C:\Program Files\Java\jdk-17.0.1\bin\management_ext.dll
0x00007ff98b8e0000 - 0x00007ff98b8f8000 	C:\windows\SYSTEM32\CRYPTSP.dll
0x00007ff98ae90000 - 0x00007ff98aec4000 	C:\windows\system32\rsaenh.dll
0x00007ff98c600000 - 0x00007ff98c627000 	C:\windows\System32\bcrypt.dll
0x00007ff98be40000 - 0x00007ff98be6e000 	C:\windows\SYSTEM32\USERENV.dll
0x00007ff98b900000 - 0x00007ff98b90c000 	C:\windows\SYSTEM32\CRYPTBASE.dll
0x00007ff98e770000 - 0x00007ff98e778000 	C:\windows\System32\NSI.dll
0x00007ff986e10000 - 0x00007ff986e27000 	C:\windows\SYSTEM32\dhcpcsvc6.DLL
0x00007ff986dc0000 - 0x00007ff986ddd000 	C:\windows\SYSTEM32\dhcpcsvc.DLL
0x00007ff98b3d0000 - 0x00007ff98b49a000 	C:\windows\SYSTEM32\DNSAPI.dll
0x00007ff9860d0000 - 0x00007ff9860de000 	C:\Program Files\Java\jdk-17.0.1\bin\sunmscapi.dll
0x00007ff98ba00000 - 0x00007ff98ba28000 	C:\windows\SYSTEM32\ncrypt.dll
0x00007ff98b9c0000 - 0x00007ff98b9fb000 	C:\windows\SYSTEM32\NTASN1.dll
0x00007ff978520000 - 0x00007ff978527000 	C:\windows\system32\wshunix.dll

dbghelp: loaded successfully - version: 4.0.5 - missing functions: none
symbol engine: initialized successfully - sym options: 0x614 - pdb path: .;C:\Program Files\Java\jdk-17.0.1\bin;C:\windows\SYSTEM32;C:\windows\AppPatch\apppatch64;C:\windows\WinSxS\amd64_microsoft.windows.common-controls_6595b64144ccf1df_6.0.19041.1110_none_60b5254171f9507e;C:\Program Files (x86)\searchinformagent\sifiltersvc1;C:\Program Files\Java\jdk-17.0.1\bin\server;C:\Users\Yanishen_SV\.gradle\native\68d5fa5c4cc2d200863cafc0d521ce42e7d3e7ee720ec0a83991735586a16f82\windows-amd64;C:\Users\Yanishen_SV\.gradle\native\e376f236ea51e6404a007f0833ffe2c6e607c4080706a723a18a27aeea778392\windows-amd64

VM Arguments:
jvm_args: --add-opens=java.base/java.util=ALL-UNNAMED --add-opens=java.base/java.lang=ALL-UNNAMED --add-opens=java.base/java.lang.invoke=ALL-UNNAMED --add-opens=java.prefs/java.util.prefs=ALL-UNNAMED --add-opens=java.base/java.nio.charset=ALL-UNNAMED --add-opens=java.base/java.net=ALL-UNNAMED --add-opens=java.base/java.util.concurrent.atomic=ALL-UNNAMED -XX:MaxMetaspaceSize=256m -XX:+HeapDumpOnOutOfMemoryError -Xms256m -Xmx512m -Dfile.encoding=windows-1251 -Duser.country=RU -Duser.language=ru -Duser.variant 
java_command: org.gradle.launcher.daemon.bootstrap.GradleDaemon 8.0
java_class_path (initial): C:\Users\Yanishen_SV\.gradle\wrapper\dists\gradle-8.0-bin\ca5e32bp14vu59qr306oxotwh\gradle-8.0\lib\gradle-launcher-8.0.jar
Launcher Type: SUN_STANDARD

[Global flags]
     intx CICompilerCount                          = 3                                         {product} {ergonomic}
   size_t CompressedClassSpaceSize                 = 218103808                                 {product} {ergonomic}
     uint ConcGCThreads                            = 2                                         {product} {ergonomic}
     uint G1ConcRefinementThreads                  = 6                                         {product} {ergonomic}
   size_t G1HeapRegionSize                         = 1048576                                   {product} {ergonomic}
    uintx GCDrainStackTargetSize                   = 64                                        {product} {ergonomic}
     bool HeapDumpOnOutOfMemoryError               = true                                   {manageable} {command line}
   size_t InitialHeapSize                          = 268435456                                 {product} {command line}
   size_t MarkStackSize                            = 4194304                                   {product} {ergonomic}
   size_t MaxHeapSize                              = 536870912                                 {product} {command line}
   size_t MaxMetaspaceSize                         = 268435456                                 {product} {command line}
   size_t MaxNewSize                               = 321912832                                 {product} {ergonomic}
   size_t MinHeapDeltaBytes                        = 1048576                                   {product} {ergonomic}
   size_t MinHeapSize                              = 268435456                                 {product} {command line}
    uintx NonNMethodCodeHeapSize                   = 5832780                                {pd product} {ergonomic}
    uintx NonProfiledCodeHeapSize                  = 122912730                              {pd product} {ergonomic}
    uintx ProfiledCodeHeapSize                     = 122912730                              {pd product} {ergonomic}
    uintx ReservedCodeCacheSize                    = 251658240                              {pd product} {ergonomic}
     bool SegmentedCodeCache                       = true                                      {product} {ergonomic}
   size_t SoftMaxHeapSize                          = 536870912                              {manageable} {ergonomic}
     bool UseCompressedClassPointers               = true                           {product lp64_product} {ergonomic}
     bool UseCompressedOops                        = true                           {product lp64_product} {ergonomic}
     bool UseG1GC                                  = true                                      {product} {ergonomic}
     bool UseLargePagesIndividualAllocation        = false                                  {pd product} {ergonomic}

Logging:
Log output configuration:
 #0: stdout all=warning uptime,level,tags
 #1: stderr all=off uptime,level,tags

Environment Variables:
PATH=C:\OraHome_2\bin;C:\OraHome_2\jre\1.4.2\bin\client;C:\OraHome_2\jre\1.4.2\bin;C:\Program Files\Common Files\Oracle\Java\javapath;C:\Program Files (x86)\Common Files\Oracle\Java\javapath;C:\oracle\product\11.2.0\client_x64\bin;C:\oracle\DevSuiteHome1\jdk\jre\bin\client;C:\oracle\DevSuiteHome1\jdk\jre\bin\classic;C:\oracle\DevSuiteHome1\jdk\jre\bin;C:\oracle\DevSuiteHome1\jlib;C:\oracle\DevSuiteHome1\bin;C:\oracle\DevSuiteHome1\jre\1.4.2\bin\client;C:\oracle\DevSuiteHome1\jre\1.4.2\bin;C:\oracle\product\11.2.0\client_x86\bin;C:\windows\system32;C:\windows;C:\windows\System32\Wbem;C:\windows\System32\WindowsPowerShell\v1.0\;C:\windows\System32\OpenSSH\;C:\Program Files\TortoiseSVN\bin;C:\Program Files\PuTTY\;C:\Program Files\nodejs\;C:\Program Files\Pandoc\;C:\Program Files (x86)\Kaspersky Lab\Endpoint Agent\;C:\Program Files\Git\cmd;C:\Users\Yanishen_SV\AppData\Local\Programs\Python\Python310\Scripts\;C:\Users\Yanishen_SV\AppData\Local\Programs\Python\Python310\;C:\Users\Yanishen_SV\AppData\Local\Microsoft\WindowsApps;;C:\Program Files\JetBrains\IntelliJ IDEA Community Edition 2023.1.4\bin;;C:\Program Files\JetBrains\IntelliJ IDEA 2021.3\bin;;C:\Users\Yanishen_SV\AppData\Local\Programs\Microsoft VS Code\bin;C:\Users\Yanishen_SV\AppData\Roaming\npm;C:\Program Files\JetBrains\PyCharm 2023.1.3\bin;;C:\Program Files\JetBrains\PyCharm Community Edition 2023.1.3\bin;
USERNAME=Yanishen_SV
OS=Windows_NT
PROCESSOR_IDENTIFIER=Intel64 Family 6 Model 158 Stepping 10, GenuineIntel



---------------  S Y S T E M  ---------------

OS:
 Windows 10 , 64 bit Build 19041 (10.0.19041.3031)
OS uptime: 10 days 20:34 hours

CPU: total 6 (initial active 6) (6 cores per cpu, 1 threads per core) family 6 model 158 stepping 10 microcode 0xb4, cx8, cmov, fxsr, mmx, 3dnowpref, sse, sse2, sse3, ssse3, sse4.1, sse4.2, popcnt, lzcnt, tsc, tscinvbit, avx, avx2, aes, erms, clmul, bmi1, bmi2, rtm, adx, fma, vzeroupper, clflush, clflushopt

Memory: 4k page, system-wide physical 7971M (394M free)
TotalPageFile size 16199M (AvailPageFile size 6M)
current process WorkingSet (physical memory assigned to process): 396M, peak: 408M
current process commit charge ("private bytes"): 473M, peak: 474M

vm_info: Java HotSpot(TM) 64-Bit Server VM (17.0.1+12-LTS-39) for windows-amd64 JRE (17.0.1+12-LTS-39), built on Sep 27 2021 18:41:35 by "mach5one" with MS VC++ 16.8 (VS2019)

END.
