#
# There is insufficient memory for the Java Runtime Environment to continue.
# Native memory allocation (malloc) failed to allocate 890736 bytes for Chunk::new
# Possible reasons:
#   The system is out of physical RAM or swap space
#   The process is running with CompressedOops enabled, and the Java Heap may be blocking the growth of the native heap
# Possible solutions:
#   Reduce memory load on the system
#   Increase physical memory or swap space
#   Check if swap backing store is full
#   Decrease Java heap size (-Xmx/-Xms)
#   Decrease number of Java threads
#   Decrease Java thread stack sizes (-Xss)
#   Set larger code cache with -XX:ReservedCodeCacheSize=
#   JVM is running with Unscaled Compressed Oops mode in which the Java heap is
#     placed in the first 4GB address space. The Java Heap base address is the
#     maximum limit for the native heap growth. Please use -XX:HeapBaseMinAddress
#     to set the Java Heap base and to place the Java Heap above 4GB virtual address.
# This output file may be truncated or incomplete.
#
#  Out of Memory Error (arena.cpp:189), pid=12448, tid=8208
#
# JRE version: Java(TM) SE Runtime Environment (17.0.1+12) (build 17.0.1+12-LTS-39)
# Java VM: Java HotSpot(TM) 64-Bit Server VM (17.0.1+12-LTS-39, mixed mode, sharing, tiered, compressed oops, compressed class ptrs, g1 gc, windows-amd64)
# No core dump will be written. Minidumps are not enabled by default on client versions of Windows
#

---------------  S U M M A R Y ------------

Command Line: --add-opens=java.base/java.util=ALL-UNNAMED --add-opens=java.base/java.lang=ALL-UNNAMED --add-opens=java.base/java.lang.invoke=ALL-UNNAMED --add-opens=java.prefs/java.util.prefs=ALL-UNNAMED --add-opens=java.base/java.nio.charset=ALL-UNNAMED --add-opens=java.base/java.net=ALL-UNNAMED --add-opens=java.base/java.util.concurrent.atomic=ALL-UNNAMED -XX:MaxMetaspaceSize=256m -XX:+HeapDumpOnOutOfMemoryError -Xms256m -Xmx512m -Dfile.encoding=windows-1251 -Duser.country=RU -Duser.language=ru -Duser.variant org.gradle.launcher.daemon.bootstrap.GradleDaemon 8.0

Host: Intel(R) Core(TM) i5-8500T CPU @ 2.10GHz, 6 cores, 7G,  Windows 10 , 64 bit Build 19041 (10.0.19041.3031)
Time: Fri Jul 21 15:51:50 2023 RTZ 4 (s 10 , 64 bit Build 19041 (10.0.19041.3031) elapsed time: 18.865270 seconds (0d 0h 0m 18s)

---------------  T H R E A D  ---------------

Current thread (0x00000182fe9c8380):  JavaThread "C2 CompilerThread0" daemon [_thread_in_native, id=8208, stack(0x0000006233700000,0x0000006233800000)]


Current CompileTask:
C2:  18865 2118   !   4       java.lang.ClassLoader::loadClass (121 bytes)

Stack: [0x0000006233700000,0x0000006233800000]
Native frames: (J=compiled Java code, j=interpreted, Vv=VM code, C=native code)
V  [jvm.dll+0x66fa1a]
V  [jvm.dll+0x7ce5a4]
V  [jvm.dll+0x7cfd4e]
V  [jvm.dll+0x7d03b3]
V  [jvm.dll+0x242b05]
V  [jvm.dll+0xaa05b]
V  [jvm.dll+0xaa5ec]
V  [jvm.dll+0x2a953f]
V  [jvm.dll+0x5785a9]
V  [jvm.dll+0x21dd7d]
V  [jvm.dll+0x21e15f]
V  [jvm.dll+0x217a2a]
V  [jvm.dll+0x214f05]
V  [jvm.dll+0x1a168d]
V  [jvm.dll+0x224848]
V  [jvm.dll+0x2229ac]
V  [jvm.dll+0x78435b]
V  [jvm.dll+0x77e91a]
V  [jvm.dll+0x66e845]
C  [ucrtbase.dll+0x21bb2]
C  [KERNEL32.DLL+0x17614]
C  [ntdll.dll+0x526f1]


---------------  P R O C E S S  ---------------

Threads class SMR info:
_java_thread_list=0x00000182908a09e0, length=24, elements={
0x00000182f0fbe9e0, 0x00000182f375ec80, 0x00000182f3761140, 0x00000182f377c4b0,
0x00000182f377d060, 0x00000182f377e1b0, 0x00000182fe9b8700, 0x00000182fe9c8380,
0x00000182fe9cee40, 0x00000182fe9d8f20, 0x00000182feb06e10, 0x00000182feb0c750,
0x000001829085b520, 0x000001828fedf420, 0x00000182feca4c30, 0x0000018290a57480,
0x000001828fad1140, 0x00000182ffbacf80, 0x00000182ffc2f2b0, 0x00000182ffa04230,
0x00000182ffa068b0, 0x00000182ffa05570, 0x00000182ffa04700, 0x00000182ffa04bd0
}

Java Threads: ( => current thread )
  0x00000182f0fbe9e0 JavaThread "main" [_thread_blocked, id=18884, stack(0x0000006232a00000,0x0000006232b00000)]
  0x00000182f375ec80 JavaThread "Reference Handler" daemon [_thread_blocked, id=18580, stack(0x0000006233100000,0x0000006233200000)]
  0x00000182f3761140 JavaThread "Finalizer" daemon [_thread_blocked, id=15840, stack(0x0000006233200000,0x0000006233300000)]
  0x00000182f377c4b0 JavaThread "Signal Dispatcher" daemon [_thread_blocked, id=18692, stack(0x0000006233300000,0x0000006233400000)]
  0x00000182f377d060 JavaThread "Attach Listener" daemon [_thread_blocked, id=3252, stack(0x0000006233400000,0x0000006233500000)]
  0x00000182f377e1b0 JavaThread "Service Thread" daemon [_thread_blocked, id=19348, stack(0x0000006233500000,0x0000006233600000)]
  0x00000182fe9b8700 JavaThread "Monitor Deflation Thread" daemon [_thread_blocked, id=16516, stack(0x0000006233600000,0x0000006233700000)]
=>0x00000182fe9c8380 JavaThread "C2 CompilerThread0" daemon [_thread_in_native, id=8208, stack(0x0000006233700000,0x0000006233800000)]
  0x00000182fe9cee40 JavaThread "C1 CompilerThread0" daemon [_thread_blocked, id=2540, stack(0x0000006233800000,0x0000006233900000)]
  0x00000182fe9d8f20 JavaThread "Sweeper thread" daemon [_thread_blocked, id=15940, stack(0x0000006233900000,0x0000006233a00000)]
  0x00000182feb06e10 JavaThread "Common-Cleaner" daemon [_thread_blocked, id=2316, stack(0x0000006233a00000,0x0000006233b00000)]
  0x00000182feb0c750 JavaThread "Notification Thread" daemon [_thread_blocked, id=7620, stack(0x0000006233b00000,0x0000006233c00000)]
  0x000001829085b520 JavaThread "Daemon health stats" [_thread_blocked, id=19088, stack(0x0000006234300000,0x0000006234400000)]
  0x000001828fedf420 JavaThread "Incoming local TCP Connector on port 54495" [_thread_in_native, id=18052, stack(0x0000006233d00000,0x0000006233e00000)]
  0x00000182feca4c30 JavaThread "Daemon periodic checks" [_thread_blocked, id=4324, stack(0x0000006234400000,0x0000006234500000)]
  0x0000018290a57480 JavaThread "Daemon" [_thread_blocked, id=3168, stack(0x0000006234600000,0x0000006234700000)]
  0x000001828fad1140 JavaThread "Handler for socket connection from /127.0.0.1:54495 to /127.0.0.1:54497" [_thread_in_native, id=11800, stack(0x0000006234700000,0x0000006234800000)]
  0x00000182ffbacf80 JavaThread "Cancel handler" [_thread_blocked, id=12716, stack(0x0000006234800000,0x0000006234900000)]
  0x00000182ffc2f2b0 JavaThread "Daemon worker" [_thread_in_vm, id=7868, stack(0x0000006234900000,0x0000006234a00000)]
  0x00000182ffa04230 JavaThread "Asynchronous log dispatcher for DefaultDaemonConnection: socket connection from /127.0.0.1:54495 to /127.0.0.1:54497" [_thread_blocked, id=12412, stack(0x0000006234a00000,0x0000006234b00000)]
  0x00000182ffa068b0 JavaThread "Stdin handler" [_thread_blocked, id=18660, stack(0x0000006234b00000,0x0000006234c00000)]
  0x00000182ffa05570 JavaThread "Daemon client event forwarder" [_thread_blocked, id=9256, stack(0x0000006234c00000,0x0000006234d00000)]
  0x00000182ffa04700 JavaThread "Cache worker for journal cache (C:\Users\Yanishen_SV\.gradle\caches\journal-1)" [_thread_blocked, id=15492, stack(0x0000006234500000,0x0000006234600000)]
  0x00000182ffa04bd0 JavaThread "File lock request listener" [_thread_in_native, id=9020, stack(0x0000006234d00000,0x0000006234e00000)]

Other Threads:
  0x00000182f3757390 VMThread "VM Thread" [stack: 0x0000006233000000,0x0000006233100000] [id=9476]
  0x00000182feb128b0 WatcherThread [stack: 0x0000006233c00000,0x0000006233d00000] [id=17516]
  0x00000182f35b6920 GCTaskThread "GC Thread#0" [stack: 0x0000006232b00000,0x0000006232c00000] [id=13564]
  0x000001828f536660 GCTaskThread "GC Thread#1" [stack: 0x0000006233e00000,0x0000006233f00000] [id=18848]
  0x000001828f536910 GCTaskThread "GC Thread#2" [stack: 0x0000006233f00000,0x0000006234000000] [id=17020]
  0x000001828f536bc0 GCTaskThread "GC Thread#3" [stack: 0x0000006234000000,0x0000006234100000] [id=1076]
  0x000001828f0b4860 GCTaskThread "GC Thread#4" [stack: 0x0000006234100000,0x0000006234200000] [id=19352]
  0x000001828f0b4b10 GCTaskThread "GC Thread#5" [stack: 0x0000006234200000,0x0000006234300000] [id=11988]
  0x00000182f35bb8b0 ConcurrentGCThread "G1 Main Marker" [stack: 0x0000006232c00000,0x0000006232d00000] [id=8520]
  0x00000182f35bdfb0 ConcurrentGCThread "G1 Conc#0" [stack: 0x0000006232d00000,0x0000006232e00000] [id=19544]
  0x00000182f3693640 ConcurrentGCThread "G1 Refine#0" [stack: 0x0000006232e00000,0x0000006232f00000] [id=15796]
  0x00000182f3694060 ConcurrentGCThread "G1 Service" [stack: 0x0000006232f00000,0x0000006233000000] [id=16084]

Threads with active compile tasks:
C2 CompilerThread0    18977 2118   !   4       java.lang.ClassLoader::loadClass (121 bytes)

VM state: not at safepoint (normal execution)

VM Mutex/Monitor currently owned by a thread: None

Heap address: 0x00000000e0000000, size: 512 MB, Compressed Oops mode: 32-bit

CDS archive(s) mapped at: [0x0000000800000000-0x0000000800bc0000-0x0000000800bc0000), size 12320768, SharedBaseAddress: 0x0000000800000000, ArchiveRelocationMode: 0.
Compressed class space mapped at: 0x0000000800c00000-0x000000080dc00000, reserved size: 218103808
Narrow klass base: 0x0000000800000000, Narrow klass shift: 0, Narrow klass range: 0x100000000

GC Precious Log:
 CPUs: 6 total, 6 available
 Memory: 7971M
 Large Page Support: Disabled
 NUMA Support: Disabled
 Compressed Oops: Enabled (32-bit)
 Heap Region Size: 1M
 Heap Min Capacity: 256M
 Heap Initial Capacity: 256M
 Heap Max Capacity: 512M
 Pre-touch: Disabled
 Parallel Workers: 6
 Concurrent Workers: 2
 Concurrent Refinement Workers: 6
 Periodic GC: Disabled

Heap:
 garbage-first heap   total 262144K, used 80519K [0x00000000e0000000, 0x0000000100000000)
  region size 1024K, 70 young (71680K), 1 survivors (1024K)
 Metaspace       used 14586K, committed 14912K, reserved 229376K
  class space    used 2082K, committed 2240K, reserved 212992K

Heap Regions: E=young(eden), S=young(survivor), O=old, HS=humongous(starts), HC=humongous(continues), CS=collection set, F=free, OA=open archive, CA=closed archive, TAMS=top-at-mark-start (previous, next)
|   0|0x00000000e0000000, 0x00000000e0100000, 0x00000000e0100000|100%|HS|  |TAMS 0x00000000e0000000, 0x00000000e0000000| Complete 
|   1|0x00000000e0100000, 0x00000000e0200000, 0x00000000e0200000|100%|HC|  |TAMS 0x00000000e0100000, 0x00000000e0100000| Complete 
|   2|0x00000000e0200000, 0x00000000e0300000, 0x00000000e0300000|100%|HC|  |TAMS 0x00000000e0200000, 0x00000000e0200000| Complete 
|   3|0x00000000e0300000, 0x00000000e0400000, 0x00000000e0400000|100%|HC|  |TAMS 0x00000000e0300000, 0x00000000e0300000| Complete 
|   4|0x00000000e0400000, 0x00000000e0500000, 0x00000000e0500000|100%| O|  |TAMS 0x00000000e0400000, 0x00000000e0400000| Untracked 
|   5|0x00000000e0500000, 0x00000000e0600000, 0x00000000e0600000|100%| O|  |TAMS 0x00000000e0500000, 0x00000000e0500000| Untracked 
|   6|0x00000000e0600000, 0x00000000e0700000, 0x00000000e0700000|100%| O|  |TAMS 0x00000000e0600000, 0x00000000e0600000| Untracked 
|   7|0x00000000e0700000, 0x00000000e0800000, 0x00000000e0800000|100%| O|  |TAMS 0x00000000e0700000, 0x00000000e0700000| Untracked 
|   8|0x00000000e0800000, 0x00000000e0900000, 0x00000000e0900000|100%| O|  |TAMS 0x00000000e0800000, 0x00000000e0800000| Untracked 
|   9|0x00000000e0900000, 0x00000000e0a00000, 0x00000000e0a00000|100%| O|  |TAMS 0x00000000e0900000, 0x00000000e0900000| Untracked 
|  10|0x00000000e0a00000, 0x00000000e0a07a00, 0x00000000e0b00000|  2%| O|  |TAMS 0x00000000e0a00000, 0x00000000e0a00000| Untracked 
|  11|0x00000000e0b00000, 0x00000000e0c00000, 0x00000000e0c00000|100%|HS|  |TAMS 0x00000000e0b00000, 0x00000000e0b00000| Complete 
|  12|0x00000000e0c00000, 0x00000000e0c00000, 0x00000000e0d00000|  0%| F|  |TAMS 0x00000000e0c00000, 0x00000000e0c00000| Untracked 
|  13|0x00000000e0d00000, 0x00000000e0d00000, 0x00000000e0e00000|  0%| F|  |TAMS 0x00000000e0d00000, 0x00000000e0d00000| Untracked 
|  14|0x00000000e0e00000, 0x00000000e0e00000, 0x00000000e0f00000|  0%| F|  |TAMS 0x00000000e0e00000, 0x00000000e0e00000| Untracked 
|  15|0x00000000e0f00000, 0x00000000e0f00000, 0x00000000e1000000|  0%| F|  |TAMS 0x00000000e0f00000, 0x00000000e0f00000| Untracked 
|  16|0x00000000e1000000, 0x00000000e1000000, 0x00000000e1100000|  0%| F|  |TAMS 0x00000000e1000000, 0x00000000e1000000| Untracked 
|  17|0x00000000e1100000, 0x00000000e1100000, 0x00000000e1200000|  0%| F|  |TAMS 0x00000000e1100000, 0x00000000e1100000| Untracked 
|  18|0x00000000e1200000, 0x00000000e1200000, 0x00000000e1300000|  0%| F|  |TAMS 0x00000000e1200000, 0x00000000e1200000| Untracked 
|  19|0x00000000e1300000, 0x00000000e1300000, 0x00000000e1400000|  0%| F|  |TAMS 0x00000000e1300000, 0x00000000e1300000| Untracked 
|  20|0x00000000e1400000, 0x00000000e1400000, 0x00000000e1500000|  0%| F|  |TAMS 0x00000000e1400000, 0x00000000e1400000| Untracked 
|  21|0x00000000e1500000, 0x00000000e1500000, 0x00000000e1600000|  0%| F|  |TAMS 0x00000000e1500000, 0x00000000e1500000| Untracked 
|  22|0x00000000e1600000, 0x00000000e1600000, 0x00000000e1700000|  0%| F|  |TAMS 0x00000000e1600000, 0x00000000e1600000| Untracked 
|  23|0x00000000e1700000, 0x00000000e1700000, 0x00000000e1800000|  0%| F|  |TAMS 0x00000000e1700000, 0x00000000e1700000| Untracked 
|  24|0x00000000e1800000, 0x00000000e1800000, 0x00000000e1900000|  0%| F|  |TAMS 0x00000000e1800000, 0x00000000e1800000| Untracked 
|  25|0x00000000e1900000, 0x00000000e1900000, 0x00000000e1a00000|  0%| F|  |TAMS 0x00000000e1900000, 0x00000000e1900000| Untracked 
|  26|0x00000000e1a00000, 0x00000000e1a00000, 0x00000000e1b00000|  0%| F|  |TAMS 0x00000000e1a00000, 0x00000000e1a00000| Untracked 
|  27|0x00000000e1b00000, 0x00000000e1b00000, 0x00000000e1c00000|  0%| F|  |TAMS 0x00000000e1b00000, 0x00000000e1b00000| Untracked 
|  28|0x00000000e1c00000, 0x00000000e1c00000, 0x00000000e1d00000|  0%| F|  |TAMS 0x00000000e1c00000, 0x00000000e1c00000| Untracked 
|  29|0x00000000e1d00000, 0x00000000e1d00000, 0x00000000e1e00000|  0%| F|  |TAMS 0x00000000e1d00000, 0x00000000e1d00000| Untracked 
|  30|0x00000000e1e00000, 0x00000000e1e00000, 0x00000000e1f00000|  0%| F|  |TAMS 0x00000000e1e00000, 0x00000000e1e00000| Untracked 
|  31|0x00000000e1f00000, 0x00000000e1f00000, 0x00000000e2000000|  0%| F|  |TAMS 0x00000000e1f00000, 0x00000000e1f00000| Untracked 
|  32|0x00000000e2000000, 0x00000000e2000000, 0x00000000e2100000|  0%| F|  |TAMS 0x00000000e2000000, 0x00000000e2000000| Untracked 
|  33|0x00000000e2100000, 0x00000000e2100000, 0x00000000e2200000|  0%| F|  |TAMS 0x00000000e2100000, 0x00000000e2100000| Untracked 
|  34|0x00000000e2200000, 0x00000000e2200000, 0x00000000e2300000|  0%| F|  |TAMS 0x00000000e2200000, 0x00000000e2200000| Untracked 
|  35|0x00000000e2300000, 0x00000000e2300000, 0x00000000e2400000|  0%| F|  |TAMS 0x00000000e2300000, 0x00000000e2300000| Untracked 
|  36|0x00000000e2400000, 0x00000000e2400000, 0x00000000e2500000|  0%| F|  |TAMS 0x00000000e2400000, 0x00000000e2400000| Untracked 
|  37|0x00000000e2500000, 0x00000000e2500000, 0x00000000e2600000|  0%| F|  |TAMS 0x00000000e2500000, 0x00000000e2500000| Untracked 
|  38|0x00000000e2600000, 0x00000000e2600000, 0x00000000e2700000|  0%| F|  |TAMS 0x00000000e2600000, 0x00000000e2600000| Untracked 
|  39|0x00000000e2700000, 0x00000000e2700000, 0x00000000e2800000|  0%| F|  |TAMS 0x00000000e2700000, 0x00000000e2700000| Untracked 
|  40|0x00000000e2800000, 0x00000000e2800000, 0x00000000e2900000|  0%| F|  |TAMS 0x00000000e2800000, 0x00000000e2800000| Untracked 
|  41|0x00000000e2900000, 0x00000000e2900000, 0x00000000e2a00000|  0%| F|  |TAMS 0x00000000e2900000, 0x00000000e2900000| Untracked 
|  42|0x00000000e2a00000, 0x00000000e2a00000, 0x00000000e2b00000|  0%| F|  |TAMS 0x00000000e2a00000, 0x00000000e2a00000| Untracked 
|  43|0x00000000e2b00000, 0x00000000e2b00000, 0x00000000e2c00000|  0%| F|  |TAMS 0x00000000e2b00000, 0x00000000e2b00000| Untracked 
|  44|0x00000000e2c00000, 0x00000000e2c00000, 0x00000000e2d00000|  0%| F|  |TAMS 0x00000000e2c00000, 0x00000000e2c00000| Untracked 
|  45|0x00000000e2d00000, 0x00000000e2d00000, 0x00000000e2e00000|  0%| F|  |TAMS 0x00000000e2d00000, 0x00000000e2d00000| Untracked 
|  46|0x00000000e2e00000, 0x00000000e2e00000, 0x00000000e2f00000|  0%| F|  |TAMS 0x00000000e2e00000, 0x00000000e2e00000| Untracked 
|  47|0x00000000e2f00000, 0x00000000e2f00000, 0x00000000e3000000|  0%| F|  |TAMS 0x00000000e2f00000, 0x00000000e2f00000| Untracked 
|  48|0x00000000e3000000, 0x00000000e3000000, 0x00000000e3100000|  0%| F|  |TAMS 0x00000000e3000000, 0x00000000e3000000| Untracked 
|  49|0x00000000e3100000, 0x00000000e3100000, 0x00000000e3200000|  0%| F|  |TAMS 0x00000000e3100000, 0x00000000e3100000| Untracked 
|  50|0x00000000e3200000, 0x00000000e3200000, 0x00000000e3300000|  0%| F|  |TAMS 0x00000000e3200000, 0x00000000e3200000| Untracked 
|  51|0x00000000e3300000, 0x00000000e3300000, 0x00000000e3400000|  0%| F|  |TAMS 0x00000000e3300000, 0x00000000e3300000| Untracked 
|  52|0x00000000e3400000, 0x00000000e3400000, 0x00000000e3500000|  0%| F|  |TAMS 0x00000000e3400000, 0x00000000e3400000| Untracked 
|  53|0x00000000e3500000, 0x00000000e3500000, 0x00000000e3600000|  0%| F|  |TAMS 0x00000000e3500000, 0x00000000e3500000| Untracked 
|  54|0x00000000e3600000, 0x00000000e3600000, 0x00000000e3700000|  0%| F|  |TAMS 0x00000000e3600000, 0x00000000e3600000| Untracked 
|  55|0x00000000e3700000, 0x00000000e3700000, 0x00000000e3800000|  0%| F|  |TAMS 0x00000000e3700000, 0x00000000e3700000| Untracked 
|  56|0x00000000e3800000, 0x00000000e3800000, 0x00000000e3900000|  0%| F|  |TAMS 0x00000000e3800000, 0x00000000e3800000| Untracked 
|  57|0x00000000e3900000, 0x00000000e3900000, 0x00000000e3a00000|  0%| F|  |TAMS 0x00000000e3900000, 0x00000000e3900000| Untracked 
|  58|0x00000000e3a00000, 0x00000000e3a00000, 0x00000000e3b00000|  0%| F|  |TAMS 0x00000000e3a00000, 0x00000000e3a00000| Untracked 
|  59|0x00000000e3b00000, 0x00000000e3b00000, 0x00000000e3c00000|  0%| F|  |TAMS 0x00000000e3b00000, 0x00000000e3b00000| Untracked 
|  60|0x00000000e3c00000, 0x00000000e3c00000, 0x00000000e3d00000|  0%| F|  |TAMS 0x00000000e3c00000, 0x00000000e3c00000| Untracked 
|  61|0x00000000e3d00000, 0x00000000e3d00000, 0x00000000e3e00000|  0%| F|  |TAMS 0x00000000e3d00000, 0x00000000e3d00000| Untracked 
|  62|0x00000000e3e00000, 0x00000000e3e00000, 0x00000000e3f00000|  0%| F|  |TAMS 0x00000000e3e00000, 0x00000000e3e00000| Untracked 
|  63|0x00000000e3f00000, 0x00000000e3f00000, 0x00000000e4000000|  0%| F|  |TAMS 0x00000000e3f00000, 0x00000000e3f00000| Untracked 
|  64|0x00000000e4000000, 0x00000000e4000000, 0x00000000e4100000|  0%| F|  |TAMS 0x00000000e4000000, 0x00000000e4000000| Untracked 
|  65|0x00000000e4100000, 0x00000000e4100000, 0x00000000e4200000|  0%| F|  |TAMS 0x00000000e4100000, 0x00000000e4100000| Untracked 
|  66|0x00000000e4200000, 0x00000000e4200000, 0x00000000e4300000|  0%| F|  |TAMS 0x00000000e4200000, 0x00000000e4200000| Untracked 
|  67|0x00000000e4300000, 0x00000000e4300000, 0x00000000e4400000|  0%| F|  |TAMS 0x00000000e4300000, 0x00000000e4300000| Untracked 
|  68|0x00000000e4400000, 0x00000000e4400000, 0x00000000e4500000|  0%| F|  |TAMS 0x00000000e4400000, 0x00000000e4400000| Untracked 
|  69|0x00000000e4500000, 0x00000000e4500000, 0x00000000e4600000|  0%| F|  |TAMS 0x00000000e4500000, 0x00000000e4500000| Untracked 
|  70|0x00000000e4600000, 0x00000000e4600000, 0x00000000e4700000|  0%| F|  |TAMS 0x00000000e4600000, 0x00000000e4600000| Untracked 
|  71|0x00000000e4700000, 0x00000000e4700000, 0x00000000e4800000|  0%| F|  |TAMS 0x00000000e4700000, 0x00000000e4700000| Untracked 
|  72|0x00000000e4800000, 0x00000000e4800000, 0x00000000e4900000|  0%| F|  |TAMS 0x00000000e4800000, 0x00000000e4800000| Untracked 
|  73|0x00000000e4900000, 0x00000000e4900000, 0x00000000e4a00000|  0%| F|  |TAMS 0x00000000e4900000, 0x00000000e4900000| Untracked 
|  74|0x00000000e4a00000, 0x00000000e4a00000, 0x00000000e4b00000|  0%| F|  |TAMS 0x00000000e4a00000, 0x00000000e4a00000| Untracked 
|  75|0x00000000e4b00000, 0x00000000e4b00000, 0x00000000e4c00000|  0%| F|  |TAMS 0x00000000e4b00000, 0x00000000e4b00000| Untracked 
|  76|0x00000000e4c00000, 0x00000000e4c00000, 0x00000000e4d00000|  0%| F|  |TAMS 0x00000000e4c00000, 0x00000000e4c00000| Untracked 
|  77|0x00000000e4d00000, 0x00000000e4d00000, 0x00000000e4e00000|  0%| F|  |TAMS 0x00000000e4d00000, 0x00000000e4d00000| Untracked 
|  78|0x00000000e4e00000, 0x00000000e4e00000, 0x00000000e4f00000|  0%| F|  |TAMS 0x00000000e4e00000, 0x00000000e4e00000| Untracked 
|  79|0x00000000e4f00000, 0x00000000e4f00000, 0x00000000e5000000|  0%| F|  |TAMS 0x00000000e4f00000, 0x00000000e4f00000| Untracked 
|  80|0x00000000e5000000, 0x00000000e5000000, 0x00000000e5100000|  0%| F|  |TAMS 0x00000000e5000000, 0x00000000e5000000| Untracked 
|  81|0x00000000e5100000, 0x00000000e5100000, 0x00000000e5200000|  0%| F|  |TAMS 0x00000000e5100000, 0x00000000e5100000| Untracked 
|  82|0x00000000e5200000, 0x00000000e5200000, 0x00000000e5300000|  0%| F|  |TAMS 0x00000000e5200000, 0x00000000e5200000| Untracked 
|  83|0x00000000e5300000, 0x00000000e5300000, 0x00000000e5400000|  0%| F|  |TAMS 0x00000000e5300000, 0x00000000e5300000| Untracked 
|  84|0x00000000e5400000, 0x00000000e5400000, 0x00000000e5500000|  0%| F|  |TAMS 0x00000000e5400000, 0x00000000e5400000| Untracked 
|  85|0x00000000e5500000, 0x00000000e5500000, 0x00000000e5600000|  0%| F|  |TAMS 0x00000000e5500000, 0x00000000e5500000| Untracked 
|  86|0x00000000e5600000, 0x00000000e5600000, 0x00000000e5700000|  0%| F|  |TAMS 0x00000000e5600000, 0x00000000e5600000| Untracked 
|  87|0x00000000e5700000, 0x00000000e5700000, 0x00000000e5800000|  0%| F|  |TAMS 0x00000000e5700000, 0x00000000e5700000| Untracked 
|  88|0x00000000e5800000, 0x00000000e5800000, 0x00000000e5900000|  0%| F|  |TAMS 0x00000000e5800000, 0x00000000e5800000| Untracked 
|  89|0x00000000e5900000, 0x00000000e5900000, 0x00000000e5a00000|  0%| F|  |TAMS 0x00000000e5900000, 0x00000000e5900000| Untracked 
|  90|0x00000000e5a00000, 0x00000000e5a00000, 0x00000000e5b00000|  0%| F|  |TAMS 0x00000000e5a00000, 0x00000000e5a00000| Untracked 
|  91|0x00000000e5b00000, 0x00000000e5b00000, 0x00000000e5c00000|  0%| F|  |TAMS 0x00000000e5b00000, 0x00000000e5b00000| Untracked 
|  92|0x00000000e5c00000, 0x00000000e5c00000, 0x00000000e5d00000|  0%| F|  |TAMS 0x00000000e5c00000, 0x00000000e5c00000| Untracked 
|  93|0x00000000e5d00000, 0x00000000e5d00000, 0x00000000e5e00000|  0%| F|  |TAMS 0x00000000e5d00000, 0x00000000e5d00000| Untracked 
|  94|0x00000000e5e00000, 0x00000000e5e00000, 0x00000000e5f00000|  0%| F|  |TAMS 0x00000000e5e00000, 0x00000000e5e00000| Untracked 
|  95|0x00000000e5f00000, 0x00000000e5f00000, 0x00000000e6000000|  0%| F|  |TAMS 0x00000000e5f00000, 0x00000000e5f00000| Untracked 
|  96|0x00000000e6000000, 0x00000000e6000000, 0x00000000e6100000|  0%| F|  |TAMS 0x00000000e6000000, 0x00000000e6000000| Untracked 
|  97|0x00000000e6100000, 0x00000000e6100000, 0x00000000e6200000|  0%| F|  |TAMS 0x00000000e6100000, 0x00000000e6100000| Untracked 
|  98|0x00000000e6200000, 0x00000000e6200000, 0x00000000e6300000|  0%| F|  |TAMS 0x00000000e6200000, 0x00000000e6200000| Untracked 
|  99|0x00000000e6300000, 0x00000000e6300000, 0x00000000e6400000|  0%| F|  |TAMS 0x00000000e6300000, 0x00000000e6300000| Untracked 
| 100|0x00000000e6400000, 0x00000000e6400000, 0x00000000e6500000|  0%| F|  |TAMS 0x00000000e6400000, 0x00000000e6400000| Untracked 
| 101|0x00000000e6500000, 0x00000000e6500000, 0x00000000e6600000|  0%| F|  |TAMS 0x00000000e6500000, 0x00000000e6500000| Untracked 
| 102|0x00000000e6600000, 0x00000000e6600000, 0x00000000e6700000|  0%| F|  |TAMS 0x00000000e6600000, 0x00000000e6600000| Untracked 
| 103|0x00000000e6700000, 0x00000000e6700000, 0x00000000e6800000|  0%| F|  |TAMS 0x00000000e6700000, 0x00000000e6700000| Untracked 
| 104|0x00000000e6800000, 0x00000000e6800000, 0x00000000e6900000|  0%| F|  |TAMS 0x00000000e6800000, 0x00000000e6800000| Untracked 
| 105|0x00000000e6900000, 0x00000000e6900000, 0x00000000e6a00000|  0%| F|  |TAMS 0x00000000e6900000, 0x00000000e6900000| Untracked 
| 106|0x00000000e6a00000, 0x00000000e6a00000, 0x00000000e6b00000|  0%| F|  |TAMS 0x00000000e6a00000, 0x00000000e6a00000| Untracked 
| 107|0x00000000e6b00000, 0x00000000e6b00000, 0x00000000e6c00000|  0%| F|  |TAMS 0x00000000e6b00000, 0x00000000e6b00000| Untracked 
| 108|0x00000000e6c00000, 0x00000000e6c00000, 0x00000000e6d00000|  0%| F|  |TAMS 0x00000000e6c00000, 0x00000000e6c00000| Untracked 
| 109|0x00000000e6d00000, 0x00000000e6d00000, 0x00000000e6e00000|  0%| F|  |TAMS 0x00000000e6d00000, 0x00000000e6d00000| Untracked 
| 110|0x00000000e6e00000, 0x00000000e6e00000, 0x00000000e6f00000|  0%| F|  |TAMS 0x00000000e6e00000, 0x00000000e6e00000| Untracked 
| 111|0x00000000e6f00000, 0x00000000e6f00000, 0x00000000e7000000|  0%| F|  |TAMS 0x00000000e6f00000, 0x00000000e6f00000| Untracked 
| 112|0x00000000e7000000, 0x00000000e7000000, 0x00000000e7100000|  0%| F|  |TAMS 0x00000000e7000000, 0x00000000e7000000| Untracked 
| 113|0x00000000e7100000, 0x00000000e7100000, 0x00000000e7200000|  0%| F|  |TAMS 0x00000000e7100000, 0x00000000e7100000| Untracked 
| 114|0x00000000e7200000, 0x00000000e7200000, 0x00000000e7300000|  0%| F|  |TAMS 0x00000000e7200000, 0x00000000e7200000| Untracked 
| 115|0x00000000e7300000, 0x00000000e7300000, 0x00000000e7400000|  0%| F|  |TAMS 0x00000000e7300000, 0x00000000e7300000| Untracked 
| 116|0x00000000e7400000, 0x00000000e7400000, 0x00000000e7500000|  0%| F|  |TAMS 0x00000000e7400000, 0x00000000e7400000| Untracked 
| 117|0x00000000e7500000, 0x00000000e7500000, 0x00000000e7600000|  0%| F|  |TAMS 0x00000000e7500000, 0x00000000e7500000| Untracked 
| 118|0x00000000e7600000, 0x00000000e7600000, 0x00000000e7700000|  0%| F|  |TAMS 0x00000000e7600000, 0x00000000e7600000| Untracked 
| 119|0x00000000e7700000, 0x00000000e7700000, 0x00000000e7800000|  0%| F|  |TAMS 0x00000000e7700000, 0x00000000e7700000| Untracked 
| 120|0x00000000e7800000, 0x00000000e7800000, 0x00000000e7900000|  0%| F|  |TAMS 0x00000000e7800000, 0x00000000e7800000| Untracked 
| 121|0x00000000e7900000, 0x00000000e7900000, 0x00000000e7a00000|  0%| F|  |TAMS 0x00000000e7900000, 0x00000000e7900000| Untracked 
| 122|0x00000000e7a00000, 0x00000000e7a00000, 0x00000000e7b00000|  0%| F|  |TAMS 0x00000000e7a00000, 0x00000000e7a00000| Untracked 
| 123|0x00000000e7b00000, 0x00000000e7b00000, 0x00000000e7c00000|  0%| F|  |TAMS 0x00000000e7b00000, 0x00000000e7b00000| Untracked 
| 124|0x00000000e7c00000, 0x00000000e7c00000, 0x00000000e7d00000|  0%| F|  |TAMS 0x00000000e7c00000, 0x00000000e7c00000| Untracked 
| 125|0x00000000e7d00000, 0x00000000e7d00000, 0x00000000e7e00000|  0%| F|  |TAMS 0x00000000e7d00000, 0x00000000e7d00000| Untracked 
| 126|0x00000000e7e00000, 0x00000000e7e00000, 0x00000000e7f00000|  0%| F|  |TAMS 0x00000000e7e00000, 0x00000000e7e00000| Untracked 
| 127|0x00000000e7f00000, 0x00000000e7f00000, 0x00000000e8000000|  0%| F|  |TAMS 0x00000000e7f00000, 0x00000000e7f00000| Untracked 
| 128|0x00000000e8000000, 0x00000000e8000000, 0x00000000e8100000|  0%| F|  |TAMS 0x00000000e8000000, 0x00000000e8000000| Untracked 
| 129|0x00000000e8100000, 0x00000000e8100000, 0x00000000e8200000|  0%| F|  |TAMS 0x00000000e8100000, 0x00000000e8100000| Untracked 
| 130|0x00000000e8200000, 0x00000000e8200000, 0x00000000e8300000|  0%| F|  |TAMS 0x00000000e8200000, 0x00000000e8200000| Untracked 
| 131|0x00000000e8300000, 0x00000000e8300000, 0x00000000e8400000|  0%| F|  |TAMS 0x00000000e8300000, 0x00000000e8300000| Untracked 
| 132|0x00000000e8400000, 0x00000000e8400000, 0x00000000e8500000|  0%| F|  |TAMS 0x00000000e8400000, 0x00000000e8400000| Untracked 
| 133|0x00000000e8500000, 0x00000000e8500000, 0x00000000e8600000|  0%| F|  |TAMS 0x00000000e8500000, 0x00000000e8500000| Untracked 
| 134|0x00000000e8600000, 0x00000000e8600000, 0x00000000e8700000|  0%| F|  |TAMS 0x00000000e8600000, 0x00000000e8600000| Untracked 
| 135|0x00000000e8700000, 0x00000000e8700000, 0x00000000e8800000|  0%| F|  |TAMS 0x00000000e8700000, 0x00000000e8700000| Untracked 
| 136|0x00000000e8800000, 0x00000000e8800000, 0x00000000e8900000|  0%| F|  |TAMS 0x00000000e8800000, 0x00000000e8800000| Untracked 
| 137|0x00000000e8900000, 0x00000000e8900000, 0x00000000e8a00000|  0%| F|  |TAMS 0x00000000e8900000, 0x00000000e8900000| Untracked 
| 138|0x00000000e8a00000, 0x00000000e8a00000, 0x00000000e8b00000|  0%| F|  |TAMS 0x00000000e8a00000, 0x00000000e8a00000| Untracked 
| 139|0x00000000e8b00000, 0x00000000e8b00000, 0x00000000e8c00000|  0%| F|  |TAMS 0x00000000e8b00000, 0x00000000e8b00000| Untracked 
| 140|0x00000000e8c00000, 0x00000000e8c00000, 0x00000000e8d00000|  0%| F|  |TAMS 0x00000000e8c00000, 0x00000000e8c00000| Untracked 
| 141|0x00000000e8d00000, 0x00000000e8d00000, 0x00000000e8e00000|  0%| F|  |TAMS 0x00000000e8d00000, 0x00000000e8d00000| Untracked 
| 142|0x00000000e8e00000, 0x00000000e8e00000, 0x00000000e8f00000|  0%| F|  |TAMS 0x00000000e8e00000, 0x00000000e8e00000| Untracked 
| 143|0x00000000e8f00000, 0x00000000e8f00000, 0x00000000e9000000|  0%| F|  |TAMS 0x00000000e8f00000, 0x00000000e8f00000| Untracked 
| 144|0x00000000e9000000, 0x00000000e9000000, 0x00000000e9100000|  0%| F|  |TAMS 0x00000000e9000000, 0x00000000e9000000| Untracked 
| 145|0x00000000e9100000, 0x00000000e9100000, 0x00000000e9200000|  0%| F|  |TAMS 0x00000000e9100000, 0x00000000e9100000| Untracked 
| 146|0x00000000e9200000, 0x00000000e9200000, 0x00000000e9300000|  0%| F|  |TAMS 0x00000000e9200000, 0x00000000e9200000| Untracked 
| 147|0x00000000e9300000, 0x00000000e9300000, 0x00000000e9400000|  0%| F|  |TAMS 0x00000000e9300000, 0x00000000e9300000| Untracked 
| 148|0x00000000e9400000, 0x00000000e9400000, 0x00000000e9500000|  0%| F|  |TAMS 0x00000000e9400000, 0x00000000e9400000| Untracked 
| 149|0x00000000e9500000, 0x00000000e9500000, 0x00000000e9600000|  0%| F|  |TAMS 0x00000000e9500000, 0x00000000e9500000| Untracked 
| 150|0x00000000e9600000, 0x00000000e9600000, 0x00000000e9700000|  0%| F|  |TAMS 0x00000000e9600000, 0x00000000e9600000| Untracked 
| 151|0x00000000e9700000, 0x00000000e9700000, 0x00000000e9800000|  0%| F|  |TAMS 0x00000000e9700000, 0x00000000e9700000| Untracked 
| 152|0x00000000e9800000, 0x00000000e9800000, 0x00000000e9900000|  0%| F|  |TAMS 0x00000000e9800000, 0x00000000e9800000| Untracked 
| 153|0x00000000e9900000, 0x00000000e9900000, 0x00000000e9a00000|  0%| F|  |TAMS 0x00000000e9900000, 0x00000000e9900000| Untracked 
| 154|0x00000000e9a00000, 0x00000000e9a00000, 0x00000000e9b00000|  0%| F|  |TAMS 0x00000000e9a00000, 0x00000000e9a00000| Untracked 
| 155|0x00000000e9b00000, 0x00000000e9b00000, 0x00000000e9c00000|  0%| F|  |TAMS 0x00000000e9b00000, 0x00000000e9b00000| Untracked 
| 156|0x00000000e9c00000, 0x00000000e9c00000, 0x00000000e9d00000|  0%| F|  |TAMS 0x00000000e9c00000, 0x00000000e9c00000| Untracked 
| 157|0x00000000e9d00000, 0x00000000e9d00000, 0x00000000e9e00000|  0%| F|  |TAMS 0x00000000e9d00000, 0x00000000e9d00000| Untracked 
| 158|0x00000000e9e00000, 0x00000000e9e00000, 0x00000000e9f00000|  0%| F|  |TAMS 0x00000000e9e00000, 0x00000000e9e00000| Untracked 
| 159|0x00000000e9f00000, 0x00000000e9f00000, 0x00000000ea000000|  0%| F|  |TAMS 0x00000000e9f00000, 0x00000000e9f00000| Untracked 
| 160|0x00000000ea000000, 0x00000000ea000000, 0x00000000ea100000|  0%| F|  |TAMS 0x00000000ea000000, 0x00000000ea000000| Untracked 
| 161|0x00000000ea100000, 0x00000000ea100000, 0x00000000ea200000|  0%| F|  |TAMS 0x00000000ea100000, 0x00000000ea100000| Untracked 
| 162|0x00000000ea200000, 0x00000000ea200000, 0x00000000ea300000|  0%| F|  |TAMS 0x00000000ea200000, 0x00000000ea200000| Untracked 
| 163|0x00000000ea300000, 0x00000000ea300000, 0x00000000ea400000|  0%| F|  |TAMS 0x00000000ea300000, 0x00000000ea300000| Untracked 
| 164|0x00000000ea400000, 0x00000000ea400000, 0x00000000ea500000|  0%| F|  |TAMS 0x00000000ea400000, 0x00000000ea400000| Untracked 
| 165|0x00000000ea500000, 0x00000000ea500000, 0x00000000ea600000|  0%| F|  |TAMS 0x00000000ea500000, 0x00000000ea500000| Untracked 
| 166|0x00000000ea600000, 0x00000000ea600000, 0x00000000ea700000|  0%| F|  |TAMS 0x00000000ea600000, 0x00000000ea600000| Untracked 
| 167|0x00000000ea700000, 0x00000000ea700000, 0x00000000ea800000|  0%| F|  |TAMS 0x00000000ea700000, 0x00000000ea700000| Untracked 
| 168|0x00000000ea800000, 0x00000000ea800000, 0x00000000ea900000|  0%| F|  |TAMS 0x00000000ea800000, 0x00000000ea800000| Untracked 
| 169|0x00000000ea900000, 0x00000000ea900000, 0x00000000eaa00000|  0%| F|  |TAMS 0x00000000ea900000, 0x00000000ea900000| Untracked 
| 170|0x00000000eaa00000, 0x00000000eaa00000, 0x00000000eab00000|  0%| F|  |TAMS 0x00000000eaa00000, 0x00000000eaa00000| Untracked 
| 171|0x00000000eab00000, 0x00000000eab00000, 0x00000000eac00000|  0%| F|  |TAMS 0x00000000eab00000, 0x00000000eab00000| Untracked 
| 172|0x00000000eac00000, 0x00000000eac00000, 0x00000000ead00000|  0%| F|  |TAMS 0x00000000eac00000, 0x00000000eac00000| Untracked 
| 173|0x00000000ead00000, 0x00000000ead00000, 0x00000000eae00000|  0%| F|  |TAMS 0x00000000ead00000, 0x00000000ead00000| Untracked 
| 174|0x00000000eae00000, 0x00000000eae00000, 0x00000000eaf00000|  0%| F|  |TAMS 0x00000000eae00000, 0x00000000eae00000| Untracked 
| 175|0x00000000eaf00000, 0x00000000eaf00000, 0x00000000eb000000|  0%| F|  |TAMS 0x00000000eaf00000, 0x00000000eaf00000| Untracked 
| 176|0x00000000eb000000, 0x00000000eb000000, 0x00000000eb100000|  0%| F|  |TAMS 0x00000000eb000000, 0x00000000eb000000| Untracked 
| 177|0x00000000eb100000, 0x00000000eb100000, 0x00000000eb200000|  0%| F|  |TAMS 0x00000000eb100000, 0x00000000eb100000| Untracked 
| 178|0x00000000eb200000, 0x00000000eb200000, 0x00000000eb300000|  0%| F|  |TAMS 0x00000000eb200000, 0x00000000eb200000| Untracked 
| 179|0x00000000eb300000, 0x00000000eb300000, 0x00000000eb400000|  0%| F|  |TAMS 0x00000000eb300000, 0x00000000eb300000| Untracked 
| 180|0x00000000eb400000, 0x00000000eb400000, 0x00000000eb500000|  0%| F|  |TAMS 0x00000000eb400000, 0x00000000eb400000| Untracked 
| 181|0x00000000eb500000, 0x00000000eb500000, 0x00000000eb600000|  0%| F|  |TAMS 0x00000000eb500000, 0x00000000eb500000| Untracked 
| 182|0x00000000eb600000, 0x00000000eb600000, 0x00000000eb700000|  0%| F|  |TAMS 0x00000000eb600000, 0x00000000eb600000| Untracked 
| 183|0x00000000eb700000, 0x00000000eb700000, 0x00000000eb800000|  0%| F|  |TAMS 0x00000000eb700000, 0x00000000eb700000| Untracked 
| 184|0x00000000eb800000, 0x00000000eb800000, 0x00000000eb900000|  0%| F|  |TAMS 0x00000000eb800000, 0x00000000eb800000| Untracked 
| 185|0x00000000eb900000, 0x00000000eb900000, 0x00000000eba00000|  0%| F|  |TAMS 0x00000000eb900000, 0x00000000eb900000| Untracked 
| 186|0x00000000eba00000, 0x00000000ebb00000, 0x00000000ebb00000|100%| E|  |TAMS 0x00000000eba00000, 0x00000000eba00000| Complete 
| 187|0x00000000ebb00000, 0x00000000ebc00000, 0x00000000ebc00000|100%| E|CS|TAMS 0x00000000ebb00000, 0x00000000ebb00000| Complete 
| 188|0x00000000ebc00000, 0x00000000ebd00000, 0x00000000ebd00000|100%| E|CS|TAMS 0x00000000ebc00000, 0x00000000ebc00000| Complete 
| 189|0x00000000ebd00000, 0x00000000ebe00000, 0x00000000ebe00000|100%| E|CS|TAMS 0x00000000ebd00000, 0x00000000ebd00000| Complete 
| 190|0x00000000ebe00000, 0x00000000ebf00000, 0x00000000ebf00000|100%| E|CS|TAMS 0x00000000ebe00000, 0x00000000ebe00000| Complete 
| 191|0x00000000ebf00000, 0x00000000ec000000, 0x00000000ec000000|100%| E|CS|TAMS 0x00000000ebf00000, 0x00000000ebf00000| Complete 
| 192|0x00000000ec000000, 0x00000000ec100000, 0x00000000ec100000|100%| E|CS|TAMS 0x00000000ec000000, 0x00000000ec000000| Complete 
| 193|0x00000000ec100000, 0x00000000ec200000, 0x00000000ec200000|100%| E|CS|TAMS 0x00000000ec100000, 0x00000000ec100000| Complete 
| 194|0x00000000ec200000, 0x00000000ec300000, 0x00000000ec300000|100%| E|CS|TAMS 0x00000000ec200000, 0x00000000ec200000| Complete 
| 195|0x00000000ec300000, 0x00000000ec400000, 0x00000000ec400000|100%| E|CS|TAMS 0x00000000ec300000, 0x00000000ec300000| Complete 
| 196|0x00000000ec400000, 0x00000000ec500000, 0x00000000ec500000|100%| E|CS|TAMS 0x00000000ec400000, 0x00000000ec400000| Complete 
| 197|0x00000000ec500000, 0x00000000ec600000, 0x00000000ec600000|100%| E|CS|TAMS 0x00000000ec500000, 0x00000000ec500000| Complete 
| 198|0x00000000ec600000, 0x00000000ec700000, 0x00000000ec700000|100%| E|CS|TAMS 0x00000000ec600000, 0x00000000ec600000| Complete 
| 199|0x00000000ec700000, 0x00000000ec800000, 0x00000000ec800000|100%| E|CS|TAMS 0x00000000ec700000, 0x00000000ec700000| Complete 
| 200|0x00000000ec800000, 0x00000000ec900000, 0x00000000ec900000|100%| E|CS|TAMS 0x00000000ec800000, 0x00000000ec800000| Complete 
| 201|0x00000000ec900000, 0x00000000eca00000, 0x00000000eca00000|100%| E|CS|TAMS 0x00000000ec900000, 0x00000000ec900000| Complete 
| 202|0x00000000eca00000, 0x00000000ecb00000, 0x00000000ecb00000|100%| E|CS|TAMS 0x00000000eca00000, 0x00000000eca00000| Complete 
| 203|0x00000000ecb00000, 0x00000000ecc00000, 0x00000000ecc00000|100%| E|CS|TAMS 0x00000000ecb00000, 0x00000000ecb00000| Complete 
| 204|0x00000000ecc00000, 0x00000000ecd00000, 0x00000000ecd00000|100%| E|CS|TAMS 0x00000000ecc00000, 0x00000000ecc00000| Complete 
| 205|0x00000000ecd00000, 0x00000000ece00000, 0x00000000ece00000|100%| E|CS|TAMS 0x00000000ecd00000, 0x00000000ecd00000| Complete 
| 206|0x00000000ece00000, 0x00000000ecf00000, 0x00000000ecf00000|100%| E|CS|TAMS 0x00000000ece00000, 0x00000000ece00000| Complete 
| 207|0x00000000ecf00000, 0x00000000ed000000, 0x00000000ed000000|100%| E|CS|TAMS 0x00000000ecf00000, 0x00000000ecf00000| Complete 
| 208|0x00000000ed000000, 0x00000000ed100000, 0x00000000ed100000|100%| E|CS|TAMS 0x00000000ed000000, 0x00000000ed000000| Complete 
| 209|0x00000000ed100000, 0x00000000ed200000, 0x00000000ed200000|100%| E|CS|TAMS 0x00000000ed100000, 0x00000000ed100000| Complete 
| 210|0x00000000ed200000, 0x00000000ed300000, 0x00000000ed300000|100%| E|CS|TAMS 0x00000000ed200000, 0x00000000ed200000| Complete 
| 211|0x00000000ed300000, 0x00000000ed400000, 0x00000000ed400000|100%| E|CS|TAMS 0x00000000ed300000, 0x00000000ed300000| Complete 
| 212|0x00000000ed400000, 0x00000000ed500000, 0x00000000ed500000|100%| E|CS|TAMS 0x00000000ed400000, 0x00000000ed400000| Complete 
| 213|0x00000000ed500000, 0x00000000ed600000, 0x00000000ed600000|100%| E|CS|TAMS 0x00000000ed500000, 0x00000000ed500000| Complete 
| 214|0x00000000ed600000, 0x00000000ed700000, 0x00000000ed700000|100%| E|CS|TAMS 0x00000000ed600000, 0x00000000ed600000| Complete 
| 215|0x00000000ed700000, 0x00000000ed800000, 0x00000000ed800000|100%| E|CS|TAMS 0x00000000ed700000, 0x00000000ed700000| Complete 
| 216|0x00000000ed800000, 0x00000000ed900000, 0x00000000ed900000|100%| E|CS|TAMS 0x00000000ed800000, 0x00000000ed800000| Complete 
| 217|0x00000000ed900000, 0x00000000eda00000, 0x00000000eda00000|100%| E|CS|TAMS 0x00000000ed900000, 0x00000000ed900000| Complete 
| 218|0x00000000eda00000, 0x00000000edb00000, 0x00000000edb00000|100%| E|CS|TAMS 0x00000000eda00000, 0x00000000eda00000| Complete 
| 219|0x00000000edb00000, 0x00000000edc00000, 0x00000000edc00000|100%| E|CS|TAMS 0x00000000edb00000, 0x00000000edb00000| Complete 
| 220|0x00000000edc00000, 0x00000000edd00000, 0x00000000edd00000|100%| E|CS|TAMS 0x00000000edc00000, 0x00000000edc00000| Complete 
| 221|0x00000000edd00000, 0x00000000ede00000, 0x00000000ede00000|100%| E|CS|TAMS 0x00000000edd00000, 0x00000000edd00000| Complete 
| 222|0x00000000ede00000, 0x00000000edf00000, 0x00000000edf00000|100%| E|CS|TAMS 0x00000000ede00000, 0x00000000ede00000| Complete 
| 223|0x00000000edf00000, 0x00000000ee000000, 0x00000000ee000000|100%| E|CS|TAMS 0x00000000edf00000, 0x00000000edf00000| Complete 
| 224|0x00000000ee000000, 0x00000000ee100000, 0x00000000ee100000|100%| E|CS|TAMS 0x00000000ee000000, 0x00000000ee000000| Complete 
| 225|0x00000000ee100000, 0x00000000ee200000, 0x00000000ee200000|100%| E|CS|TAMS 0x00000000ee100000, 0x00000000ee100000| Complete 
| 226|0x00000000ee200000, 0x00000000ee300000, 0x00000000ee300000|100%| E|CS|TAMS 0x00000000ee200000, 0x00000000ee200000| Complete 
| 227|0x00000000ee300000, 0x00000000ee400000, 0x00000000ee400000|100%| E|CS|TAMS 0x00000000ee300000, 0x00000000ee300000| Complete 
| 228|0x00000000ee400000, 0x00000000ee500000, 0x00000000ee500000|100%| E|CS|TAMS 0x00000000ee400000, 0x00000000ee400000| Complete 
| 229|0x00000000ee500000, 0x00000000ee600000, 0x00000000ee600000|100%| E|CS|TAMS 0x00000000ee500000, 0x00000000ee500000| Complete 
| 230|0x00000000ee600000, 0x00000000ee69a5f0, 0x00000000ee700000| 60%| S|CS|TAMS 0x00000000ee600000, 0x00000000ee600000| Complete 
| 231|0x00000000ee700000, 0x00000000ee800000, 0x00000000ee800000|100%| E|CS|TAMS 0x00000000ee700000, 0x00000000ee700000| Complete 
| 232|0x00000000ee800000, 0x00000000ee900000, 0x00000000ee900000|100%| E|CS|TAMS 0x00000000ee800000, 0x00000000ee800000| Complete 
| 233|0x00000000ee900000, 0x00000000eea00000, 0x00000000eea00000|100%| E|CS|TAMS 0x00000000ee900000, 0x00000000ee900000| Complete 
| 234|0x00000000eea00000, 0x00000000eeb00000, 0x00000000eeb00000|100%| E|CS|TAMS 0x00000000eea00000, 0x00000000eea00000| Complete 
| 235|0x00000000eeb00000, 0x00000000eec00000, 0x00000000eec00000|100%| E|CS|TAMS 0x00000000eeb00000, 0x00000000eeb00000| Complete 
| 236|0x00000000eec00000, 0x00000000eed00000, 0x00000000eed00000|100%| E|CS|TAMS 0x00000000eec00000, 0x00000000eec00000| Complete 
| 237|0x00000000eed00000, 0x00000000eee00000, 0x00000000eee00000|100%| E|CS|TAMS 0x00000000eed00000, 0x00000000eed00000| Complete 
| 238|0x00000000eee00000, 0x00000000eef00000, 0x00000000eef00000|100%| E|CS|TAMS 0x00000000eee00000, 0x00000000eee00000| Complete 
| 239|0x00000000eef00000, 0x00000000ef000000, 0x00000000ef000000|100%| E|CS|TAMS 0x00000000eef00000, 0x00000000eef00000| Complete 
| 240|0x00000000ef000000, 0x00000000ef100000, 0x00000000ef100000|100%| E|CS|TAMS 0x00000000ef000000, 0x00000000ef000000| Complete 
| 241|0x00000000ef100000, 0x00000000ef200000, 0x00000000ef200000|100%| E|CS|TAMS 0x00000000ef100000, 0x00000000ef100000| Complete 
| 242|0x00000000ef200000, 0x00000000ef300000, 0x00000000ef300000|100%| E|CS|TAMS 0x00000000ef200000, 0x00000000ef200000| Complete 
| 243|0x00000000ef300000, 0x00000000ef400000, 0x00000000ef400000|100%| E|CS|TAMS 0x00000000ef300000, 0x00000000ef300000| Complete 
| 244|0x00000000ef400000, 0x00000000ef500000, 0x00000000ef500000|100%| E|CS|TAMS 0x00000000ef400000, 0x00000000ef400000| Complete 
| 245|0x00000000ef500000, 0x00000000ef600000, 0x00000000ef600000|100%| E|CS|TAMS 0x00000000ef500000, 0x00000000ef500000| Complete 
| 246|0x00000000ef600000, 0x00000000ef700000, 0x00000000ef700000|100%| E|  |TAMS 0x00000000ef600000, 0x00000000ef600000| Complete 
| 247|0x00000000ef700000, 0x00000000ef800000, 0x00000000ef800000|100%| E|CS|TAMS 0x00000000ef700000, 0x00000000ef700000| Complete 
| 248|0x00000000ef800000, 0x00000000ef900000, 0x00000000ef900000|100%| E|CS|TAMS 0x00000000ef800000, 0x00000000ef800000| Complete 
| 249|0x00000000ef900000, 0x00000000efa00000, 0x00000000efa00000|100%| E|CS|TAMS 0x00000000ef900000, 0x00000000ef900000| Complete 
| 250|0x00000000efa00000, 0x00000000efb00000, 0x00000000efb00000|100%| E|CS|TAMS 0x00000000efa00000, 0x00000000efa00000| Complete 
| 251|0x00000000efb00000, 0x00000000efc00000, 0x00000000efc00000|100%| E|CS|TAMS 0x00000000efb00000, 0x00000000efb00000| Complete 
| 252|0x00000000efc00000, 0x00000000efd00000, 0x00000000efd00000|100%| E|CS|TAMS 0x00000000efc00000, 0x00000000efc00000| Complete 
| 253|0x00000000efd00000, 0x00000000efe00000, 0x00000000efe00000|100%| E|CS|TAMS 0x00000000efd00000, 0x00000000efd00000| Complete 
| 254|0x00000000efe00000, 0x00000000eff00000, 0x00000000eff00000|100%| E|CS|TAMS 0x00000000efe00000, 0x00000000efe00000| Complete 
| 255|0x00000000eff00000, 0x00000000f0000000, 0x00000000f0000000|100%| E|CS|TAMS 0x00000000eff00000, 0x00000000eff00000| Complete 

Card table byte_map: [0x00000182fb0c0000,0x00000182fb1c0000] _byte_map_base: 0x00000182fa9c0000

Marking Bits (Prev, Next): (CMBitMap*) 0x00000182f35b6f30, (CMBitMap*) 0x00000182f35b6f70
 Prev Bits: [0x00000182fb2c0000, 0x00000182fbac0000)
 Next Bits: [0x00000182fbac0000, 0x00000182fc2c0000)

Polling page: 0x00000182f28f0000

Metaspace:

Usage:
  Non-class:     12.28 MB used.
      Class:      2.05 MB used.
       Both:     14.33 MB used.

Virtual space:
  Non-class space:       16.00 MB reserved,      12.44 MB ( 78%) committed,  2 nodes.
      Class space:      208.00 MB reserved,       2.19 MB (  1%) committed,  1 nodes.
             Both:      224.00 MB reserved,      14.62 MB (  7%) committed. 

Chunk freelists:
   Non-Class:  3.48 MB
       Class:  1.80 MB
        Both:  5.28 MB

MaxMetaspaceSize: 256.00 MB
CompressedClassSpaceSize: 208.00 MB
Initial GC threshold: 21.00 MB
Current GC threshold: 21.00 MB
CDS: on
MetaspaceReclaimPolicy: balanced
 - commit_granule_bytes: 65536.
 - commit_granule_words: 8192.
 - virtual_space_node_default_size: 1048576.
 - enlarge_chunks_in_place: 1.
 - new_chunks_are_fully_committed: 0.
 - uncommit_free_chunks: 1.
 - use_allocation_guard: 0.
 - handle_deallocations: 1.


Internal statistics:

num_allocs_failed_limit: 0.
num_arena_births: 214.
num_arena_deaths: 0.
num_vsnodes_births: 3.
num_vsnodes_deaths: 0.
num_space_committed: 234.
num_space_uncommitted: 0.
num_chunks_returned_to_freelist: 0.
num_chunks_taken_from_freelist: 661.
num_chunk_merges: 0.
num_chunk_splits: 445.
num_chunks_enlarged: 322.
num_purges: 0.
num_inconsistent_stats: 0.

CodeHeap 'non-profiled nmethods': size=120000Kb used=1120Kb max_used=1120Kb free=118879Kb
 bounds [0x0000018287ad0000, 0x0000018287d40000, 0x000001828f000000]
CodeHeap 'profiled nmethods': size=120000Kb used=4417Kb max_used=4417Kb free=115583Kb
 bounds [0x00000182805a0000, 0x0000018280a00000, 0x0000018287ad0000]
CodeHeap 'non-nmethods': size=5760Kb used=1215Kb max_used=1275Kb free=4544Kb
 bounds [0x0000018280000000, 0x0000018280270000, 0x00000182805a0000]
 total_blobs=2678 nmethods=2159 adapters=431
 compilation: enabled
              stopped_count=0, restarted_count=0
 full_count=0

Compilation events (20 events):
Event: 18.516 Thread 0x00000182fe9cee40 2105       3       com.google.common.collect.Iterators$ArrayItr::get (12 bytes)
Event: 18.516 Thread 0x00000182fe9cee40 nmethod 2105 0x00000182809c6710 code [0x00000182809c68a0, 0x00000182809c69d8]
Event: 18.516 Thread 0x00000182fe9cee40 2111       1       java.lang.reflect.Method::getMethodAccessor (5 bytes)
Event: 18.516 Thread 0x00000182fe9cee40 nmethod 2111 0x0000018287be5c10 code [0x0000018287be5da0, 0x0000018287be5e78]
Event: 18.516 Thread 0x00000182fe9cee40 2112       1       jdk.internal.reflect.NativeMethodAccessorImpl::setParent (6 bytes)
Event: 18.516 Thread 0x00000182fe9cee40 nmethod 2112 0x0000018287be5f10 code [0x0000018287be60a0, 0x0000018287be61b8]
Event: 18.518 Thread 0x00000182fe9c8380 nmethod 2107 0x0000018287be6210 code [0x0000018287be63a0, 0x0000018287be6878]
Event: 18.657 Thread 0x00000182fe9cee40 2113       3       java.lang.System$2::decodeASCII (11 bytes)
Event: 18.657 Thread 0x00000182fe9cee40 nmethod 2113 0x00000182809c6a90 code [0x00000182809c6c20, 0x00000182809c6d68]
Event: 18.657 Thread 0x00000182fe9cee40 2114       3       java.lang.String::decodeASCII (64 bytes)
Event: 18.658 Thread 0x00000182fe9cee40 nmethod 2114 0x00000182809c6e10 code [0x00000182809c6fe0, 0x00000182809c7338]
Event: 18.714 Thread 0x00000182fe9c8380 2115       4       java.lang.StringConcatHelper::stringOf (20 bytes)
Event: 18.715 Thread 0x00000182fe9c8380 nmethod 2115 0x0000018287be6b10 code [0x0000018287be6c80, 0x0000018287be6d18]
Event: 18.715 Thread 0x00000182fe9cee40 2116       3       javax.management.ObjectName::construct (1135 bytes)
Event: 18.720 Thread 0x00000182fe9cee40 nmethod 2116 0x00000182809c7510 code [0x00000182809c7b60, 0x00000182809cb608]
Event: 18.720 Thread 0x00000182fe9cee40 2117       3       java.lang.invoke.Invokers$Holder::linkToTargetMethod (9 bytes)
Event: 18.720 Thread 0x00000182fe9cee40 nmethod 2117 0x00000182809ccd10 code [0x00000182809ccec0, 0x00000182809cd298]
Event: 18.754 Thread 0x00000182fe9c8380 2118   !   4       java.lang.ClassLoader::loadClass (121 bytes)
Event: 18.823 Thread 0x00000182fe9cee40 2119       3       java.lang.invoke.VarHandleGuards::guard_LLL_Z (86 bytes)
Event: 18.825 Thread 0x00000182fe9cee40 nmethod 2119 0x00000182809cd390 code [0x00000182809cd6e0, 0x00000182809cf5a8]

GC Heap History (4 events):
Event: 3.061 GC heap before
{Heap before GC invocations=0 (full 0):
 garbage-first heap   total 262144K, used 24576K [0x00000000e0000000, 0x0000000100000000)
  region size 1024K, 21 young (21504K), 0 survivors (0K)
 Metaspace       used 2915K, committed 3072K, reserved 221184K
  class space    used 373K, committed 448K, reserved 212992K
}
Event: 3.136 GC heap after
{Heap after GC invocations=1 (full 0):
 garbage-first heap   total 262144K, used 10237K [0x00000000e0000000, 0x0000000100000000)
  region size 1024K, 3 young (3072K), 3 survivors (3072K)
 Metaspace       used 2915K, committed 3072K, reserved 221184K
  class space    used 373K, committed 448K, reserved 212992K
}
Event: 4.528 GC heap before
{Heap before GC invocations=1 (full 0):
 garbage-first heap   total 262144K, used 32765K [0x00000000e0000000, 0x0000000100000000)
  region size 1024K, 25 young (25600K), 3 survivors (3072K)
 Metaspace       used 3873K, committed 4032K, reserved 221184K
  class space    used 477K, committed 576K, reserved 212992K
}
Event: 4.531 GC heap after
{Heap after GC invocations=2 (full 0):
 garbage-first heap   total 262144K, used 10887K [0x00000000e0000000, 0x0000000100000000)
  region size 1024K, 1 young (1024K), 1 survivors (1024K)
 Metaspace       used 3873K, committed 4032K, reserved 221184K
  class space    used 477K, committed 576K, reserved 212992K
}

Deoptimization events (20 events):
Event: 18.434 Thread 0x00000182ffc2f2b0 Uncommon trap: trap_request=0xffffff45 fr.pc=0x0000018287ae744c relative=0x000000000000046c
Event: 18.434 Thread 0x00000182ffc2f2b0 Uncommon trap: reason=unstable_if action=reinterpret pc=0x0000018287ae744c method=java.util.regex.Matcher.match(II)Z @ 76 c2
Event: 18.434 Thread 0x00000182ffc2f2b0 DEOPT PACKING pc=0x0000018287ae744c sp=0x00000062349fb0e0
Event: 18.434 Thread 0x00000182ffc2f2b0 DEOPT UNPACKING pc=0x00000182800523a3 sp=0x00000062349fb0b0 mode 2
Event: 18.435 Thread 0x00000182ffc2f2b0 Uncommon trap: trap_request=0xffffff45 fr.pc=0x0000018287ae67f4 relative=0x00000000000001d4
Event: 18.435 Thread 0x00000182ffc2f2b0 Uncommon trap: reason=unstable_if action=reinterpret pc=0x0000018287ae67f4 method=java.util.regex.Matcher.reset()Ljava/util/regex/Matcher; @ 47 c2
Event: 18.435 Thread 0x00000182ffc2f2b0 DEOPT PACKING pc=0x0000018287ae67f4 sp=0x00000062349fafb0
Event: 18.435 Thread 0x00000182ffc2f2b0 DEOPT UNPACKING pc=0x00000182800523a3 sp=0x00000062349faf40 mode 2
Event: 18.473 Thread 0x00000182ffc2f2b0 Uncommon trap: trap_request=0xffffff45 fr.pc=0x0000018287b64a7c relative=0x000000000000075c
Event: 18.473 Thread 0x00000182ffc2f2b0 Uncommon trap: reason=unstable_if action=reinterpret pc=0x0000018287b64a7c method=java.util.ArrayList.grow(I)[Ljava/lang/Object; @ 17 c2
Event: 18.473 Thread 0x00000182ffc2f2b0 DEOPT PACKING pc=0x0000018287b64a7c sp=0x00000062349fd260
Event: 18.473 Thread 0x00000182ffc2f2b0 DEOPT UNPACKING pc=0x00000182800523a3 sp=0x00000062349fd0f8 mode 2
Event: 18.517 Thread 0x00000182ffc2f2b0 Uncommon trap: trap_request=0xffffff45 fr.pc=0x0000018287aeb5e8 relative=0x0000000000000ae8
Event: 18.517 Thread 0x00000182ffc2f2b0 Uncommon trap: reason=unstable_if action=reinterpret pc=0x0000018287aeb5e8 method=java.io.WinNTFileSystem.resolve(Ljava/lang/String;Ljava/lang/String;)Ljava/lang/String; @ 19 c2
Event: 18.517 Thread 0x00000182ffc2f2b0 DEOPT PACKING pc=0x0000018287aeb5e8 sp=0x00000062349fd170
Event: 18.517 Thread 0x00000182ffc2f2b0 DEOPT UNPACKING pc=0x00000182800523a3 sp=0x00000062349fd118 mode 2
Event: 18.575 Thread 0x00000182ffc2f2b0 Uncommon trap: trap_request=0xffffff45 fr.pc=0x0000018287b43568 relative=0x0000000000000648
Event: 18.575 Thread 0x00000182ffc2f2b0 Uncommon trap: reason=unstable_if action=reinterpret pc=0x0000018287b43568 method=java.io.File.getName()Ljava/lang/String; @ 16 c2
Event: 18.575 Thread 0x00000182ffc2f2b0 DEOPT PACKING pc=0x0000018287b43568 sp=0x00000062349fd110
Event: 18.575 Thread 0x00000182ffc2f2b0 DEOPT UNPACKING pc=0x00000182800523a3 sp=0x00000062349fd0e0 mode 2

Classes unloaded (0 events):
No events

Classes redefined (0 events):
No events

Internal exceptions (20 events):
Event: 16.982 Thread 0x00000182f0fbe9e0 Exception <a 'java/io/IOException'{0x00000000edbecf20}> (0x00000000edbecf20) 
thrown [t:\workspace\open\src\hotspot\share\prims\jni.cpp, line 516]
Event: 17.144 Thread 0x000001828fad1140 Exception <a 'java/lang/NoSuchMethodError'{0x00000000ed7dbc88}: static Lorg/gradle/tooling/internal/provider/serialization/ClassLoaderDetails;.<clinit>()V> (0x00000000ed7dbc88) 
thrown [t:\workspace\open\src\hotspot\share\prims\jni.cpp, line 1107]
Event: 17.147 Thread 0x000001828fad1140 Exception <a 'java/lang/NoSuchMethodError'{0x00000000ed7f2588}: static Lorg/gradle/internal/classloader/ClassLoaderSpec;.<clinit>()V> (0x00000000ed7f2588) 
thrown [t:\workspace\open\src\hotspot\share\prims\jni.cpp, line 1107]
Event: 17.147 Thread 0x000001828fad1140 Exception <a 'java/lang/NoSuchMethodError'{0x00000000ed7fb570}: static Lorg/gradle/tooling/internal/provider/serialization/WellKnownClassLoaderRegistry$KnownClassLoaderSpec;.<clinit>()V> (0x00000000ed7fb570) 
thrown [t:\workspace\open\src\hotspot\share\prims\jni.cpp, line 1107]
Event: 17.150 Thread 0x000001828fad1140 Exception <a 'java/lang/NoSuchMethodError'{0x00000000ed610140}: static Lorg/gradle/tooling/internal/provider/serialization/ClientOwnedClassLoaderSpec;.<clinit>()V> (0x00000000ed610140) 
thrown [t:\workspace\open\src\hotspot\share\prims\jni.cpp, line 1107]
Event: 17.330 Thread 0x00000182ffc2f2b0 Exception <a 'java/lang/NoSuchMethodError'{0x00000000ed34e508}: 'long java.lang.invoke.DirectMethodHandle$Holder.invokeInterface(java.lang.Object, java.lang.Object)'> (0x00000000ed34e508) 
thrown [t:\workspace\open\src\hotspot\share\interpreter\linkResolver.cpp, line 766]
Event: 17.342 Thread 0x00000182ffc2f2b0 Exception <a 'java/lang/NoSuchMethodError'{0x00000000ed384638}: 'java.lang.Object java.lang.invoke.DirectMethodHandle$Holder.invokeVirtual(java.lang.Object, java.lang.Object, java.lang.Object)'> (0x00000000ed384638) 
thrown [t:\workspace\open\src\hotspot\share\interpreter\linkResolver.cpp, line 766]
Event: 17.454 Thread 0x00000182ffc2f2b0 Exception <a 'java/lang/NoSuchMethodError'{0x00000000ecfdc238}: 'java.lang.Object java.lang.invoke.DirectMethodHandle$Holder.newInvokeSpecial(java.lang.Object, java.lang.Object, java.lang.Object, java.lang.Object, java.lang.Object)'> (0x00000000ecfdc238) 
thrown [t:\workspace\open\src\hotspot\share\interpreter\linkResolver.cpp, line 766]
Event: 17.501 Thread 0x00000182ffc2f2b0 Exception <a 'java/lang/NoSuchMethodError'{0x00000000ecd81e88}: 'void java.lang.invoke.DirectMethodHandle$Holder.invokeSpecial(java.lang.Object, java.lang.Object, java.lang.Object)'> (0x00000000ecd81e88) 
thrown [t:\workspace\open\src\hotspot\share\interpreter\linkResolver.cpp, line 766]
Event: 17.524 Thread 0x00000182ffc2f2b0 Exception <a 'java/lang/NoSuchMethodError'{0x00000000ecc03578}: 'java.lang.Object java.lang.invoke.DirectMethodHandle$Holder.newInvokeSpecial(java.lang.Object, java.lang.Object, java.lang.Object, java.lang.Object, java.lang.Object, java.lang.Object)'> (0x00000000ecc03578) 
thrown [t:\workspace\open\src\hotspot\share\interpreter\linkResolver.cpp, line 766]
Event: 17.525 Thread 0x00000182ffc2f2b0 Exception <a 'java/lang/NoSuchMethodError'{0x00000000ecc10598}: 'void java.lang.invoke.DirectMethodHandle$Holder.invokeSpecial(java.lang.Object, java.lang.Object, java.lang.Object, java.lang.Object, java.lang.Object)'> (0x00000000ecc10598) 
thrown [t:\workspace\open\src\hotspot\share\interpreter\linkResolver.cpp, line 766]
Event: 17.634 Thread 0x00000182ffc2f2b0 Exception <a 'java/lang/NoSuchMethodError'{0x00000000eca9b220}: 'void java.lang.invoke.DelegatingMethodHandle$Holder.reinvoke_L(java.lang.Object, java.lang.Object, java.lang.Object, java.lang.Object, java.lang.Object, java.lang.Object, java.lang.Object, java.lang.Object, java.lang.Object, java.lang.Object, java.lang.Object)'> (0x00000000eca9b220) 
thrown [t:\workspace\open\src\hotspot\share\interpreter\linkResolver.cpp, line 766]
Event: 17.636 Thread 0x00000182ffc2f2b0 Exception <a 'java/lang/NoSuchMethodError'{0x00000000ecaa3d20}: 'java.lang.Object java.lang.invoke.DirectMethodHandle$Holder.invokeSpecial(java.lang.Object, java.lang.Object, java.lang.Object, java.lang.Object, java.lang.Object, java.lang.Object, java.lang.Object, java.lang.Object, java.lang.Object, java.lang.Object, java.lang.Object)'> (0x00000000ecaa3d20) 
thrown [t:\workspace\open\src\hotspot\share\interpreter\linkResolver.cpp, line 766]
Event: 17.636 Thread 0x00000182ffc2f2b0 Exception <a 'java/lang/NoSuchMethodError'{0x00000000ecaa87e8}: 'java.lang.Object java.lang.invoke.Invokers$Holder.invoker(java.lang.Object, java.lang.Object, java.lang.Object, java.lang.Object, java.lang.Object, java.lang.Object, java.lang.Object, java.lang.Object, java.lang.Object, java.lang.Object, java.lang.Object)'> (0x00000000ecaa87e8) 
thrown [t:\workspace\open\src\hotspot\share\interpreter\linkResolver.cpp, line 766]
Event: 17.637 Thread 0x00000182ffc2f2b0 Exception <a 'java/lang/NoSuchMethodError'{0x00000000ecaae5e0}: 'java.lang.Object java.lang.invoke.DirectMethodHandle$Holder.invokeSpecial(java.lang.Object, java.lang.Object, java.lang.Object, java.lang.Object, java.lang.Object, java.lang.Object, java.lang.Object, java.lang.Object, java.lang.Object, java.lang.Object, java.lang.Object, java.lang.Object)'> (0x00000000ecaae5e0) 
thrown [t:\workspace\open\src\hotspot\share\interpreter\linkResolver.cpp, line 766]
Event: 17.834 Thread 0x00000182ffc2f2b0 Exception <a 'java/lang/NoSuchMethodError'{0x00000000ec9bc538}: 'java.lang.Object java.lang.invoke.DirectMethodHandle$Holder.invokeSpecial(java.lang.Object, java.lang.Object, java.lang.Object, java.lang.Object, java.lang.Object, java.lang.Object, java.lang.Object, java.lang.Object, java.lang.Object)'> (0x00000000ec9bc538) 
thrown [t:\workspace\open\src\hotspot\share\interpreter\linkResolver.cpp, line 766]
Event: 18.112 Thread 0x00000182ffc2f2b0 Exception <a 'java/lang/NoSuchMethodError'{0x00000000ec6e9898}: 'void java.lang.invoke.DirectMethodHandle$Holder.invokeStaticInit(java.lang.Object)'> (0x00000000ec6e9898) 
thrown [t:\workspace\open\src\hotspot\share\interpreter\linkResolver.cpp, line 766]
Event: 18.234 Thread 0x00000182ffc2f2b0 Exception <a 'java/lang/NoSuchMethodError'{0x00000000ec57cc40}: 'java.lang.Object java.lang.invoke.DirectMethodHandle$Holder.newInvokeSpecial(java.lang.Object, java.lang.Object, java.lang.Object, int)'> (0x00000000ec57cc40) 
thrown [t:\workspace\open\src\hotspot\share\interpreter\linkResolver.cpp, line 766]
Event: 18.235 Thread 0x00000182ffc2f2b0 Exception <a 'java/lang/NoSuchMethodError'{0x00000000ec581830}: 'java.lang.Object java.lang.invoke.DirectMethodHandle$Holder.invokeSpecial(java.lang.Object, java.lang.Object, java.lang.Object, java.lang.Object, int)'> (0x00000000ec581830) 
thrown [t:\workspace\open\src\hotspot\share\interpreter\linkResolver.cpp, line 766]
Event: 18.235 Thread 0x00000182ffc2f2b0 Exception <a 'java/lang/NoSuchMethodError'{0x00000000ec585948}: 'java.lang.Object java.lang.invoke.Invokers$Holder.linkToTargetMethod(java.lang.Object, java.lang.Object, int, java.lang.Object)'> (0x00000000ec585948) 
thrown [t:\workspace\open\src\hotspot\share\interpreter\linkResolver.cpp, line 766]

VM Operations (20 events):
Event: 11.826 Executing VM operation: HandshakeAllThreads
Event: 11.826 Executing VM operation: HandshakeAllThreads done
Event: 12.827 Executing VM operation: Cleanup
Event: 12.827 Executing VM operation: Cleanup done
Event: 16.849 Executing VM operation: Cleanup
Event: 16.849 Executing VM operation: Cleanup done
Event: 16.938 Executing VM operation: HandshakeAllThreads
Event: 16.938 Executing VM operation: HandshakeAllThreads done
Event: 17.033 Executing VM operation: HandshakeAllThreads
Event: 17.033 Executing VM operation: HandshakeAllThreads done
Event: 18.047 Executing VM operation: Cleanup
Event: 18.064 Executing VM operation: Cleanup done
Event: 18.592 Executing VM operation: HandshakeAllThreads
Event: 18.593 Executing VM operation: HandshakeAllThreads done
Event: 18.593 Executing VM operation: HandshakeAllThreads
Event: 18.594 Executing VM operation: HandshakeAllThreads done
Event: 18.711 Executing VM operation: HandshakeAllThreads
Event: 18.711 Executing VM operation: HandshakeAllThreads done
Event: 18.712 Executing VM operation: HandshakeAllThreads
Event: 18.712 Executing VM operation: HandshakeAllThreads done

Events (20 events):
Event: 18.241 loading class sun/misc/Unsafe done
Event: 18.301 Thread 0x00000182ffa04bd0 Thread added: 0x00000182ffa04bd0
Event: 18.305 loading class java/net/DatagramPacket
Event: 18.305 loading class java/net/DatagramPacket done
Event: 18.318 loading class sun/nio/ch/DatagramSocketAdaptor$DatagramPackets
Event: 18.320 loading class sun/nio/ch/DatagramSocketAdaptor$DatagramPackets done
Event: 18.570 loading class java/io/File$TempDirectory
Event: 18.571 loading class java/io/File$TempDirectory done
Event: 18.584 loading class java/io/PrintWriter
Event: 18.584 loading class java/io/PrintWriter done
Event: 18.591 loading class sun/nio/cs/UTF_8$Encoder
Event: 18.592 loading class sun/nio/cs/UTF_8$Encoder done
Event: 18.643 loading class java/io/UncheckedIOException
Event: 18.644 loading class java/io/UncheckedIOException done
Event: 18.663 loading class java/util/zip/CheckedInputStream
Event: 18.663 loading class java/util/zip/CheckedInputStream done
Event: 18.665 loading class java/nio/file/FileVisitor
Event: 18.665 loading class java/nio/file/FileVisitor done
Event: 18.667 loading class java/io/FilenameFilter
Event: 18.667 loading class java/io/FilenameFilter done


Dynamic libraries:
0x00007ff70a2f0000 - 0x00007ff70a300000 	C:\Program Files\Java\jdk-17.0.1\bin\java.exe
0x00007ff98e890000 - 0x00007ff98ea88000 	C:\windows\SYSTEM32\ntdll.dll
0x00007ff98cf70000 - 0x00007ff98d02f000 	C:\windows\System32\KERNEL32.DLL
0x00007ff98c070000 - 0x00007ff98c366000 	C:\windows\System32\KERNELBASE.dll
0x00007ff963df0000 - 0x00007ff963e42000 	C:\windows\AppPatch\apppatch64\ummon.dll
0x00007ff98d090000 - 0x00007ff98d13f000 	C:\windows\System32\ADVAPI32.dll
0x00007ff98d330000 - 0x00007ff98d3ce000 	C:\windows\System32\msvcrt.dll
0x00007ff98e780000 - 0x00007ff98e81c000 	C:\windows\System32\sechost.dll
0x00007ff98d140000 - 0x00007ff98d266000 	C:\windows\System32\RPCRT4.dll
0x00007ff98d3e0000 - 0x00007ff98d57d000 	C:\windows\System32\USER32.dll
0x00007ff98bf40000 - 0x00007ff98bf62000 	C:\windows\System32\win32u.dll
0x00007ff98c9f0000 - 0x00007ff98ca1c000 	C:\windows\System32\GDI32.dll
0x00007ff98c490000 - 0x00007ff98c5a5000 	C:\windows\System32\gdi32full.dll
0x00007ff98c630000 - 0x00007ff98c6cd000 	C:\windows\System32\msvcp_win.dll
0x00007ff98bf70000 - 0x00007ff98c070000 	C:\windows\System32\ucrtbase.dll
0x00007ff98cc90000 - 0x00007ff98cdba000 	C:\windows\System32\ole32.dll
0x00007ff98e410000 - 0x00007ff98e764000 	C:\windows\System32\combase.dll
0x00007ff98c8c0000 - 0x00007ff98c98d000 	C:\windows\System32\OLEAUT32.dll
0x00007ff98c760000 - 0x00007ff98c8be000 	C:\windows\System32\CRYPT32.dll
0x00007ff9861c0000 - 0x00007ff9861d8000 	C:\Program Files\Java\jdk-17.0.1\bin\jli.dll
0x00007ff974ca0000 - 0x00007ff974cba000 	C:\Program Files\Java\jdk-17.0.1\bin\VCRUNTIME140.dll
0x00007ff972400000 - 0x00007ff97269a000 	C:\windows\WinSxS\amd64_microsoft.windows.common-controls_6595b64144ccf1df_6.0.19041.1110_none_60b5254171f9507e\COMCTL32.dll
0x00007ff983720000 - 0x00007ff98372a000 	C:\windows\SYSTEM32\VERSION.dll
0x00007ff98d2e0000 - 0x00007ff98d310000 	C:\windows\System32\IMM32.DLL
0x00007ff9639c0000 - 0x00007ff963a40000 	C:\Program Files (x86)\searchinformagent\sifiltersvc1\SIPH64.dll
0x00007ff98d270000 - 0x00007ff98d2db000 	C:\windows\System32\WS2_32.dll
0x00007ff98a7f0000 - 0x00007ff98a802000 	C:\windows\SYSTEM32\kernel.appcore.dll
0x00007ff9639a0000 - 0x00007ff9639bb000 	C:\Program Files (x86)\searchinformagent\sifiltersvc1\PluginAPI64.dll
0x00007ff963970000 - 0x00007ff963997000 	C:\Program Files (x86)\searchinformagent\sifiltersvc1\SIHLib64.dll
0x00007ff95e620000 - 0x00007ff95e68d000 	C:\Program Files (x86)\searchinformagent\sifiltersvc1\hdesvc_p64.dll
0x00007ff98b390000 - 0x00007ff98b3cc000 	C:\windows\SYSTEM32\iphlpapi.dll
0x00007ff963600000 - 0x00007ff963961000 	C:\windows\system32\iwprn.dll
0x00007ff971e10000 - 0x00007ff971ead000 	C:\windows\SYSTEM32\WINSPOOL.DRV
0x00007ff98d580000 - 0x00007ff98d62d000 	C:\windows\System32\shcore.dll
0x00007ff9726a0000 - 0x00007ff9726a9000 	C:\windows\SYSTEM32\WSOCK32.dll
0x00007ff983d90000 - 0x00007ff983d9c000 	C:\Program Files\Java\jdk-17.0.1\bin\vcruntime140_1.dll
0x00007ff9530d0000 - 0x00007ff95315d000 	C:\Program Files\Java\jdk-17.0.1\bin\msvcp140.dll
0x00007ff940c60000 - 0x00007ff94181e000 	C:\Program Files\Java\jdk-17.0.1\bin\server\jvm.dll
0x00007ff98ce40000 - 0x00007ff98ce48000 	C:\windows\System32\PSAPI.DLL
0x00007ff971d90000 - 0x00007ff971db7000 	C:\windows\SYSTEM32\WINMM.dll
0x00007ff975380000 - 0x00007ff97538a000 	C:\Program Files\Java\jdk-17.0.1\bin\jimage.dll
0x00007ff98a020000 - 0x00007ff98a204000 	C:\windows\SYSTEM32\DBGHELP.DLL
0x00007ff9711b0000 - 0x00007ff9711e4000 	C:\windows\SYSTEM32\dbgcore.DLL
0x00007ff98c6d0000 - 0x00007ff98c752000 	C:\windows\System32\bcryptPrimitives.dll
0x00007ff969630000 - 0x00007ff969655000 	C:\Program Files\Java\jdk-17.0.1\bin\java.dll
0x00007ff946c80000 - 0x00007ff946d56000 	C:\Program Files\Java\jdk-17.0.1\bin\svml.dll
0x00007ff98dc30000 - 0x00007ff98e374000 	C:\windows\System32\SHELL32.dll
0x00007ff988f20000 - 0x00007ff9896b3000 	C:\windows\SYSTEM32\windows.storage.dll
0x00007ff98b990000 - 0x00007ff98b9be000 	C:\windows\SYSTEM32\Wldp.dll
0x00007ff98ca20000 - 0x00007ff98ca75000 	C:\windows\System32\shlwapi.dll
0x00007ff98be80000 - 0x00007ff98be9f000 	C:\windows\SYSTEM32\profapi.dll
0x00007ff96e0c0000 - 0x00007ff96e0d9000 	C:\Program Files\Java\jdk-17.0.1\bin\net.dll
0x00007ff98af20000 - 0x00007ff98b02a000 	C:\windows\SYSTEM32\WINHTTP.dll
0x00007ff98b6f0000 - 0x00007ff98b75a000 	C:\windows\system32\mswsock.dll
0x00007ff96def0000 - 0x00007ff96df05000 	C:\Program Files\Java\jdk-17.0.1\bin\nio.dll
0x00007ff969980000 - 0x00007ff969998000 	C:\Program Files\Java\jdk-17.0.1\bin\zip.dll
0x00007ff975350000 - 0x00007ff975360000 	C:\Program Files\Java\jdk-17.0.1\bin\verify.dll
0x00007ff985eb0000 - 0x00007ff985ed7000 	C:\Users\Yanishen_SV\.gradle\native\68d5fa5c4cc2d200863cafc0d521ce42e7d3e7ee720ec0a83991735586a16f82\windows-amd64\native-platform.dll
0x00007ff94d140000 - 0x00007ff94d284000 	C:\Users\Yanishen_SV\.gradle\native\e376f236ea51e6404a007f0833ffe2c6e607c4080706a723a18a27aeea778392\windows-amd64\native-platform-file-events.dll
0x00007ff986310000 - 0x00007ff986319000 	C:\Program Files\Java\jdk-17.0.1\bin\management.dll
0x00007ff9860e0000 - 0x00007ff9860eb000 	C:\Program Files\Java\jdk-17.0.1\bin\management_ext.dll
0x00007ff98b8e0000 - 0x00007ff98b8f8000 	C:\windows\SYSTEM32\CRYPTSP.dll
0x00007ff98ae90000 - 0x00007ff98aec4000 	C:\windows\system32\rsaenh.dll
0x00007ff98c600000 - 0x00007ff98c627000 	C:\windows\System32\bcrypt.dll
0x00007ff98be40000 - 0x00007ff98be6e000 	C:\windows\SYSTEM32\USERENV.dll
0x00007ff98b900000 - 0x00007ff98b90c000 	C:\windows\SYSTEM32\CRYPTBASE.dll
0x00007ff98e770000 - 0x00007ff98e778000 	C:\windows\System32\NSI.dll
0x00007ff986e10000 - 0x00007ff986e27000 	C:\windows\SYSTEM32\dhcpcsvc6.DLL
0x00007ff986dc0000 - 0x00007ff986ddd000 	C:\windows\SYSTEM32\dhcpcsvc.DLL
0x00007ff98b3d0000 - 0x00007ff98b49a000 	C:\windows\SYSTEM32\DNSAPI.dll
0x00007ff9860d0000 - 0x00007ff9860de000 	C:\Program Files\Java\jdk-17.0.1\bin\sunmscapi.dll
0x00007ff98ba00000 - 0x00007ff98ba28000 	C:\windows\SYSTEM32\ncrypt.dll
0x00007ff98b9c0000 - 0x00007ff98b9fb000 	C:\windows\SYSTEM32\NTASN1.dll
0x00007ff978520000 - 0x00007ff978527000 	C:\windows\system32\wshunix.dll

dbghelp: loaded successfully - version: 4.0.5 - missing functions: none
symbol engine: initialized successfully - sym options: 0x614 - pdb path: .;C:\Program Files\Java\jdk-17.0.1\bin;C:\windows\SYSTEM32;C:\windows\AppPatch\apppatch64;C:\windows\WinSxS\amd64_microsoft.windows.common-controls_6595b64144ccf1df_6.0.19041.1110_none_60b5254171f9507e;C:\Program Files (x86)\searchinformagent\sifiltersvc1;C:\Program Files\Java\jdk-17.0.1\bin\server;C:\Users\Yanishen_SV\.gradle\native\68d5fa5c4cc2d200863cafc0d521ce42e7d3e7ee720ec0a83991735586a16f82\windows-amd64;C:\Users\Yanishen_SV\.gradle\native\e376f236ea51e6404a007f0833ffe2c6e607c4080706a723a18a27aeea778392\windows-amd64

VM Arguments:
jvm_args: --add-opens=java.base/java.util=ALL-UNNAMED --add-opens=java.base/java.lang=ALL-UNNAMED --add-opens=java.base/java.lang.invoke=ALL-UNNAMED --add-opens=java.prefs/java.util.prefs=ALL-UNNAMED --add-opens=java.base/java.nio.charset=ALL-UNNAMED --add-opens=java.base/java.net=ALL-UNNAMED --add-opens=java.base/java.util.concurrent.atomic=ALL-UNNAMED -XX:MaxMetaspaceSize=256m -XX:+HeapDumpOnOutOfMemoryError -Xms256m -Xmx512m -Dfile.encoding=windows-1251 -Duser.country=RU -Duser.language=ru -Duser.variant 
java_command: org.gradle.launcher.daemon.bootstrap.GradleDaemon 8.0
java_class_path (initial): C:\Users\Yanishen_SV\.gradle\wrapper\dists\gradle-8.0-bin\ca5e32bp14vu59qr306oxotwh\gradle-8.0\lib\gradle-launcher-8.0.jar
Launcher Type: SUN_STANDARD

[Global flags]
     intx CICompilerCount                          = 3                                         {product} {ergonomic}
   size_t CompressedClassSpaceSize                 = 218103808                                 {product} {ergonomic}
     uint ConcGCThreads                            = 2                                         {product} {ergonomic}
     uint G1ConcRefinementThreads                  = 6                                         {product} {ergonomic}
   size_t G1HeapRegionSize                         = 1048576                                   {product} {ergonomic}
    uintx GCDrainStackTargetSize                   = 64                                        {product} {ergonomic}
     bool HeapDumpOnOutOfMemoryError               = true                                   {manageable} {command line}
   size_t InitialHeapSize                          = 268435456                                 {product} {command line}
   size_t MarkStackSize                            = 4194304                                   {product} {ergonomic}
   size_t MaxHeapSize                              = 536870912                                 {product} {command line}
   size_t MaxMetaspaceSize                         = 268435456                                 {product} {command line}
   size_t MaxNewSize                               = 321912832                                 {product} {ergonomic}
   size_t MinHeapDeltaBytes                        = 1048576                                   {product} {ergonomic}
   size_t MinHeapSize                              = 268435456                                 {product} {command line}
    uintx NonNMethodCodeHeapSize                   = 5832780                                {pd product} {ergonomic}
    uintx NonProfiledCodeHeapSize                  = 122912730                              {pd product} {ergonomic}
    uintx ProfiledCodeHeapSize                     = 122912730                              {pd product} {ergonomic}
    uintx ReservedCodeCacheSize                    = 251658240                              {pd product} {ergonomic}
     bool SegmentedCodeCache                       = true                                      {product} {ergonomic}
   size_t SoftMaxHeapSize                          = 536870912                              {manageable} {ergonomic}
     bool UseCompressedClassPointers               = true                           {product lp64_product} {ergonomic}
     bool UseCompressedOops                        = true                           {product lp64_product} {ergonomic}
     bool UseG1GC                                  = true                                      {product} {ergonomic}
     bool UseLargePagesIndividualAllocation        = false                                  {pd product} {ergonomic}

Logging:
Log output configuration:
 #0: stdout all=warning uptime,level,tags
 #1: stderr all=off uptime,level,tags

Environment Variables:
PATH=C:\OraHome_2\bin;C:\OraHome_2\jre\1.4.2\bin\client;C:\OraHome_2\jre\1.4.2\bin;C:\Program Files\Common Files\Oracle\Java\javapath;C:\Program Files (x86)\Common Files\Oracle\Java\javapath;C:\oracle\product\11.2.0\client_x64\bin;C:\oracle\DevSuiteHome1\jdk\jre\bin\client;C:\oracle\DevSuiteHome1\jdk\jre\bin\classic;C:\oracle\DevSuiteHome1\jdk\jre\bin;C:\oracle\DevSuiteHome1\jlib;C:\oracle\DevSuiteHome1\bin;C:\oracle\DevSuiteHome1\jre\1.4.2\bin\client;C:\oracle\DevSuiteHome1\jre\1.4.2\bin;C:\oracle\product\11.2.0\client_x86\bin;C:\windows\system32;C:\windows;C:\windows\System32\Wbem;C:\windows\System32\WindowsPowerShell\v1.0\;C:\windows\System32\OpenSSH\;C:\Program Files\TortoiseSVN\bin;C:\Program Files\PuTTY\;C:\Program Files\nodejs\;C:\Program Files\Pandoc\;C:\Program Files (x86)\Kaspersky Lab\Endpoint Agent\;C:\Program Files\Git\cmd;C:\Users\Yanishen_SV\AppData\Local\Programs\Python\Python310\Scripts\;C:\Users\Yanishen_SV\AppData\Local\Programs\Python\Python310\;C:\Users\Yanishen_SV\AppData\Local\Microsoft\WindowsApps;;C:\Program Files\JetBrains\IntelliJ IDEA Community Edition 2023.1.4\bin;;C:\Program Files\JetBrains\IntelliJ IDEA 2021.3\bin;;C:\Users\Yanishen_SV\AppData\Local\Programs\Microsoft VS Code\bin;C:\Users\Yanishen_SV\AppData\Roaming\npm;C:\Program Files\JetBrains\PyCharm 2023.1.3\bin;;C:\Program Files\JetBrains\PyCharm Community Edition 2023.1.3\bin;
USERNAME=Yanishen_SV
OS=Windows_NT
PROCESSOR_IDENTIFIER=Intel64 Family 6 Model 158 Stepping 10, GenuineIntel



---------------  S Y S T E M  ---------------

OS:
 Windows 10 , 64 bit Build 19041 (10.0.19041.3031)
OS uptime: 8 days 2:49 hours

CPU: total 6 (initial active 6) (6 cores per cpu, 1 threads per core) family 6 model 158 stepping 10 microcode 0xb4, cx8, cmov, fxsr, mmx, 3dnowpref, sse, sse2, sse3, ssse3, sse4.1, sse4.2, popcnt, lzcnt, tsc, tscinvbit, avx, avx2, aes, erms, clmul, bmi1, bmi2, rtm, adx, fma, vzeroupper, clflush, clflushopt

Memory: 4k page, system-wide physical 7971M (596M free)
TotalPageFile size 16199M (AvailPageFile size 262M)
current process WorkingSet (physical memory assigned to process): 172M, peak: 172M
current process commit charge ("private bytes"): 397M, peak: 398M

vm_info: Java HotSpot(TM) 64-Bit Server VM (17.0.1+12-LTS-39) for windows-amd64 JRE (17.0.1+12-LTS-39), built on Sep 27 2021 18:41:35 by "mach5one" with MS VC++ 16.8 (VS2019)

END.
